[INFO ] 2020-05-20 14:44:34.027 [main] TTBaseTest - Started execution with  null
[INFO ] 2020-05-20 14:44:34.042 [main] TTBaseTest - Environment properties are not provided by the user ... loading the default properties
[INFO ] 2020-05-20 14:44:34.042 [main] TTBaseTest - Default Browser is  ------ chrome
[INFO ] 2020-05-20 14:44:34.042 [main] TTBaseTest - Default URL is  ------ http://206.19.38.8:8001/HISTreeTesting/Login/Login?ReturnUrl=%2fHistreetesting
[INFO ] 2020-05-20 14:44:34.042 [main] TTBaseTest - Default loginname is  ------ null
[INFO ] 2020-05-20 14:44:34.042 [main] TTBaseTest - Default username is  ------ null
[INFO ] 2020-05-20 14:44:34.042 [main] TTBaseTest - Default user password is  ------ Deepak@1234
[INFO ] 2020-05-20 14:44:38.354 [main] TTWebsiteDriver - Window is maximized
[INFO ] 2020-05-20 14:44:38.402 [main] TTWebsiteDriver - All cookies deleted
[INFO ] 2020-05-20 14:44:38.814 [main] TTWebsiteBaseTest - Application loaded
[INFO ] 2020-05-20 14:44:38.936 [main] DriverManagerDataSource - Loaded JDBC driver: com.microsoft.sqlserver.jdbc.SQLServerDriver
[INFO ] 2020-05-20 14:44:38.936 [main] DBUtil - ConnectionString::jdbc:sqlserver://206.19.38.4;databaseName=SIT_HISTree_TestingAuto;instance=MSSQLSERVER;domain=null
[INFO ] 2020-05-20 14:44:38.937 [main] DBUtil - QUERY TRIGGERED IS select top 1 Name from M_IdCardType where Deleted=0

[INFO ] 2020-05-20 14:44:39.406 [main] DriverManagerDataSource - Loaded JDBC driver: com.microsoft.sqlserver.jdbc.SQLServerDriver
[INFO ] 2020-05-20 14:44:39.406 [main] DBUtil - ConnectionString::jdbc:sqlserver://206.19.38.4;databaseName=SIT_HISTree_TestingAuto;instance=MSSQLSERVER;domain=null
[INFO ] 2020-05-20 14:44:39.406 [main] DBUtil - QUERY TRIGGERED IS select top 1 name from M_OCCUPATION where Deleted=0

[INFO ] 2020-05-20 14:44:39.485 [main] DriverManagerDataSource - Loaded JDBC driver: com.microsoft.sqlserver.jdbc.SQLServerDriver
[INFO ] 2020-05-20 14:44:39.485 [main] DBUtil - ConnectionString::jdbc:sqlserver://206.19.38.4;databaseName=SIT_HISTree_TestingAuto;instance=MSSQLSERVER;domain=null
[INFO ] 2020-05-20 14:44:39.485 [main] DBUtil - QUERY TRIGGERED IS select top 1 Name from M_QUALIFICATION where Deleted=0

[INFO ] 2020-05-20 14:44:39.563 [main] DriverManagerDataSource - Loaded JDBC driver: com.microsoft.sqlserver.jdbc.SQLServerDriver
[INFO ] 2020-05-20 14:44:39.563 [main] DBUtil - ConnectionString::jdbc:sqlserver://206.19.38.4;databaseName=SIT_HISTree_TestingAuto;instance=MSSQLSERVER;domain=null
[INFO ] 2020-05-20 14:44:39.563 [main] DBUtil - QUERY TRIGGERED IS select top 1 Name from m_SourceOfInfo where Deleted=0

[INFO ] 2020-05-20 14:44:39.641 [main] DriverManagerDataSource - Loaded JDBC driver: com.microsoft.sqlserver.jdbc.SQLServerDriver
[INFO ] 2020-05-20 14:44:39.641 [main] DBUtil - ConnectionString::jdbc:sqlserver://206.19.38.4;databaseName=SIT_HISTree_TestingAuto;instance=MSSQLSERVER;domain=null
[INFO ] 2020-05-20 14:44:39.641 [main] DBUtil - QUERY TRIGGERED IS select top 1 NAME from m_city where deleted=0

[INFO ] 2020-05-20 14:44:39.719 [main] DriverManagerDataSource - Loaded JDBC driver: com.microsoft.sqlserver.jdbc.SQLServerDriver
[INFO ] 2020-05-20 14:44:39.719 [main] DBUtil - ConnectionString::jdbc:sqlserver://206.19.38.4;databaseName=SIT_HISTree_TestingAuto;instance=MSSQLSERVER;domain=null
[INFO ] 2020-05-20 14:44:39.719 [main] DBUtil - QUERY TRIGGERED IS select top 1 NAME from m_city where deleted=0

[INFO ] 2020-05-20 14:44:39.797 [main] TestListner - 
******************************************************************************************************************************
					TEST CASE NAME:                  frontOfficeDoctorSchedulingCancelAppointmentTest
******************************************************************************************************************************
[INFO ] 2020-05-20 14:44:40.158 [main] TTWebsiteDriver - wait started for By.id: btnLogin
[INFO ] 2020-05-20 14:44:40.184 [main] TTWebsiteDriver - wait over,element found
[INFO ] 2020-05-20 14:44:41.195 [main] TTWebsiteDriver - quick wait started for By.id: btnLogin
[INFO ] 2020-05-20 14:44:41.243 [main] TTWebsiteDriver - wait over,element found
[INFO ] 2020-05-20 14:44:41.432 [main] TTWebsiteDriver - wait started for By.xpath: //a[@id='btnYesAlreadyLogedinPopup']
[INFO ] 2020-05-20 14:44:41.461 [main] TTWebsiteDriver - wait over,element found
[INFO ] 2020-05-20 14:44:42.467 [main] TTWebsiteDriver - quick wait started for By.xpath: //a[@id='btnYesAlreadyLogedinPopup']
[INFO ] 2020-05-20 14:44:42.511 [main] TTWebsiteDriver - wait over,element found
[INFO ] 2020-05-20 14:44:43.098 [main] HISHomePage - User has been logged in to HIS Portal
[INFO ] 2020-05-20 14:44:43.098 [main] TTWebsiteDriver - wait started for By.xpath: //span[contains(text(),'Front Office')]//ancestor::a
[INFO ] 2020-05-20 14:44:43.124 [main] TTWebsiteDriver - wait over,element found
[INFO ] 2020-05-20 14:44:44.341 [main] HISHomePage - Front Office Icon Clicked
[INFO ] 2020-05-20 14:44:48.479 [main] HISHomePage - Following Station has been selected from Station Dropdown : Front Office
[INFO ] 2020-05-20 14:44:48.479 [main] TTWebsiteDriver - wait started for By.id: btn_yes_desh
[INFO ] 2020-05-20 14:44:48.527 [main] TTWebsiteDriver - wait over,element found
[INFO ] 2020-05-20 14:44:49.557 [main] TTWebsiteDriver - quick wait started for By.id: btn_yes_desh
[INFO ] 2020-05-20 14:44:49.605 [main] TTWebsiteDriver - wait over,element found
[INFO ] 2020-05-20 14:44:50.310 [main] HISHomePage - YES has been clicked from Station Dropdown
[INFO ] 2020-05-20 14:44:50.311 [main] TTWebsiteDriver - wait started for By.xpath: //li[@id='FOAddPatientMenu']//i[2]
[INFO ] 2020-05-20 14:44:50.336 [main] TTWebsiteDriver - wait over,element found
[INFO ] 2020-05-20 14:44:51.343 [main] TTWebsiteDriver - wait started for By.xpath: //li[@id='FOAddPatientMenu']//i[2]
[INFO ] 2020-05-20 14:44:51.391 [main] TTWebsiteDriver - wait over,element found
[INFO ] 2020-05-20 14:44:52.421 [main] TTWebsiteDriver - quick wait started for By.xpath: //li[@id='FOAddPatientMenu']//i[2]
[INFO ] 2020-05-20 14:44:52.468 [main] TTWebsiteDriver - wait over,element found
[INFO ] 2020-05-20 14:44:52.615 [main] FrontOfficeHomePage - Add Patient Section is Expanded
[INFO ] 2020-05-20 14:45:01.314 [main] FrontOfficeHomePage - Following Option has been selected from Add Patient Section Patient Registration
[INFO ] 2020-05-20 14:45:01.314 [main] TTWebsiteDriver - Waiting For Page load via JS
[INFO ] 2020-05-20 14:45:19.547 [main] PatientRegistrationPage - Following Title has been selected from Title Dropdown : New Delhi
[INFO ] 2020-05-20 14:45:19.547 [main] TTWebsiteDriver - wait started for By.id: firstName
[INFO ] 2020-05-20 14:45:19.581 [main] TTWebsiteDriver - wait over,element found
[INFO ] 2020-05-20 14:45:21.130 [main] PatientRegistrationPage - First Name has been added as : Automation
[INFO ] 2020-05-20 14:45:21.131 [main] TTWebsiteDriver - wait started for By.id: middleName
[INFO ] 2020-05-20 14:45:21.148 [main] TTWebsiteDriver - wait over,element found
[INFO ] 2020-05-20 14:45:22.441 [main] PatientRegistrationPage - Middle Name has been added as : Test
[INFO ] 2020-05-20 14:45:22.441 [main] TTWebsiteDriver - wait started for By.id: lastName
[INFO ] 2020-05-20 14:45:22.465 [main] TTWebsiteDriver - wait over,element found
[INFO ] 2020-05-20 14:45:23.803 [main] PatientRegistrationPage - Last Name has been added as : User
[INFO ] 2020-05-20 14:45:23.803 [main] TTWebsiteDriver - wait started for By.id: gender
[INFO ] 2020-05-20 14:45:23.822 [main] TTWebsiteDriver - wait over,element found
[INFO ] 2020-05-20 14:45:24.938 [main] PatientRegistrationPage - Following Gender has been selected from Gender Dropdown : Male
[INFO ] 2020-05-20 14:45:24.938 [main] TTWebsiteDriver - wait started for By.id: dob
[INFO ] 2020-05-20 14:45:24.970 [main] TTWebsiteDriver - wait over,element found
[INFO ] 2020-05-20 14:45:26.731 [main] PatientRegistrationPage - Following DOB has been added : 15-12-1991
[INFO ] 2020-05-20 14:45:34.793 [main] TTWebsiteDriver - wait started for By.id: chkA
[INFO ] 2020-05-20 14:45:34.856 [main] TTWebsiteDriver - wait over,element found
[INFO ] 2020-05-20 14:45:35.948 [main] TTWebsiteDriver - wait started for By.id: age
[INFO ] 2020-05-20 14:45:35.983 [main] TTWebsiteDriver - wait over,element found
[INFO ] 2020-05-20 14:45:37.278 [main] PatientRegistrationPage - Following Age has been added : 67
[INFO ] 2020-05-20 14:45:37.278 [main] TTWebsiteDriver - wait started for By.id: mStatus
[INFO ] 2020-05-20 14:45:37.298 [main] TTWebsiteDriver - wait over,element found
[INFO ] 2020-05-20 14:45:38.516 [main] PatientRegistrationPage - Following MArtial Status has been selected from MArtial Status  Dropdown : Single
[INFO ] 2020-05-20 14:45:38.516 [main] TTWebsiteDriver - wait started for By.id: motherName
[INFO ] 2020-05-20 14:45:38.537 [main] TTWebsiteDriver - wait over,element found
[INFO ] 2020-05-20 14:45:40.463 [main] PatientRegistrationPage - Following Mother Maiden Name Has been Added: Automation Test Mother
[INFO ] 2020-05-20 14:45:40.464 [main] TTWebsiteDriver - wait started for By.id: relName
[INFO ] 2020-05-20 14:45:40.485 [main] TTWebsiteDriver - wait over,element found
[INFO ] 2020-05-20 14:45:42.370 [main] PatientRegistrationPage - Following Fathers Name Has been Added: AutomationFather@123 
[INFO ] 2020-05-20 14:45:42.370 [main] TTWebsiteDriver - wait started for By.id: nationality
[INFO ] 2020-05-20 14:45:42.394 [main] TTWebsiteDriver - wait over,element found
[INFO ] 2020-05-20 14:45:43.522 [main] PatientRegistrationPage - Following Nationality has been selected from Nationality Dropdown : Indian
[INFO ] 2020-05-20 14:45:45.687 [main] PatientRegistrationPage - VIP Checkbox has been selected and Data has been added to VIP Text Box
[INFO ] 2020-05-20 14:45:46.028 [main] PatientRegistrationPage - Remarks Checkbox has been selected and Data has been added to Remarks Text Box
[INFO ] 2020-05-20 14:45:46.052 [main] PatientRegistrationPage - NRI Checkbox has been selected
[INFO ] 2020-05-20 14:45:46.149 [main] PatientRegistrationPage - ID Card Drop down is enabled
[INFO ] 2020-05-20 14:45:46.151 [main] TTWebsiteDriver - wait started for By.id: cardType
[INFO ] 2020-05-20 14:45:46.173 [main] TTWebsiteDriver - wait over,element found
[INFO ] 2020-05-20 14:45:47.412 [main] PatientRegistrationPage - Following ID Card has been selected from ID Card Dropdown : Passport Number
[INFO ] 2020-05-20 14:45:47.677 [main] PatientRegistrationPage - Following National ID has been added : 12345
[INFO ] 2020-05-20 14:45:48.293 [main] PatientRegistrationPage - Following TELEPHONE NO has been added in TELEPHONE No Text Box : 1234567891011123
[INFO ] 2020-05-20 14:45:48.726 [main] PatientRegistrationPage - Following MOBILE NO has been added : 1234567890
[INFO ] 2020-05-20 14:45:49.653 [main] PatientRegistrationPage - Following house Number has been added Automation Test Address
[INFO ] 2020-05-20 14:45:49.653 [main] TTWebsiteDriver - wait started for By.id: city
[INFO ] 2020-05-20 14:45:49.670 [main] TTWebsiteDriver - wait over,element found
[INFO ] 2020-05-20 14:45:50.966 [main] PatientRegistrationPage - Following City  has been selected from City Dropdown : New Delhi
[INFO ] 2020-05-20 14:46:02.944 [main] PatientRegistrationPage - Following City has been addedTest City5774Following District has been selected
[INFO ] 2020-05-20 14:46:02.960 [main] TTWebsiteDriver - wait started for By.id: addlocal
[INFO ] 2020-05-20 14:46:03.626 [main] TTWebsiteDriver - wait over,element found
[INFO ] 2020-05-20 14:46:04.928 [main] TTWebsiteDriver - wait started for By.id: local
[INFO ] 2020-05-20 14:46:04.949 [main] TTWebsiteDriver - wait over,element found
[INFO ] 2020-05-20 14:46:15.392 [main] PatientRegistrationPage - Follwoing Locality has been added: Test local93Following City has been selected: SaharanpurFollowing Pin Code has been added: 247001
[INFO ] 2020-05-20 14:46:15.393 [main] TTWebsiteDriver - wait started for By.id: emailID
[INFO ] 2020-05-20 14:46:15.488 [main] TTWebsiteDriver - wait over,element found
[INFO ] 2020-05-20 14:46:17.811 [main] PatientRegistrationPage - Following email has been added: test@automation.com
[INFO ] 2020-05-20 14:46:18.138 [main] PatientRegistrationPage - Following Reffered By has been added: Self
[INFO ] 2020-05-20 14:46:18.138 [main] TTWebsiteDriver - wait started for By.id: lang
[INFO ] 2020-05-20 14:46:18.158 [main] TTWebsiteDriver - wait over,element found
[INFO ] 2020-05-20 14:46:19.389 [main] PatientRegistrationPage - Following language  has been selected from language Dropdown : English
[INFO ] 2020-05-20 14:46:19.390 [main] TTWebsiteDriver - wait started for By.id: occupation
[INFO ] 2020-05-20 14:46:19.410 [main] TTWebsiteDriver - wait over,element found
[INFO ] 2020-05-20 14:46:20.613 [main] PatientRegistrationPage - Following occupation  has been selected from occupation Dropdown : Student
[INFO ] 2020-05-20 14:46:20.613 [main] TTWebsiteDriver - wait started for By.id: qualification
[INFO ] 2020-05-20 14:46:20.623 [main] TTWebsiteDriver - wait over,element found
[INFO ] 2020-05-20 14:46:21.889 [main] PatientRegistrationPage - Following qualification  has been selected from qualification Dropdown : Ph.D
[INFO ] 2020-05-20 14:46:21.890 [main] TTWebsiteDriver - wait started for By.id: religion
[INFO ] 2020-05-20 14:46:21.938 [main] TTWebsiteDriver - wait over,element found
[INFO ] 2020-05-20 14:46:23.139 [main] PatientRegistrationPage - Following relegion  has been selected from relegion Dropdown : Hindu
[INFO ] 2020-05-20 14:46:23.139 [main] TTWebsiteDriver - wait started for By.id: sref
[INFO ] 2020-05-20 14:46:23.172 [main] TTWebsiteDriver - wait over,element found
[INFO ] 2020-05-20 14:46:24.344 [main] PatientRegistrationPage - Following refer  has been selected from refer Dropdown : News Paper
[INFO ] 2020-05-20 14:46:24.389 [main] PatientRegistrationPage - Financial Details Checkbox Checked
[INFO ] 2020-05-20 14:46:24.389 [main] TTWebsiteDriver - wait started for By.id: companytype
[INFO ] 2020-05-20 14:46:24.411 [main] TTWebsiteDriver - wait over,element found
[INFO ] 2020-05-20 14:46:25.627 [main] PatientRegistrationPage - Following compType  has been selected from compType Dropdown : Corporate
[INFO ] 2020-05-20 14:46:25.628 [main] TTWebsiteDriver - wait started for By.id: company
[INFO ] 2020-05-20 14:46:25.645 [main] TTWebsiteDriver - wait over,element found
[INFO ] 2020-05-20 14:46:26.827 [main] PatientRegistrationPage - Following comp has been selected from comp Dropdown: STATE BANK OF INDIA
[INFO ] 2020-05-20 14:46:26.827 [main] TTWebsiteDriver - wait started for By.id: rate
[INFO ] 2020-05-20 14:46:26.860 [main] TTWebsiteDriver - wait over,element found
[INFO ] 2020-05-20 14:46:27.996 [main] PatientRegistrationPage - Following Rate has been selected from Rate Dropdown: STATE BANK OF INDIA - (CGHS)
[INFO ] 2020-05-20 14:46:28.028 [main] PatientRegistrationPage - Scheme Checkbox Checked
[INFO ] 2020-05-20 14:46:28.028 [main] TTWebsiteDriver - wait started for By.id: scheme
[INFO ] 2020-05-20 14:46:28.105 [main] TTWebsiteDriver - wait over,element found
[INFO ] 2020-05-20 14:46:29.376 [main] PatientRegistrationPage - First Scheme has been selected from Scheme Dropdown
[INFO ] 2020-05-20 14:46:29.377 [main] TTWebsiteDriver - wait started for By.id: register
[INFO ] 2020-05-20 14:46:29.395 [main] TTWebsiteDriver - wait over,element found
[INFO ] 2020-05-20 14:46:30.497 [main] PatientRegistrationPage - Regsiter Icon Clicked
[INFO ] 2020-05-20 14:46:30.523 [main] TTWebsiteDriver - wait started for By.id: btnyesss
[INFO ] 2020-05-20 14:46:30.550 [main] TTWebsiteDriver - wait over,element found
[INFO ] 2020-05-20 14:46:41.717 [main] PatientRegistrationPage - Yes button clicked on Confirm Patient Details Popup
[INFO ] 2020-05-20 14:46:41.717 [main] TTWebsiteDriver - wait started for By.xpath: //header[contains(text(),'Registered Successfully')]
[INFO ] 2020-05-20 14:46:41.812 [main] TTWebsiteDriver - wait over,element found
[INFO ] 2020-05-20 14:46:42.935 [main] PatientRegistrationPage - REGISTERED SUCCESSFULLY POPUP is showing up
[INFO ] 2020-05-20 14:46:43.014 [main] PatientRegistrationPage - TEST US JHKJHKJHPSSH.260845

[INFO ] 2020-05-20 14:46:43.014 [main] TTWebsiteDriver - wait started for By.xpath: //div[@class='popup-area']//div[@class='modal-block-new']//a[contains(text(),'No')]
[INFO ] 2020-05-20 14:46:43.092 [main] TTWebsiteDriver - wait over,element found
[INFO ] 2020-05-20 14:46:44.122 [main] TTWebsiteDriver - wait started for By.xpath: //div[@class='popup-area']//div[@class='modal-block-new']//a[contains(text(),'No')]
[INFO ] 2020-05-20 14:46:44.185 [main] TTWebsiteDriver - wait over,element found
[INFO ] 2020-05-20 14:46:45.215 [main] TTWebsiteDriver - quick wait started for By.xpath: //div[@class='popup-area']//div[@class='modal-block-new']//a[contains(text(),'No')]
[INFO ] 2020-05-20 14:46:45.278 [main] TTWebsiteDriver - wait over,element found
[INFO ] 2020-05-20 14:46:45.498 [main] TTWebsiteDriver - Waiting For Page load via JS
[INFO ] 2020-05-20 14:46:45.509 [main] PatientRegistrationPage - REGISTERED SUCCESSFULLY POPUP No Button Clicked
[INFO ] 2020-05-20 14:46:45.510 [main] TTWebsiteDriver - wait started for By.xpath: //i[@class='fa fa-bars']
[INFO ] 2020-05-20 14:46:45.539 [main] TTWebsiteDriver - wait over,element found
[INFO ] 2020-05-20 14:46:46.647 [main] HISWebsiteBasePage - Menu Clicked
[INFO ] 2020-05-20 14:46:50.658 [main] TTWebsiteDriver - wait started for By.xpath: //li[@id='FODoctorScheduleMenu']//i[2]
[INFO ] 2020-05-20 14:46:50.737 [main] TTWebsiteDriver - wait over,element found
[INFO ] 2020-05-20 14:46:51.767 [main] TTWebsiteDriver - wait started for By.xpath: //li[@id='FODoctorScheduleMenu']//i[2]
[INFO ] 2020-05-20 14:46:51.846 [main] TTWebsiteDriver - wait over,element found
[INFO ] 2020-05-20 14:46:52.875 [main] TTWebsiteDriver - quick wait started for By.xpath: //li[@id='FODoctorScheduleMenu']//i[2]
[INFO ] 2020-05-20 14:46:52.954 [main] TTWebsiteDriver - wait over,element found
[INFO ] 2020-05-20 14:46:53.095 [main] FrontOfficeHomePage - Doctor Schedule Section is Expanded
[INFO ] 2020-05-20 14:47:00.350 [main] FrontOfficeHomePage - Following Option has been selected from Doctor Schedule Section Doctor Schedule
[INFO ] 2020-05-20 14:47:00.350 [main] TTWebsiteDriver - Waiting For Page load via JS
[INFO ] 2020-05-20 14:47:18.399 [main] TTWebsiteDriver - wait started for By.xpath: //select[@name='Facility']
[INFO ] 2020-05-20 14:47:18.478 [main] TTWebsiteDriver - wait over,element found
[INFO ] 2020-05-20 14:47:19.634 [main] DoctorSchedulePage - Following facility  has been selected from facility Dropdown : TRIOTREE HOSPITAL
[INFO ] 2020-05-20 14:47:19.759 [main] DoctorSchedulePage - Search Button Clicked
[INFO ] 2020-05-20 14:47:19.779 [main] TTWebsiteDriver - wait started for By.xpath: //select[@name='Speciality']
[INFO ] 2020-05-20 14:47:19.798 [main] TTWebsiteDriver - wait over,element found
[INFO ] 2020-05-20 14:47:20.986 [main] DoctorSchedulePage - Following speciality  has been selected from speciality Dropdown : Anesthesiast
[INFO ] 2020-05-20 14:47:21.076 [main] DoctorSchedulePage - Search Button Clicked
[INFO ] 2020-05-20 14:47:21.120 [main] DoctorSchedulePage - Clear Button Clicked
[INFO ] 2020-05-20 14:47:21.121 [main] TTWebsiteDriver - wait started for By.xpath: //select[@name='Speciality']
[INFO ] 2020-05-20 14:47:21.133 [main] TTWebsiteDriver - wait over,element found
[INFO ] 2020-05-20 14:47:22.245 [main] DoctorSchedulePage - Following speciality  has been selected from speciality Dropdown : Neurology
[INFO ] 2020-05-20 14:47:22.352 [main] DoctorSchedulePage - Search Button Near DateClicked
[INFO ] 2020-05-20 14:47:22.352 [main] TTWebsiteDriver - wait started for By.xpath: //select[@name='Doctor']
[INFO ] 2020-05-20 14:47:22.375 [main] TTWebsiteDriver - wait over,element found
[INFO ] 2020-05-20 14:47:23.708 [main] DoctorSchedulePage - Following doctor  has been selected from doctor Dropdown : Vijay Chandra
[INFO ] 2020-05-20 14:47:23.802 [main] DoctorSchedulePage - Search Button Near DateClicked
[INFO ] 2020-05-20 14:47:38.859 [main] TestListner - [TEST IS SUCCESSFUL -------- Test case frontOfficeDoctorSchedulingCancelAppointmentTest has passed]
