[INFO ] 2020-07-10 16:10:34.764 [main] DriverManagerDataSource - Loaded JDBC driver: com.microsoft.sqlserver.jdbc.SQLServerDriver
[INFO ] 2020-07-10 16:10:35.516 [main] DriverManagerDataSource - Loaded JDBC driver: com.microsoft.sqlserver.jdbc.SQLServerDriver
[INFO ] 2020-07-10 16:10:35.611 [main] DriverManagerDataSource - Loaded JDBC driver: com.microsoft.sqlserver.jdbc.SQLServerDriver
[INFO ] 2020-07-10 16:10:35.699 [main] DriverManagerDataSource - Loaded JDBC driver: com.microsoft.sqlserver.jdbc.SQLServerDriver
[INFO ] 2020-07-10 16:10:35.791 [main] DriverManagerDataSource - Loaded JDBC driver: com.microsoft.sqlserver.jdbc.SQLServerDriver
[INFO ] 2020-07-10 16:10:35.885 [main] DriverManagerDataSource - Loaded JDBC driver: com.microsoft.sqlserver.jdbc.SQLServerDriver
[INFO ] 2020-07-10 16:10:35.978 [main] TestListner - 
******************************************************************************************************************************
					TEST CASE NAME:                  PhysicianOPDcaseSheetOrdersTest
******************************************************************************************************************************
[INFO ] 2020-07-10 16:10:42.184 [main] HISHomePage - User has been logged in to HIS Portal
[INFO ] 2020-07-10 16:10:43.450 [main] HISHomePage - Physician Icon Clicked
[INFO ] 2020-07-10 16:10:45.622 [main] HISHomePage - Following Station has been selected from Station Dropdown : 1st FLR T1 Transplant ICU
[INFO ] 2020-07-10 16:10:52.605 [main] HISHomePage - YES has been clicked from Station Dropdown
[INFO ] 2020-07-10 16:10:52.681 [main] HISHomePage - Page Heading Name= Doctor's Worklist
[INFO ] 2020-07-10 16:10:52.960 [main] HISHomePage - Click on OutPatient
[INFO ] 2020-07-10 16:10:53.572 [main] HISHomePage - Doctor Name= [[[[ChromeDriver: chrome on WINDOWS (8eb3ff115c1890dbaeb853b15513c7ea)] -> id: doctorsId]] -> tag name: option]
[INFO ] 2020-07-10 16:10:53.656 [main] HISHomePage - View= [[[[ChromeDriver: chrome on WINDOWS (8eb3ff115c1890dbaeb853b15513c7ea)] -> id: view_type]] -> tag name: option]
[INFO ] 2020-07-10 16:10:54.555 [main] HISHomePage - Frome Date= 10/Feb/2020
[INFO ] 2020-07-10 16:10:54.635 [main] HISHomePage - Click on Search Button
[INFO ] 2020-07-10 16:10:58.569 [main] HISHomePage - Click on Patient
[INFO ] 2020-07-10 16:11:05.490 [main] HISHomePage - Click on Order Tab
[INFO ] 2020-07-10 16:11:05.569 [main] HISHomePage - Selected Tab= rgb(22, 188, 192) none repeat scroll 0% 0% / auto padding-box border-box
[INFO ] 2020-07-10 16:11:05.570 [main] TestListner - [TEST IS SUCCESSFUL -------- Test case PhysicianOPDcaseSheetOrdersTest has passed]
