[INFO ] 2020-05-20 12:30:49.598 [main] TTBaseTest - Started execution with  null
[INFO ] 2020-05-20 12:30:49.613 [main] TTBaseTest - Environment properties are not provided by the user ... loading the default properties
[INFO ] 2020-05-20 12:30:49.613 [main] TTBaseTest - Default Browser is  ------ chrome
[INFO ] 2020-05-20 12:30:49.613 [main] TTBaseTest - Default URL is  ------ http://206.19.38.8:8001/HISTreeTesting/Login/Login?ReturnUrl=%2fHistreetesting
[INFO ] 2020-05-20 12:30:49.613 [main] TTBaseTest - Default loginname is  ------ null
[INFO ] 2020-05-20 12:30:49.613 [main] TTBaseTest - Default username is  ------ null
[INFO ] 2020-05-20 12:30:49.613 [main] TTBaseTest - Default user password is  ------ Deepak@1234
[INFO ] 2020-05-20 12:30:53.922 [main] TTWebsiteDriver - Window is maximized
[INFO ] 2020-05-20 12:30:53.969 [main] TTWebsiteDriver - All cookies deleted
[INFO ] 2020-05-20 12:30:54.398 [main] TTWebsiteBaseTest - Application loaded
[INFO ] 2020-05-20 12:30:54.567 [main] DriverManagerDataSource - Loaded JDBC driver: com.microsoft.sqlserver.jdbc.SQLServerDriver
[INFO ] 2020-05-20 12:30:54.568 [main] DBUtil - ConnectionString::jdbc:sqlserver://206.19.38.4;databaseName=SIT_HISTree_TestingAuto;instance=MSSQLSERVER;domain=null
[INFO ] 2020-05-20 12:30:54.568 [main] DBUtil - QUERY TRIGGERED IS select top 1 Name from M_IdCardType where Deleted=0

[INFO ] 2020-05-20 12:30:55.105 [main] DriverManagerDataSource - Loaded JDBC driver: com.microsoft.sqlserver.jdbc.SQLServerDriver
[INFO ] 2020-05-20 12:30:55.106 [main] DBUtil - ConnectionString::jdbc:sqlserver://206.19.38.4;databaseName=SIT_HISTree_TestingAuto;instance=MSSQLSERVER;domain=null
[INFO ] 2020-05-20 12:30:55.106 [main] DBUtil - QUERY TRIGGERED IS select top 1 name from M_OCCUPATION where Deleted=0

[INFO ] 2020-05-20 12:30:55.218 [main] DriverManagerDataSource - Loaded JDBC driver: com.microsoft.sqlserver.jdbc.SQLServerDriver
[INFO ] 2020-05-20 12:30:55.218 [main] DBUtil - ConnectionString::jdbc:sqlserver://206.19.38.4;databaseName=SIT_HISTree_TestingAuto;instance=MSSQLSERVER;domain=null
[INFO ] 2020-05-20 12:30:55.218 [main] DBUtil - QUERY TRIGGERED IS select top 1 Name from M_QUALIFICATION where Deleted=0

[INFO ] 2020-05-20 12:30:55.323 [main] DriverManagerDataSource - Loaded JDBC driver: com.microsoft.sqlserver.jdbc.SQLServerDriver
[INFO ] 2020-05-20 12:30:55.324 [main] DBUtil - ConnectionString::jdbc:sqlserver://206.19.38.4;databaseName=SIT_HISTree_TestingAuto;instance=MSSQLSERVER;domain=null
[INFO ] 2020-05-20 12:30:55.324 [main] DBUtil - QUERY TRIGGERED IS select top 1 Name from m_SourceOfInfo where Deleted=0

[INFO ] 2020-05-20 12:30:55.418 [main] DriverManagerDataSource - Loaded JDBC driver: com.microsoft.sqlserver.jdbc.SQLServerDriver
[INFO ] 2020-05-20 12:30:55.418 [main] DBUtil - ConnectionString::jdbc:sqlserver://206.19.38.4;databaseName=SIT_HISTree_TestingAuto;instance=MSSQLSERVER;domain=null
[INFO ] 2020-05-20 12:30:55.418 [main] DBUtil - QUERY TRIGGERED IS select top 1 NAME from m_city where deleted=0

[INFO ] 2020-05-20 12:30:55.512 [main] DriverManagerDataSource - Loaded JDBC driver: com.microsoft.sqlserver.jdbc.SQLServerDriver
[INFO ] 2020-05-20 12:30:55.512 [main] DBUtil - ConnectionString::jdbc:sqlserver://206.19.38.4;databaseName=SIT_HISTree_TestingAuto;instance=MSSQLSERVER;domain=null
[INFO ] 2020-05-20 12:30:55.512 [main] DBUtil - QUERY TRIGGERED IS select top 1 NAME from m_city where deleted=0

[INFO ] 2020-05-20 12:30:55.605 [main] TestListner - 
******************************************************************************************************************************
					TEST CASE NAME:                  frontOfficeCreditPatientBillingWithAvaialDiscountAndWithoutCoPayTest
******************************************************************************************************************************
[INFO ] 2020-05-20 12:30:55.903 [main] TTWebsiteDriver - wait started for By.id: btnLogin
[INFO ] 2020-05-20 12:30:55.933 [main] TTWebsiteDriver - wait over,element found
[INFO ] 2020-05-20 12:30:56.939 [main] TTWebsiteDriver - quick wait started for By.id: btnLogin
[INFO ] 2020-05-20 12:30:56.973 [main] TTWebsiteDriver - wait over,element found
[INFO ] 2020-05-20 12:30:57.237 [main] TTWebsiteDriver - wait started for By.xpath: //a[@id='btnYesAlreadyLogedinPopup']
[INFO ] 2020-05-20 12:30:57.264 [main] TTWebsiteDriver - wait over,element found
[INFO ] 2020-05-20 12:30:58.267 [main] TTWebsiteDriver - quick wait started for By.xpath: //a[@id='btnYesAlreadyLogedinPopup']
[INFO ] 2020-05-20 12:30:58.305 [main] TTWebsiteDriver - wait over,element found
[INFO ] 2020-05-20 12:30:58.983 [main] HISHomePage - User has been logged in to HIS Portal
[INFO ] 2020-05-20 12:30:58.983 [main] TTWebsiteDriver - wait started for By.xpath: //span[contains(text(),'Front Office')]//ancestor::a
[INFO ] 2020-05-20 12:30:59.010 [main] TTWebsiteDriver - wait over,element found
[INFO ] 2020-05-20 12:31:00.242 [main] HISHomePage - Front Office Icon Clicked
[INFO ] 2020-05-20 12:31:04.406 [main] HISHomePage - Following Station has been selected from Station Dropdown : Front Office
[INFO ] 2020-05-20 12:31:04.406 [main] TTWebsiteDriver - wait started for By.id: btn_yes_desh
[INFO ] 2020-05-20 12:31:04.439 [main] TTWebsiteDriver - wait over,element found
[INFO ] 2020-05-20 12:31:05.484 [main] TTWebsiteDriver - quick wait started for By.id: btn_yes_desh
[INFO ] 2020-05-20 12:31:05.516 [main] TTWebsiteDriver - wait over,element found
[INFO ] 2020-05-20 12:31:06.152 [main] HISHomePage - YES has been clicked from Station Dropdown
[INFO ] 2020-05-20 12:31:06.152 [main] TTWebsiteDriver - wait started for By.xpath: //li[@id='FOAddPatientMenu']//i[2]
[INFO ] 2020-05-20 12:31:06.182 [main] TTWebsiteDriver - wait over,element found
[INFO ] 2020-05-20 12:31:07.188 [main] TTWebsiteDriver - wait started for By.xpath: //li[@id='FOAddPatientMenu']//i[2]
[INFO ] 2020-05-20 12:31:07.236 [main] TTWebsiteDriver - wait over,element found
[INFO ] 2020-05-20 12:31:08.266 [main] TTWebsiteDriver - quick wait started for By.xpath: //li[@id='FOAddPatientMenu']//i[2]
[INFO ] 2020-05-20 12:31:08.298 [main] TTWebsiteDriver - wait over,element found
[INFO ] 2020-05-20 12:31:08.446 [main] FrontOfficeHomePage - Add Patient Section is Expanded
[INFO ] 2020-05-20 12:31:17.019 [main] FrontOfficeHomePage - Following Option has been selected from Add Patient Section Patient Registration
[INFO ] 2020-05-20 12:31:17.019 [main] TTWebsiteDriver - Waiting For Page load via JS
[INFO ] 2020-05-20 12:31:35.277 [main] PatientRegistrationPage - Following Title has been selected from Title Dropdown : New Delhi
[INFO ] 2020-05-20 12:31:35.277 [main] TTWebsiteDriver - wait started for By.id: firstName
[INFO ] 2020-05-20 12:31:35.294 [main] TTWebsiteDriver - wait over,element found
[INFO ] 2020-05-20 12:31:36.868 [main] PatientRegistrationPage - First Name has been added as : Automation
[INFO ] 2020-05-20 12:31:36.868 [main] TTWebsiteDriver - wait started for By.id: middleName
[INFO ] 2020-05-20 12:31:36.886 [main] TTWebsiteDriver - wait over,element found
[INFO ] 2020-05-20 12:31:38.183 [main] PatientRegistrationPage - Middle Name has been added as : Test
[INFO ] 2020-05-20 12:31:38.183 [main] TTWebsiteDriver - wait started for By.id: lastName
[INFO ] 2020-05-20 12:31:38.204 [main] TTWebsiteDriver - wait over,element found
[INFO ] 2020-05-20 12:31:39.518 [main] PatientRegistrationPage - Last Name has been added as : User
[INFO ] 2020-05-20 12:31:39.519 [main] TTWebsiteDriver - wait started for By.id: gender
[INFO ] 2020-05-20 12:31:39.538 [main] TTWebsiteDriver - wait over,element found
[INFO ] 2020-05-20 12:31:40.672 [main] PatientRegistrationPage - Following Gender has been selected from Gender Dropdown : Male
[INFO ] 2020-05-20 12:31:40.672 [main] TTWebsiteDriver - wait started for By.id: dob
[INFO ] 2020-05-20 12:31:40.704 [main] TTWebsiteDriver - wait over,element found
[INFO ] 2020-05-20 12:31:42.483 [main] PatientRegistrationPage - Following DOB has been added : 15-12-1991
[INFO ] 2020-05-20 12:31:50.547 [main] TTWebsiteDriver - wait started for By.id: chkA
[INFO ] 2020-05-20 12:31:50.610 [main] TTWebsiteDriver - wait over,element found
[INFO ] 2020-05-20 12:31:51.703 [main] TTWebsiteDriver - wait started for By.id: age
[INFO ] 2020-05-20 12:31:51.738 [main] TTWebsiteDriver - wait over,element found
[INFO ] 2020-05-20 12:31:53.014 [main] PatientRegistrationPage - Following Age has been added : 67
[INFO ] 2020-05-20 12:31:53.014 [main] TTWebsiteDriver - wait started for By.id: mStatus
[INFO ] 2020-05-20 12:31:53.034 [main] TTWebsiteDriver - wait over,element found
[INFO ] 2020-05-20 12:31:54.261 [main] PatientRegistrationPage - Following MArtial Status has been selected from MArtial Status  Dropdown : Single
[INFO ] 2020-05-20 12:31:54.261 [main] TTWebsiteDriver - wait started for By.id: motherName
[INFO ] 2020-05-20 12:31:54.283 [main] TTWebsiteDriver - wait over,element found
[INFO ] 2020-05-20 12:31:56.256 [main] PatientRegistrationPage - Following Mother Maiden Name Has been Added: Automation Test Mother
[INFO ] 2020-05-20 12:31:56.256 [main] TTWebsiteDriver - wait started for By.id: relName
[INFO ] 2020-05-20 12:31:56.282 [main] TTWebsiteDriver - wait over,element found
[INFO ] 2020-05-20 12:31:58.179 [main] PatientRegistrationPage - Following Fathers Name Has been Added: AutomationFather@123 
[INFO ] 2020-05-20 12:31:58.180 [main] TTWebsiteDriver - wait started for By.id: nationality
[INFO ] 2020-05-20 12:31:58.204 [main] TTWebsiteDriver - wait over,element found
[INFO ] 2020-05-20 12:31:59.306 [main] PatientRegistrationPage - Following Nationality has been selected from Nationality Dropdown : Indian
[INFO ] 2020-05-20 12:32:01.453 [main] PatientRegistrationPage - VIP Checkbox has been selected and Data has been added to VIP Text Box
[INFO ] 2020-05-20 12:32:01.787 [main] PatientRegistrationPage - Remarks Checkbox has been selected and Data has been added to Remarks Text Box
[INFO ] 2020-05-20 12:32:01.817 [main] PatientRegistrationPage - NRI Checkbox has been selected
[INFO ] 2020-05-20 12:32:01.910 [main] PatientRegistrationPage - ID Card Drop down is enabled
[INFO ] 2020-05-20 12:32:01.910 [main] TTWebsiteDriver - wait started for By.id: cardType
[INFO ] 2020-05-20 12:32:01.931 [main] TTWebsiteDriver - wait over,element found
[INFO ] 2020-05-20 12:32:03.163 [main] PatientRegistrationPage - Following ID Card has been selected from ID Card Dropdown : Passport Number
[INFO ] 2020-05-20 12:32:03.427 [main] PatientRegistrationPage - Following National ID has been added : 12345
[INFO ] 2020-05-20 12:32:04.042 [main] PatientRegistrationPage - Following TELEPHONE NO has been added in TELEPHONE No Text Box : 1234567891011123
[INFO ] 2020-05-20 12:32:04.475 [main] PatientRegistrationPage - Following MOBILE NO has been added : 1234567890
[INFO ] 2020-05-20 12:32:05.406 [main] PatientRegistrationPage - Following house Number has been added Automation Test Address
[INFO ] 2020-05-20 12:32:05.406 [main] TTWebsiteDriver - wait started for By.id: city
[INFO ] 2020-05-20 12:32:05.423 [main] TTWebsiteDriver - wait over,element found
[INFO ] 2020-05-20 12:32:06.746 [main] PatientRegistrationPage - Following City  has been selected from City Dropdown : New Delhi
[INFO ] 2020-05-20 12:32:18.711 [main] PatientRegistrationPage - Following City has been addedTest City885Following District has been selected
[INFO ] 2020-05-20 12:32:18.711 [main] TTWebsiteDriver - wait started for By.id: addlocal
[INFO ] 2020-05-20 12:32:18.745 [main] TTWebsiteDriver - wait over,element found
[INFO ] 2020-05-20 12:32:19.790 [main] TTWebsiteDriver - wait started for By.id: local
[INFO ] 2020-05-20 12:32:20.033 [main] TTWebsiteDriver - wait over,element found
[INFO ] 2020-05-20 12:32:30.563 [main] PatientRegistrationPage - Follwoing Locality has been added: Test local1093Following City has been selected: SaharanpurFollowing Pin Code has been added: 247001
[INFO ] 2020-05-20 12:32:30.563 [main] TTWebsiteDriver - wait started for By.id: emailID
[INFO ] 2020-05-20 12:32:30.634 [main] TTWebsiteDriver - wait over,element found
[INFO ] 2020-05-20 12:32:33.017 [main] PatientRegistrationPage - Following email has been added: test@automation.com
[INFO ] 2020-05-20 12:32:33.347 [main] PatientRegistrationPage - Following Reffered By has been added: Self
[INFO ] 2020-05-20 12:32:33.348 [main] TTWebsiteDriver - wait started for By.id: lang
[INFO ] 2020-05-20 12:32:33.366 [main] TTWebsiteDriver - wait over,element found
[INFO ] 2020-05-20 12:32:34.586 [main] PatientRegistrationPage - Following language  has been selected from language Dropdown : English
[INFO ] 2020-05-20 12:32:34.586 [main] TTWebsiteDriver - wait started for By.id: occupation
[INFO ] 2020-05-20 12:32:34.606 [main] TTWebsiteDriver - wait over,element found
[INFO ] 2020-05-20 12:32:35.826 [main] PatientRegistrationPage - Following occupation  has been selected from occupation Dropdown : Student
[INFO ] 2020-05-20 12:32:35.826 [main] TTWebsiteDriver - wait started for By.id: qualification
[INFO ] 2020-05-20 12:32:35.840 [main] TTWebsiteDriver - wait over,element found
[INFO ] 2020-05-20 12:32:37.079 [main] PatientRegistrationPage - Following qualification  has been selected from qualification Dropdown : Ph.D
[INFO ] 2020-05-20 12:32:37.079 [main] TTWebsiteDriver - wait started for By.id: religion
[INFO ] 2020-05-20 12:32:37.090 [main] TTWebsiteDriver - wait over,element found
[INFO ] 2020-05-20 12:32:38.291 [main] PatientRegistrationPage - Following relegion  has been selected from relegion Dropdown : Hindu
[INFO ] 2020-05-20 12:32:38.291 [main] TTWebsiteDriver - wait started for By.id: sref
[INFO ] 2020-05-20 12:32:38.325 [main] TTWebsiteDriver - wait over,element found
[INFO ] 2020-05-20 12:32:39.510 [main] PatientRegistrationPage - Following refer  has been selected from refer Dropdown : News Paper
[INFO ] 2020-05-20 12:32:39.563 [main] PatientRegistrationPage - Financial Details Checkbox Checked
[INFO ] 2020-05-20 12:32:39.563 [main] TTWebsiteDriver - wait started for By.id: companytype
[INFO ] 2020-05-20 12:32:39.581 [main] TTWebsiteDriver - wait over,element found
[INFO ] 2020-05-20 12:32:40.800 [main] PatientRegistrationPage - Following compType  has been selected from compType Dropdown : Corporate
[INFO ] 2020-05-20 12:32:40.801 [main] TTWebsiteDriver - wait started for By.id: company
[INFO ] 2020-05-20 12:32:40.820 [main] TTWebsiteDriver - wait over,element found
[INFO ] 2020-05-20 12:32:42.010 [main] PatientRegistrationPage - Following comp has been selected from comp Dropdown: STATE BANK OF INDIA
[INFO ] 2020-05-20 12:32:42.010 [main] TTWebsiteDriver - wait started for By.id: rate
[INFO ] 2020-05-20 12:32:42.042 [main] TTWebsiteDriver - wait over,element found
[INFO ] 2020-05-20 12:32:43.180 [main] PatientRegistrationPage - Following Rate has been selected from Rate Dropdown: STATE BANK OF INDIA - (CGHS)
[INFO ] 2020-05-20 12:32:43.274 [main] PatientRegistrationPage - Scheme Checkbox Checked
[INFO ] 2020-05-20 12:32:43.274 [main] TTWebsiteDriver - wait started for By.id: scheme
[INFO ] 2020-05-20 12:32:43.319 [main] TTWebsiteDriver - wait over,element found
[INFO ] 2020-05-20 12:32:44.583 [main] PatientRegistrationPage - First Scheme has been selected from Scheme Dropdown
[INFO ] 2020-05-20 12:32:44.583 [main] TTWebsiteDriver - wait started for By.id: register
[INFO ] 2020-05-20 12:32:44.602 [main] TTWebsiteDriver - wait over,element found
[INFO ] 2020-05-20 12:32:45.728 [main] PatientRegistrationPage - Regsiter Icon Clicked
[INFO ] 2020-05-20 12:32:45.749 [main] TTWebsiteDriver - wait started for By.id: btnyesss
[INFO ] 2020-05-20 12:32:45.769 [main] TTWebsiteDriver - wait over,element found
[INFO ] 2020-05-20 12:32:56.928 [main] PatientRegistrationPage - Yes button clicked on Confirm Patient Details Popup
[INFO ] 2020-05-20 12:32:56.928 [main] TTWebsiteDriver - wait started for By.xpath: //header[contains(text(),'Registered Successfully')]
[INFO ] 2020-05-20 12:32:57.022 [main] TTWebsiteDriver - wait over,element found
[INFO ] 2020-05-20 12:32:58.145 [main] PatientRegistrationPage - REGISTERED SUCCESSFULLY POPUP is showing up
[INFO ] 2020-05-20 12:32:58.224 [main] PatientRegistrationPage - TEST US JHKJHKJHPSSH.260839

[INFO ] 2020-05-20 12:32:58.224 [main] TTWebsiteDriver - wait started for By.xpath: //div[@class='popup-area']//div[@class='modal-block-new']//a[contains(text(),'No')]
[INFO ] 2020-05-20 12:32:58.287 [main] TTWebsiteDriver - wait over,element found
[INFO ] 2020-05-20 12:32:59.316 [main] TTWebsiteDriver - wait started for By.xpath: //div[@class='popup-area']//div[@class='modal-block-new']//a[contains(text(),'No')]
[INFO ] 2020-05-20 12:32:59.380 [main] TTWebsiteDriver - wait over,element found
[INFO ] 2020-05-20 12:33:00.409 [main] TTWebsiteDriver - quick wait started for By.xpath: //div[@class='popup-area']//div[@class='modal-block-new']//a[contains(text(),'No')]
[INFO ] 2020-05-20 12:33:00.473 [main] TTWebsiteDriver - wait over,element found
[INFO ] 2020-05-20 12:33:00.714 [main] TTWebsiteDriver - Waiting For Page load via JS
[INFO ] 2020-05-20 12:33:00.726 [main] PatientRegistrationPage - REGISTERED SUCCESSFULLY POPUP No Button Clicked
[INFO ] 2020-05-20 12:33:00.726 [main] TTWebsiteDriver - wait started for By.xpath: //i[@class='fa fa-bars']
[INFO ] 2020-05-20 12:33:00.757 [main] TTWebsiteDriver - wait over,element found
[INFO ] 2020-05-20 12:33:01.864 [main] HISWebsiteBasePage - Menu Clicked
[INFO ] 2020-05-20 12:33:05.875 [main] TTWebsiteDriver - wait started for By.xpath: //a[contains(text(),'Billing')]//i[@class='fa fa-caret-down']
[INFO ] 2020-05-20 12:33:05.969 [main] TTWebsiteDriver - wait over,element found
[INFO ] 2020-05-20 12:33:06.999 [main] TTWebsiteDriver - wait started for By.xpath: //a[contains(text(),'Billing')]//i[@class='fa fa-caret-down']
[INFO ] 2020-05-20 12:33:07.078 [main] TTWebsiteDriver - wait over,element found
[INFO ] 2020-05-20 12:33:08.107 [main] TTWebsiteDriver - quick wait started for By.xpath: //a[contains(text(),'Billing')]//i[@class='fa fa-caret-down']
[INFO ] 2020-05-20 12:33:08.171 [main] TTWebsiteDriver - wait over,element found
[INFO ] 2020-05-20 12:33:08.346 [main] FrontOfficeHomePage - Billing Section is Expanded
[INFO ] 2020-05-20 12:33:13.946 [main] FrontOfficeHomePage - Following Option has been selected from Billing Section Deposits
[INFO ] 2020-05-20 12:33:13.946 [main] TTWebsiteDriver - Waiting For Page load via JS
[INFO ] 2020-05-20 12:33:32.116 [main] TTWebsiteDriver - wait started for By.id: uHid
[INFO ] 2020-05-20 12:33:32.179 [main] TTWebsiteDriver - wait over,element found
[INFO ] 2020-05-20 12:33:37.638 [main] TTWebsiteDriver - waiting for locator By.xpath: //a[@id='btnremarksOk']
[INFO ] 2020-05-20 12:33:37.686 [main] TTWebsiteDriver - Element found
[INFO ] 2020-05-20 12:33:37.686 [main] TTWebsiteDriver - wait started for By.xpath: //a[@id='btnremarksOk']
[INFO ] 2020-05-20 12:33:37.733 [main] TTWebsiteDriver - wait over,element found
[INFO ] 2020-05-20 12:33:38.762 [main] TTWebsiteDriver - quick wait started for By.xpath: //a[@id='btnremarksOk']
[INFO ] 2020-05-20 12:33:38.810 [main] TTWebsiteDriver - wait over,element found
[INFO ] 2020-05-20 12:33:38.963 [main] TTWebsiteDriver - wait started for By.xpath: //a[@id='Deposit_btn']
[INFO ] 2020-05-20 12:33:38.984 [main] TTWebsiteDriver - wait over,element found
[INFO ] 2020-05-20 12:33:40.007 [main] TTWebsiteDriver - wait started for By.xpath: //a[@id='Deposit_btn']
[INFO ] 2020-05-20 12:33:40.054 [main] TTWebsiteDriver - wait over,element found
[INFO ] 2020-05-20 12:33:41.084 [main] TTWebsiteDriver - quick wait started for By.xpath: //a[@id='Deposit_btn']
[INFO ] 2020-05-20 12:33:41.132 [main] TTWebsiteDriver - wait over,element found
[INFO ] 2020-05-20 12:33:41.272 [main] TTWebsiteDriver - wait started for By.xpath: //label[contains(text(),'Confirm Deposit?')]
[INFO ] 2020-05-20 12:33:41.318 [main] TTWebsiteDriver - wait over,element found
[INFO ] 2020-05-20 12:33:49.355 [main] TTWebsiteDriver - wait started for By.xpath: //a[@id='btnDepConfirmYes']
[INFO ] 2020-05-20 12:33:49.419 [main] TTWebsiteDriver - wait over,element found
[INFO ] 2020-05-20 12:33:50.464 [main] TTWebsiteDriver - quick wait started for By.xpath: //a[@id='btnDepConfirmYes']
[INFO ] 2020-05-20 12:33:50.512 [main] TTWebsiteDriver - wait over,element found
[INFO ] 2020-05-20 12:33:50.644 [main] DepositPage - Yes Button Clicked on Confirm Deposit Popup
[INFO ] 2020-05-20 12:33:50.644 [main] TTWebsiteDriver - wait started for By.xpath: //p[contains(text(),'Amount cannot be zero!')]
[INFO ] 2020-05-20 12:33:50.669 [main] TTWebsiteDriver - wait over,element found
[INFO ] 2020-05-20 12:33:51.714 [main] TTWebsiteDriver - wait started for By.xpath: //input[@id='Amount']
[INFO ] 2020-05-20 12:33:51.762 [main] TTWebsiteDriver - wait over,element found
[INFO ] 2020-05-20 12:33:53.032 [main] DepositPage - Following Amount has been added in Amount Text Box2000001
[INFO ] 2020-05-20 12:33:58.434 [main] TTWebsiteDriver - waiting for locator By.xpath: //a[@id='btnremarksOk']
[INFO ] 2020-05-20 12:33:58.446 [main] TTWebsiteDriver - Element found
[INFO ] 2020-05-20 12:33:58.446 [main] TTWebsiteDriver - wait started for By.xpath: //a[@id='btnremarksOk']
[INFO ] 2020-05-20 12:33:58.459 [main] TTWebsiteDriver - wait over,element found
[INFO ] 2020-05-20 12:33:59.475 [main] TTWebsiteDriver - quick wait started for By.xpath: //a[@id='btnremarksOk']
[INFO ] 2020-05-20 12:33:59.489 [main] TTWebsiteDriver - wait over,element found
[INFO ] 2020-05-20 12:33:59.586 [main] TTWebsiteDriver - wait started for By.xpath: //a[@id='Deposit_btn']
[INFO ] 2020-05-20 12:33:59.617 [main] TTWebsiteDriver - wait over,element found
[INFO ] 2020-05-20 12:34:00.637 [main] TTWebsiteDriver - wait started for By.xpath: //a[@id='Deposit_btn']
[INFO ] 2020-05-20 12:34:00.685 [main] TTWebsiteDriver - wait over,element found
[INFO ] 2020-05-20 12:34:01.703 [main] TTWebsiteDriver - quick wait started for By.xpath: //a[@id='Deposit_btn']
[INFO ] 2020-05-20 12:34:01.751 [main] TTWebsiteDriver - wait over,element found
[INFO ] 2020-05-20 12:34:01.861 [main] TTWebsiteDriver - wait started for By.xpath: //label[contains(text(),'Confirm Deposit?')]
[INFO ] 2020-05-20 12:34:01.875 [main] TTWebsiteDriver - wait over,element found
[INFO ] 2020-05-20 12:34:09.926 [main] TTWebsiteDriver - wait started for By.xpath: //a[@id='btnDepConfirmYes']
[INFO ] 2020-05-20 12:34:09.990 [main] TTWebsiteDriver - wait over,element found
[INFO ] 2020-05-20 12:34:11.019 [main] TTWebsiteDriver - quick wait started for By.xpath: //a[@id='btnDepConfirmYes']
[INFO ] 2020-05-20 12:34:11.067 [main] TTWebsiteDriver - wait over,element found
[INFO ] 2020-05-20 12:34:11.206 [main] DepositPage - Yes Button Clicked on Confirm Deposit Popup
[INFO ] 2020-05-20 12:34:11.206 [main] TTWebsiteDriver - wait started for By.xpath: //p[contains(text(),'The total amount in cash is equal to or Exceeds 20')]
[INFO ] 2020-05-20 12:34:11.230 [main] TTWebsiteDriver - wait over,element found
[INFO ] 2020-05-20 12:34:12.264 [main] TTWebsiteDriver - wait started for By.xpath: //input[@id='Amount']
[INFO ] 2020-05-20 12:34:12.312 [main] TTWebsiteDriver - wait over,element found
[INFO ] 2020-05-20 12:34:13.485 [main] DepositPage - Following Amount has been added in Amount Text Box1000
[INFO ] 2020-05-20 12:34:18.644 [main] TTWebsiteDriver - waiting for locator By.xpath: //a[@id='btnremarksOk']
[INFO ] 2020-05-20 12:34:18.675 [main] TTWebsiteDriver - Element found
[INFO ] 2020-05-20 12:34:18.676 [main] TTWebsiteDriver - wait started for By.xpath: //a[@id='btnremarksOk']
[INFO ] 2020-05-20 12:34:18.723 [main] TTWebsiteDriver - wait over,element found
[INFO ] 2020-05-20 12:34:19.753 [main] TTWebsiteDriver - quick wait started for By.xpath: //a[@id='btnremarksOk']
[INFO ] 2020-05-20 12:34:19.800 [main] TTWebsiteDriver - wait over,element found
[INFO ] 2020-05-20 12:34:19.941 [main] TTWebsiteDriver - wait started for By.xpath: //a[@id='Deposit_btn']
[INFO ] 2020-05-20 12:34:19.972 [main] TTWebsiteDriver - wait over,element found
[INFO ] 2020-05-20 12:34:21.003 [main] TTWebsiteDriver - wait started for By.xpath: //a[@id='Deposit_btn']
[INFO ] 2020-05-20 12:34:21.050 [main] TTWebsiteDriver - wait over,element found
[INFO ] 2020-05-20 12:34:22.080 [main] TTWebsiteDriver - quick wait started for By.xpath: //a[@id='Deposit_btn']
[INFO ] 2020-05-20 12:34:22.128 [main] TTWebsiteDriver - wait over,element found
[INFO ] 2020-05-20 12:34:22.237 [main] TTWebsiteDriver - wait started for By.xpath: //label[contains(text(),'Confirm Deposit?')]
[INFO ] 2020-05-20 12:34:22.253 [main] TTWebsiteDriver - wait over,element found
[INFO ] 2020-05-20 12:34:30.318 [main] TTWebsiteDriver - wait started for By.xpath: //a[@id='btnDepConfirmYes']
[INFO ] 2020-05-20 12:34:30.381 [main] TTWebsiteDriver - wait over,element found
[INFO ] 2020-05-20 12:34:31.397 [main] TTWebsiteDriver - quick wait started for By.xpath: //a[@id='btnDepConfirmYes']
[INFO ] 2020-05-20 12:34:31.456 [main] TTWebsiteDriver - wait over,element found
[INFO ] 2020-05-20 12:34:31.570 [main] DepositPage - Yes Button Clicked on Confirm Deposit Popup
[INFO ] 2020-05-20 12:34:31.570 [main] TTWebsiteDriver - wait started for By.xpath: //p[contains(text(),'Deposit taken successfully!')]
[INFO ] 2020-05-20 12:34:31.928 [main] TTWebsiteDriver - wait over,element found
[INFO ] 2020-05-20 12:34:32.966 [main] TTWebsiteDriver - wait started for By.xpath: //input[@id='Credit_']
[INFO ] 2020-05-20 12:34:32.999 [main] TTWebsiteDriver - wait over,element found
[INFO ] 2020-05-20 12:34:34.015 [main] TTWebsiteDriver - wait started for By.xpath: //input[@id='Credit_']
[INFO ] 2020-05-20 12:34:34.038 [main] TTWebsiteDriver - wait over,element found
[INFO ] 2020-05-20 12:34:35.041 [main] TTWebsiteDriver - quick wait started for By.xpath: //input[@id='Credit_']
[INFO ] 2020-05-20 12:34:35.065 [main] TTWebsiteDriver - wait over,element found
[INFO ] 2020-05-20 12:34:35.166 [main] DepositPage - Credit Card Radio Button Clicked
[INFO ] 2020-05-20 12:34:35.166 [main] TTWebsiteDriver - wait started for By.xpath: //input[@id='Amount']
[INFO ] 2020-05-20 12:34:35.181 [main] TTWebsiteDriver - wait over,element found
[INFO ] 2020-05-20 12:34:36.402 [main] DepositPage - Following Amount has been added in Amount Text Box2000
[INFO ] 2020-05-20 12:34:41.769 [main] TTWebsiteDriver - wait started for By.xpath: //div[@class='bhoechie-tab-content active']//div[4]//input[1]
[INFO ] 2020-05-20 12:34:41.795 [main] TTWebsiteDriver - wait over,element found
[INFO ] 2020-05-20 12:34:46.393 [main] DepositPage - Credit Card Details Entered
[INFO ] 2020-05-20 12:34:46.393 [main] TTWebsiteDriver - waiting for locator By.xpath: //a[@id='btnremarksOk']
[INFO ] 2020-05-20 12:34:46.406 [main] TTWebsiteDriver - Element found
[INFO ] 2020-05-20 12:34:46.407 [main] TTWebsiteDriver - wait started for By.xpath: //a[@id='btnremarksOk']
[INFO ] 2020-05-20 12:34:46.421 [main] TTWebsiteDriver - wait over,element found
[INFO ] 2020-05-20 12:34:47.426 [main] TTWebsiteDriver - quick wait started for By.xpath: //a[@id='btnremarksOk']
[INFO ] 2020-05-20 12:34:47.477 [main] TTWebsiteDriver - wait over,element found
[INFO ] 2020-05-20 12:34:47.552 [main] TTWebsiteDriver - wait started for By.xpath: //a[@id='Deposit_btn']
[INFO ] 2020-05-20 12:34:47.600 [main] TTWebsiteDriver - wait over,element found
[INFO ] 2020-05-20 12:34:48.618 [main] TTWebsiteDriver - wait started for By.xpath: //a[@id='Deposit_btn']
[INFO ] 2020-05-20 12:34:48.666 [main] TTWebsiteDriver - wait over,element found
[INFO ] 2020-05-20 12:34:49.684 [main] TTWebsiteDriver - quick wait started for By.xpath: //a[@id='Deposit_btn']
[INFO ] 2020-05-20 12:34:49.732 [main] TTWebsiteDriver - wait over,element found
[INFO ] 2020-05-20 12:34:49.810 [main] TTWebsiteDriver - wait started for By.xpath: //label[contains(text(),'Confirm Deposit?')]
[INFO ] 2020-05-20 12:34:49.840 [main] TTWebsiteDriver - wait over,element found
[INFO ] 2020-05-20 12:34:57.891 [main] TTWebsiteDriver - wait started for By.xpath: //a[@id='btnDepConfirmYes']
[INFO ] 2020-05-20 12:34:57.954 [main] TTWebsiteDriver - wait over,element found
[INFO ] 2020-05-20 12:34:58.984 [main] TTWebsiteDriver - quick wait started for By.xpath: //a[@id='btnDepConfirmYes']
[INFO ] 2020-05-20 12:34:59.031 [main] TTWebsiteDriver - wait over,element found
[INFO ] 2020-05-20 12:34:59.109 [main] DepositPage - Yes Button Clicked on Confirm Deposit Popup
[INFO ] 2020-05-20 12:34:59.109 [main] TTWebsiteDriver - wait started for By.xpath: //p[contains(text(),'Deposit taken successfully!')]
[INFO ] 2020-05-20 12:34:59.207 [main] TTWebsiteDriver - wait over,element found
[INFO ] 2020-05-20 12:35:00.251 [main] TTWebsiteDriver - wait started for By.xpath: //input[@id='Cheque_']
[INFO ] 2020-05-20 12:35:00.299 [main] TTWebsiteDriver - wait over,element found
[INFO ] 2020-05-20 12:35:01.315 [main] TTWebsiteDriver - wait started for By.xpath: //input[@id='Cheque_']
[INFO ] 2020-05-20 12:35:01.336 [main] TTWebsiteDriver - wait over,element found
[INFO ] 2020-05-20 12:35:02.341 [main] TTWebsiteDriver - quick wait started for By.xpath: //input[@id='Cheque_']
[INFO ] 2020-05-20 12:35:02.364 [main] TTWebsiteDriver - wait over,element found
[INFO ] 2020-05-20 12:35:02.462 [main] DepositPage - Cheque Radio Button Clicked
[INFO ] 2020-05-20 12:35:02.462 [main] TTWebsiteDriver - wait started for By.xpath: //input[@id='Amount']
[INFO ] 2020-05-20 12:35:02.480 [main] TTWebsiteDriver - wait over,element found
[INFO ] 2020-05-20 12:35:03.702 [main] DepositPage - Following Amount has been added in Amount Text Box30000
[INFO ] 2020-05-20 12:35:08.878 [main] TTWebsiteDriver - wait started for By.xpath: //input[@id='cheque_no']
[INFO ] 2020-05-20 12:35:08.910 [main] TTWebsiteDriver - wait over,element found
[INFO ] 2020-05-20 12:35:10.497 [main] DepositPage - Cheque Details Entered
[INFO ] 2020-05-20 12:35:10.497 [main] TTWebsiteDriver - waiting for locator By.xpath: //a[@id='btnremarksOk']
[INFO ] 2020-05-20 12:35:10.510 [main] TTWebsiteDriver - Element found
[INFO ] 2020-05-20 12:35:10.510 [main] TTWebsiteDriver - wait started for By.xpath: //a[@id='btnremarksOk']
[INFO ] 2020-05-20 12:35:10.525 [main] TTWebsiteDriver - wait over,element found
[INFO ] 2020-05-20 12:35:11.540 [main] TTWebsiteDriver - quick wait started for By.xpath: //a[@id='btnremarksOk']
[INFO ] 2020-05-20 12:35:11.555 [main] TTWebsiteDriver - wait over,element found
[INFO ] 2020-05-20 12:35:11.636 [main] TTWebsiteDriver - wait started for By.xpath: //a[@id='Deposit_btn']
[INFO ] 2020-05-20 12:35:11.669 [main] TTWebsiteDriver - wait over,element found
[INFO ] 2020-05-20 12:35:12.687 [main] TTWebsiteDriver - wait started for By.xpath: //a[@id='Deposit_btn']
[INFO ] 2020-05-20 12:35:12.735 [main] TTWebsiteDriver - wait over,element found
[INFO ] 2020-05-20 12:35:13.754 [main] TTWebsiteDriver - quick wait started for By.xpath: //a[@id='Deposit_btn']
[INFO ] 2020-05-20 12:35:13.802 [main] TTWebsiteDriver - wait over,element found
[INFO ] 2020-05-20 12:35:13.911 [main] TTWebsiteDriver - wait started for By.xpath: //label[contains(text(),'Confirm Deposit?')]
[INFO ] 2020-05-20 12:35:13.945 [main] TTWebsiteDriver - wait over,element found
[INFO ] 2020-05-20 12:35:21.992 [main] TTWebsiteDriver - wait started for By.xpath: //a[@id='btnDepConfirmYes']
[INFO ] 2020-05-20 12:35:22.056 [main] TTWebsiteDriver - wait over,element found
[INFO ] 2020-05-20 12:35:23.085 [main] TTWebsiteDriver - quick wait started for By.xpath: //a[@id='btnDepConfirmYes']
[INFO ] 2020-05-20 12:35:23.133 [main] TTWebsiteDriver - wait over,element found
[INFO ] 2020-05-20 12:35:23.242 [main] DepositPage - Yes Button Clicked on Confirm Deposit Popup
[INFO ] 2020-05-20 12:35:23.242 [main] TTWebsiteDriver - wait started for By.xpath: //p[contains(text(),'Deposit taken successfully!')]
[INFO ] 2020-05-20 12:35:23.330 [main] TTWebsiteDriver - wait over,element found
[INFO ] 2020-05-20 12:35:24.377 [main] TTWebsiteDriver - wait started for By.xpath: //a[@title='Print Receipt']//i[@class='fa fa-print']
[INFO ] 2020-05-20 12:35:24.425 [main] TTWebsiteDriver - wait over,element found
[INFO ] 2020-05-20 12:35:25.441 [main] TTWebsiteDriver - wait started for By.xpath: //a[@title='Print Receipt']//i[@class='fa fa-print']
[INFO ] 2020-05-20 12:35:25.463 [main] TTWebsiteDriver - wait over,element found
[INFO ] 2020-05-20 12:35:26.467 [main] TTWebsiteDriver - quick wait started for By.xpath: //a[@title='Print Receipt']//i[@class='fa fa-print']
[INFO ] 2020-05-20 12:35:26.491 [main] TTWebsiteDriver - wait over,element found
[INFO ] 2020-05-20 12:35:26.588 [main] DepositPage - Print Button Clicked
[INFO ] 2020-05-20 12:35:26.589 [main] TTWebsiteDriver - wait started for By.xpath: //p[contains(text(),'Please select the deposit receipt to be printed!')]
[INFO ] 2020-05-20 12:35:26.619 [main] TTWebsiteDriver - wait over,element found
[INFO ] 2020-05-20 12:35:27.653 [main] TTWebsiteDriver - wait started for By.xpath: //table/thead//following::tbody/tr[1]/td[1]
[INFO ] 2020-05-20 12:35:27.716 [main] TTWebsiteDriver - wait over,element found
[INFO ] 2020-05-20 12:35:28.746 [main] TTWebsiteDriver - wait started for By.xpath: //table/thead//following::tbody/tr[1]/td[1]
[INFO ] 2020-05-20 12:35:28.794 [main] TTWebsiteDriver - wait over,element found
[INFO ] 2020-05-20 12:35:29.823 [main] TTWebsiteDriver - quick wait started for By.xpath: //table/thead//following::tbody/tr[1]/td[1]
[INFO ] 2020-05-20 12:35:29.871 [main] TTWebsiteDriver - wait over,element found
[INFO ] 2020-05-20 12:35:30.032 [main] DepositPage - First Deposit Clicked
[INFO ] 2020-05-20 12:35:30.032 [main] TTWebsiteDriver - wait started for By.xpath: //i[@class='fa fa-bars']
[INFO ] 2020-05-20 12:35:30.051 [main] TTWebsiteDriver - wait over,element found
[INFO ] 2020-05-20 12:35:31.111 [main] HISWebsiteBasePage - Menu Clicked
[INFO ] 2020-05-20 12:35:35.121 [main] TTWebsiteDriver - wait started for By.xpath: //a[contains(text(),'Billing')]//i[@class='fa fa-caret-down']
[INFO ] 2020-05-20 12:35:35.184 [main] TTWebsiteDriver - wait over,element found
[INFO ] 2020-05-20 12:35:36.214 [main] TTWebsiteDriver - wait started for By.xpath: //a[contains(text(),'Billing')]//i[@class='fa fa-caret-down']
[INFO ] 2020-05-20 12:35:36.262 [main] TTWebsiteDriver - wait over,element found
[INFO ] 2020-05-20 12:35:37.279 [main] TTWebsiteDriver - quick wait started for By.xpath: //a[contains(text(),'Billing')]//i[@class='fa fa-caret-down']
[INFO ] 2020-05-20 12:35:37.326 [main] TTWebsiteDriver - wait over,element found
[INFO ] 2020-05-20 12:35:37.436 [main] FrontOfficeHomePage - Billing Section is Expanded
[INFO ] 2020-05-20 12:35:46.592 [main] FrontOfficeHomePage - Following Option has been selected from Billing Section Billing
[INFO ] 2020-05-20 12:35:46.592 [main] TTWebsiteDriver - Waiting For Page load via JS
[INFO ] 2020-05-20 12:36:04.626 [main] TTWebsiteDriver - wait started for By.id: uHid
[INFO ] 2020-05-20 12:36:04.690 [main] TTWebsiteDriver - wait over,element found
[INFO ] 2020-05-20 12:36:27.619 [main] TTWebsiteDriver - wait started for By.xpath: //span[@id='modelclose123']//i
[INFO ] 2020-05-20 12:36:31.738 [main] TTWebsiteDriver - waiting...
[INFO ] 2020-05-20 12:36:35.820 [main] TTWebsiteDriver - waiting...
[INFO ] 2020-05-20 12:36:39.862 [main] TTWebsiteDriver - waiting...
[INFO ] 2020-05-20 12:36:43.935 [main] TTWebsiteDriver - waiting...
[INFO ] 2020-05-20 12:36:48.054 [main] TTWebsiteDriver - waiting...
[INFO ] 2020-05-20 12:36:52.142 [main] TTWebsiteDriver - waiting...
[INFO ] 2020-05-20 12:36:56.168 [main] TTWebsiteDriver - waiting...
[INFO ] 2020-05-20 12:37:00.254 [main] TTWebsiteDriver - waiting...
[INFO ] 2020-05-20 12:37:04.342 [main] TTWebsiteDriver - waiting...
[INFO ] 2020-05-20 12:37:08.446 [main] TTWebsiteDriver - waiting...
[INFO ] 2020-05-20 12:37:08.446 [main] TTWebsiteDriver - ELEMENT NOT FOUND
[INFO ] 2020-05-20 12:37:18.207 [main] BillingPage - Scheme And Authorised By Selected in Scheme Details Popup
[INFO ] 2020-05-20 12:37:18.207 [main] TTWebsiteDriver - wait started for By.xpath: //a[@id='schemeclose']//i[@class='fa fa-times']
[INFO ] 2020-05-20 12:37:18.258 [main] TTWebsiteDriver - wait over,element found
[INFO ] 2020-05-20 12:37:19.406 [main] TTWebsiteDriver - wait started for By.xpath: //span[@id='remarks_close']//i[@class='fa fa-times']
[INFO ] 2020-05-20 12:37:19.437 [main] TTWebsiteDriver - wait over,element found
[INFO ] 2020-05-20 12:37:20.557 [main] BillingPage - Remarks Popup Button Closed
[INFO ] 2020-05-20 12:37:20.557 [main] TTWebsiteDriver - wait started for By.xpath: //select[@name='ddlspecialization']
[INFO ] 2020-05-20 12:37:20.581 [main] TTWebsiteDriver - wait over,element found
[INFO ] 2020-05-20 12:37:21.830 [main] BillingPage - Following speciality  has been selected from speciality Dropdown : Pathologist
[INFO ] 2020-05-20 12:37:21.831 [main] TTWebsiteDriver - wait started for By.xpath: //li[contains(text(),'Megha')]
[INFO ] 2020-05-20 12:37:21.855 [main] TTWebsiteDriver - wait over,element found
[INFO ] 2020-05-20 12:37:22.985 [main] TTWebsiteDriver - wait started for By.xpath: //select[@name='ddlspecialization']
[INFO ] 2020-05-20 12:37:23.017 [main] TTWebsiteDriver - wait over,element found
[INFO ] 2020-05-20 12:37:24.249 [main] BillingPage - Following speciality  has been selected from speciality Dropdown : Cardiology
[INFO ] 2020-05-20 12:37:24.249 [main] TTWebsiteDriver - wait started for By.xpath: //li[contains(text(),'Deepak')]
[INFO ] 2020-05-20 12:37:24.274 [main] TTWebsiteDriver - wait over,element found
[INFO ] 2020-05-20 12:37:25.590 [main] BillingPage - Diagnostic Icon Clicked
[INFO ] 2020-05-20 12:37:27.146 [main] TTWebsiteDriver - wait started for By.xpath: //li[starts-with(@title,'24hrs Urinary Calcium')]
[INFO ] 2020-05-20 12:37:27.209 [main] TTWebsiteDriver - wait over,element found
