[INFO ] 2020-05-20 10:18:38.489 [main] TTBaseTest - Started execution with  null
[INFO ] 2020-05-20 10:18:38.503 [main] TTBaseTest - Environment properties are not provided by the user ... loading the default properties
[INFO ] 2020-05-20 10:18:38.504 [main] TTBaseTest - Default Browser is  ------ chrome
[INFO ] 2020-05-20 10:18:38.504 [main] TTBaseTest - Default URL is  ------ http://206.19.38.8:8001/HISTreeTesting/Login/Login?ReturnUrl=%2fHistreetesting
[INFO ] 2020-05-20 10:18:38.504 [main] TTBaseTest - Default loginname is  ------ null
[INFO ] 2020-05-20 10:18:38.504 [main] TTBaseTest - Default username is  ------ null
[INFO ] 2020-05-20 10:18:38.505 [main] TTBaseTest - Default user password is  ------ Deepak@1234
[INFO ] 2020-05-20 10:18:42.868 [main] TTWebsiteDriver - Window is maximized
[INFO ] 2020-05-20 10:18:42.902 [main] TTWebsiteDriver - All cookies deleted
[INFO ] 2020-05-20 10:18:45.019 [main] TTWebsiteBaseTest - Application loaded
[INFO ] 2020-05-20 10:18:45.123 [main] DriverManagerDataSource - Loaded JDBC driver: com.microsoft.sqlserver.jdbc.SQLServerDriver
[INFO ] 2020-05-20 10:18:45.124 [main] DBUtil - ConnectionString::jdbc:sqlserver://206.19.38.4;databaseName=SIT_HISTree_TestingAuto;instance=MSSQLSERVER;domain=null
[INFO ] 2020-05-20 10:18:45.124 [main] DBUtil - QUERY TRIGGERED IS select top 1 Name from M_IdCardType where Deleted=0

[INFO ] 2020-05-20 10:18:47.025 [main] DriverManagerDataSource - Loaded JDBC driver: com.microsoft.sqlserver.jdbc.SQLServerDriver
[INFO ] 2020-05-20 10:18:47.026 [main] DBUtil - ConnectionString::jdbc:sqlserver://206.19.38.4;databaseName=SIT_HISTree_TestingAuto;instance=MSSQLSERVER;domain=null
[INFO ] 2020-05-20 10:18:47.026 [main] DBUtil - QUERY TRIGGERED IS select top 1 name from M_OCCUPATION where Deleted=0

[INFO ] 2020-05-20 10:18:47.145 [main] DriverManagerDataSource - Loaded JDBC driver: com.microsoft.sqlserver.jdbc.SQLServerDriver
[INFO ] 2020-05-20 10:18:47.145 [main] DBUtil - ConnectionString::jdbc:sqlserver://206.19.38.4;databaseName=SIT_HISTree_TestingAuto;instance=MSSQLSERVER;domain=null
[INFO ] 2020-05-20 10:18:47.146 [main] DBUtil - QUERY TRIGGERED IS select top 1 Name from M_QUALIFICATION where Deleted=0

[INFO ] 2020-05-20 10:18:47.539 [main] DriverManagerDataSource - Loaded JDBC driver: com.microsoft.sqlserver.jdbc.SQLServerDriver
[INFO ] 2020-05-20 10:18:47.539 [main] DBUtil - ConnectionString::jdbc:sqlserver://206.19.38.4;databaseName=SIT_HISTree_TestingAuto;instance=MSSQLSERVER;domain=null
[INFO ] 2020-05-20 10:18:47.539 [main] DBUtil - QUERY TRIGGERED IS select top 1 Name from m_SourceOfInfo where Deleted=0

[INFO ] 2020-05-20 10:18:47.618 [main] DriverManagerDataSource - Loaded JDBC driver: com.microsoft.sqlserver.jdbc.SQLServerDriver
[INFO ] 2020-05-20 10:18:47.618 [main] DBUtil - ConnectionString::jdbc:sqlserver://206.19.38.4;databaseName=SIT_HISTree_TestingAuto;instance=MSSQLSERVER;domain=null
[INFO ] 2020-05-20 10:18:47.618 [main] DBUtil - QUERY TRIGGERED IS select top 1 NAME from m_city where deleted=0

[INFO ] 2020-05-20 10:18:47.706 [main] DriverManagerDataSource - Loaded JDBC driver: com.microsoft.sqlserver.jdbc.SQLServerDriver
[INFO ] 2020-05-20 10:18:47.707 [main] DBUtil - ConnectionString::jdbc:sqlserver://206.19.38.4;databaseName=SIT_HISTree_TestingAuto;instance=MSSQLSERVER;domain=null
[INFO ] 2020-05-20 10:18:47.707 [main] DBUtil - QUERY TRIGGERED IS select top 1 NAME from m_city where deleted=0

[INFO ] 2020-05-20 10:18:48.089 [main] TestListner - 
******************************************************************************************************************************
					TEST CASE NAME:                  frontOfficeDOBSearchFieldInAllScreenTest
******************************************************************************************************************************
[INFO ] 2020-05-20 10:18:48.347 [main] TTWebsiteDriver - wait started for By.id: btnLogin
[INFO ] 2020-05-20 10:18:48.370 [main] TTWebsiteDriver - wait over,element found
[INFO ] 2020-05-20 10:18:49.375 [main] TTWebsiteDriver - quick wait started for By.id: btnLogin
[INFO ] 2020-05-20 10:18:49.398 [main] TTWebsiteDriver - wait over,element found
[INFO ] 2020-05-20 10:18:50.090 [main] TTWebsiteDriver - wait started for By.xpath: //a[@id='btnYesAlreadyLogedinPopup']
[INFO ] 2020-05-20 10:18:50.124 [main] TTWebsiteDriver - wait over,element found
[INFO ] 2020-05-20 10:18:51.129 [main] TTWebsiteDriver - quick wait started for By.xpath: //a[@id='btnYesAlreadyLogedinPopup']
[INFO ] 2020-05-20 10:18:51.148 [main] TTWebsiteDriver - wait over,element found
[INFO ] 2020-05-20 10:18:52.526 [main] HISHomePage - User has been logged in to HIS Portal
[INFO ] 2020-05-20 10:18:52.527 [main] TTWebsiteDriver - wait started for By.xpath: //span[contains(text(),'Front Office')]//ancestor::a
[INFO ] 2020-05-20 10:18:52.574 [main] TTWebsiteDriver - wait over,element found
[INFO ] 2020-05-20 10:18:53.746 [main] HISHomePage - Front Office Icon Clicked
[INFO ] 2020-05-20 10:18:57.847 [main] HISHomePage - Following Station has been selected from Station Dropdown : Front Office
[INFO ] 2020-05-20 10:18:57.847 [main] TTWebsiteDriver - wait started for By.id: btn_yes_desh
[INFO ] 2020-05-20 10:18:57.868 [main] TTWebsiteDriver - wait over,element found
[INFO ] 2020-05-20 10:18:58.871 [main] TTWebsiteDriver - quick wait started for By.id: btn_yes_desh
[INFO ] 2020-05-20 10:18:58.897 [main] TTWebsiteDriver - wait over,element found
[INFO ] 2020-05-20 10:19:01.965 [main] HISHomePage - YES has been clicked from Station Dropdown
[INFO ] 2020-05-20 10:19:01.966 [main] TTWebsiteDriver - wait started for By.xpath: //li[@id='FOAddPatientMenu']//i[2]
[INFO ] 2020-05-20 10:19:02.005 [main] TTWebsiteDriver - wait over,element found
[INFO ] 2020-05-20 10:19:03.009 [main] TTWebsiteDriver - wait started for By.xpath: //li[@id='FOAddPatientMenu']//i[2]
[INFO ] 2020-05-20 10:19:03.037 [main] TTWebsiteDriver - wait over,element found
[INFO ] 2020-05-20 10:19:04.043 [main] TTWebsiteDriver - quick wait started for By.xpath: //li[@id='FOAddPatientMenu']//i[2]
[INFO ] 2020-05-20 10:19:04.073 [main] TTWebsiteDriver - wait over,element found
[INFO ] 2020-05-20 10:19:04.161 [main] FrontOfficeHomePage - Add Patient Section is Expanded
[INFO ] 2020-05-20 10:19:14.310 [main] FrontOfficeHomePage - Following Option has been selected from Add Patient Section Patient Registration
[INFO ] 2020-05-20 10:19:14.310 [main] TTWebsiteDriver - Waiting For Page load via JS
[INFO ] 2020-05-20 10:19:32.375 [main] TTWebsiteDriver - waiting for locator By.xpath: //i[@id='searchnew']
[INFO ] 2020-05-20 10:19:32.432 [main] TTWebsiteDriver - Element found
[INFO ] 2020-05-20 10:19:32.432 [main] TTWebsiteDriver - wait started for By.xpath: //i[@id='searchnew']
[INFO ] 2020-05-20 10:19:32.458 [main] TTWebsiteDriver - wait over,element found
[INFO ] 2020-05-20 10:19:33.462 [main] TTWebsiteDriver - quick wait started for By.xpath: //i[@id='searchnew']
[INFO ] 2020-05-20 10:19:33.498 [main] TTWebsiteDriver - wait over,element found
[INFO ] 2020-05-20 10:19:33.596 [main] TTWebsiteDriver - waiting for locator By.xpath: //input[@id='modal_DOB']
[INFO ] 2020-05-20 10:19:33.629 [main] TTWebsiteDriver - Element found
[INFO ] 2020-05-20 10:19:34.139 [main] TTWebsiteDriver - waiting for locator By.xpath: //a[@id='search_button']//i[@class='fa fa-search']
[INFO ] 2020-05-20 10:19:34.176 [main] TTWebsiteDriver - Element found
[INFO ] 2020-05-20 10:19:34.176 [main] TTWebsiteDriver - wait started for By.xpath: //a[@id='search_button']//i[@class='fa fa-search']
[INFO ] 2020-05-20 10:19:34.199 [main] TTWebsiteDriver - wait over,element found
[INFO ] 2020-05-20 10:19:35.202 [main] TTWebsiteDriver - quick wait started for By.xpath: //a[@id='search_button']//i[@class='fa fa-search']
[INFO ] 2020-05-20 10:19:35.245 [main] TTWebsiteDriver - wait over,element found
[INFO ] 2020-05-20 10:19:35.366 [main] TTWebsiteDriver - waiting for locator By.xpath: //input[@id='modal_DOB']
[INFO ] 2020-05-20 10:19:35.403 [main] TTWebsiteDriver - Element found
[INFO ] 2020-05-20 10:19:35.746 [main] TTWebsiteDriver - waiting for locator By.xpath: //a[@id='search_button']//i[@class='fa fa-search']
[INFO ] 2020-05-20 10:19:35.772 [main] TTWebsiteDriver - Element found
[INFO ] 2020-05-20 10:19:35.772 [main] TTWebsiteDriver - wait started for By.xpath: //a[@id='search_button']//i[@class='fa fa-search']
[INFO ] 2020-05-20 10:19:35.794 [main] TTWebsiteDriver - wait over,element found
[INFO ] 2020-05-20 10:19:36.797 [main] TTWebsiteDriver - quick wait started for By.xpath: //a[@id='search_button']//i[@class='fa fa-search']
[INFO ] 2020-05-20 10:19:36.837 [main] TTWebsiteDriver - wait over,element found
[INFO ] 2020-05-20 10:19:36.981 [main] TTWebsiteDriver - waiting for locator By.xpath: //table[@id='searchResultsTable']//tr[@class='patient_row'][1]
[INFO ] 2020-05-20 10:21:40.921 [main] TTWebsiteDriver - wait started for By.xpath: //table[@id='searchResultsTable']//tr[@class='patient_row'][1]
[INFO ] 2020-05-20 10:21:45.010 [main] TTWebsiteDriver - waiting...
[INFO ] 2020-05-20 10:21:49.046 [main] TTWebsiteDriver - waiting...
[INFO ] 2020-05-20 10:21:53.082 [main] TTWebsiteDriver - waiting...
[INFO ] 2020-05-20 10:21:57.137 [main] TTWebsiteDriver - waiting...
[INFO ] 2020-05-20 10:22:01.164 [main] TTWebsiteDriver - waiting...
[INFO ] 2020-05-20 10:22:05.182 [main] TTWebsiteDriver - waiting...
[INFO ] 2020-05-20 10:22:09.244 [main] TTWebsiteDriver - waiting...
[INFO ] 2020-05-20 10:22:13.265 [main] TTWebsiteDriver - waiting...
[INFO ] 2020-05-20 10:22:17.326 [main] TTWebsiteDriver - waiting...
[INFO ] 2020-05-20 10:22:21.355 [main] TTWebsiteDriver - waiting...
[INFO ] 2020-05-20 10:22:21.355 [main] TTWebsiteDriver - ELEMENT NOT FOUND
[INFO ] 2020-05-20 10:22:21.355 [main] TTWebsiteDriver - quick wait started for By.xpath: //table[@id='searchResultsTable']//tr[@class='patient_row'][1]
[INFO ] 2020-05-20 10:22:25.441 [main] TTWebsiteDriver - waiting...
