[INFO ] 2020-07-10 16:14:41.291 [main] DriverManagerDataSource - Loaded JDBC driver: com.microsoft.sqlserver.jdbc.SQLServerDriver
[INFO ] 2020-07-10 16:14:41.992 [main] DriverManagerDataSource - Loaded JDBC driver: com.microsoft.sqlserver.jdbc.SQLServerDriver
[INFO ] 2020-07-10 16:14:42.085 [main] DriverManagerDataSource - Loaded JDBC driver: com.microsoft.sqlserver.jdbc.SQLServerDriver
[INFO ] 2020-07-10 16:14:42.172 [main] DriverManagerDataSource - Loaded JDBC driver: com.microsoft.sqlserver.jdbc.SQLServerDriver
[INFO ] 2020-07-10 16:14:42.262 [main] DriverManagerDataSource - Loaded JDBC driver: com.microsoft.sqlserver.jdbc.SQLServerDriver
[INFO ] 2020-07-10 16:14:42.349 [main] DriverManagerDataSource - Loaded JDBC driver: com.microsoft.sqlserver.jdbc.SQLServerDriver
[INFO ] 2020-07-10 16:14:42.443 [main] TestListner - 
******************************************************************************************************************************
					TEST CASE NAME:                  PhysicianOPDcaseSheetOrdersTest
******************************************************************************************************************************
[INFO ] 2020-07-10 16:14:48.602 [main] HISHomePage - User has been logged in to HIS Portal
[INFO ] 2020-07-10 16:14:49.841 [main] HISHomePage - Physician Icon Clicked
[INFO ] 2020-07-10 16:14:52.023 [main] HISHomePage - Following Station has been selected from Station Dropdown : 1st FLR T1 Transplant ICU
[INFO ] 2020-07-10 16:14:59.139 [main] HISHomePage - YES has been clicked from Station Dropdown
[INFO ] 2020-07-10 16:14:59.212 [main] HISHomePage - Page Heading Name= Doctor's Worklist
[INFO ] 2020-07-10 16:14:59.520 [main] HISHomePage - Click on OutPatient
[INFO ] 2020-07-10 16:15:00.176 [main] HISHomePage - Doctor Name= Abhin  Lazar
[INFO ] 2020-07-10 16:15:00.284 [main] HISHomePage - View= Summary
[INFO ] 2020-07-10 16:15:01.178 [main] HISHomePage - Frome Date= 10/Feb/2020
[INFO ] 2020-07-10 16:15:01.246 [main] HISHomePage - Click on Search Button
[INFO ] 2020-07-10 16:15:05.472 [main] HISHomePage - Click on Patient
[INFO ] 2020-07-10 16:15:12.760 [main] HISHomePage - Click on Order Tab
[INFO ] 2020-07-10 16:15:13.703 [main] HISHomePage - Selected Tab= -1799010288
[INFO ] 2020-07-10 16:15:13.705 [main] TestListner - [TEST IS SUCCESSFUL -------- Test case PhysicianOPDcaseSheetOrdersTest has passed]
