[INFO ] 2020-05-20 10:30:56.494 [main] TTBaseTest - Started execution with  null
[INFO ] 2020-05-20 10:30:56.503 [main] TTBaseTest - Environment properties are not provided by the user ... loading the default properties
[INFO ] 2020-05-20 10:30:56.503 [main] TTBaseTest - Default Browser is  ------ chrome
[INFO ] 2020-05-20 10:30:56.503 [main] TTBaseTest - Default URL is  ------ http://206.19.38.8:8001/HISTreeTesting/Login/Login?ReturnUrl=%2fHistreetesting
[INFO ] 2020-05-20 10:30:56.503 [main] TTBaseTest - Default loginname is  ------ null
[INFO ] 2020-05-20 10:30:56.504 [main] TTBaseTest - Default username is  ------ null
[INFO ] 2020-05-20 10:30:56.504 [main] TTBaseTest - Default user password is  ------ Deepak@1234
[INFO ] 2020-05-20 10:31:00.883 [main] TTWebsiteDriver - Window is maximized
[INFO ] 2020-05-20 10:31:00.921 [main] TTWebsiteDriver - All cookies deleted
[INFO ] 2020-05-20 10:31:02.217 [main] TTWebsiteBaseTest - Application loaded
[INFO ] 2020-05-20 10:31:02.336 [main] DriverManagerDataSource - Loaded JDBC driver: com.microsoft.sqlserver.jdbc.SQLServerDriver
[INFO ] 2020-05-20 10:31:02.336 [main] DBUtil - ConnectionString::jdbc:sqlserver://206.19.38.4;databaseName=SIT_HISTree_TestingAuto;instance=MSSQLSERVER;domain=null
[INFO ] 2020-05-20 10:31:02.337 [main] DBUtil - QUERY TRIGGERED IS select top 1 Name from M_IdCardType where Deleted=0

[INFO ] 2020-05-20 10:31:02.802 [main] DriverManagerDataSource - Loaded JDBC driver: com.microsoft.sqlserver.jdbc.SQLServerDriver
[INFO ] 2020-05-20 10:31:02.803 [main] DBUtil - ConnectionString::jdbc:sqlserver://206.19.38.4;databaseName=SIT_HISTree_TestingAuto;instance=MSSQLSERVER;domain=null
[INFO ] 2020-05-20 10:31:02.803 [main] DBUtil - QUERY TRIGGERED IS select top 1 name from M_OCCUPATION where Deleted=0

[INFO ] 2020-05-20 10:31:02.895 [main] DriverManagerDataSource - Loaded JDBC driver: com.microsoft.sqlserver.jdbc.SQLServerDriver
[INFO ] 2020-05-20 10:31:02.896 [main] DBUtil - ConnectionString::jdbc:sqlserver://206.19.38.4;databaseName=SIT_HISTree_TestingAuto;instance=MSSQLSERVER;domain=null
[INFO ] 2020-05-20 10:31:02.896 [main] DBUtil - QUERY TRIGGERED IS select top 1 Name from M_QUALIFICATION where Deleted=0

[INFO ] 2020-05-20 10:31:02.987 [main] DriverManagerDataSource - Loaded JDBC driver: com.microsoft.sqlserver.jdbc.SQLServerDriver
[INFO ] 2020-05-20 10:31:02.988 [main] DBUtil - ConnectionString::jdbc:sqlserver://206.19.38.4;databaseName=SIT_HISTree_TestingAuto;instance=MSSQLSERVER;domain=null
[INFO ] 2020-05-20 10:31:02.988 [main] DBUtil - QUERY TRIGGERED IS select top 1 Name from m_SourceOfInfo where Deleted=0

[INFO ] 2020-05-20 10:31:03.080 [main] DriverManagerDataSource - Loaded JDBC driver: com.microsoft.sqlserver.jdbc.SQLServerDriver
[INFO ] 2020-05-20 10:31:03.080 [main] DBUtil - ConnectionString::jdbc:sqlserver://206.19.38.4;databaseName=SIT_HISTree_TestingAuto;instance=MSSQLSERVER;domain=null
[INFO ] 2020-05-20 10:31:03.080 [main] DBUtil - QUERY TRIGGERED IS select top 1 NAME from m_city where deleted=0

[INFO ] 2020-05-20 10:31:03.474 [main] DriverManagerDataSource - Loaded JDBC driver: com.microsoft.sqlserver.jdbc.SQLServerDriver
[INFO ] 2020-05-20 10:31:03.474 [main] DBUtil - ConnectionString::jdbc:sqlserver://206.19.38.4;databaseName=SIT_HISTree_TestingAuto;instance=MSSQLSERVER;domain=null
[INFO ] 2020-05-20 10:31:03.475 [main] DBUtil - QUERY TRIGGERED IS select top 1 NAME from m_city where deleted=0

[INFO ] 2020-05-20 10:31:03.550 [main] TestListner - 
******************************************************************************************************************************
					TEST CASE NAME:                  frontOfficeDOBSearchFieldInAllScreenTest
******************************************************************************************************************************
[INFO ] 2020-05-20 10:31:03.788 [main] TTWebsiteDriver - wait started for By.id: btnLogin
[INFO ] 2020-05-20 10:31:03.815 [main] TTWebsiteDriver - wait over,element found
[INFO ] 2020-05-20 10:31:04.820 [main] TTWebsiteDriver - quick wait started for By.id: btnLogin
[INFO ] 2020-05-20 10:31:04.847 [main] TTWebsiteDriver - wait over,element found
[INFO ] 2020-05-20 10:31:05.054 [main] TTWebsiteDriver - wait started for By.xpath: //a[@id='btnYesAlreadyLogedinPopup']
[INFO ] 2020-05-20 10:31:05.076 [main] TTWebsiteDriver - wait over,element found
[INFO ] 2020-05-20 10:31:06.081 [main] TTWebsiteDriver - quick wait started for By.xpath: //a[@id='btnYesAlreadyLogedinPopup']
[INFO ] 2020-05-20 10:31:06.107 [main] TTWebsiteDriver - wait over,element found
[INFO ] 2020-05-20 10:31:06.952 [main] HISHomePage - User has been logged in to HIS Portal
[INFO ] 2020-05-20 10:31:06.952 [main] TTWebsiteDriver - wait started for By.xpath: //span[contains(text(),'Front Office')]//ancestor::a
[INFO ] 2020-05-20 10:31:06.979 [main] TTWebsiteDriver - wait over,element found
[INFO ] 2020-05-20 10:31:08.145 [main] HISHomePage - Front Office Icon Clicked
[INFO ] 2020-05-20 10:31:12.225 [main] HISHomePage - Following Station has been selected from Station Dropdown : Front Office
[INFO ] 2020-05-20 10:31:12.226 [main] TTWebsiteDriver - wait started for By.id: btn_yes_desh
[INFO ] 2020-05-20 10:31:12.254 [main] TTWebsiteDriver - wait over,element found
[INFO ] 2020-05-20 10:31:13.258 [main] TTWebsiteDriver - quick wait started for By.id: btn_yes_desh
[INFO ] 2020-05-20 10:31:13.272 [main] TTWebsiteDriver - wait over,element found
[INFO ] 2020-05-20 10:31:16.577 [main] HISHomePage - YES has been clicked from Station Dropdown
[INFO ] 2020-05-20 10:31:16.578 [main] TTWebsiteDriver - wait started for By.xpath: //li[@id='FOAddPatientMenu']//i[2]
[INFO ] 2020-05-20 10:31:16.608 [main] TTWebsiteDriver - wait over,element found
[INFO ] 2020-05-20 10:31:17.612 [main] TTWebsiteDriver - wait started for By.xpath: //li[@id='FOAddPatientMenu']//i[2]
[INFO ] 2020-05-20 10:31:17.636 [main] TTWebsiteDriver - wait over,element found
[INFO ] 2020-05-20 10:31:18.641 [main] TTWebsiteDriver - quick wait started for By.xpath: //li[@id='FOAddPatientMenu']//i[2]
[INFO ] 2020-05-20 10:31:18.662 [main] TTWebsiteDriver - wait over,element found
[INFO ] 2020-05-20 10:31:18.759 [main] FrontOfficeHomePage - Add Patient Section is Expanded
[INFO ] 2020-05-20 10:31:28.957 [main] FrontOfficeHomePage - Following Option has been selected from Add Patient Section Patient Registration
[INFO ] 2020-05-20 10:31:28.957 [main] TTWebsiteDriver - Waiting For Page load via JS
[INFO ] 2020-05-20 10:31:46.987 [main] TTWebsiteDriver - waiting for locator By.xpath: //i[@id='searchnew']
[INFO ] 2020-05-20 10:31:47.045 [main] TTWebsiteDriver - Element found
[INFO ] 2020-05-20 10:31:47.045 [main] TTWebsiteDriver - wait started for By.xpath: //i[@id='searchnew']
[INFO ] 2020-05-20 10:31:47.068 [main] TTWebsiteDriver - wait over,element found
[INFO ] 2020-05-20 10:31:48.072 [main] TTWebsiteDriver - quick wait started for By.xpath: //i[@id='searchnew']
[INFO ] 2020-05-20 10:31:48.109 [main] TTWebsiteDriver - wait over,element found
[INFO ] 2020-05-20 10:31:48.209 [main] TTWebsiteDriver - waiting for locator By.xpath: //input[@id='modal_DOB']
[INFO ] 2020-05-20 10:31:48.254 [main] TTWebsiteDriver - Element found
[INFO ] 2020-05-20 10:31:48.841 [main] TTWebsiteDriver - waiting for locator By.xpath: //a[@id='search_button']//i[@class='fa fa-search']
[INFO ] 2020-05-20 10:31:48.871 [main] TTWebsiteDriver - Element found
[INFO ] 2020-05-20 10:31:51.933 [main] TTWebsiteDriver - waiting for locator By.xpath: //input[@id='modal_DOB']
[INFO ] 2020-05-20 10:31:51.967 [main] TTWebsiteDriver - Element found
[INFO ] 2020-05-20 10:31:52.262 [main] TTWebsiteDriver - waiting for locator By.xpath: //a[@id='search_button']//i[@class='fa fa-search']
[INFO ] 2020-05-20 10:31:52.280 [main] TTWebsiteDriver - Element found
[INFO ] 2020-05-20 10:31:55.310 [main] TTWebsiteDriver - waiting for locator By.xpath: //table[@id='searchResultsTable']//tr[@class='patient_row'][1]
[INFO ] 2020-05-20 10:31:57.436 [main] TTWebsiteDriver - Element found
[INFO ] 2020-05-20 10:31:57.488 [main] TTWebsiteDriver - waiting for locator By.xpath: //h1[contains(text(),'Patient Demographics')]
[INFO ] 2020-05-20 10:31:57.522 [main] TTWebsiteDriver - Element found
[INFO ] 2020-05-20 10:31:57.543 [main] TTWebsiteDriver - wait started for By.xpath: //i[@class='fa fa-bars']
[INFO ] 2020-05-20 10:31:57.583 [main] TTWebsiteDriver - wait over,element found
[INFO ] 2020-05-20 10:31:58.586 [main] TTWebsiteDriver - wait started for By.xpath: //i[@class='fa fa-bars']
[INFO ] 2020-05-20 10:31:58.623 [main] TTWebsiteDriver - wait over,element found
[INFO ] 2020-05-20 10:31:59.627 [main] TTWebsiteDriver - quick wait started for By.xpath: //i[@class='fa fa-bars']
[INFO ] 2020-05-20 10:31:59.663 [main] TTWebsiteDriver - wait over,element found
[INFO ] 2020-05-20 10:32:00.215 [main] TestListner - Test has failed with TestResult status = 2
[INFO ] 2020-05-20 10:32:00.216 [main] TestListner - [TEST HAS FAILED-------- Test case frontOfficeDOBSearchFieldInAllScreenTest has failed]. The reason is org.openqa.selenium.WebDriverException: unknown error: Element <i class="fa fa-bars"></i> is not clickable at point (31, 25). Other element would receive the click: <div class="modal"></div>
  (Session info: chrome=83.0.4103.61)
  (Driver info: chromedriver=2.40.565498 (ea082db3280dd6843ebfb08a625e3eb905c4f5ab),platform=Windows NT 6.1.7601 SP1 x86_64) (WARNING: The server did not provide any stacktrace information)
Command duration or timeout: 0 milliseconds
Build info: version: '3.7.1', revision: '8a0099a', time: '2017-11-06T21:01:39.354Z'
System info: host: 'NISHANTSHARMA', ip: '206.19.38.23', os.name: 'Windows 7', os.arch: 'amd64', os.version: '6.1', java.version: '10.0.2'
Driver info: org.openqa.selenium.chrome.ChromeDriver
Capabilities {acceptInsecureCerts: false, acceptSslCerts: false, applicationCacheEnabled: false, browserConnectionEnabled: false, browserName: chrome, chrome: {chromedriverVersion: 2.40.565498 (ea082db3280dd6..., userDataDir: C:\Users\NISHAN~1\AppData\L...}, cssSelectorsEnabled: true, databaseEnabled: false, handlesAlerts: true, hasTouchScreen: false, javascriptEnabled: true, locationContextEnabled: true, mobileEmulationEnabled: false, nativeEvents: true, networkConnectionEnabled: false, pageLoadStrategy: normal, platform: XP, platformName: XP, rotatable: false, setWindowRect: true, takesHeapSnapshot: true, takesScreenshot: true, unexpectedAlertBehaviour: , unhandledPromptBehavior: , version: 83.0.4103.61, webStorageEnabled: true}
Session ID: 5c6f41dca6490adb8bbbb5f3c7c4a555
