[INFO ] 2020-05-19 14:58:53.223 [main] TTBaseTest - Started execution with  null
[INFO ] 2020-05-19 14:58:53.301 [main] TTBaseTest - Environment properties are not provided by the user ... loading the default properties
[INFO ] 2020-05-19 14:58:53.302 [main] TTBaseTest - Default Browser is  ------ chrome
[INFO ] 2020-05-19 14:58:53.302 [main] TTBaseTest - Default URL is  ------ http://206.19.38.8:8001/HISTreeTesting/Login/Login?ReturnUrl=%2fHistreetesting
[INFO ] 2020-05-19 14:58:53.302 [main] TTBaseTest - Default loginname is  ------ null
[INFO ] 2020-05-19 14:58:53.303 [main] TTBaseTest - Default username is  ------ null
[INFO ] 2020-05-19 14:58:53.303 [main] TTBaseTest - Default user password is  ------ Deepak@1234
[INFO ] 2020-05-19 14:58:59.738 [main] TTWebsiteDriver - Window is maximized
[INFO ] 2020-05-19 14:58:59.763 [main] TTWebsiteDriver - All cookies deleted
[INFO ] 2020-05-19 14:59:00.382 [main] TTWebsiteBaseTest - Application loaded
[INFO ] 2020-05-19 14:59:00.530 [main] DriverManagerDataSource - Loaded JDBC driver: com.microsoft.sqlserver.jdbc.SQLServerDriver
[INFO ] 2020-05-19 14:59:00.530 [main] DBUtil - ConnectionString::jdbc:sqlserver://206.19.38.4;databaseName=SIT_HISTree_TestingAuto;instance=MSSQLSERVER;domain=null
[INFO ] 2020-05-19 14:59:00.531 [main] DBUtil - QUERY TRIGGERED IS select top 1 Name from M_IdCardType where Deleted=0

[INFO ] 2020-05-19 14:59:01.417 [main] DriverManagerDataSource - Loaded JDBC driver: com.microsoft.sqlserver.jdbc.SQLServerDriver
[INFO ] 2020-05-19 14:59:01.418 [main] DBUtil - ConnectionString::jdbc:sqlserver://206.19.38.4;databaseName=SIT_HISTree_TestingAuto;instance=MSSQLSERVER;domain=null
[INFO ] 2020-05-19 14:59:01.418 [main] DBUtil - QUERY TRIGGERED IS select top 1 name from M_OCCUPATION where Deleted=0

[INFO ] 2020-05-19 14:59:01.512 [main] DriverManagerDataSource - Loaded JDBC driver: com.microsoft.sqlserver.jdbc.SQLServerDriver
[INFO ] 2020-05-19 14:59:01.512 [main] DBUtil - ConnectionString::jdbc:sqlserver://206.19.38.4;databaseName=SIT_HISTree_TestingAuto;instance=MSSQLSERVER;domain=null
[INFO ] 2020-05-19 14:59:01.512 [main] DBUtil - QUERY TRIGGERED IS select top 1 Name from M_QUALIFICATION where Deleted=0

[INFO ] 2020-05-19 14:59:01.612 [main] DriverManagerDataSource - Loaded JDBC driver: com.microsoft.sqlserver.jdbc.SQLServerDriver
[INFO ] 2020-05-19 14:59:01.612 [main] DBUtil - ConnectionString::jdbc:sqlserver://206.19.38.4;databaseName=SIT_HISTree_TestingAuto;instance=MSSQLSERVER;domain=null
[INFO ] 2020-05-19 14:59:01.612 [main] DBUtil - QUERY TRIGGERED IS select top 1 Name from m_SourceOfInfo where Deleted=0

[INFO ] 2020-05-19 14:59:01.705 [main] DriverManagerDataSource - Loaded JDBC driver: com.microsoft.sqlserver.jdbc.SQLServerDriver
[INFO ] 2020-05-19 14:59:01.705 [main] DBUtil - ConnectionString::jdbc:sqlserver://206.19.38.4;databaseName=SIT_HISTree_TestingAuto;instance=MSSQLSERVER;domain=null
[INFO ] 2020-05-19 14:59:01.706 [main] DBUtil - QUERY TRIGGERED IS select top 1 NAME from m_city where deleted=0

[INFO ] 2020-05-19 14:59:01.822 [main] DriverManagerDataSource - Loaded JDBC driver: com.microsoft.sqlserver.jdbc.SQLServerDriver
[INFO ] 2020-05-19 14:59:01.823 [main] DBUtil - ConnectionString::jdbc:sqlserver://206.19.38.4;databaseName=SIT_HISTree_TestingAuto;instance=MSSQLSERVER;domain=null
[INFO ] 2020-05-19 14:59:01.823 [main] DBUtil - QUERY TRIGGERED IS select top 1 NAME from m_city where deleted=0

[INFO ] 2020-05-19 14:59:01.909 [main] TestListner - 
******************************************************************************************************************************
					TEST CASE NAME:                  markPatientDeceasedTest
******************************************************************************************************************************
[INFO ] 2020-05-19 14:59:02.205 [main] TTWebsiteDriver - wait started for By.id: btnLogin
[INFO ] 2020-05-19 14:59:02.237 [main] TTWebsiteDriver - wait over,element found
[INFO ] 2020-05-19 14:59:03.241 [main] TTWebsiteDriver - quick wait started for By.id: btnLogin
[INFO ] 2020-05-19 14:59:03.274 [main] TTWebsiteDriver - wait over,element found
[INFO ] 2020-05-19 14:59:03.522 [main] TTWebsiteDriver - wait started for By.xpath: //a[@id='btnYesAlreadyLogedinPopup']
[INFO ] 2020-05-19 14:59:03.548 [main] TTWebsiteDriver - wait over,element found
[INFO ] 2020-05-19 14:59:04.553 [main] TTWebsiteDriver - quick wait started for By.xpath: //a[@id='btnYesAlreadyLogedinPopup']
[INFO ] 2020-05-19 14:59:04.606 [main] TTWebsiteDriver - wait over,element found
[INFO ] 2020-05-19 14:59:05.233 [main] HISHomePage - User has been logged in to HIS Portal
[INFO ] 2020-05-19 14:59:05.234 [main] TTWebsiteDriver - wait started for By.xpath: //span[contains(text(),'Front Office')]//ancestor::a
[INFO ] 2020-05-19 14:59:05.261 [main] TTWebsiteDriver - wait over,element found
[INFO ] 2020-05-19 14:59:06.465 [main] HISHomePage - Front Office Icon Clicked
[INFO ] 2020-05-19 14:59:10.558 [main] HISHomePage - Following Station has been selected from Station Dropdown : Front Office
[INFO ] 2020-05-19 14:59:10.558 [main] TTWebsiteDriver - wait started for By.id: btn_yes_desh
[INFO ] 2020-05-19 14:59:10.602 [main] TTWebsiteDriver - wait over,element found
[INFO ] 2020-05-19 14:59:11.612 [main] TTWebsiteDriver - quick wait started for By.id: btn_yes_desh
[INFO ] 2020-05-19 14:59:11.631 [main] TTWebsiteDriver - wait over,element found
[INFO ] 2020-05-19 14:59:12.536 [main] HISHomePage - YES has been clicked from Station Dropdown
[INFO ] 2020-05-19 14:59:12.536 [main] TTWebsiteDriver - wait started for By.xpath: //li[@id='FOAddPatientMenu']//i[2]
[INFO ] 2020-05-19 14:59:12.577 [main] TTWebsiteDriver - wait over,element found
[INFO ] 2020-05-19 14:59:13.582 [main] TTWebsiteDriver - wait started for By.xpath: //li[@id='FOAddPatientMenu']//i[2]
[INFO ] 2020-05-19 14:59:13.602 [main] TTWebsiteDriver - wait over,element found
[INFO ] 2020-05-19 14:59:14.607 [main] TTWebsiteDriver - quick wait started for By.xpath: //li[@id='FOAddPatientMenu']//i[2]
[INFO ] 2020-05-19 14:59:14.626 [main] TTWebsiteDriver - wait over,element found
[INFO ] 2020-05-19 14:59:14.724 [main] FrontOfficeHomePage - Add Patient Section is Expanded
[INFO ] 2020-05-19 14:59:24.187 [main] FrontOfficeHomePage - Following Option has been selected from Add Patient Section Patient Registration
[INFO ] 2020-05-19 14:59:24.188 [main] TTWebsiteDriver - Waiting For Page load via JS
[INFO ] 2020-05-19 14:59:42.426 [main] PatientRegistrationPage - Following Title has been selected from Title Dropdown : New Delhi
[INFO ] 2020-05-19 14:59:42.426 [main] TTWebsiteDriver - wait started for By.id: firstName
[INFO ] 2020-05-19 14:59:42.448 [main] TTWebsiteDriver - wait over,element found
[INFO ] 2020-05-19 14:59:44.128 [main] PatientRegistrationPage - First Name has been added as : Automation
[INFO ] 2020-05-19 14:59:44.128 [main] TTWebsiteDriver - wait started for By.id: middleName
[INFO ] 2020-05-19 14:59:44.155 [main] TTWebsiteDriver - wait over,element found
[INFO ] 2020-05-19 14:59:45.475 [main] PatientRegistrationPage - Middle Name has been added as : Test
[INFO ] 2020-05-19 14:59:45.475 [main] TTWebsiteDriver - wait started for By.id: lastName
[INFO ] 2020-05-19 14:59:45.507 [main] TTWebsiteDriver - wait over,element found
[INFO ] 2020-05-19 14:59:46.854 [main] PatientRegistrationPage - Last Name has been added as : User
[INFO ] 2020-05-19 14:59:46.854 [main] TTWebsiteDriver - wait started for By.id: gender
[INFO ] 2020-05-19 14:59:46.874 [main] TTWebsiteDriver - wait over,element found
[INFO ] 2020-05-19 14:59:48.056 [main] PatientRegistrationPage - Following Gender has been selected from Gender Dropdown : Male
[INFO ] 2020-05-19 14:59:48.057 [main] TTWebsiteDriver - wait started for By.id: dob
[INFO ] 2020-05-19 14:59:48.086 [main] TTWebsiteDriver - wait over,element found
[INFO ] 2020-05-19 14:59:50.057 [main] PatientRegistrationPage - Following DOB has been added : 15-12-1991
[INFO ] 2020-05-19 14:59:58.120 [main] TTWebsiteDriver - wait started for By.id: chkA
[INFO ] 2020-05-19 14:59:58.135 [main] TTWebsiteDriver - wait over,element found
[INFO ] 2020-05-19 14:59:59.190 [main] TTWebsiteDriver - wait started for By.id: age
[INFO ] 2020-05-19 14:59:59.212 [main] TTWebsiteDriver - wait over,element found
[INFO ] 2020-05-19 15:00:00.471 [main] PatientRegistrationPage - Following Age has been added : 16
[INFO ] 2020-05-19 15:00:00.685 [main] PatientRegistrationPage - When User is entering age less than 18, alert message is showing up
[INFO ] 2020-05-19 15:00:08.735 [main] TTWebsiteDriver - wait started for By.id: chkA
[INFO ] 2020-05-19 15:00:08.751 [main] TTWebsiteDriver - wait over,element found
[INFO ] 2020-05-19 15:00:09.828 [main] TTWebsiteDriver - wait started for By.id: age
[INFO ] 2020-05-19 15:00:09.845 [main] TTWebsiteDriver - wait over,element found
[INFO ] 2020-05-19 15:00:11.003 [main] PatientRegistrationPage - Following Age has been added : 23
[INFO ] 2020-05-19 15:00:11.003 [main] TTWebsiteDriver - wait started for By.id: mStatus
[INFO ] 2020-05-19 15:00:11.025 [main] TTWebsiteDriver - wait over,element found
[INFO ] 2020-05-19 15:00:12.191 [main] PatientRegistrationPage - Following MArtial Status has been selected from MArtial Status  Dropdown : Single
[INFO ] 2020-05-19 15:00:12.192 [main] TTWebsiteDriver - wait started for By.id: motherName
[INFO ] 2020-05-19 15:00:12.216 [main] TTWebsiteDriver - wait over,element found
[INFO ] 2020-05-19 15:00:14.235 [main] PatientRegistrationPage - Following Mother Maiden Name Has been Added: Automation Test Mother
[INFO ] 2020-05-19 15:00:14.235 [main] TTWebsiteDriver - wait started for By.id: relName
[INFO ] 2020-05-19 15:00:14.256 [main] TTWebsiteDriver - wait over,element found
[INFO ] 2020-05-19 15:00:16.198 [main] PatientRegistrationPage - Following Fathers Name Has been Added: AutomationFather@123 
[INFO ] 2020-05-19 15:00:16.198 [main] TTWebsiteDriver - wait started for By.id: nationality
[INFO ] 2020-05-19 15:00:16.226 [main] TTWebsiteDriver - wait over,element found
[INFO ] 2020-05-19 15:00:17.309 [main] PatientRegistrationPage - Following Nationality has been selected from Nationality Dropdown : Indian
[INFO ] 2020-05-19 15:00:19.842 [main] PatientRegistrationPage - VIP Checkbox has been selected and Data has been added to VIP Text Box
[INFO ] 2020-05-19 15:00:20.274 [main] PatientRegistrationPage - Remarks Checkbox has been selected and Data has been added to Remarks Text Box
[INFO ] 2020-05-19 15:00:20.303 [main] PatientRegistrationPage - NRI Checkbox has been selected
[INFO ] 2020-05-19 15:00:20.408 [main] PatientRegistrationPage - ID Card Drop down is enabled
[INFO ] 2020-05-19 15:00:20.408 [main] TTWebsiteDriver - wait started for By.id: cardType
[INFO ] 2020-05-19 15:00:20.434 [main] TTWebsiteDriver - wait over,element found
[INFO ] 2020-05-19 15:00:21.783 [main] PatientRegistrationPage - Following ID Card has been selected from ID Card Dropdown : Passport Number
[INFO ] 2020-05-19 15:00:22.185 [main] PatientRegistrationPage - Following National ID has been added : 12345
[INFO ] 2020-05-19 15:00:23.201 [main] PatientRegistrationPage - Following TELEPHONE NO has been added in TELEPHONE No Text Box : 1234567891011123
[INFO ] 2020-05-19 15:00:23.613 [main] PatientRegistrationPage - Following MOBILE NO has been added : 12345
[INFO ] 2020-05-19 15:00:23.614 [main] TTWebsiteDriver - wait started for By.id: register
[INFO ] 2020-05-19 15:00:23.636 [main] TTWebsiteDriver - wait over,element found
[INFO ] 2020-05-19 15:00:24.689 [main] PatientRegistrationPage - Regsiter Icon Clicked
[INFO ] 2020-05-19 15:00:24.900 [main] PatientRegistrationPage - Alert SHowing up when adding Invalid Message
[INFO ] 2020-05-19 15:00:25.412 [main] PatientRegistrationPage - Following MOBILE NO has been added : 1234567890
[INFO ] 2020-05-19 15:00:26.472 [main] PatientRegistrationPage - Following house Number has been added Automation Test Address
[INFO ] 2020-05-19 15:00:26.472 [main] TTWebsiteDriver - wait started for By.id: city
[INFO ] 2020-05-19 15:00:26.490 [main] TTWebsiteDriver - wait over,element found
[INFO ] 2020-05-19 15:00:27.778 [main] PatientRegistrationPage - Following City  has been selected from City Dropdown : New Delhi
[INFO ] 2020-05-19 15:00:40.369 [main] PatientRegistrationPage - Following City has been addedTest City145Following District has been selected
[INFO ] 2020-05-19 15:00:40.370 [main] TTWebsiteDriver - wait started for By.id: addlocal
[INFO ] 2020-05-19 15:00:41.150 [main] TTWebsiteDriver - wait over,element found
[INFO ] 2020-05-19 15:00:42.517 [main] TTWebsiteDriver - wait started for By.id: local
[INFO ] 2020-05-19 15:00:42.552 [main] TTWebsiteDriver - wait over,element found
[INFO ] 2020-05-19 15:00:53.241 [main] PatientRegistrationPage - Follwoing Locality has been added: Test local1491Following City has been selected: SaharanpurFollowing Pin Code has been added: 247001
[INFO ] 2020-05-19 15:00:53.242 [main] TTWebsiteDriver - wait started for By.id: emailID
[INFO ] 2020-05-19 15:00:53.389 [main] TTWebsiteDriver - wait over,element found
[INFO ] 2020-05-19 15:00:55.145 [main] PatientRegistrationPage - Following email has been added: %^%^%^%^
[INFO ] 2020-05-19 15:00:55.146 [main] TTWebsiteDriver - wait started for By.id: register
[INFO ] 2020-05-19 15:00:55.169 [main] TTWebsiteDriver - wait over,element found
[INFO ] 2020-05-19 15:00:56.229 [main] PatientRegistrationPage - Regsiter Icon Clicked
[INFO ] 2020-05-19 15:00:56.229 [main] TTWebsiteDriver - wait started for By.id: emailID
[INFO ] 2020-05-19 15:00:56.244 [main] TTWebsiteDriver - wait over,element found
[INFO ] 2020-05-19 15:00:58.657 [main] PatientRegistrationPage - Following email has been added: test@automation.com
[INFO ] 2020-05-19 15:00:59.025 [main] PatientRegistrationPage - Following Reffered By has been added: Self
[INFO ] 2020-05-19 15:00:59.025 [main] TTWebsiteDriver - wait started for By.id: lang
[INFO ] 2020-05-19 15:00:59.047 [main] TTWebsiteDriver - wait over,element found
[INFO ] 2020-05-19 15:01:00.217 [main] PatientRegistrationPage - Following language  has been selected from language Dropdown : English
[INFO ] 2020-05-19 15:01:00.218 [main] TTWebsiteDriver - wait started for By.id: occupation
[INFO ] 2020-05-19 15:01:00.239 [main] TTWebsiteDriver - wait over,element found
[INFO ] 2020-05-19 15:01:01.400 [main] PatientRegistrationPage - Following occupation  has been selected from occupation Dropdown : Student
[INFO ] 2020-05-19 15:01:01.400 [main] TTWebsiteDriver - wait started for By.id: qualification
[INFO ] 2020-05-19 15:01:01.419 [main] TTWebsiteDriver - wait over,element found
[INFO ] 2020-05-19 15:01:02.601 [main] PatientRegistrationPage - Following qualification  has been selected from qualification Dropdown : Ph.D
[INFO ] 2020-05-19 15:01:02.601 [main] TTWebsiteDriver - wait started for By.id: religion
[INFO ] 2020-05-19 15:01:02.621 [main] TTWebsiteDriver - wait over,element found
[INFO ] 2020-05-19 15:01:03.798 [main] PatientRegistrationPage - Following relegion  has been selected from relegion Dropdown : Hindu
[INFO ] 2020-05-19 15:01:03.798 [main] TTWebsiteDriver - wait started for By.id: sref
[INFO ] 2020-05-19 15:01:03.816 [main] TTWebsiteDriver - wait over,element found
[INFO ] 2020-05-19 15:01:04.965 [main] PatientRegistrationPage - Following refer  has been selected from refer Dropdown : News Paper
[INFO ] 2020-05-19 15:01:05.004 [main] PatientRegistrationPage - Financial Details Checkbox Checked
[INFO ] 2020-05-19 15:01:05.004 [main] TTWebsiteDriver - wait started for By.id: companytype
[INFO ] 2020-05-19 15:01:05.027 [main] TTWebsiteDriver - wait over,element found
[INFO ] 2020-05-19 15:01:06.276 [main] PatientRegistrationPage - Following compType  has been selected from compType Dropdown : Corporate
[INFO ] 2020-05-19 15:01:06.276 [main] TTWebsiteDriver - wait started for By.id: company
[INFO ] 2020-05-19 15:01:06.295 [main] TTWebsiteDriver - wait over,element found
[INFO ] 2020-05-19 15:01:07.463 [main] PatientRegistrationPage - First comp has been selected from comp Dropdown
[INFO ] 2020-05-19 15:01:07.502 [main] PatientRegistrationPage - Show All checkbox under financial details has been selected
[INFO ] 2020-05-19 15:01:07.502 [main] TTWebsiteDriver - wait started for By.id: rate
[INFO ] 2020-05-19 15:01:07.521 [main] TTWebsiteDriver - wait over,element found
[INFO ] 2020-05-19 15:01:08.721 [main] PatientRegistrationPage - First Rate has been selected from Rate Dropdown
[INFO ] 2020-05-19 15:01:08.777 [main] PatientRegistrationPage - Scheme Checkbox Checked
[INFO ] 2020-05-19 15:01:08.777 [main] TTWebsiteDriver - wait started for By.id: scheme
[INFO ] 2020-05-19 15:01:08.805 [main] TTWebsiteDriver - wait over,element found
[INFO ] 2020-05-19 15:01:09.976 [main] PatientRegistrationPage - First Scheme has been selected from Scheme Dropdown
[INFO ] 2020-05-19 15:01:09.977 [main] TTWebsiteDriver - wait started for By.id: register
[INFO ] 2020-05-19 15:01:09.990 [main] TTWebsiteDriver - wait over,element found
[INFO ] 2020-05-19 15:01:11.040 [main] PatientRegistrationPage - Regsiter Icon Clicked
[INFO ] 2020-05-19 15:01:11.078 [main] TTWebsiteDriver - wait started for By.id: btnyesss
[INFO ] 2020-05-19 15:01:11.120 [main] TTWebsiteDriver - wait over,element found
[INFO ] 2020-05-19 15:01:22.286 [main] PatientRegistrationPage - Yes button clicked on Confirm Patient Details Popup
[INFO ] 2020-05-19 15:01:22.362 [main] PatientRegistrationPage - TEST US JHKJHKJHPSSH.260782

[INFO ] 2020-05-19 15:01:22.363 [main] TTWebsiteDriver - wait started for By.xpath: //a[@id='btnyes']
[INFO ] 2020-05-19 15:01:22.401 [main] TTWebsiteDriver - wait over,element found
[INFO ] 2020-05-19 15:01:23.404 [main] TTWebsiteDriver - wait started for By.xpath: //a[@id='btnyes']
[INFO ] 2020-05-19 15:01:23.466 [main] TTWebsiteDriver - wait over,element found
[INFO ] 2020-05-19 15:01:24.469 [main] TTWebsiteDriver - quick wait started for By.xpath: //a[@id='btnyes']
[INFO ] 2020-05-19 15:01:24.503 [main] TTWebsiteDriver - wait over,element found
[INFO ] 2020-05-19 15:01:28.419 [main] TTWebsiteDriver - Waiting For Page load via JS
[INFO ] 2020-05-19 15:01:28.564 [main] PatientRegistrationPage - REGISTERED SUCCESSFULLY POPUP Yes Button Clicked
[INFO ] 2020-05-19 15:01:28.564 [main] TTWebsiteDriver - waiting for locator By.xpath: //a[@id='btnyes']
[INFO ] 2020-05-19 15:01:28.612 [main] TTWebsiteDriver - Element found
[INFO ] 2020-05-19 15:01:28.613 [main] TTWebsiteDriver - wait started for By.xpath: //a[@id='btnyes']
[INFO ] 2020-05-19 15:01:28.653 [main] TTWebsiteDriver - wait over,element found
[INFO ] 2020-05-19 15:01:29.663 [main] TTWebsiteDriver - quick wait started for By.xpath: //a[@id='btnyes']
[INFO ] 2020-05-19 15:01:29.680 [main] TTWebsiteDriver - wait over,element found
[INFO ] 2020-05-19 15:01:29.788 [main] PatientRegistrationPage - User is On Billing Screen
[INFO ] 2020-05-19 15:01:31.789 [main] TTWebsiteDriver - wait started for By.xpath: //span[@id='modelclose123']//i
[INFO ] 2020-05-19 15:01:35.827 [main] TTWebsiteDriver - waiting...
[INFO ] 2020-05-19 15:01:39.839 [main] TTWebsiteDriver - waiting...
[INFO ] 2020-05-19 15:01:43.868 [main] TTWebsiteDriver - waiting...
[INFO ] 2020-05-19 15:01:47.923 [main] TTWebsiteDriver - waiting...
[INFO ] 2020-05-19 15:01:51.958 [main] TTWebsiteDriver - waiting...
[INFO ] 2020-05-19 15:01:56.014 [main] TTWebsiteDriver - waiting...
[INFO ] 2020-05-19 15:02:00.064 [main] TTWebsiteDriver - waiting...
[INFO ] 2020-05-19 15:02:04.101 [main] TTWebsiteDriver - waiting...
[INFO ] 2020-05-19 15:02:08.150 [main] TTWebsiteDriver - waiting...
[INFO ] 2020-05-19 15:02:12.199 [main] TTWebsiteDriver - waiting...
[INFO ] 2020-05-19 15:02:12.199 [main] TTWebsiteDriver - ELEMENT NOT FOUND
[INFO ] 2020-05-19 15:02:15.257 [main] TTWebsiteDriver - wait started for By.xpath: //a[@id='schemeclose']//i[@class='fa fa-times']
[INFO ] 2020-05-19 15:02:15.279 [main] TTWebsiteDriver - wait over,element found
[INFO ] 2020-05-19 15:02:16.379 [main] TTWebsiteDriver - wait started for By.xpath: //a[@id='schemeRemarksPopupClose']
[INFO ] 2020-05-19 15:02:16.400 [main] TTWebsiteDriver - wait over,element found
[INFO ] 2020-05-19 15:02:17.403 [main] TTWebsiteDriver - wait started for By.xpath: //a[@id='schemeRemarksPopupClose']
[INFO ] 2020-05-19 15:02:17.426 [main] TTWebsiteDriver - wait over,element found
[INFO ] 2020-05-19 15:02:18.429 [main] TTWebsiteDriver - quick wait started for By.xpath: //a[@id='schemeRemarksPopupClose']
[INFO ] 2020-05-19 15:02:18.446 [main] TTWebsiteDriver - wait over,element found
[INFO ] 2020-05-19 15:02:18.623 [main] TTWebsiteDriver - wait started for By.xpath: //span[@id='remarks_close']//i[@class='fa fa-times']
[INFO ] 2020-05-19 15:02:18.644 [main] TTWebsiteDriver - wait over,element found
[INFO ] 2020-05-19 15:02:19.692 [main] BillingPage - Remarks Popup Button Closed
[INFO ] 2020-05-19 15:02:19.693 [main] TTWebsiteDriver - wait started for By.xpath: //i[@class='fa fa-bars']
[INFO ] 2020-05-19 15:02:19.719 [main] TTWebsiteDriver - wait over,element found
[INFO ] 2020-05-19 15:02:20.722 [main] TTWebsiteDriver - wait started for By.xpath: //i[@class='fa fa-bars']
[INFO ] 2020-05-19 15:02:20.741 [main] TTWebsiteDriver - wait over,element found
[INFO ] 2020-05-19 15:02:21.744 [main] TTWebsiteDriver - quick wait started for By.xpath: //i[@class='fa fa-bars']
[INFO ] 2020-05-19 15:02:21.763 [main] TTWebsiteDriver - wait over,element found
[INFO ] 2020-05-19 15:02:21.882 [main] HISWebsiteBasePage - Menu Clicked
[INFO ] 2020-05-19 15:02:25.883 [main] TTWebsiteDriver - wait started for By.xpath: //li[@id='FOAddPatientMenu']//i[2]
[INFO ] 2020-05-19 15:02:25.908 [main] TTWebsiteDriver - wait over,element found
[INFO ] 2020-05-19 15:02:26.911 [main] TTWebsiteDriver - wait started for By.xpath: //li[@id='FOAddPatientMenu']//i[2]
[INFO ] 2020-05-19 15:02:26.944 [main] TTWebsiteDriver - wait over,element found
[INFO ] 2020-05-19 15:02:27.956 [main] TTWebsiteDriver - quick wait started for By.xpath: //li[@id='FOAddPatientMenu']//i[2]
[INFO ] 2020-05-19 15:02:27.974 [main] TTWebsiteDriver - wait over,element found
[INFO ] 2020-05-19 15:02:28.085 [main] FrontOfficeHomePage - Add Patient Section is Expanded
[INFO ] 2020-05-19 15:02:34.621 [main] FrontOfficeHomePage - Following Option has been selected from Add Patient Section Mark Patient Deceased
[INFO ] 2020-05-19 15:02:34.621 [main] TTWebsiteDriver - Waiting For Page load via JS
[INFO ] 2020-05-19 15:02:52.634 [main] TTWebsiteDriver - wait started for By.id: uHid
[INFO ] 2020-05-19 15:02:52.657 [main] TTWebsiteDriver - wait over,element found
[INFO ] 2020-05-19 15:03:01.919 [main] PatientRegistrationPage - Following UHID has been searched from Search BoxPSSH.260782

[INFO ] 2020-05-19 15:03:01.919 [main] TTWebsiteDriver - wait started for By.id: Deceased
[INFO ] 2020-05-19 15:03:01.941 [main] TTWebsiteDriver - wait over,element found
[INFO ] 2020-05-19 15:03:02.973 [main] MarkPatientDeceasedPage - Deceased Checkbox checked
[INFO ] 2020-05-19 15:03:03.109 [main] MarkPatientDeceasedPage - Followinf Informed By has been added DOCTOR
[INFO ] 2020-05-19 15:03:03.109 [main] TTWebsiteDriver - wait started for By.xpath: //i[@class='fa fa-save']
[INFO ] 2020-05-19 15:03:03.152 [main] TTWebsiteDriver - wait over,element found
[INFO ] 2020-05-19 15:03:04.155 [main] TTWebsiteDriver - wait started for By.xpath: //i[@class='fa fa-save']
[INFO ] 2020-05-19 15:03:04.168 [main] TTWebsiteDriver - wait over,element found
[INFO ] 2020-05-19 15:03:05.169 [main] TTWebsiteDriver - quick wait started for By.xpath: //i[@class='fa fa-save']
[INFO ] 2020-05-19 15:03:05.264 [main] TTWebsiteDriver - wait over,element found
[INFO ] 2020-05-19 15:03:05.352 [main] MarkPatientDeceasedPage - Save Icon Clicked
[INFO ] 2020-05-19 15:03:05.353 [main] TTWebsiteDriver - wait started for By.id: btnyes
[INFO ] 2020-05-19 15:03:05.373 [main] TTWebsiteDriver - wait over,element found
[INFO ] 2020-05-19 15:03:06.376 [main] TTWebsiteDriver - wait started for By.id: btnyes
[INFO ] 2020-05-19 15:03:06.398 [main] TTWebsiteDriver - wait over,element found
[INFO ] 2020-05-19 15:03:07.431 [main] TTWebsiteDriver - quick wait started for By.id: btnyes
[INFO ] 2020-05-19 15:03:07.458 [main] TTWebsiteDriver - wait over,element found
[INFO ] 2020-05-19 15:03:07.531 [main] MarkPatientDeceasedPage - Yes Button On Mark Patient Deceased Popup Clicked
[INFO ] 2020-05-19 15:03:07.532 [main] TTWebsiteDriver - wait started for By.xpath: //i[@class='fa fa-bars']
[INFO ] 2020-05-19 15:03:07.558 [main] TTWebsiteDriver - wait over,element found
[INFO ] 2020-05-19 15:03:08.560 [main] TTWebsiteDriver - wait started for By.xpath: //i[@class='fa fa-bars']
[INFO ] 2020-05-19 15:03:08.575 [main] TTWebsiteDriver - wait over,element found
[INFO ] 2020-05-19 15:03:09.578 [main] TTWebsiteDriver - quick wait started for By.xpath: //i[@class='fa fa-bars']
[INFO ] 2020-05-19 15:03:09.593 [main] TTWebsiteDriver - wait over,element found
[INFO ] 2020-05-19 15:03:09.738 [main] HISWebsiteBasePage - Menu Clicked
[INFO ] 2020-05-19 15:03:13.739 [main] TTWebsiteDriver - wait started for By.xpath: //li[@id='FOAddPatientMenu']//i[2]
[INFO ] 2020-05-19 15:03:13.757 [main] TTWebsiteDriver - wait over,element found
[INFO ] 2020-05-19 15:03:14.760 [main] TTWebsiteDriver - wait started for By.xpath: //li[@id='FOAddPatientMenu']//i[2]
[INFO ] 2020-05-19 15:03:14.772 [main] TTWebsiteDriver - wait over,element found
[INFO ] 2020-05-19 15:03:15.776 [main] TTWebsiteDriver - quick wait started for By.xpath: //li[@id='FOAddPatientMenu']//i[2]
[INFO ] 2020-05-19 15:03:15.787 [main] TTWebsiteDriver - wait over,element found
[INFO ] 2020-05-19 15:03:15.874 [main] FrontOfficeHomePage - Add Patient Section is Expanded
[INFO ] 2020-05-19 15:03:24.521 [main] FrontOfficeHomePage - Following Option has been selected from Add Patient Section Patient Registration
[INFO ] 2020-05-19 15:03:24.522 [main] TTWebsiteDriver - Waiting For Page load via JS
[INFO ] 2020-05-19 15:03:42.542 [main] TTWebsiteDriver - wait started for By.id: uHid
[INFO ] 2020-05-19 15:03:42.562 [main] TTWebsiteDriver - wait over,element found
[INFO ] 2020-05-19 15:03:52.708 [main] PatientRegistrationPage - Following UHID has been searched from Search BoxPSSH.260782

[INFO ] 2020-05-19 15:03:52.708 [main] TTWebsiteDriver - wait started for By.xpath: //section[@class='popupBody1']
[INFO ] 2020-05-19 15:03:52.758 [main] TTWebsiteDriver - wait over,element found
[INFO ] 2020-05-19 15:03:53.815 [main] PatientRegistrationPage - Patient Deceased Popup Verified and is showing up
[INFO ] 2020-05-19 15:03:53.815 [main] TTWebsiteDriver - wait started for By.xpath: //a[@id='btnyes']
[INFO ] 2020-05-19 15:03:53.843 [main] TTWebsiteDriver - wait over,element found
[INFO ] 2020-05-19 15:03:54.848 [main] TTWebsiteDriver - wait started for By.xpath: //a[@id='btnyes']
[INFO ] 2020-05-19 15:03:54.903 [main] TTWebsiteDriver - wait over,element found
[INFO ] 2020-05-19 15:03:55.906 [main] TTWebsiteDriver - quick wait started for By.xpath: //a[@id='btnyes']
[INFO ] 2020-05-19 15:03:55.960 [main] TTWebsiteDriver - wait over,element found
[INFO ] 2020-05-19 15:03:59.013 [main] TTWebsiteDriver - Waiting For Page load via JS
[INFO ] 2020-05-19 15:03:59.033 [main] PatientRegistrationPage - REGISTERED SUCCESSFULLY POPUP Yes Button Clicked
[INFO ] 2020-05-19 15:03:59.034 [main] TTWebsiteDriver - waiting for locator By.xpath: //a[@id='btnyes']
[INFO ] 2020-05-19 15:03:59.075 [main] TTWebsiteDriver - Element found
[INFO ] 2020-05-19 15:03:59.075 [main] TTWebsiteDriver - wait started for By.xpath: //a[@id='btnyes']
[INFO ] 2020-05-19 15:03:59.115 [main] TTWebsiteDriver - wait over,element found
[INFO ] 2020-05-19 15:04:00.118 [main] TTWebsiteDriver - quick wait started for By.xpath: //a[@id='btnyes']
[INFO ] 2020-05-19 15:04:00.145 [main] TTWebsiteDriver - wait over,element found
[INFO ] 2020-05-19 15:04:00.494 [main] TestListner - [TEST IS SUCCESSFUL -------- Test case markPatientDeceasedTest has passed]
[INFO ] 2020-05-19 15:04:04.423 [main] TTWebsiteDriver - Window is maximized
[INFO ] 2020-05-19 15:04:04.445 [main] TTWebsiteDriver - All cookies deleted
[INFO ] 2020-05-19 15:04:04.947 [main] TTWebsiteBaseTest - Application loaded
[INFO ] 2020-05-19 15:04:04.947 [main] DriverManagerDataSource - Loaded JDBC driver: com.microsoft.sqlserver.jdbc.SQLServerDriver
[INFO ] 2020-05-19 15:04:04.948 [main] DBUtil - ConnectionString::jdbc:sqlserver://206.19.38.4;databaseName=SIT_HISTree_TestingAuto;instance=MSSQLSERVER;domain=null
[INFO ] 2020-05-19 15:04:04.948 [main] DBUtil - QUERY TRIGGERED IS select top 1 Name from M_IdCardType where Deleted=0

[INFO ] 2020-05-19 15:04:05.035 [main] DriverManagerDataSource - Loaded JDBC driver: com.microsoft.sqlserver.jdbc.SQLServerDriver
[INFO ] 2020-05-19 15:04:05.035 [main] DBUtil - ConnectionString::jdbc:sqlserver://206.19.38.4;databaseName=SIT_HISTree_TestingAuto;instance=MSSQLSERVER;domain=null
[INFO ] 2020-05-19 15:04:05.035 [main] DBUtil - QUERY TRIGGERED IS select top 1 name from M_OCCUPATION where Deleted=0

[INFO ] 2020-05-19 15:04:05.113 [main] DriverManagerDataSource - Loaded JDBC driver: com.microsoft.sqlserver.jdbc.SQLServerDriver
[INFO ] 2020-05-19 15:04:05.113 [main] DBUtil - ConnectionString::jdbc:sqlserver://206.19.38.4;databaseName=SIT_HISTree_TestingAuto;instance=MSSQLSERVER;domain=null
[INFO ] 2020-05-19 15:04:05.113 [main] DBUtil - QUERY TRIGGERED IS select top 1 Name from M_QUALIFICATION where Deleted=0

[INFO ] 2020-05-19 15:04:05.189 [main] DriverManagerDataSource - Loaded JDBC driver: com.microsoft.sqlserver.jdbc.SQLServerDriver
[INFO ] 2020-05-19 15:04:05.189 [main] DBUtil - ConnectionString::jdbc:sqlserver://206.19.38.4;databaseName=SIT_HISTree_TestingAuto;instance=MSSQLSERVER;domain=null
[INFO ] 2020-05-19 15:04:05.190 [main] DBUtil - QUERY TRIGGERED IS select top 1 Name from m_SourceOfInfo where Deleted=0

[INFO ] 2020-05-19 15:04:05.265 [main] DriverManagerDataSource - Loaded JDBC driver: com.microsoft.sqlserver.jdbc.SQLServerDriver
[INFO ] 2020-05-19 15:04:05.266 [main] DBUtil - ConnectionString::jdbc:sqlserver://206.19.38.4;databaseName=SIT_HISTree_TestingAuto;instance=MSSQLSERVER;domain=null
[INFO ] 2020-05-19 15:04:05.266 [main] DBUtil - QUERY TRIGGERED IS select top 1 NAME from m_city where deleted=0

[INFO ] 2020-05-19 15:04:05.343 [main] DriverManagerDataSource - Loaded JDBC driver: com.microsoft.sqlserver.jdbc.SQLServerDriver
[INFO ] 2020-05-19 15:04:05.343 [main] DBUtil - ConnectionString::jdbc:sqlserver://206.19.38.4;databaseName=SIT_HISTree_TestingAuto;instance=MSSQLSERVER;domain=null
[INFO ] 2020-05-19 15:04:05.344 [main] DBUtil - QUERY TRIGGERED IS select top 1 NAME from m_city where deleted=0

[INFO ] 2020-05-19 15:04:05.421 [main] TestListner - 
******************************************************************************************************************************
					TEST CASE NAME:                  markPatientDeceasedSearchPatientTest
******************************************************************************************************************************
[INFO ] 2020-05-19 15:04:05.661 [main] TTWebsiteDriver - wait started for By.id: btnLogin
[INFO ] 2020-05-19 15:04:05.681 [main] TTWebsiteDriver - wait over,element found
[INFO ] 2020-05-19 15:04:06.684 [main] TTWebsiteDriver - quick wait started for By.id: btnLogin
[INFO ] 2020-05-19 15:04:06.705 [main] TTWebsiteDriver - wait over,element found
[INFO ] 2020-05-19 15:04:06.917 [main] TTWebsiteDriver - wait started for By.xpath: //a[@id='btnYesAlreadyLogedinPopup']
[INFO ] 2020-05-19 15:04:06.940 [main] TTWebsiteDriver - wait over,element found
[INFO ] 2020-05-19 15:04:07.944 [main] TTWebsiteDriver - quick wait started for By.xpath: //a[@id='btnYesAlreadyLogedinPopup']
[INFO ] 2020-05-19 15:04:07.962 [main] TTWebsiteDriver - wait over,element found
[INFO ] 2020-05-19 15:04:08.432 [main] HISHomePage - User has been logged in to HIS Portal
[INFO ] 2020-05-19 15:04:08.432 [main] TTWebsiteDriver - wait started for By.xpath: //span[contains(text(),'Front Office')]//ancestor::a
[INFO ] 2020-05-19 15:04:08.467 [main] TTWebsiteDriver - wait over,element found
[INFO ] 2020-05-19 15:04:09.639 [main] HISHomePage - Front Office Icon Clicked
[INFO ] 2020-05-19 15:04:13.743 [main] HISHomePage - Following Station has been selected from Station Dropdown : Front Office
[INFO ] 2020-05-19 15:04:13.743 [main] TTWebsiteDriver - wait started for By.id: btn_yes_desh
[INFO ] 2020-05-19 15:04:13.762 [main] TTWebsiteDriver - wait over,element found
[INFO ] 2020-05-19 15:04:14.764 [main] TTWebsiteDriver - quick wait started for By.id: btn_yes_desh
[INFO ] 2020-05-19 15:04:14.783 [main] TTWebsiteDriver - wait over,element found
[INFO ] 2020-05-19 15:04:15.552 [main] HISHomePage - YES has been clicked from Station Dropdown
[INFO ] 2020-05-19 15:04:15.552 [main] TTWebsiteDriver - wait started for By.xpath: //li[@id='FOAddPatientMenu']//i[2]
[INFO ] 2020-05-19 15:04:15.623 [main] TTWebsiteDriver - wait over,element found
[INFO ] 2020-05-19 15:04:16.626 [main] TTWebsiteDriver - wait started for By.xpath: //li[@id='FOAddPatientMenu']//i[2]
[INFO ] 2020-05-19 15:04:16.638 [main] TTWebsiteDriver - wait over,element found
[INFO ] 2020-05-19 15:04:17.641 [main] TTWebsiteDriver - quick wait started for By.xpath: //li[@id='FOAddPatientMenu']//i[2]
[INFO ] 2020-05-19 15:04:17.655 [main] TTWebsiteDriver - wait over,element found
[INFO ] 2020-05-19 15:04:17.827 [main] FrontOfficeHomePage - Add Patient Section is Expanded
[INFO ] 2020-05-19 15:04:26.860 [main] FrontOfficeHomePage - Following Option has been selected from Add Patient Section Patient Registration
[INFO ] 2020-05-19 15:04:26.861 [main] TTWebsiteDriver - Waiting For Page load via JS
[INFO ] 2020-05-19 15:04:45.042 [main] PatientRegistrationPage - Following Title has been selected from Title Dropdown : New Delhi
[INFO ] 2020-05-19 15:04:45.042 [main] TTWebsiteDriver - wait started for By.id: firstName
[INFO ] 2020-05-19 15:04:45.064 [main] TTWebsiteDriver - wait over,element found
[INFO ] 2020-05-19 15:04:46.658 [main] PatientRegistrationPage - First Name has been added as : Automation
[INFO ] 2020-05-19 15:04:46.658 [main] TTWebsiteDriver - wait started for By.id: middleName
[INFO ] 2020-05-19 15:04:46.739 [main] TTWebsiteDriver - wait over,element found
[INFO ] 2020-05-19 15:04:48.003 [main] PatientRegistrationPage - Middle Name has been added as : Test
[INFO ] 2020-05-19 15:04:48.003 [main] TTWebsiteDriver - wait started for By.id: lastName
[INFO ] 2020-05-19 15:04:48.022 [main] TTWebsiteDriver - wait over,element found
[INFO ] 2020-05-19 15:04:49.314 [main] PatientRegistrationPage - Last Name has been added as : User
[INFO ] 2020-05-19 15:04:49.314 [main] TTWebsiteDriver - wait started for By.id: gender
[INFO ] 2020-05-19 15:04:49.331 [main] TTWebsiteDriver - wait over,element found
[INFO ] 2020-05-19 15:04:50.410 [main] PatientRegistrationPage - Following Gender has been selected from Gender Dropdown : Male
[INFO ] 2020-05-19 15:04:50.411 [main] TTWebsiteDriver - wait started for By.id: dob
[INFO ] 2020-05-19 15:04:50.427 [main] TTWebsiteDriver - wait over,element found
[INFO ] 2020-05-19 15:04:52.187 [main] PatientRegistrationPage - Following DOB has been added : 15-12-1991
[INFO ] 2020-05-19 15:05:00.237 [main] TTWebsiteDriver - wait started for By.id: chkA
[INFO ] 2020-05-19 15:05:00.255 [main] TTWebsiteDriver - wait over,element found
[INFO ] 2020-05-19 15:05:01.304 [main] TTWebsiteDriver - wait started for By.id: age
[INFO ] 2020-05-19 15:05:01.322 [main] TTWebsiteDriver - wait over,element found
[INFO ] 2020-05-19 15:05:02.632 [main] PatientRegistrationPage - Following Age has been added : 16
[INFO ] 2020-05-19 15:05:02.820 [main] PatientRegistrationPage - When User is entering age less than 18, alert message is showing up
[INFO ] 2020-05-19 15:05:10.853 [main] TTWebsiteDriver - wait started for By.id: chkA
[INFO ] 2020-05-19 15:05:10.870 [main] TTWebsiteDriver - wait over,element found
[INFO ] 2020-05-19 15:05:11.908 [main] TTWebsiteDriver - wait started for By.id: age
[INFO ] 2020-05-19 15:05:11.925 [main] TTWebsiteDriver - wait over,element found
[INFO ] 2020-05-19 15:05:13.120 [main] PatientRegistrationPage - Following Age has been added : 23
[INFO ] 2020-05-19 15:05:13.121 [main] TTWebsiteDriver - wait started for By.id: mStatus
[INFO ] 2020-05-19 15:05:13.143 [main] TTWebsiteDriver - wait over,element found
[INFO ] 2020-05-19 15:05:14.344 [main] PatientRegistrationPage - Following MArtial Status has been selected from MArtial Status  Dropdown : Single
[INFO ] 2020-05-19 15:05:14.344 [main] TTWebsiteDriver - wait started for By.id: motherName
[INFO ] 2020-05-19 15:05:14.364 [main] TTWebsiteDriver - wait over,element found
[INFO ] 2020-05-19 15:05:16.328 [main] PatientRegistrationPage - Following Mother Maiden Name Has been Added: Automation Test Mother
[INFO ] 2020-05-19 15:05:16.328 [main] TTWebsiteDriver - wait started for By.id: relName
[INFO ] 2020-05-19 15:05:16.352 [main] TTWebsiteDriver - wait over,element found
[INFO ] 2020-05-19 15:05:18.356 [main] PatientRegistrationPage - Following Fathers Name Has been Added: AutomationFather@123 
[INFO ] 2020-05-19 15:05:18.356 [main] TTWebsiteDriver - wait started for By.id: nationality
[INFO ] 2020-05-19 15:05:18.382 [main] TTWebsiteDriver - wait over,element found
[INFO ] 2020-05-19 15:05:19.534 [main] PatientRegistrationPage - Following Nationality has been selected from Nationality Dropdown : Indian
[INFO ] 2020-05-19 15:05:21.985 [main] PatientRegistrationPage - VIP Checkbox has been selected and Data has been added to VIP Text Box
[INFO ] 2020-05-19 15:05:22.354 [main] PatientRegistrationPage - Remarks Checkbox has been selected and Data has been added to Remarks Text Box
[INFO ] 2020-05-19 15:05:22.384 [main] PatientRegistrationPage - NRI Checkbox has been selected
[INFO ] 2020-05-19 15:05:22.465 [main] PatientRegistrationPage - ID Card Drop down is enabled
[INFO ] 2020-05-19 15:05:22.465 [main] TTWebsiteDriver - wait started for By.id: cardType
[INFO ] 2020-05-19 15:05:22.484 [main] TTWebsiteDriver - wait over,element found
[INFO ] 2020-05-19 15:05:23.631 [main] PatientRegistrationPage - Following ID Card has been selected from ID Card Dropdown : Passport Number
[INFO ] 2020-05-19 15:05:23.905 [main] PatientRegistrationPage - Following National ID has been added : 12345
[INFO ] 2020-05-19 15:05:24.587 [main] PatientRegistrationPage - Following TELEPHONE NO has been added in TELEPHONE No Text Box : 1234567891011123
[INFO ] 2020-05-19 15:05:24.869 [main] PatientRegistrationPage - Following MOBILE NO has been added : 12345
[INFO ] 2020-05-19 15:05:24.869 [main] TTWebsiteDriver - wait started for By.id: register
[INFO ] 2020-05-19 15:05:24.904 [main] TTWebsiteDriver - wait over,element found
[INFO ] 2020-05-19 15:05:26.010 [main] PatientRegistrationPage - Regsiter Icon Clicked
[INFO ] 2020-05-19 15:05:26.284 [main] PatientRegistrationPage - Alert SHowing up when adding Invalid Message
[INFO ] 2020-05-19 15:05:26.794 [main] PatientRegistrationPage - Following MOBILE NO has been added : 1234567890
[INFO ] 2020-05-19 15:05:27.790 [main] PatientRegistrationPage - Following house Number has been added Automation Test Address
[INFO ] 2020-05-19 15:05:27.790 [main] TTWebsiteDriver - wait started for By.id: city
[INFO ] 2020-05-19 15:05:27.814 [main] TTWebsiteDriver - wait over,element found
[INFO ] 2020-05-19 15:05:29.054 [main] PatientRegistrationPage - Following City  has been selected from City Dropdown : New Delhi
[INFO ] 2020-05-19 15:05:41.232 [main] PatientRegistrationPage - Following City has been addedTest City6838Following District has been selected
[INFO ] 2020-05-19 15:05:41.232 [main] TTWebsiteDriver - wait started for By.id: addlocal
[INFO ] 2020-05-19 15:05:42.009 [main] TTWebsiteDriver - wait over,element found
[INFO ] 2020-05-19 15:05:43.322 [main] TTWebsiteDriver - wait started for By.id: local
[INFO ] 2020-05-19 15:05:43.345 [main] TTWebsiteDriver - wait over,element found
[INFO ] 2020-05-19 15:05:53.934 [main] PatientRegistrationPage - Follwoing Locality has been added: Test local990Following City has been selected: SaharanpurFollowing Pin Code has been added: 247001
[INFO ] 2020-05-19 15:05:53.935 [main] TTWebsiteDriver - wait started for By.id: emailID
[INFO ] 2020-05-19 15:05:54.054 [main] TTWebsiteDriver - wait over,element found
[INFO ] 2020-05-19 15:05:55.754 [main] PatientRegistrationPage - Following email has been added: %^%^%^%^
[INFO ] 2020-05-19 15:05:55.754 [main] TTWebsiteDriver - wait started for By.id: register
[INFO ] 2020-05-19 15:05:55.771 [main] TTWebsiteDriver - wait over,element found
[INFO ] 2020-05-19 15:05:56.819 [main] PatientRegistrationPage - Regsiter Icon Clicked
[INFO ] 2020-05-19 15:05:56.819 [main] TTWebsiteDriver - wait started for By.id: emailID
[INFO ] 2020-05-19 15:05:56.835 [main] TTWebsiteDriver - wait over,element found
[INFO ] 2020-05-19 15:05:59.176 [main] PatientRegistrationPage - Following email has been added: test@automation.com
[INFO ] 2020-05-19 15:05:59.516 [main] PatientRegistrationPage - Following Reffered By has been added: Self
[INFO ] 2020-05-19 15:05:59.516 [main] TTWebsiteDriver - wait started for By.id: lang
[INFO ] 2020-05-19 15:05:59.535 [main] TTWebsiteDriver - wait over,element found
[INFO ] 2020-05-19 15:06:00.740 [main] PatientRegistrationPage - Following language  has been selected from language Dropdown : English
[INFO ] 2020-05-19 15:06:00.741 [main] TTWebsiteDriver - wait started for By.id: occupation
[INFO ] 2020-05-19 15:06:00.757 [main] TTWebsiteDriver - wait over,element found
[INFO ] 2020-05-19 15:06:01.929 [main] PatientRegistrationPage - Following occupation  has been selected from occupation Dropdown : Student
[INFO ] 2020-05-19 15:06:01.929 [main] TTWebsiteDriver - wait started for By.id: qualification
[INFO ] 2020-05-19 15:06:01.946 [main] TTWebsiteDriver - wait over,element found
[INFO ] 2020-05-19 15:06:03.126 [main] PatientRegistrationPage - Following qualification  has been selected from qualification Dropdown : Ph.D
[INFO ] 2020-05-19 15:06:03.126 [main] TTWebsiteDriver - wait started for By.id: religion
[INFO ] 2020-05-19 15:06:03.153 [main] TTWebsiteDriver - wait over,element found
[INFO ] 2020-05-19 15:06:04.327 [main] PatientRegistrationPage - Following relegion  has been selected from relegion Dropdown : Hindu
[INFO ] 2020-05-19 15:06:04.328 [main] TTWebsiteDriver - wait started for By.id: sref
[INFO ] 2020-05-19 15:06:04.373 [main] TTWebsiteDriver - wait over,element found
[INFO ] 2020-05-19 15:06:05.527 [main] PatientRegistrationPage - Following refer  has been selected from refer Dropdown : News Paper
[INFO ] 2020-05-19 15:06:05.633 [main] PatientRegistrationPage - Financial Details Checkbox Checked
[INFO ] 2020-05-19 15:06:05.633 [main] TTWebsiteDriver - wait started for By.id: companytype
[INFO ] 2020-05-19 15:06:05.651 [main] TTWebsiteDriver - wait over,element found
[INFO ] 2020-05-19 15:06:06.808 [main] PatientRegistrationPage - Following compType  has been selected from compType Dropdown : Corporate
[INFO ] 2020-05-19 15:06:06.808 [main] TTWebsiteDriver - wait started for By.id: company
[INFO ] 2020-05-19 15:06:06.826 [main] TTWebsiteDriver - wait over,element found
[INFO ] 2020-05-19 15:06:08.062 [main] PatientRegistrationPage - First comp has been selected from comp Dropdown
[INFO ] 2020-05-19 15:06:08.109 [main] PatientRegistrationPage - Show All checkbox under financial details has been selected
[INFO ] 2020-05-19 15:06:08.110 [main] TTWebsiteDriver - wait started for By.id: rate
[INFO ] 2020-05-19 15:06:08.128 [main] TTWebsiteDriver - wait over,element found
[INFO ] 2020-05-19 15:06:09.261 [main] PatientRegistrationPage - First Rate has been selected from Rate Dropdown
[INFO ] 2020-05-19 15:06:09.292 [main] PatientRegistrationPage - Scheme Checkbox Checked
[INFO ] 2020-05-19 15:06:09.293 [main] TTWebsiteDriver - wait started for By.id: scheme
[INFO ] 2020-05-19 15:06:09.311 [main] TTWebsiteDriver - wait over,element found
[INFO ] 2020-05-19 15:06:10.491 [main] PatientRegistrationPage - First Scheme has been selected from Scheme Dropdown
[INFO ] 2020-05-19 15:06:10.491 [main] TTWebsiteDriver - wait started for By.id: register
[INFO ] 2020-05-19 15:06:10.504 [main] TTWebsiteDriver - wait over,element found
[INFO ] 2020-05-19 15:06:11.593 [main] PatientRegistrationPage - Regsiter Icon Clicked
[INFO ] 2020-05-19 15:06:11.674 [main] PatientRegistrationPage - COnfirm Patient Details Popup is showing up
[INFO ] 2020-05-19 15:06:11.735 [main] TTWebsiteDriver - wait started for By.id: btnyesss
[INFO ] 2020-05-19 15:06:11.814 [main] TTWebsiteDriver - wait over,element found
[INFO ] 2020-05-19 15:06:22.974 [main] PatientRegistrationPage - Yes button clicked on Confirm Patient Details Popup
[INFO ] 2020-05-19 15:06:22.974 [main] TTWebsiteDriver - wait started for By.xpath: //header[contains(text(),'Registered Successfully')]
[INFO ] 2020-05-19 15:06:23.032 [main] TTWebsiteDriver - wait over,element found
[INFO ] 2020-05-19 15:06:24.119 [main] PatientRegistrationPage - REGISTERED SUCCESSFULLY POPUP is showing up
[INFO ] 2020-05-19 15:06:24.217 [main] PatientRegistrationPage - TEST US JHKJHKJHPSSH.260783

[INFO ] 2020-05-19 15:06:24.217 [main] TTWebsiteDriver - wait started for By.xpath: //a[@id='btnyes']
[INFO ] 2020-05-19 15:06:24.268 [main] TTWebsiteDriver - wait over,element found
[INFO ] 2020-05-19 15:06:25.270 [main] TTWebsiteDriver - wait started for By.xpath: //a[@id='btnyes']
[INFO ] 2020-05-19 15:06:25.316 [main] TTWebsiteDriver - wait over,element found
[INFO ] 2020-05-19 15:06:26.319 [main] TTWebsiteDriver - quick wait started for By.xpath: //a[@id='btnyes']
[INFO ] 2020-05-19 15:06:26.361 [main] TTWebsiteDriver - wait over,element found
[INFO ] 2020-05-19 15:06:30.069 [main] TTWebsiteDriver - Waiting For Page load via JS
[INFO ] 2020-05-19 15:06:30.102 [main] PatientRegistrationPage - REGISTERED SUCCESSFULLY POPUP Yes Button Clicked
[INFO ] 2020-05-19 15:06:30.103 [main] TTWebsiteDriver - waiting for locator By.xpath: //a[@id='btnyes']
[INFO ] 2020-05-19 15:06:30.146 [main] TTWebsiteDriver - Element found
[INFO ] 2020-05-19 15:06:30.147 [main] TTWebsiteDriver - wait started for By.xpath: //a[@id='btnyes']
[INFO ] 2020-05-19 15:06:30.173 [main] TTWebsiteDriver - wait over,element found
[INFO ] 2020-05-19 15:06:31.175 [main] TTWebsiteDriver - quick wait started for By.xpath: //a[@id='btnyes']
[INFO ] 2020-05-19 15:06:31.195 [main] TTWebsiteDriver - wait over,element found
[INFO ] 2020-05-19 15:06:31.275 [main] PatientRegistrationPage - User is On Billing Screen
[INFO ] 2020-05-19 15:06:33.275 [main] TTWebsiteDriver - wait started for By.xpath: //span[@id='modelclose123']//i
[INFO ] 2020-05-19 15:06:37.310 [main] TTWebsiteDriver - waiting...
[INFO ] 2020-05-19 15:06:41.360 [main] TTWebsiteDriver - waiting...
[INFO ] 2020-05-19 15:06:45.438 [main] TTWebsiteDriver - waiting...
[INFO ] 2020-05-19 15:06:49.469 [main] TTWebsiteDriver - waiting...
[INFO ] 2020-05-19 15:06:53.488 [main] TTWebsiteDriver - waiting...
[INFO ] 2020-05-19 15:06:57.495 [main] TTWebsiteDriver - waiting...
[INFO ] 2020-05-19 15:07:01.558 [main] TTWebsiteDriver - waiting...
[INFO ] 2020-05-19 15:07:05.579 [main] TTWebsiteDriver - waiting...
[INFO ] 2020-05-19 15:07:09.626 [main] TTWebsiteDriver - waiting...
[INFO ] 2020-05-19 15:07:13.680 [main] TTWebsiteDriver - waiting...
[INFO ] 2020-05-19 15:07:13.680 [main] TTWebsiteDriver - ELEMENT NOT FOUND
[INFO ] 2020-05-19 15:07:16.723 [main] TTWebsiteDriver - wait started for By.xpath: //a[@id='schemeclose']//i[@class='fa fa-times']
[INFO ] 2020-05-19 15:07:16.747 [main] TTWebsiteDriver - wait over,element found
[INFO ] 2020-05-19 15:07:17.840 [main] TTWebsiteDriver - wait started for By.xpath: //a[@id='schemeRemarksPopupClose']
[INFO ] 2020-05-19 15:07:17.859 [main] TTWebsiteDriver - wait over,element found
[INFO ] 2020-05-19 15:07:18.862 [main] TTWebsiteDriver - wait started for By.xpath: //a[@id='schemeRemarksPopupClose']
[INFO ] 2020-05-19 15:07:18.883 [main] TTWebsiteDriver - wait over,element found
[INFO ] 2020-05-19 15:07:19.898 [main] TTWebsiteDriver - quick wait started for By.xpath: //a[@id='schemeRemarksPopupClose']
[INFO ] 2020-05-19 15:07:19.918 [main] TTWebsiteDriver - wait over,element found
[INFO ] 2020-05-19 15:07:20.039 [main] TTWebsiteDriver - wait started for By.xpath: //span[@id='remarks_close']//i[@class='fa fa-times']
[INFO ] 2020-05-19 15:07:20.055 [main] TTWebsiteDriver - wait over,element found
[INFO ] 2020-05-19 15:07:21.134 [main] BillingPage - Remarks Popup Button Closed
[INFO ] 2020-05-19 15:07:21.135 [main] TTWebsiteDriver - wait started for By.xpath: //i[@class='fa fa-bars']
[INFO ] 2020-05-19 15:07:21.159 [main] TTWebsiteDriver - wait over,element found
[INFO ] 2020-05-19 15:07:22.162 [main] TTWebsiteDriver - wait started for By.xpath: //i[@class='fa fa-bars']
[INFO ] 2020-05-19 15:07:22.179 [main] TTWebsiteDriver - wait over,element found
[INFO ] 2020-05-19 15:07:23.180 [main] TTWebsiteDriver - quick wait started for By.xpath: //i[@class='fa fa-bars']
[INFO ] 2020-05-19 15:07:23.196 [main] TTWebsiteDriver - wait over,element found
[INFO ] 2020-05-19 15:07:23.324 [main] HISWebsiteBasePage - Menu Clicked
[INFO ] 2020-05-19 15:07:27.325 [main] TTWebsiteDriver - wait started for By.xpath: //li[@id='FOAddPatientMenu']//i[2]
[INFO ] 2020-05-19 15:07:27.363 [main] TTWebsiteDriver - wait over,element found
[INFO ] 2020-05-19 15:07:28.366 [main] TTWebsiteDriver - wait started for By.xpath: //li[@id='FOAddPatientMenu']//i[2]
[INFO ] 2020-05-19 15:07:28.392 [main] TTWebsiteDriver - wait over,element found
[INFO ] 2020-05-19 15:07:29.395 [main] TTWebsiteDriver - quick wait started for By.xpath: //li[@id='FOAddPatientMenu']//i[2]
[INFO ] 2020-05-19 15:07:29.415 [main] TTWebsiteDriver - wait over,element found
[INFO ] 2020-05-19 15:07:29.535 [main] FrontOfficeHomePage - Add Patient Section is Expanded
[INFO ] 2020-05-19 15:07:36.150 [main] FrontOfficeHomePage - Following Option has been selected from Add Patient Section Mark Patient Deceased
[INFO ] 2020-05-19 15:07:36.150 [main] TTWebsiteDriver - Waiting For Page load via JS
[INFO ] 2020-05-19 15:07:54.168 [main] TTWebsiteDriver - wait started for By.id: searchnew
[INFO ] 2020-05-19 15:07:54.195 [main] TTWebsiteDriver - wait over,element found
[INFO ] 2020-05-19 15:07:55.239 [main] MarkPatientDeceasedPage - Search Icon Near Save Button clicked
[INFO ] 2020-05-19 15:07:55.239 [main] TTWebsiteDriver - wait started for By.id: modal_mobileNo
[INFO ] 2020-05-19 15:07:55.292 [main] TTWebsiteDriver - wait over,element found
[INFO ] 2020-05-19 15:07:56.488 [main] PatientRegistrationPage - Following Mobile Number has been Entered12
[INFO ] 2020-05-19 15:07:56.488 [main] TTWebsiteDriver - wait started for By.xpath: //p[contains(text(),'Plese enter atleast 3 charecters in of the search ')]
[INFO ] 2020-05-19 15:07:56.510 [main] TTWebsiteDriver - wait over,element found
[INFO ] 2020-05-19 15:07:57.557 [main] PatientRegistrationPage - Error Message Verified and is showing up
[INFO ] 2020-05-19 15:07:57.558 [main] TTWebsiteDriver - wait started for By.id: modal_mobileNo
[INFO ] 2020-05-19 15:07:57.570 [main] TTWebsiteDriver - wait over,element found
[INFO ] 2020-05-19 15:07:58.606 [main] PatientRegistrationPage - Mobile Number Field Got Cleared
[INFO ] 2020-05-19 15:07:58.607 [main] TTWebsiteDriver - wait started for By.id: modal_Name
[INFO ] 2020-05-19 15:07:58.630 [main] TTWebsiteDriver - wait over,element found
[INFO ] 2020-05-19 15:07:59.762 [main] PatientRegistrationPage - Following Name has been Enteredab
[INFO ] 2020-05-19 15:07:59.764 [main] TTWebsiteDriver - wait started for By.xpath: //p[contains(text(),'Plese enter atleast 3 charecters in of the search ')]
[INFO ] 2020-05-19 15:07:59.782 [main] TTWebsiteDriver - wait over,element found
