[INFO ] 2020-05-20 12:12:12.823 [main] TTBaseTest - Started execution with  null
[INFO ] 2020-05-20 12:12:12.838 [main] TTBaseTest - Environment properties are not provided by the user ... loading the default properties
[INFO ] 2020-05-20 12:12:12.838 [main] TTBaseTest - Default Browser is  ------ chrome
[INFO ] 2020-05-20 12:12:12.838 [main] TTBaseTest - Default URL is  ------ http://206.19.38.8:8001/HISTreeTesting/Login/Login?ReturnUrl=%2fHistreetesting
[INFO ] 2020-05-20 12:12:12.838 [main] TTBaseTest - Default loginname is  ------ null
[INFO ] 2020-05-20 12:12:12.838 [main] TTBaseTest - Default username is  ------ null
[INFO ] 2020-05-20 12:12:12.838 [main] TTBaseTest - Default user password is  ------ Deepak@1234
[INFO ] 2020-05-20 12:12:17.218 [main] TTWebsiteDriver - Window is maximized
[INFO ] 2020-05-20 12:12:17.270 [main] TTWebsiteDriver - All cookies deleted
[INFO ] 2020-05-20 12:12:18.082 [main] TTWebsiteBaseTest - Application loaded
[INFO ] 2020-05-20 12:12:18.188 [main] DriverManagerDataSource - Loaded JDBC driver: com.microsoft.sqlserver.jdbc.SQLServerDriver
[INFO ] 2020-05-20 12:12:18.188 [main] DBUtil - ConnectionString::jdbc:sqlserver://206.19.38.4;databaseName=SIT_HISTree_TestingAuto;instance=MSSQLSERVER;domain=null
[INFO ] 2020-05-20 12:12:18.188 [main] DBUtil - QUERY TRIGGERED IS select top 1 Name from M_IdCardType where Deleted=0

[INFO ] 2020-05-20 12:12:18.602 [main] DriverManagerDataSource - Loaded JDBC driver: com.microsoft.sqlserver.jdbc.SQLServerDriver
[INFO ] 2020-05-20 12:12:18.602 [main] DBUtil - ConnectionString::jdbc:sqlserver://206.19.38.4;databaseName=SIT_HISTree_TestingAuto;instance=MSSQLSERVER;domain=null
[INFO ] 2020-05-20 12:12:18.602 [main] DBUtil - QUERY TRIGGERED IS select top 1 name from M_OCCUPATION where Deleted=0

[INFO ] 2020-05-20 12:12:18.697 [main] DriverManagerDataSource - Loaded JDBC driver: com.microsoft.sqlserver.jdbc.SQLServerDriver
[INFO ] 2020-05-20 12:12:18.697 [main] DBUtil - ConnectionString::jdbc:sqlserver://206.19.38.4;databaseName=SIT_HISTree_TestingAuto;instance=MSSQLSERVER;domain=null
[INFO ] 2020-05-20 12:12:18.697 [main] DBUtil - QUERY TRIGGERED IS select top 1 Name from M_QUALIFICATION where Deleted=0

[INFO ] 2020-05-20 12:12:18.759 [main] DriverManagerDataSource - Loaded JDBC driver: com.microsoft.sqlserver.jdbc.SQLServerDriver
[INFO ] 2020-05-20 12:12:18.759 [main] DBUtil - ConnectionString::jdbc:sqlserver://206.19.38.4;databaseName=SIT_HISTree_TestingAuto;instance=MSSQLSERVER;domain=null
[INFO ] 2020-05-20 12:12:18.759 [main] DBUtil - QUERY TRIGGERED IS select top 1 Name from m_SourceOfInfo where Deleted=0

[INFO ] 2020-05-20 12:12:18.853 [main] DriverManagerDataSource - Loaded JDBC driver: com.microsoft.sqlserver.jdbc.SQLServerDriver
[INFO ] 2020-05-20 12:12:18.853 [main] DBUtil - ConnectionString::jdbc:sqlserver://206.19.38.4;databaseName=SIT_HISTree_TestingAuto;instance=MSSQLSERVER;domain=null
[INFO ] 2020-05-20 12:12:18.853 [main] DBUtil - QUERY TRIGGERED IS select top 1 NAME from m_city where deleted=0

[INFO ] 2020-05-20 12:12:18.915 [main] DriverManagerDataSource - Loaded JDBC driver: com.microsoft.sqlserver.jdbc.SQLServerDriver
[INFO ] 2020-05-20 12:12:18.915 [main] DBUtil - ConnectionString::jdbc:sqlserver://206.19.38.4;databaseName=SIT_HISTree_TestingAuto;instance=MSSQLSERVER;domain=null
[INFO ] 2020-05-20 12:12:18.915 [main] DBUtil - QUERY TRIGGERED IS select top 1 NAME from m_city where deleted=0

[INFO ] 2020-05-20 12:12:18.993 [main] TestListner - 
******************************************************************************************************************************
					TEST CASE NAME:                  frontOfficeBillingMergeDuplicatesTestCase
******************************************************************************************************************************
[INFO ] 2020-05-20 12:12:19.266 [main] TTWebsiteDriver - wait started for By.id: btnLogin
[INFO ] 2020-05-20 12:12:19.290 [main] TTWebsiteDriver - wait over,element found
[INFO ] 2020-05-20 12:12:20.308 [main] TTWebsiteDriver - quick wait started for By.id: btnLogin
[INFO ] 2020-05-20 12:12:20.357 [main] TTWebsiteDriver - wait over,element found
[INFO ] 2020-05-20 12:12:20.567 [main] TTWebsiteDriver - wait started for By.xpath: //a[@id='btnYesAlreadyLogedinPopup']
[INFO ] 2020-05-20 12:12:20.607 [main] TTWebsiteDriver - wait over,element found
[INFO ] 2020-05-20 12:12:21.623 [main] TTWebsiteDriver - quick wait started for By.xpath: //a[@id='btnYesAlreadyLogedinPopup']
[INFO ] 2020-05-20 12:12:21.671 [main] TTWebsiteDriver - wait over,element found
[INFO ] 2020-05-20 12:12:22.310 [main] HISHomePage - User has been logged in to HIS Portal
[INFO ] 2020-05-20 12:12:22.310 [main] TTWebsiteDriver - wait started for By.xpath: //span[contains(text(),'Front Office')]//ancestor::a
[INFO ] 2020-05-20 12:12:22.338 [main] TTWebsiteDriver - wait over,element found
[INFO ] 2020-05-20 12:12:23.570 [main] HISHomePage - Front Office Icon Clicked
[INFO ] 2020-05-20 12:12:27.692 [main] HISHomePage - Following Station has been selected from Station Dropdown : Front Office
[INFO ] 2020-05-20 12:12:27.692 [main] TTWebsiteDriver - wait started for By.id: btn_yes_desh
[INFO ] 2020-05-20 12:12:27.725 [main] TTWebsiteDriver - wait over,element found
[INFO ] 2020-05-20 12:12:28.770 [main] TTWebsiteDriver - quick wait started for By.id: btn_yes_desh
[INFO ] 2020-05-20 12:12:28.802 [main] TTWebsiteDriver - wait over,element found
[INFO ] 2020-05-20 12:12:29.457 [main] HISHomePage - YES has been clicked from Station Dropdown
[INFO ] 2020-05-20 12:12:29.458 [main] TTWebsiteDriver - wait started for By.xpath: //li[@id='FOAddPatientMenu']//i[2]
[INFO ] 2020-05-20 12:12:29.481 [main] TTWebsiteDriver - wait over,element found
[INFO ] 2020-05-20 12:12:30.486 [main] TTWebsiteDriver - wait started for By.xpath: //li[@id='FOAddPatientMenu']//i[2]
[INFO ] 2020-05-20 12:12:30.534 [main] TTWebsiteDriver - wait over,element found
[INFO ] 2020-05-20 12:12:31.564 [main] TTWebsiteDriver - quick wait started for By.xpath: //li[@id='FOAddPatientMenu']//i[2]
[INFO ] 2020-05-20 12:12:31.611 [main] TTWebsiteDriver - wait over,element found
[INFO ] 2020-05-20 12:12:31.741 [main] FrontOfficeHomePage - Add Patient Section is Expanded
[INFO ] 2020-05-20 12:12:40.306 [main] FrontOfficeHomePage - Following Option has been selected from Add Patient Section Patient Registration
[INFO ] 2020-05-20 12:12:40.306 [main] TTWebsiteDriver - Waiting For Page load via JS
[INFO ] 2020-05-20 12:12:58.595 [main] PatientRegistrationPage - Following Title has been selected from Title Dropdown : New Delhi
[INFO ] 2020-05-20 12:12:58.596 [main] TTWebsiteDriver - wait started for By.id: firstName
[INFO ] 2020-05-20 12:12:58.618 [main] TTWebsiteDriver - wait over,element found
[INFO ] 2020-05-20 12:13:00.178 [main] PatientRegistrationPage - First Name has been added as : Automation
[INFO ] 2020-05-20 12:13:00.178 [main] TTWebsiteDriver - wait started for By.id: middleName
[INFO ] 2020-05-20 12:13:00.198 [main] TTWebsiteDriver - wait over,element found
[INFO ] 2020-05-20 12:13:01.504 [main] PatientRegistrationPage - Middle Name has been added as : Test
[INFO ] 2020-05-20 12:13:01.505 [main] TTWebsiteDriver - wait started for By.id: lastName
[INFO ] 2020-05-20 12:13:01.525 [main] TTWebsiteDriver - wait over,element found
[INFO ] 2020-05-20 12:13:02.836 [main] PatientRegistrationPage - Last Name has been added as : User
[INFO ] 2020-05-20 12:13:02.836 [main] TTWebsiteDriver - wait started for By.id: gender
[INFO ] 2020-05-20 12:13:02.872 [main] TTWebsiteDriver - wait over,element found
[INFO ] 2020-05-20 12:13:04.002 [main] PatientRegistrationPage - Following Gender has been selected from Gender Dropdown : Male
[INFO ] 2020-05-20 12:13:04.002 [main] TTWebsiteDriver - wait started for By.id: dob
[INFO ] 2020-05-20 12:13:04.034 [main] TTWebsiteDriver - wait over,element found
[INFO ] 2020-05-20 12:13:05.767 [main] PatientRegistrationPage - Following DOB has been added : 15-12-1991
[INFO ] 2020-05-20 12:13:13.840 [main] TTWebsiteDriver - wait started for By.id: chkA
[INFO ] 2020-05-20 12:13:13.903 [main] TTWebsiteDriver - wait over,element found
[INFO ] 2020-05-20 12:13:15.012 [main] TTWebsiteDriver - wait started for By.id: age
[INFO ] 2020-05-20 12:13:15.062 [main] TTWebsiteDriver - wait over,element found
[INFO ] 2020-05-20 12:13:16.360 [main] PatientRegistrationPage - Following Age has been added : 65
[INFO ] 2020-05-20 12:13:16.360 [main] TTWebsiteDriver - wait started for By.id: mStatus
[INFO ] 2020-05-20 12:13:16.380 [main] TTWebsiteDriver - wait over,element found
[INFO ] 2020-05-20 12:13:17.607 [main] PatientRegistrationPage - Following MArtial Status has been selected from MArtial Status  Dropdown : Single
[INFO ] 2020-05-20 12:13:17.607 [main] TTWebsiteDriver - wait started for By.id: motherName
[INFO ] 2020-05-20 12:13:17.629 [main] TTWebsiteDriver - wait over,element found
[INFO ] 2020-05-20 12:13:19.604 [main] PatientRegistrationPage - Following Mother Maiden Name Has been Added: Automation Test Mother
[INFO ] 2020-05-20 12:13:19.604 [main] TTWebsiteDriver - wait started for By.id: relName
[INFO ] 2020-05-20 12:13:19.627 [main] TTWebsiteDriver - wait over,element found
[INFO ] 2020-05-20 12:13:21.512 [main] PatientRegistrationPage - Following Fathers Name Has been Added: AutomationFather@123 
[INFO ] 2020-05-20 12:13:21.513 [main] TTWebsiteDriver - wait started for By.id: nationality
[INFO ] 2020-05-20 12:13:21.538 [main] TTWebsiteDriver - wait over,element found
[INFO ] 2020-05-20 12:13:22.666 [main] PatientRegistrationPage - Following Nationality has been selected from Nationality Dropdown : Indian
[INFO ] 2020-05-20 12:13:24.788 [main] PatientRegistrationPage - VIP Checkbox has been selected and Data has been added to VIP Text Box
[INFO ] 2020-05-20 12:13:25.181 [main] PatientRegistrationPage - Remarks Checkbox has been selected and Data has been added to Remarks Text Box
[INFO ] 2020-05-20 12:13:25.212 [main] PatientRegistrationPage - NRI Checkbox has been selected
[INFO ] 2020-05-20 12:13:25.297 [main] PatientRegistrationPage - ID Card Drop down is enabled
[INFO ] 2020-05-20 12:13:25.297 [main] TTWebsiteDriver - wait started for By.id: cardType
[INFO ] 2020-05-20 12:13:25.316 [main] TTWebsiteDriver - wait over,element found
[INFO ] 2020-05-20 12:13:26.564 [main] PatientRegistrationPage - Following ID Card has been selected from ID Card Dropdown : Passport Number
[INFO ] 2020-05-20 12:13:26.817 [main] PatientRegistrationPage - Following National ID has been added : 12345
[INFO ] 2020-05-20 12:13:27.430 [main] PatientRegistrationPage - Following TELEPHONE NO has been added in TELEPHONE No Text Box : 1234567891011123
[INFO ] 2020-05-20 12:13:27.857 [main] PatientRegistrationPage - Following MOBILE NO has been added : 1234567890
[INFO ] 2020-05-20 12:13:28.772 [main] PatientRegistrationPage - Following house Number has been added Automation Test Address
[INFO ] 2020-05-20 12:13:28.773 [main] TTWebsiteDriver - wait started for By.id: city
[INFO ] 2020-05-20 12:13:28.788 [main] TTWebsiteDriver - wait over,element found
[INFO ] 2020-05-20 12:13:30.121 [main] PatientRegistrationPage - Following City  has been selected from City Dropdown : New Delhi
[INFO ] 2020-05-20 12:13:42.009 [main] PatientRegistrationPage - Following City has been addedTest City5349Following District has been selected
[INFO ] 2020-05-20 12:13:42.009 [main] TTWebsiteDriver - wait started for By.id: addlocal
[INFO ] 2020-05-20 12:13:42.623 [main] TTWebsiteDriver - wait over,element found
[INFO ] 2020-05-20 12:13:43.910 [main] TTWebsiteDriver - wait started for By.id: local
[INFO ] 2020-05-20 12:13:43.930 [main] TTWebsiteDriver - wait over,element found
[INFO ] 2020-05-20 12:13:54.411 [main] PatientRegistrationPage - Follwoing Locality has been added: Test local1104Following City has been selected: SaharanpurFollowing Pin Code has been added: 247001
[INFO ] 2020-05-20 12:13:54.411 [main] TTWebsiteDriver - wait started for By.id: emailID
[INFO ] 2020-05-20 12:13:54.544 [main] TTWebsiteDriver - wait over,element found
[INFO ] 2020-05-20 12:13:56.873 [main] PatientRegistrationPage - Following email has been added: test@automation.com
[INFO ] 2020-05-20 12:13:57.203 [main] PatientRegistrationPage - Following Reffered By has been added: Self
[INFO ] 2020-05-20 12:13:57.203 [main] TTWebsiteDriver - wait started for By.id: lang
[INFO ] 2020-05-20 12:13:57.222 [main] TTWebsiteDriver - wait over,element found
[INFO ] 2020-05-20 12:13:58.453 [main] PatientRegistrationPage - Following language  has been selected from language Dropdown : English
[INFO ] 2020-05-20 12:13:58.453 [main] TTWebsiteDriver - wait started for By.id: occupation
[INFO ] 2020-05-20 12:13:58.478 [main] TTWebsiteDriver - wait over,element found
[INFO ] 2020-05-20 12:13:59.721 [main] PatientRegistrationPage - Following occupation  has been selected from occupation Dropdown : Student
[INFO ] 2020-05-20 12:13:59.721 [main] TTWebsiteDriver - wait started for By.id: qualification
[INFO ] 2020-05-20 12:13:59.737 [main] TTWebsiteDriver - wait over,element found
[INFO ] 2020-05-20 12:14:01.000 [main] PatientRegistrationPage - Following qualification  has been selected from qualification Dropdown : Ph.D
[INFO ] 2020-05-20 12:14:01.000 [main] TTWebsiteDriver - wait started for By.id: religion
[INFO ] 2020-05-20 12:14:01.020 [main] TTWebsiteDriver - wait over,element found
[INFO ] 2020-05-20 12:14:02.252 [main] PatientRegistrationPage - Following relegion  has been selected from relegion Dropdown : Hindu
[INFO ] 2020-05-20 12:14:02.252 [main] TTWebsiteDriver - wait started for By.id: sref
[INFO ] 2020-05-20 12:14:02.286 [main] TTWebsiteDriver - wait over,element found
[INFO ] 2020-05-20 12:14:03.474 [main] PatientRegistrationPage - Following refer  has been selected from refer Dropdown : News Paper
[INFO ] 2020-05-20 12:14:03.527 [main] PatientRegistrationPage - Financial Details Checkbox Checked
[INFO ] 2020-05-20 12:14:03.528 [main] TTWebsiteDriver - wait started for By.id: companytype
[INFO ] 2020-05-20 12:14:03.546 [main] TTWebsiteDriver - wait over,element found
[INFO ] 2020-05-20 12:14:04.765 [main] PatientRegistrationPage - Following compType  has been selected from compType Dropdown : Corporate
[INFO ] 2020-05-20 12:14:04.765 [main] TTWebsiteDriver - wait started for By.id: company
[INFO ] 2020-05-20 12:14:04.782 [main] TTWebsiteDriver - wait over,element found
[INFO ] 2020-05-20 12:14:06.005 [main] PatientRegistrationPage - Following comp has been selected from comp Dropdown: STATE BANK OF INDIA
[INFO ] 2020-05-20 12:14:06.005 [main] TTWebsiteDriver - wait started for By.id: rate
[INFO ] 2020-05-20 12:14:06.037 [main] TTWebsiteDriver - wait over,element found
[INFO ] 2020-05-20 12:14:07.224 [main] PatientRegistrationPage - Following Rate has been selected from Rate Dropdown: STATE BANK OF INDIA - (CGHS)
[INFO ] 2020-05-20 12:14:07.287 [main] PatientRegistrationPage - Scheme Checkbox Checked
[INFO ] 2020-05-20 12:14:07.287 [main] TTWebsiteDriver - wait started for By.id: scheme
[INFO ] 2020-05-20 12:14:07.332 [main] TTWebsiteDriver - wait over,element found
[INFO ] 2020-05-20 12:14:08.581 [main] PatientRegistrationPage - First Scheme has been selected from Scheme Dropdown
[INFO ] 2020-05-20 12:14:08.581 [main] TTWebsiteDriver - wait started for By.id: register
[INFO ] 2020-05-20 12:14:08.600 [main] TTWebsiteDriver - wait over,element found
[INFO ] 2020-05-20 12:14:09.694 [main] PatientRegistrationPage - Regsiter Icon Clicked
[INFO ] 2020-05-20 12:14:09.719 [main] TTWebsiteDriver - wait started for By.id: btnyesss
[INFO ] 2020-05-20 12:14:09.744 [main] TTWebsiteDriver - wait over,element found
[INFO ] 2020-05-20 12:14:20.899 [main] PatientRegistrationPage - Yes button clicked on Confirm Patient Details Popup
[INFO ] 2020-05-20 12:14:21.009 [main] PatientRegistrationPage - TEST US JHKJHKJHPSSH.260837

[INFO ] 2020-05-20 12:14:21.009 [main] TTWebsiteDriver - wait started for By.xpath: //div[@class='popup-area']//div[@class='modal-block-new']//a[contains(text(),'No')]
[INFO ] 2020-05-20 12:14:21.072 [main] TTWebsiteDriver - wait over,element found
[INFO ] 2020-05-20 12:14:22.101 [main] TTWebsiteDriver - wait started for By.xpath: //div[@class='popup-area']//div[@class='modal-block-new']//a[contains(text(),'No')]
[INFO ] 2020-05-20 12:14:22.165 [main] TTWebsiteDriver - wait over,element found
[INFO ] 2020-05-20 12:14:23.194 [main] TTWebsiteDriver - quick wait started for By.xpath: //div[@class='popup-area']//div[@class='modal-block-new']//a[contains(text(),'No')]
[INFO ] 2020-05-20 12:14:23.273 [main] TTWebsiteDriver - wait over,element found
[INFO ] 2020-05-20 12:14:23.508 [main] TTWebsiteDriver - Waiting For Page load via JS
[INFO ] 2020-05-20 12:14:23.516 [main] PatientRegistrationPage - REGISTERED SUCCESSFULLY POPUP No Button Clicked
[INFO ] 2020-05-20 12:14:23.517 [main] TTWebsiteDriver - wait started for By.xpath: //i[@class='fa fa-bars']
[INFO ] 2020-05-20 12:14:23.554 [main] TTWebsiteDriver - wait over,element found
[INFO ] 2020-05-20 12:14:24.662 [main] HISWebsiteBasePage - Menu Clicked
[INFO ] 2020-05-20 12:14:28.672 [main] TTWebsiteDriver - wait started for By.xpath: //li[@id='FOAddPatientMenu']//i[2]
[INFO ] 2020-05-20 12:14:28.751 [main] TTWebsiteDriver - wait over,element found
[INFO ] 2020-05-20 12:14:29.780 [main] TTWebsiteDriver - wait started for By.xpath: //li[@id='FOAddPatientMenu']//i[2]
[INFO ] 2020-05-20 12:14:29.844 [main] TTWebsiteDriver - wait over,element found
[INFO ] 2020-05-20 12:14:30.873 [main] TTWebsiteDriver - quick wait started for By.xpath: //li[@id='FOAddPatientMenu']//i[2]
[INFO ] 2020-05-20 12:14:30.937 [main] TTWebsiteDriver - wait over,element found
[INFO ] 2020-05-20 12:14:31.062 [main] FrontOfficeHomePage - Add Patient Section is Expanded
[INFO ] 2020-05-20 12:14:39.983 [main] FrontOfficeHomePage - Following Option has been selected from Add Patient Section Patient Registration
[INFO ] 2020-05-20 12:14:39.983 [main] TTWebsiteDriver - Waiting For Page load via JS
[INFO ] 2020-05-20 12:14:58.273 [main] PatientRegistrationPage - Following Title has been selected from Title Dropdown : New Delhi
[INFO ] 2020-05-20 12:14:58.273 [main] TTWebsiteDriver - wait started for By.id: firstName
[INFO ] 2020-05-20 12:14:58.290 [main] TTWebsiteDriver - wait over,element found
[INFO ] 2020-05-20 12:14:59.837 [main] PatientRegistrationPage - First Name has been added as : Automation
[INFO ] 2020-05-20 12:14:59.837 [main] TTWebsiteDriver - wait started for By.id: middleName
[INFO ] 2020-05-20 12:14:59.857 [main] TTWebsiteDriver - wait over,element found
[INFO ] 2020-05-20 12:15:01.163 [main] PatientRegistrationPage - Middle Name has been added as : Test
[INFO ] 2020-05-20 12:15:01.163 [main] TTWebsiteDriver - wait started for By.id: lastName
[INFO ] 2020-05-20 12:15:01.179 [main] TTWebsiteDriver - wait over,element found
[INFO ] 2020-05-20 12:15:02.484 [main] PatientRegistrationPage - Last Name has been added as : User
[INFO ] 2020-05-20 12:15:02.485 [main] TTWebsiteDriver - wait started for By.id: gender
[INFO ] 2020-05-20 12:15:02.500 [main] TTWebsiteDriver - wait over,element found
[INFO ] 2020-05-20 12:15:03.634 [main] PatientRegistrationPage - Following Gender has been selected from Gender Dropdown : Male
[INFO ] 2020-05-20 12:15:03.634 [main] TTWebsiteDriver - wait started for By.id: dob
[INFO ] 2020-05-20 12:15:03.697 [main] TTWebsiteDriver - wait over,element found
[INFO ] 2020-05-20 12:15:05.460 [main] PatientRegistrationPage - Following DOB has been added : 15-12-1991
[INFO ] 2020-05-20 12:15:13.523 [main] TTWebsiteDriver - wait started for By.id: chkA
[INFO ] 2020-05-20 12:15:13.586 [main] TTWebsiteDriver - wait over,element found
[INFO ] 2020-05-20 12:15:14.678 [main] TTWebsiteDriver - wait started for By.id: age
[INFO ] 2020-05-20 12:15:14.714 [main] TTWebsiteDriver - wait over,element found
[INFO ] 2020-05-20 12:15:15.979 [main] PatientRegistrationPage - Following Age has been added : 65
[INFO ] 2020-05-20 12:15:15.979 [main] TTWebsiteDriver - wait started for By.id: mStatus
[INFO ] 2020-05-20 12:15:15.996 [main] TTWebsiteDriver - wait over,element found
[INFO ] 2020-05-20 12:15:17.254 [main] PatientRegistrationPage - Following MArtial Status has been selected from MArtial Status  Dropdown : Single
[INFO ] 2020-05-20 12:15:17.254 [main] TTWebsiteDriver - wait started for By.id: motherName
[INFO ] 2020-05-20 12:15:17.275 [main] TTWebsiteDriver - wait over,element found
[INFO ] 2020-05-20 12:15:19.202 [main] PatientRegistrationPage - Following Mother Maiden Name Has been Added: Automation Test Mother
[INFO ] 2020-05-20 12:15:19.202 [main] TTWebsiteDriver - wait started for By.id: relName
[INFO ] 2020-05-20 12:15:19.220 [main] TTWebsiteDriver - wait over,element found
[INFO ] 2020-05-20 12:15:21.112 [main] PatientRegistrationPage - Following Fathers Name Has been Added: AutomationFather@123 
[INFO ] 2020-05-20 12:15:21.113 [main] TTWebsiteDriver - wait started for By.id: nationality
[INFO ] 2020-05-20 12:15:21.129 [main] TTWebsiteDriver - wait over,element found
[INFO ] 2020-05-20 12:15:22.265 [main] PatientRegistrationPage - Following Nationality has been selected from Nationality Dropdown : Indian
[INFO ] 2020-05-20 12:15:24.455 [main] PatientRegistrationPage - VIP Checkbox has been selected and Data has been added to VIP Text Box
[INFO ] 2020-05-20 12:15:24.784 [main] PatientRegistrationPage - Remarks Checkbox has been selected and Data has been added to Remarks Text Box
[INFO ] 2020-05-20 12:15:24.811 [main] PatientRegistrationPage - NRI Checkbox has been selected
[INFO ] 2020-05-20 12:15:24.910 [main] PatientRegistrationPage - ID Card Drop down is enabled
[INFO ] 2020-05-20 12:15:24.910 [main] TTWebsiteDriver - wait started for By.id: cardType
[INFO ] 2020-05-20 12:15:24.930 [main] TTWebsiteDriver - wait over,element found
[INFO ] 2020-05-20 12:15:26.135 [main] PatientRegistrationPage - Following ID Card has been selected from ID Card Dropdown : Passport Number
[INFO ] 2020-05-20 12:15:26.397 [main] PatientRegistrationPage - Following National ID has been added : 12345
[INFO ] 2020-05-20 12:15:27.003 [main] PatientRegistrationPage - Following TELEPHONE NO has been added in TELEPHONE No Text Box : 1234567891011123
[INFO ] 2020-05-20 12:15:27.448 [main] PatientRegistrationPage - Following MOBILE NO has been added : 1234567890
[INFO ] 2020-05-20 12:15:28.350 [main] PatientRegistrationPage - Following house Number has been added Automation Test Address
[INFO ] 2020-05-20 12:15:28.350 [main] TTWebsiteDriver - wait started for By.id: city
[INFO ] 2020-05-20 12:15:28.367 [main] TTWebsiteDriver - wait over,element found
[INFO ] 2020-05-20 12:15:29.647 [main] PatientRegistrationPage - Following City  has been selected from City Dropdown : New Delhi
[INFO ] 2020-05-20 12:15:41.708 [main] PatientRegistrationPage - Following City has been addedTest City8195Following District has been selected
[INFO ] 2020-05-20 12:15:41.708 [main] TTWebsiteDriver - wait started for By.id: addlocal
[INFO ] 2020-05-20 12:15:42.292 [main] TTWebsiteDriver - wait over,element found
[INFO ] 2020-05-20 12:15:43.579 [main] TTWebsiteDriver - wait started for By.id: local
[INFO ] 2020-05-20 12:15:43.598 [main] TTWebsiteDriver - wait over,element found
[INFO ] 2020-05-20 12:15:54.051 [main] PatientRegistrationPage - Follwoing Locality has been added: Test local7921Following City has been selected: SaharanpurFollowing Pin Code has been added: 247001
[INFO ] 2020-05-20 12:15:54.051 [main] TTWebsiteDriver - wait started for By.id: emailID
[INFO ] 2020-05-20 12:15:54.159 [main] TTWebsiteDriver - wait over,element found
[INFO ] 2020-05-20 12:15:56.466 [main] PatientRegistrationPage - Following email has been added: test@automation.com
[INFO ] 2020-05-20 12:15:56.792 [main] PatientRegistrationPage - Following Reffered By has been added: Self
[INFO ] 2020-05-20 12:15:56.793 [main] TTWebsiteDriver - wait started for By.id: lang
[INFO ] 2020-05-20 12:15:56.811 [main] TTWebsiteDriver - wait over,element found
[INFO ] 2020-05-20 12:15:58.051 [main] PatientRegistrationPage - Following language  has been selected from language Dropdown : English
[INFO ] 2020-05-20 12:15:58.051 [main] TTWebsiteDriver - wait started for By.id: occupation
[INFO ] 2020-05-20 12:15:58.074 [main] TTWebsiteDriver - wait over,element found
[INFO ] 2020-05-20 12:15:59.306 [main] PatientRegistrationPage - Following occupation  has been selected from occupation Dropdown : Student
[INFO ] 2020-05-20 12:15:59.306 [main] TTWebsiteDriver - wait started for By.id: qualification
[INFO ] 2020-05-20 12:15:59.320 [main] TTWebsiteDriver - wait over,element found
[INFO ] 2020-05-20 12:16:00.572 [main] PatientRegistrationPage - Following qualification  has been selected from qualification Dropdown : Ph.D
[INFO ] 2020-05-20 12:16:00.572 [main] TTWebsiteDriver - wait started for By.id: religion
[INFO ] 2020-05-20 12:16:00.586 [main] TTWebsiteDriver - wait over,element found
[INFO ] 2020-05-20 12:16:01.819 [main] PatientRegistrationPage - Following relegion  has been selected from relegion Dropdown : Hindu
[INFO ] 2020-05-20 12:16:01.819 [main] TTWebsiteDriver - wait started for By.id: sref
[INFO ] 2020-05-20 12:16:01.850 [main] TTWebsiteDriver - wait over,element found
[INFO ] 2020-05-20 12:16:03.039 [main] PatientRegistrationPage - Following refer  has been selected from refer Dropdown : News Paper
[INFO ] 2020-05-20 12:16:03.085 [main] PatientRegistrationPage - Financial Details Checkbox Checked
[INFO ] 2020-05-20 12:16:03.085 [main] TTWebsiteDriver - wait started for By.id: companytype
[INFO ] 2020-05-20 12:16:03.118 [main] TTWebsiteDriver - wait over,element found
[INFO ] 2020-05-20 12:16:04.417 [main] PatientRegistrationPage - Following compType  has been selected from compType Dropdown : Corporate
[INFO ] 2020-05-20 12:16:04.417 [main] TTWebsiteDriver - wait started for By.id: company
[INFO ] 2020-05-20 12:16:04.467 [main] TTWebsiteDriver - wait over,element found
[INFO ] 2020-05-20 12:16:05.669 [main] PatientRegistrationPage - Following comp has been selected from comp Dropdown: STATE BANK OF INDIA
[INFO ] 2020-05-20 12:16:05.669 [main] TTWebsiteDriver - wait started for By.id: rate
[INFO ] 2020-05-20 12:16:05.701 [main] TTWebsiteDriver - wait over,element found
[INFO ] 2020-05-20 12:16:06.842 [main] PatientRegistrationPage - Following Rate has been selected from Rate Dropdown: STATE BANK OF INDIA - (CGHS)
[INFO ] 2020-05-20 12:16:06.875 [main] PatientRegistrationPage - Scheme Checkbox Checked
[INFO ] 2020-05-20 12:16:06.875 [main] TTWebsiteDriver - wait started for By.id: scheme
[INFO ] 2020-05-20 12:16:06.921 [main] TTWebsiteDriver - wait over,element found
[INFO ] 2020-05-20 12:16:08.155 [main] PatientRegistrationPage - First Scheme has been selected from Scheme Dropdown
[INFO ] 2020-05-20 12:16:08.155 [main] TTWebsiteDriver - wait started for By.id: register
[INFO ] 2020-05-20 12:16:08.173 [main] TTWebsiteDriver - wait over,element found
[INFO ] 2020-05-20 12:16:09.265 [main] PatientRegistrationPage - Regsiter Icon Clicked
[INFO ] 2020-05-20 12:16:09.315 [main] TTWebsiteDriver - wait started for By.id: btnyesss
[INFO ] 2020-05-20 12:16:09.348 [main] TTWebsiteDriver - wait over,element found
[INFO ] 2020-05-20 12:16:20.512 [main] PatientRegistrationPage - Yes button clicked on Confirm Patient Details Popup
[INFO ] 2020-05-20 12:16:20.622 [main] PatientRegistrationPage - TEST US JHKJHKJHPSSH.260838

[INFO ] 2020-05-20 12:16:20.622 [main] TTWebsiteDriver - wait started for By.xpath: //div[@class='popup-area']//div[@class='modal-block-new']//a[contains(text(),'No')]
[INFO ] 2020-05-20 12:16:20.685 [main] TTWebsiteDriver - wait over,element found
[INFO ] 2020-05-20 12:16:21.714 [main] TTWebsiteDriver - wait started for By.xpath: //div[@class='popup-area']//div[@class='modal-block-new']//a[contains(text(),'No')]
[INFO ] 2020-05-20 12:16:21.778 [main] TTWebsiteDriver - wait over,element found
[INFO ] 2020-05-20 12:16:22.807 [main] TTWebsiteDriver - quick wait started for By.xpath: //div[@class='popup-area']//div[@class='modal-block-new']//a[contains(text(),'No')]
[INFO ] 2020-05-20 12:16:22.871 [main] TTWebsiteDriver - wait over,element found
[INFO ] 2020-05-20 12:16:23.123 [main] TTWebsiteDriver - Waiting For Page load via JS
[INFO ] 2020-05-20 12:16:23.132 [main] PatientRegistrationPage - REGISTERED SUCCESSFULLY POPUP No Button Clicked
[INFO ] 2020-05-20 12:16:23.133 [main] TTWebsiteDriver - wait started for By.xpath: //i[@class='fa fa-bars']
[INFO ] 2020-05-20 12:16:23.169 [main] TTWebsiteDriver - wait over,element found
[INFO ] 2020-05-20 12:16:24.277 [main] HISWebsiteBasePage - Menu Clicked
[INFO ] 2020-05-20 12:16:28.287 [main] TTWebsiteDriver - wait started for By.xpath: //li[@id='FOAddPatientMenu']//i[2]
[INFO ] 2020-05-20 12:16:28.382 [main] TTWebsiteDriver - wait over,element found
[INFO ] 2020-05-20 12:16:29.411 [main] TTWebsiteDriver - wait started for By.xpath: //li[@id='FOAddPatientMenu']//i[2]
[INFO ] 2020-05-20 12:16:29.490 [main] TTWebsiteDriver - wait over,element found
[INFO ] 2020-05-20 12:16:30.511 [main] TTWebsiteDriver - quick wait started for By.xpath: //li[@id='FOAddPatientMenu']//i[2]
[INFO ] 2020-05-20 12:16:30.590 [main] TTWebsiteDriver - wait over,element found
[INFO ] 2020-05-20 12:16:30.731 [main] FrontOfficeHomePage - Add Patient Section is Expanded
[INFO ] 2020-05-20 12:16:37.297 [main] FrontOfficeHomePage - Following Option has been selected from Add Patient Section Merge Duplicates
[INFO ] 2020-05-20 12:16:37.297 [main] TTWebsiteDriver - Waiting For Page load via JS
[INFO ] 2020-05-20 12:16:55.316 [main] TTWebsiteDriver - wait started for By.id: firstaname_mearge
[INFO ] 2020-05-20 12:16:55.380 [main] TTWebsiteDriver - wait over,element found
[INFO ] 2020-05-20 12:16:56.630 [main] MergeAndUnmergeDuplicatePage - Following First Name has been added Automation
[INFO ] 2020-05-20 12:16:56.630 [main] TTWebsiteDriver - wait started for By.xpath: //td[contains(text(),'PSSH.260837')]//preceding::input[@type='radio'][1]
[INFO ] 2020-05-20 12:17:00.389 [main] TTWebsiteDriver - wait over,element found
[INFO ] 2020-05-20 12:17:01.465 [main] TTWebsiteDriver - wait started for By.xpath: //td[contains(text(),'PSSH.260838')]//preceding::input[@type='checkbox'][1]
[INFO ] 2020-05-20 12:17:01.565 [main] TTWebsiteDriver - wait over,element found
[INFO ] 2020-05-20 12:17:02.687 [main] TTWebsiteDriver - wait started for By.xpath: //a[@id='save_merge']//i[@class='fa fa-male']
[INFO ] 2020-05-20 12:17:02.735 [main] TTWebsiteDriver - wait over,element found
[INFO ] 2020-05-20 12:17:03.753 [main] TTWebsiteDriver - quick wait started for By.xpath: //a[@id='save_merge']//i[@class='fa fa-male']
[INFO ] 2020-05-20 12:17:03.817 [main] TTWebsiteDriver - wait over,element found
[INFO ] 2020-05-20 12:17:04.063 [main] MergeAndUnmergeDuplicatePage - Merge Button Clicked
[INFO ] 2020-05-20 12:17:04.064 [main] TTWebsiteDriver - wait started for By.xpath: //i[@class='fa fa-bars']
[INFO ] 2020-05-20 12:17:04.560 [main] TTWebsiteDriver - wait over,element found
[INFO ] 2020-05-20 12:17:05.614 [main] HISWebsiteBasePage - Menu Clicked
[INFO ] 2020-05-20 12:17:09.621 [main] TTWebsiteDriver - wait started for By.xpath: //a[contains(text(),'Billing')]//i[@class='fa fa-caret-down']
[INFO ] 2020-05-20 12:17:09.684 [main] TTWebsiteDriver - wait over,element found
[INFO ] 2020-05-20 12:17:10.714 [main] TTWebsiteDriver - wait started for By.xpath: //a[contains(text(),'Billing')]//i[@class='fa fa-caret-down']
[INFO ] 2020-05-20 12:17:10.746 [main] TTWebsiteDriver - wait over,element found
[INFO ] 2020-05-20 12:17:11.791 [main] TTWebsiteDriver - quick wait started for By.xpath: //a[contains(text(),'Billing')]//i[@class='fa fa-caret-down']
[INFO ] 2020-05-20 12:17:11.839 [main] TTWebsiteDriver - wait over,element found
[INFO ] 2020-05-20 12:17:11.964 [main] FrontOfficeHomePage - Billing Section is Expanded
[INFO ] 2020-05-20 12:17:19.668 [main] FrontOfficeHomePage - Following Option has been selected from Billing Section Billing
[INFO ] 2020-05-20 12:17:19.668 [main] TTWebsiteDriver - Waiting For Page load via JS
[INFO ] 2020-05-20 12:17:37.701 [main] TTWebsiteDriver - wait started for By.id: uHid
[INFO ] 2020-05-20 12:17:37.764 [main] TTWebsiteDriver - wait over,element found
[INFO ] 2020-05-20 12:17:43.543 [main] PatientRegistrationPage - Following UHID has been searched from Search BoxPSSH.260837
[INFO ] 2020-05-20 12:17:58.678 [main] TTWebsiteDriver - wait started for By.xpath: //a[@id='schemeRemarksPopupClose']
[INFO ] 2020-05-20 12:17:58.710 [main] TTWebsiteDriver - wait over,element found
[INFO ] 2020-05-20 12:17:59.739 [main] TTWebsiteDriver - wait started for By.xpath: //a[@id='schemeRemarksPopupClose']
[INFO ] 2020-05-20 12:17:59.787 [main] TTWebsiteDriver - wait over,element found
[INFO ] 2020-05-20 12:18:00.817 [main] TTWebsiteDriver - quick wait started for By.xpath: //a[@id='schemeRemarksPopupClose']
[INFO ] 2020-05-20 12:18:00.865 [main] TTWebsiteDriver - wait over,element found
[INFO ] 2020-05-20 12:18:07.132 [main] TTWebsiteDriver - wait started for By.xpath: //div[@class='modal-block-new top30']//i[@class='fa fa-save']
[INFO ] 2020-05-20 12:18:07.211 [main] TTWebsiteDriver - wait over,element found
[INFO ] 2020-05-20 12:18:08.350 [main] BillingPage - Save Button On Document Checklist popup Clicked
[INFO ] 2020-05-20 12:18:10.350 [main] TTWebsiteDriver - wait started for By.xpath: //span[@id='modelclose123']//i
[INFO ] 2020-05-20 12:18:14.471 [main] TTWebsiteDriver - waiting...
[INFO ] 2020-05-20 12:18:18.559 [main] TTWebsiteDriver - waiting...
[INFO ] 2020-05-20 12:18:22.648 [main] TTWebsiteDriver - waiting...
[INFO ] 2020-05-20 12:18:26.720 [main] TTWebsiteDriver - waiting...
[INFO ] 2020-05-20 12:18:30.808 [main] TTWebsiteDriver - waiting...
[INFO ] 2020-05-20 12:18:34.897 [main] TTWebsiteDriver - waiting...
[INFO ] 2020-05-20 12:18:38.969 [main] TTWebsiteDriver - waiting...
[INFO ] 2020-05-20 12:18:43.057 [main] TTWebsiteDriver - waiting...
[INFO ] 2020-05-20 12:18:47.130 [main] TTWebsiteDriver - waiting...
[INFO ] 2020-05-20 12:18:51.218 [main] TTWebsiteDriver - waiting...
[INFO ] 2020-05-20 12:18:51.218 [main] TTWebsiteDriver - ELEMENT NOT FOUND
[INFO ] 2020-05-20 12:18:54.376 [main] BillingPage - Check Box Unchecked on Scheme Details Popup
[INFO ] 2020-05-20 12:18:54.377 [main] TTWebsiteDriver - wait started for By.xpath: //a[@id='schemeclose']//i[@class='fa fa-times']
[INFO ] 2020-05-20 12:18:54.400 [main] TTWebsiteDriver - wait over,element found
[INFO ] 2020-05-20 12:18:55.607 [main] TTWebsiteDriver - wait started for By.xpath: //a[@id='schemeRemarksPopupClose']
[INFO ] 2020-05-20 12:18:55.639 [main] TTWebsiteDriver - wait over,element found
[INFO ] 2020-05-20 12:18:56.669 [main] TTWebsiteDriver - wait started for By.xpath: //a[@id='schemeRemarksPopupClose']
[INFO ] 2020-05-20 12:18:56.717 [main] TTWebsiteDriver - wait over,element found
[INFO ] 2020-05-20 12:18:57.746 [main] TTWebsiteDriver - quick wait started for By.xpath: //a[@id='schemeRemarksPopupClose']
[INFO ] 2020-05-20 12:18:57.794 [main] TTWebsiteDriver - wait over,element found
[INFO ] 2020-05-20 12:18:57.982 [main] TTWebsiteDriver - wait started for By.xpath: //span[@id='remarks_close']//i[@class='fa fa-times']
[INFO ] 2020-05-20 12:18:58.029 [main] TTWebsiteDriver - wait over,element found
[INFO ] 2020-05-20 12:18:59.137 [main] BillingPage - Remarks Popup Button Closed
[INFO ] 2020-05-20 12:18:59.137 [main] TTWebsiteDriver - wait started for By.xpath: //div[@class='user_sp_menu']//i[@class='fa fa-refresh']
[INFO ] 2020-05-20 12:18:59.173 [main] TTWebsiteDriver - wait over,element found
[INFO ] 2020-05-20 12:19:00.176 [main] TTWebsiteDriver - wait started for By.xpath: //div[@class='user_sp_menu']//i[@class='fa fa-refresh']
[INFO ] 2020-05-20 12:19:00.224 [main] TTWebsiteDriver - wait over,element found
[INFO ] 2020-05-20 12:19:01.254 [main] TTWebsiteDriver - quick wait started for By.xpath: //div[@class='user_sp_menu']//i[@class='fa fa-refresh']
[INFO ] 2020-05-20 12:19:01.302 [main] TTWebsiteDriver - wait over,element found
[INFO ] 2020-05-20 12:19:02.269 [main] BillingPage - Clear Button on Header Clicked
[INFO ] 2020-05-20 12:19:02.269 [main] TTWebsiteDriver - wait started for By.id: uHid
[INFO ] 2020-05-20 12:19:02.299 [main] TTWebsiteDriver - wait over,element found
[INFO ] 2020-05-20 12:19:07.833 [main] PatientRegistrationPage - Following UHID has been searched from Search BoxPSSH.260838
[INFO ] 2020-05-20 12:19:07.928 [main] BillingPage - Patient Mapped Popup is showing up
[INFO ] 2020-05-20 12:19:23.335 [main] TTWebsiteDriver - wait started for By.xpath: //a[@id='schemeRemarksPopupClose']
[INFO ] 2020-05-20 12:19:23.383 [main] TTWebsiteDriver - wait over,element found
[INFO ] 2020-05-20 12:19:24.413 [main] TTWebsiteDriver - wait started for By.xpath: //a[@id='schemeRemarksPopupClose']
[INFO ] 2020-05-20 12:19:24.460 [main] TTWebsiteDriver - wait over,element found
[INFO ] 2020-05-20 12:19:25.490 [main] TTWebsiteDriver - quick wait started for By.xpath: //a[@id='schemeRemarksPopupClose']
[INFO ] 2020-05-20 12:19:25.537 [main] TTWebsiteDriver - wait over,element found
[INFO ] 2020-05-20 12:19:31.815 [main] TTWebsiteDriver - wait started for By.xpath: //div[@class='modal-block-new top30']//i[@class='fa fa-save']
[INFO ] 2020-05-20 12:19:31.894 [main] TTWebsiteDriver - wait over,element found
[INFO ] 2020-05-20 12:19:33.032 [main] BillingPage - Save Button On Document Checklist popup Clicked
[INFO ] 2020-05-20 12:19:39.164 [main] TTWebsiteDriver - wait started for By.xpath: //div[@class='modal-block-new top30']//i[@class='fa fa-save']
[INFO ] 2020-05-20 12:19:39.227 [main] TTWebsiteDriver - wait over,element found
[INFO ] 2020-05-20 12:19:40.335 [main] BillingPage - Save Button On Document Checklist popup Clicked
[INFO ] 2020-05-20 12:19:42.349 [main] TTWebsiteDriver - wait started for By.xpath: //span[@id='modelclose123']//i
[INFO ] 2020-05-20 12:19:46.484 [main] TTWebsiteDriver - waiting...
[INFO ] 2020-05-20 12:19:50.557 [main] TTWebsiteDriver - waiting...
[INFO ] 2020-05-20 12:19:54.645 [main] TTWebsiteDriver - waiting...
[INFO ] 2020-05-20 12:19:58.717 [main] TTWebsiteDriver - waiting...
[INFO ] 2020-05-20 12:20:02.805 [main] TTWebsiteDriver - waiting...
[INFO ] 2020-05-20 12:20:06.896 [main] TTWebsiteDriver - waiting...
[INFO ] 2020-05-20 12:20:10.987 [main] TTWebsiteDriver - waiting...
[INFO ] 2020-05-20 12:20:15.075 [main] TTWebsiteDriver - waiting...
[INFO ] 2020-05-20 12:20:19.166 [main] TTWebsiteDriver - waiting...
[INFO ] 2020-05-20 12:20:23.239 [main] TTWebsiteDriver - waiting...
[INFO ] 2020-05-20 12:20:23.239 [main] TTWebsiteDriver - ELEMENT NOT FOUND
[INFO ] 2020-05-20 12:20:26.426 [main] BillingPage - Check Box Unchecked on Scheme Details Popup
[INFO ] 2020-05-20 12:20:26.426 [main] TTWebsiteDriver - wait started for By.xpath: //a[@id='schemeclose']//i[@class='fa fa-times']
[INFO ] 2020-05-20 12:20:26.448 [main] TTWebsiteDriver - wait over,element found
[INFO ] 2020-05-20 12:20:27.605 [main] TTWebsiteDriver - wait started for By.xpath: //a[@id='schemeRemarksPopupClose']
[INFO ] 2020-05-20 12:20:27.653 [main] TTWebsiteDriver - wait over,element found
[INFO ] 2020-05-20 12:20:28.682 [main] TTWebsiteDriver - wait started for By.xpath: //a[@id='schemeRemarksPopupClose']
[INFO ] 2020-05-20 12:20:28.730 [main] TTWebsiteDriver - wait over,element found
[INFO ] 2020-05-20 12:20:29.760 [main] TTWebsiteDriver - quick wait started for By.xpath: //a[@id='schemeRemarksPopupClose']
[INFO ] 2020-05-20 12:20:29.808 [main] TTWebsiteDriver - wait over,element found
[INFO ] 2020-05-20 12:20:29.980 [main] TTWebsiteDriver - wait started for By.xpath: //span[@id='remarks_close']//i[@class='fa fa-times']
[INFO ] 2020-05-20 12:20:30.011 [main] TTWebsiteDriver - wait over,element found
[INFO ] 2020-05-20 12:20:31.124 [main] BillingPage - Remarks Popup Button Closed
[INFO ] 2020-05-20 12:20:31.124 [main] TTWebsiteDriver - wait started for By.xpath: //select[@name='ddlspecialization']
[INFO ] 2020-05-20 12:20:31.161 [main] TTWebsiteDriver - wait over,element found
[INFO ] 2020-05-20 12:20:32.368 [main] BillingPage - Following speciality  has been selected from speciality Dropdown : Pathologist
[INFO ] 2020-05-20 12:20:32.368 [main] TTWebsiteDriver - wait started for By.xpath: //li[contains(text(),'Megha')]
[INFO ] 2020-05-20 12:20:32.396 [main] TTWebsiteDriver - wait over,element found
[INFO ] 2020-05-20 12:20:33.630 [main] BillingPage - Following Doctor Name has been Selected : Megha
[INFO ] 2020-05-20 12:20:48.699 [main] TTWebsiteDriver - wait started for By.xpath: //select[@name='ddlspecialization']
[INFO ] 2020-05-20 12:20:48.747 [main] TTWebsiteDriver - wait over,element found
[INFO ] 2020-05-20 12:20:49.998 [main] BillingPage - Following speciality  has been selected from speciality Dropdown : Cardiology
[INFO ] 2020-05-20 12:20:49.999 [main] TTWebsiteDriver - wait started for By.xpath: //li[contains(text(),'Deepak')]
[INFO ] 2020-05-20 12:20:50.026 [main] TTWebsiteDriver - wait over,element found
[INFO ] 2020-05-20 12:20:51.266 [main] BillingPage - Following Doctor Name has been Selected : Deepak
[INFO ] 2020-05-20 12:21:06.487 [main] BillingPage - Diagnostic Icon Clicked
[INFO ] 2020-05-20 12:21:08.098 [main] TTWebsiteDriver - wait started for By.xpath: //li[starts-with(@title,'24hrs Urinary Calcium')]
[INFO ] 2020-05-20 12:21:08.192 [main] TTWebsiteDriver - wait over,element found
[INFO ] 2020-05-20 12:21:11.436 [main] BillingPage - Following Test has been selcted 24hrs Urinary Calcium
[INFO ] 2020-05-20 12:21:11.480 [main] BillingPage - Price Not Defined Message is showing up
[INFO ] 2020-05-20 12:21:13.784 [main] TTWebsiteDriver - wait started for By.xpath: //li[starts-with(@title,'17-Hydroxycorticosteroids, 24hrs Urine')]
[INFO ] 2020-05-20 12:21:13.833 [main] TTWebsiteDriver - wait over,element found
[INFO ] 2020-05-20 12:21:17.077 [main] BillingPage - Following Test has been selcted 17-Hydroxycorticosteroids, 24hrs Urine
[INFO ] 2020-05-20 12:21:18.913 [main] TTWebsiteDriver - wait started for By.xpath: //li[starts-with(@title,'17-Ketosteroids, 24hrs Urine')]
[INFO ] 2020-05-20 12:21:18.961 [main] TTWebsiteDriver - wait over,element found
[INFO ] 2020-05-20 12:21:22.262 [main] BillingPage - Following Test has been selcted 17-Ketosteroids, 24hrs Urine
[INFO ] 2020-05-20 12:21:24.161 [main] TTWebsiteDriver - wait started for By.xpath: //li[starts-with(@title,'X-ray Dorso Lumbar Spine LAT')]
[INFO ] 2020-05-20 12:21:24.209 [main] TTWebsiteDriver - wait over,element found
[INFO ] 2020-05-20 12:21:27.480 [main] BillingPage - Following Test has been selcted X-ray Dorso Lumbar Spine LAT
[INFO ] 2020-05-20 12:21:29.026 [main] TTWebsiteDriver - wait started for By.xpath: //li[starts-with(@title,'X-ray Both Leg Skyline')]
[INFO ] 2020-05-20 12:21:29.074 [main] TTWebsiteDriver - wait over,element found
[INFO ] 2020-05-20 12:21:32.377 [main] BillingPage - Following Test has been selcted X-ray Both Leg Skyline
[INFO ] 2020-05-20 12:21:53.279 [main] TTWebsiteDriver - wait started for By.id: opbillmannual
[INFO ] 2020-05-20 12:21:53.342 [main] TTWebsiteDriver - wait over,element found
[INFO ] 2020-05-20 12:21:54.491 [main] BillingPage - Manual Icon Clicked
[INFO ] 2020-05-20 12:21:57.496 [main] TTWebsiteDriver - wait started for By.xpath: //select[@id='ddlService']
[INFO ] 2020-05-20 12:21:57.575 [main] TTWebsiteDriver - wait over,element found
[INFO ] 2020-05-20 12:21:58.812 [main] BillingPage - Following Name of Service name has been selected from service name Dropdown : Cardiology Services
[INFO ] 2020-05-20 12:21:58.996 [main] BillingPage - Following Description has been added in Description Text Box : Cardic
[INFO ] 2020-05-20 12:21:59.096 [main] BillingPage - Following Quantity has been added in Quantity Text Box : 50
[INFO ] 2020-05-20 12:21:59.212 [main] BillingPage - Following Price has been added in Price Text Box : 100
[INFO ] 2020-05-20 12:22:04.378 [main] BillingPage - Verify Button Clicked
[INFO ] 2020-05-20 12:22:04.919 [main] BillingPage - Other Services Icon Clicked
[INFO ] 2020-05-20 12:22:04.919 [main] TTWebsiteDriver - wait started for By.xpath: //input[contains(@name,'otherServiceChk')]
[INFO ] 2020-05-20 12:22:04.943 [main] TTWebsiteDriver - wait over,element found
[INFO ] 2020-05-20 12:22:06.200 [main] BillingPage - Choose Services Check box checked
[INFO ] 2020-05-20 12:22:06.200 [main] TTWebsiteDriver - wait started for By.id: ddotherservice
[INFO ] 2020-05-20 12:22:06.219 [main] TTWebsiteDriver - wait over,element found
[INFO ] 2020-05-20 12:22:07.296 [main] BillingPage - Choose Services Dropdown is not enabled
[INFO ] 2020-05-20 12:22:07.296 [main] TTWebsiteDriver - wait started for By.id: ddotherservice
[INFO ] 2020-05-20 12:22:07.328 [main] TTWebsiteDriver - wait over,element found
[INFO ] 2020-05-20 12:22:08.591 [main] BillingPage - Following Service Name has been selected from service Dropdown : Dialysis Procedures
[INFO ] 2020-05-20 12:22:08.757 [main] BillingPage - Following Item has been selected from Services: AV Fistula Day Care Package With Anesthesia
[INFO ] 2020-05-20 12:22:09.044 [main] BillingPage - Speciality And Doctor Selected
[INFO ] 2020-05-20 12:22:09.392 [main] TTWebsiteDriver - wait started for By.xpath: //tbody[@id='tblrefdr']/tr/td[1]
[INFO ] 2020-05-20 12:22:09.415 [main] TTWebsiteDriver - wait over,element found
[INFO ] 2020-05-20 12:22:10.429 [main] TTWebsiteDriver - wait started for By.xpath: //tbody[@id='tblrefdr']/tr/td[1]
[INFO ] 2020-05-20 12:22:10.448 [main] TTWebsiteDriver - wait over,element found
[INFO ] 2020-05-20 12:22:11.465 [main] TTWebsiteDriver - quick wait started for By.xpath: //tbody[@id='tblrefdr']/tr/td[1]
[INFO ] 2020-05-20 12:22:11.514 [main] TTWebsiteDriver - wait over,element found
[INFO ] 2020-05-20 12:22:11.624 [main] BillingPage - Following Reffered By has been added : Deepak Thakur
[INFO ] 2020-05-20 12:22:11.624 [main] TTWebsiteDriver - wait started for By.xpath: //div[contains(@class,'form_line facilitator-name')]//select
[INFO ] 2020-05-20 12:22:11.672 [main] TTWebsiteDriver - wait over,element found
[INFO ] 2020-05-20 12:22:12.921 [main] BillingPage - Following facilitator has been selected from facilitator  Dropdown : 1
[INFO ] 2020-05-20 12:22:13.125 [main] BillingPage - Add to Bill Buttton Clicked
[INFO ] 2020-05-20 12:22:13.125 [main] TTWebsiteDriver - wait started for By.xpath: //div[@class='modal-block-new']//button[text()='Yes']
[INFO ] 2020-05-20 12:22:13.148 [main] TTWebsiteDriver - wait over,element found
[INFO ] 2020-05-20 12:22:14.157 [main] TTWebsiteDriver - wait started for By.xpath: //div[@class='modal-block-new']//button[text()='Yes']
[INFO ] 2020-05-20 12:22:14.204 [main] TTWebsiteDriver - wait over,element found
[INFO ] 2020-05-20 12:22:15.220 [main] TTWebsiteDriver - quick wait started for By.xpath: //div[@class='modal-block-new']//button[text()='Yes']
[INFO ] 2020-05-20 12:22:15.268 [main] TTWebsiteDriver - wait over,element found
[INFO ] 2020-05-20 12:22:15.558 [main] TTWebsiteDriver - wait started for By.xpath: //span[contains(text(),'Investigation Instruction')]
[INFO ] 2020-05-20 12:22:15.582 [main] TTWebsiteDriver - wait over,element found
[INFO ] 2020-05-20 12:22:16.672 [main] BillingPage - Investigation Instruciton Popup is showing Up
[INFO ] 2020-05-20 12:22:16.767 [main] TTWebsiteDriver - wait started for By.xpath: //button[@id='add_invInstruction']
[INFO ] 2020-05-20 12:22:16.803 [main] TTWebsiteDriver - wait over,element found
[INFO ] 2020-05-20 12:22:17.817 [main] TTWebsiteDriver - quick wait started for By.xpath: //button[@id='add_invInstruction']
[INFO ] 2020-05-20 12:22:17.848 [main] TTWebsiteDriver - wait over,element found
[INFO ] 2020-05-20 12:22:18.021 [main] BillingPage - Response has been added in Investigation Popup
[INFO ] 2020-05-20 12:22:18.021 [main] TTWebsiteDriver - wait started for By.xpath: //div[@class='bottom_left_panel']//span[contains(text(),'Discount')]/input
[INFO ] 2020-05-20 12:22:18.044 [main] TTWebsiteDriver - wait over,element found
[INFO ] 2020-05-20 12:22:19.047 [main] TTWebsiteDriver - wait started for By.xpath: //div[@class='bottom_left_panel']//span[contains(text(),'Discount')]/input
[INFO ] 2020-05-20 12:22:19.095 [main] TTWebsiteDriver - wait over,element found
[INFO ] 2020-05-20 12:22:20.125 [main] TTWebsiteDriver - quick wait started for By.xpath: //div[@class='bottom_left_panel']//span[contains(text(),'Discount')]/input
[INFO ] 2020-05-20 12:22:20.173 [main] TTWebsiteDriver - wait over,element found
[INFO ] 2020-05-20 12:22:20.341 [main] BillingPage - Discount Checkbox checked under billing section
[INFO ] 2020-05-20 12:22:20.341 [main] TTWebsiteDriver - wait started for By.xpath: //section[contains(text(),'Provide Discount ?')]//following::a[@id='btndscyes']
[INFO ] 2020-05-20 12:22:20.363 [main] TTWebsiteDriver - wait over,element found
[INFO ] 2020-05-20 12:22:26.498 [main] BillingPage - Yes Btn Under Provide Discount Popup Clicked
[INFO ] 2020-05-20 12:22:26.523 [main] TTWebsiteDriver - wait started for By.xpath: //select[@id='discount_on1']
[INFO ] 2020-05-20 12:22:26.556 [main] TTWebsiteDriver - wait over,element found
[INFO ] 2020-05-20 12:22:27.815 [main] BillingPage - Following Discount On Has been selected from Discount On Dropdown : On Items
[INFO ] 2020-05-20 12:22:27.815 [main] TTWebsiteDriver - wait started for By.xpath: //table[@class='discount_table']//tbody/tr/td[4]/select
[INFO ] 2020-05-20 12:22:27.839 [main] TTWebsiteDriver - wait over,element found
[INFO ] 2020-05-20 12:22:29.056 [main] BillingPage - Following Service Name Has been selected from Service Name Dropdown : Investigations
[INFO ] 2020-05-20 12:22:29.056 [main] TTWebsiteDriver - wait started for By.xpath: //select[@name='dropdownitmname']
[INFO ] 2020-05-20 12:22:29.078 [main] TTWebsiteDriver - wait over,element found
[INFO ] 2020-05-20 12:22:30.281 [main] BillingPage - Following Iteam/Doctor Name Has been selected from Item Doctor Name Dropdown : 17-Hydroxycorticosteroids, 24hrs Urine
[INFO ] 2020-05-20 12:22:30.281 [main] TTWebsiteDriver - wait started for By.xpath: //select[@id='discounthead1']
[INFO ] 2020-05-20 12:22:30.302 [main] TTWebsiteDriver - wait over,element found
[INFO ] 2020-05-20 12:22:31.540 [main] BillingPage - Following Discount head Has been selected from Discount Head Dropdown : Automation Testing
[INFO ] 2020-05-20 12:22:31.540 [main] TTWebsiteDriver - wait started for By.xpath: //select[@id='discountreason1']
[INFO ] 2020-05-20 12:22:31.564 [main] TTWebsiteDriver - wait over,element found
[INFO ] 2020-05-20 12:22:32.781 [main] BillingPage - Following Discount Reason Has been selected from Discount Reason Dropdown : Amount Automation Testing
[INFO ] 2020-05-20 12:22:33.059 [main] TTWebsiteDriver - wait started for By.xpath: //section[@class='popupBody_discount']//i[@class='fa fa-save']
[INFO ] 2020-05-20 12:22:33.081 [main] TTWebsiteDriver - wait over,element found
[INFO ] 2020-05-20 12:22:34.085 [main] TTWebsiteDriver - quick wait started for By.xpath: //section[@class='popupBody_discount']//i[@class='fa fa-save']
[INFO ] 2020-05-20 12:22:34.133 [main] TTWebsiteDriver - wait over,element found
[INFO ] 2020-05-20 12:22:34.264 [main] BillingPage - Yes Btn Under Percentage Process Discount Popup Clicked
[INFO ] 2020-05-20 12:22:34.288 [main] TTWebsiteDriver - wait started for By.xpath: //select[@id='ddlAuthorised_dis']
[INFO ] 2020-05-20 12:22:34.312 [main] TTWebsiteDriver - wait over,element found
[INFO ] 2020-05-20 12:22:35.561 [main] BillingPage - Following Authorised By Has been selected from Authorised By Dropdown : Management Decision
[INFO ] 2020-05-20 12:22:35.561 [main] TTWebsiteDriver - wait started for By.xpath: //input[@id='rdbdiscom']
[INFO ] 2020-05-20 12:22:35.583 [main] TTWebsiteDriver - wait over,element found
[INFO ] 2020-05-20 12:22:36.586 [main] TTWebsiteDriver - quick wait started for By.xpath: //input[@id='rdbdiscom']
[INFO ] 2020-05-20 12:22:36.611 [main] TTWebsiteDriver - wait over,element found
[INFO ] 2020-05-20 12:22:36.721 [main] BillingPage - On Company Radio Button Clicked
[INFO ] 2020-05-20 12:22:36.721 [main] TTWebsiteDriver - wait started for By.xpath: //section[@class='popupBody_discount']//i[@class='fa fa-save']
[INFO ] 2020-05-20 12:22:36.738 [main] TTWebsiteDriver - wait over,element found
[INFO ] 2020-05-20 12:22:37.741 [main] TTWebsiteDriver - quick wait started for By.xpath: //section[@class='popupBody_discount']//i[@class='fa fa-save']
[INFO ] 2020-05-20 12:22:37.789 [main] TTWebsiteDriver - wait over,element found
[INFO ] 2020-05-20 12:22:38.190 [main] BillingPage - Yes Btn Under Percentage Process Discount Popup Clicked
[INFO ] 2020-05-20 12:22:38.211 [main] TTWebsiteDriver - wait started for By.xpath: //input[@id='rdbdispat']
[INFO ] 2020-05-20 12:22:38.234 [main] TTWebsiteDriver - wait over,element found
[INFO ] 2020-05-20 12:22:39.248 [main] TTWebsiteDriver - quick wait started for By.xpath: //input[@id='rdbdispat']
[INFO ] 2020-05-20 12:22:39.296 [main] TTWebsiteDriver - wait over,element found
[INFO ] 2020-05-20 12:22:39.442 [main] BillingPage - On Patient Radio Button Clicked
[INFO ] 2020-05-20 12:22:39.442 [main] TTWebsiteDriver - wait started for By.xpath: //section[@class='popupBody_discount']//i[@class='fa fa-save']
[INFO ] 2020-05-20 12:22:39.459 [main] TTWebsiteDriver - wait over,element found
[INFO ] 2020-05-20 12:22:40.463 [main] TTWebsiteDriver - quick wait started for By.xpath: //section[@class='popupBody_discount']//i[@class='fa fa-save']
[INFO ] 2020-05-20 12:22:40.491 [main] TTWebsiteDriver - wait over,element found
[INFO ] 2020-05-20 12:22:40.741 [main] BillingPage - Yes Btn Under Percentage Process Discount Popup Clicked
[INFO ] 2020-05-20 12:22:40.780 [main] BillingPage - Billing Button on header clicked
[INFO ] 2020-05-20 12:22:40.780 [main] TTWebsiteDriver - wait started for By.xpath: //a[@id='btnyesbal2']
[INFO ] 2020-05-20 12:22:40.805 [main] TTWebsiteDriver - wait over,element found
[INFO ] 2020-05-20 12:22:41.822 [main] TTWebsiteDriver - wait started for By.xpath: //a[@id='btnyesbal2']
[INFO ] 2020-05-20 12:22:41.869 [main] TTWebsiteDriver - wait over,element found
[INFO ] 2020-05-20 12:22:42.899 [main] TTWebsiteDriver - quick wait started for By.xpath: //a[@id='btnyesbal2']
[INFO ] 2020-05-20 12:22:42.947 [main] TTWebsiteDriver - wait over,element found
[INFO ] 2020-05-20 12:22:43.133 [main] BillingPage - Yes Button On Generate Bill Popup Clicked
[INFO ] 2020-05-20 12:22:43.134 [main] TTWebsiteDriver - wait started for By.xpath: //input[@ctype='amount']
[INFO ] 2020-05-20 12:22:43.205 [main] TTWebsiteDriver - wait over,element found
[INFO ] 2020-05-20 12:22:44.429 [main] BillingPage - Following Amount has been added as patient Paid Amount: 5000
[INFO ] 2020-05-20 12:22:44.492 [main] BillingPage - New Payment Mode Button Clicked
[INFO ] 2020-05-20 12:22:44.630 [main] BillingPage - Second Payment MOde selected as Cheque
[INFO ] 2020-05-20 12:22:56.293 [main] BillingPage - Cheque Details has been filled
[INFO ] 2020-05-20 12:22:56.419 [main] BillingPage - Verify Button on Process Payment Popup Clicked
[INFO ] 2020-05-20 12:23:06.426 [main] TTWebsiteDriver - wait started for By.xpath: //section[@id='report']
[INFO ] 2020-05-20 12:23:06.505 [main] TTWebsiteDriver - wait over,element found
[INFO ] 2020-05-20 12:23:07.613 [main] BillingPage - Bill Got Generated Successfully
[INFO ] 2020-05-20 12:23:07.613 [main] TTWebsiteDriver - wait started for By.xpath: //a[@id='btnnorep']
[INFO ] 2020-05-20 12:23:07.676 [main] TTWebsiteDriver - wait over,element found
[INFO ] 2020-05-20 12:23:08.706 [main] TTWebsiteDriver - wait started for By.xpath: //a[@id='btnnorep']
[INFO ] 2020-05-20 12:23:08.738 [main] TTWebsiteDriver - wait over,element found
[INFO ] 2020-05-20 12:23:09.767 [main] TTWebsiteDriver - quick wait started for By.xpath: //a[@id='btnnorep']
[INFO ] 2020-05-20 12:23:09.815 [main] TTWebsiteDriver - wait over,element found
[INFO ] 2020-05-20 12:23:09.956 [main] BillingPage - No Button on Bill Got Generated Popup Clicked
[INFO ] 2020-05-20 12:23:09.972 [main] TestListner - [TEST IS SUCCESSFUL -------- Test case frontOfficeBillingMergeDuplicatesTestCase has passed]
