[INFO ] 2020-05-15 10:16:59.280 [main] TTBaseTest - Started execution with  null
[INFO ] 2020-05-15 10:16:59.293 [main] TTBaseTest - Environment properties are not provided by the user ... loading the default properties
[INFO ] 2020-05-15 10:16:59.294 [main] TTBaseTest - Default Browser is  ------ chrome
[INFO ] 2020-05-15 10:16:59.295 [main] TTBaseTest - Default URL is  ------ http://206.19.38.8:8001/HISTreeTesting/Login/Login?ReturnUrl=%2fHistreetesting
[INFO ] 2020-05-15 10:16:59.295 [main] TTBaseTest - Default loginname is  ------ null
[INFO ] 2020-05-15 10:16:59.295 [main] TTBaseTest - Default username is  ------ null
[INFO ] 2020-05-15 10:16:59.296 [main] TTBaseTest - Default user password is  ------ Deepak@1234
[INFO ] 2020-05-15 10:17:03.749 [main] TTWebsiteDriver - Window is maximized
[INFO ] 2020-05-15 10:17:03.783 [main] TTWebsiteDriver - All cookies deleted
[INFO ] 2020-05-15 10:17:10.683 [main] TTWebsiteBaseTest - Application loaded
[INFO ] 2020-05-15 10:17:11.022 [main] DriverManagerDataSource - Loaded JDBC driver: com.microsoft.sqlserver.jdbc.SQLServerDriver
[INFO ] 2020-05-15 10:17:11.023 [main] DBUtil - QUERY TRIGGERED IS select top 1 Name from M_IdCardType where Deleted=0

[INFO ] 2020-05-15 10:17:11.570 [main] DriverManagerDataSource - Loaded JDBC driver: com.microsoft.sqlserver.jdbc.SQLServerDriver
[INFO ] 2020-05-15 10:17:11.570 [main] DBUtil - QUERY TRIGGERED IS select top 1 name from M_OCCUPATION where Deleted=0

[INFO ] 2020-05-15 10:17:11.747 [main] DriverManagerDataSource - Loaded JDBC driver: com.microsoft.sqlserver.jdbc.SQLServerDriver
[INFO ] 2020-05-15 10:17:11.748 [main] DBUtil - QUERY TRIGGERED IS select top 1 Name from M_QUALIFICATION where Deleted=0

[INFO ] 2020-05-15 10:17:11.947 [main] DriverManagerDataSource - Loaded JDBC driver: com.microsoft.sqlserver.jdbc.SQLServerDriver
[INFO ] 2020-05-15 10:17:11.947 [main] DBUtil - QUERY TRIGGERED IS select top 1 Name from m_SourceOfInfo where Deleted=0

[INFO ] 2020-05-15 10:17:12.093 [main] DriverManagerDataSource - Loaded JDBC driver: com.microsoft.sqlserver.jdbc.SQLServerDriver
[INFO ] 2020-05-15 10:17:12.093 [main] DBUtil - QUERY TRIGGERED IS select top 1 NAME from m_city where deleted=0

[INFO ] 2020-05-15 10:17:12.246 [main] DriverManagerDataSource - Loaded JDBC driver: com.microsoft.sqlserver.jdbc.SQLServerDriver
[INFO ] 2020-05-15 10:17:12.247 [main] DBUtil - QUERY TRIGGERED IS select top 1 NAME from m_city where deleted=0

[INFO ] 2020-05-15 10:17:12.401 [main] TestListner - 
******************************************************************************************************************************
					TEST CASE NAME:                  inventoryIndentOrderTest
******************************************************************************************************************************
[INFO ] 2020-05-15 10:17:12.666 [main] TTWebsiteDriver - wait started for By.id: btnLogin
[INFO ] 2020-05-15 10:17:12.691 [main] TTWebsiteDriver - wait over,element found
[INFO ] 2020-05-15 10:17:13.695 [main] TTWebsiteDriver - quick wait started for By.id: btnLogin
[INFO ] 2020-05-15 10:17:13.722 [main] TTWebsiteDriver - wait over,element found
[INFO ] 2020-05-15 10:17:15.552 [main] TTWebsiteDriver - wait started for By.xpath: //a[@id='btnYesAlreadyLogedinPopup']
[INFO ] 2020-05-15 10:17:15.627 [main] TTWebsiteDriver - wait over,element found
[INFO ] 2020-05-15 10:17:16.632 [main] TTWebsiteDriver - quick wait started for By.xpath: //a[@id='btnYesAlreadyLogedinPopup']
[INFO ] 2020-05-15 10:17:16.655 [main] TTWebsiteDriver - wait over,element found
[INFO ] 2020-05-15 10:17:18.593 [main] HISHomePage - User has been logged in to HIS Portal
[INFO ] 2020-05-15 10:17:18.594 [main] TTWebsiteDriver - wait started for By.xpath: //span[@class='app_name' and contains(text(),'Inventory')]//preceding::span[1]
[INFO ] 2020-05-15 10:17:18.620 [main] TTWebsiteDriver - wait over,element found
[INFO ] 2020-05-15 10:17:19.805 [main] HISHomePage - Inventory Icon Clicked
[INFO ] 2020-05-15 10:17:38.989 [main] HISHomePage - Following Station has been selected from Station Dropdown : CATH LAB 
[INFO ] 2020-05-15 10:17:38.990 [main] TTWebsiteDriver - wait started for By.id: btn_yes_desh
[INFO ] 2020-05-15 10:17:39.011 [main] TTWebsiteDriver - wait over,element found
[INFO ] 2020-05-15 10:17:40.016 [main] TTWebsiteDriver - quick wait started for By.id: btn_yes_desh
[INFO ] 2020-05-15 10:17:40.044 [main] TTWebsiteDriver - wait over,element found
[INFO ] 2020-05-15 10:17:44.613 [main] HISHomePage - YES has been clicked from Station Dropdown
[INFO ] 2020-05-15 10:17:44.613 [main] TTWebsiteDriver - wait started for By.xpath: //a[@href='#'][contains(text(),'Indent Items')]
[INFO ] 2020-05-15 10:17:44.640 [main] TTWebsiteDriver - wait over,element found
[INFO ] 2020-05-15 10:17:45.643 [main] TTWebsiteDriver - wait started for By.xpath: //a[@href='#'][contains(text(),'Indent Items')]
[INFO ] 2020-05-15 10:17:45.674 [main] TTWebsiteDriver - wait over,element found
[INFO ] 2020-05-15 10:17:46.678 [main] TTWebsiteDriver - quick wait started for By.xpath: //a[@href='#'][contains(text(),'Indent Items')]
[INFO ] 2020-05-15 10:17:46.698 [main] TTWebsiteDriver - wait over,element found
[INFO ] 2020-05-15 10:17:46.872 [main] FrontOfficeHomePage - Indent Item Section is Expanded
[INFO ] 2020-05-15 10:17:46.878 [main] TTWebsiteDriver - waiting for locator By.xpath: //ul[@style='display: block;']//a[text()='Indent Items']
[INFO ] 2020-05-15 10:17:47.029 [main] TTWebsiteDriver - Element found
[INFO ] 2020-05-15 10:17:50.751 [main] FrontOfficeHomePage - Following Option has been selected from Indent Items Section Indent Items
[INFO ] 2020-05-15 10:17:50.751 [main] TTWebsiteDriver - Waiting For Page load via JS
[INFO ] 2020-05-15 10:18:20.983 [main] IndentItemsPage - Save Button on Indent Items Page clicked
[INFO ] 2020-05-15 10:18:20.983 [main] TTWebsiteDriver - waiting for locator By.xpath: //p[contains(text(),'Please select atleast one Facility')]
[INFO ] 2020-05-15 10:18:21.040 [main] TTWebsiteDriver - Element found
[INFO ] 2020-05-15 10:18:24.112 [main] TTWebsiteDriver - wait started for By.xpath: //div[@class='gritter-close']
[INFO ] 2020-05-15 10:18:24.176 [main] TTWebsiteDriver - wait over,element found
[INFO ] 2020-05-15 10:18:25.179 [main] TTWebsiteDriver - wait started for By.xpath: //div[@class='gritter-close']
[INFO ] 2020-05-15 10:18:29.251 [main] TTWebsiteDriver - waiting...
[INFO ] 2020-05-15 10:18:33.316 [main] TTWebsiteDriver - waiting...
[INFO ] 2020-05-15 10:18:37.333 [main] TTWebsiteDriver - waiting...
[INFO ] 2020-05-15 10:18:41.389 [main] TTWebsiteDriver - waiting...
[INFO ] 2020-05-15 10:18:45.435 [main] TTWebsiteDriver - waiting...
[INFO ] 2020-05-15 10:18:49.526 [main] TTWebsiteDriver - waiting...
[INFO ] 2020-05-15 10:18:53.626 [main] TTWebsiteDriver - waiting...
[INFO ] 2020-05-15 10:18:57.687 [main] TTWebsiteDriver - waiting...
[INFO ] 2020-05-15 10:19:01.793 [main] TTWebsiteDriver - waiting...
[INFO ] 2020-05-15 10:19:05.805 [main] TTWebsiteDriver - waiting...
[INFO ] 2020-05-15 10:19:05.805 [main] TTWebsiteDriver - ELEMENT NOT FOUND
[INFO ] 2020-05-15 10:19:05.806 [main] TTWebsiteDriver - quick wait started for By.xpath: //div[@class='gritter-close']
[INFO ] 2020-05-15 10:19:09.831 [main] TTWebsiteDriver - waiting...
[INFO ] 2020-05-15 10:19:13.900 [main] TTWebsiteDriver - waiting...
[INFO ] 2020-05-15 10:19:20.476 [main] IndentItemsPage - Following facilityfacility has been selected from facility Dropdown : TRIOTREE HOSPITAL
[INFO ] 2020-05-15 10:19:20.741 [main] IndentItemsPage - Save Button on Indent Items Page clicked
[INFO ] 2020-05-15 10:19:20.741 [main] TTWebsiteDriver - waiting for locator By.xpath: //p[contains(text(),'Please select Department!')]
[INFO ] 2020-05-15 10:19:20.776 [main] TTWebsiteDriver - Element found
[INFO ] 2020-05-15 10:19:23.860 [main] TTWebsiteDriver - wait started for By.xpath: //div[@class='gritter-close']
[INFO ] 2020-05-15 10:19:23.928 [main] TTWebsiteDriver - wait over,element found
[INFO ] 2020-05-15 10:19:24.934 [main] TTWebsiteDriver - wait started for By.xpath: //div[@class='gritter-close']
[INFO ] 2020-05-15 10:19:28.993 [main] TTWebsiteDriver - waiting...
[INFO ] 2020-05-15 10:19:33.052 [main] TTWebsiteDriver - waiting...
[INFO ] 2020-05-15 10:19:37.142 [main] TTWebsiteDriver - waiting...
[INFO ] 2020-05-15 10:19:41.200 [main] TTWebsiteDriver - waiting...
[INFO ] 2020-05-15 10:19:45.296 [main] TTWebsiteDriver - waiting...
[INFO ] 2020-05-15 10:19:49.328 [main] TTWebsiteDriver - waiting...
[INFO ] 2020-05-15 10:19:53.379 [main] TTWebsiteDriver - waiting...
[INFO ] 2020-05-15 10:19:57.439 [main] TTWebsiteDriver - waiting...
[INFO ] 2020-05-15 10:20:01.480 [main] TTWebsiteDriver - waiting...
[INFO ] 2020-05-15 10:20:05.558 [main] TTWebsiteDriver - waiting...
[INFO ] 2020-05-15 10:20:05.558 [main] TTWebsiteDriver - ELEMENT NOT FOUND
[INFO ] 2020-05-15 10:20:05.558 [main] TTWebsiteDriver - quick wait started for By.xpath: //div[@class='gritter-close']
[INFO ] 2020-05-15 10:20:09.588 [main] TTWebsiteDriver - waiting...
[INFO ] 2020-05-15 10:20:13.611 [main] TTWebsiteDriver - waiting...
[INFO ] 2020-05-15 10:20:26.928 [main] IndentItemsPage - Following department has been selected from department Dropdown : Central Medicine Store
[INFO ] 2020-05-15 10:20:27.030 [main] IndentItemsPage - Smart Search Checkbox clicked
[INFO ] 2020-05-15 10:20:27.323 [main] IndentItemsPage - Refresh Stock Label Clicked
[INFO ] 2020-05-15 10:20:27.324 [main] TTWebsiteDriver - waiting for locator By.xpath: //p[contains(text(),'Calculation for all item completed successfully!')]
[INFO ] 2020-05-15 10:20:27.365 [main] TTWebsiteDriver - Element found
[INFO ] 2020-05-15 10:20:30.422 [main] TTWebsiteDriver - wait started for By.xpath: //div[@class='gritter-close']
[INFO ] 2020-05-15 10:20:34.502 [main] TTWebsiteDriver - waiting...
[INFO ] 2020-05-15 10:20:38.575 [main] TTWebsiteDriver - waiting...
[INFO ] 2020-05-15 10:20:42.611 [main] TTWebsiteDriver - waiting...
[INFO ] 2020-05-15 10:20:46.671 [main] TTWebsiteDriver - waiting...
[INFO ] 2020-05-15 10:20:50.752 [main] TTWebsiteDriver - waiting...
[INFO ] 2020-05-15 10:20:54.799 [main] TTWebsiteDriver - waiting...
[INFO ] 2020-05-15 10:20:58.829 [main] TTWebsiteDriver - waiting...
[INFO ] 2020-05-15 10:21:02.865 [main] TTWebsiteDriver - waiting...
[INFO ] 2020-05-15 10:21:06.892 [main] TTWebsiteDriver - waiting...
[INFO ] 2020-05-15 10:21:10.900 [main] TTWebsiteDriver - waiting...
[INFO ] 2020-05-15 10:21:10.900 [main] TTWebsiteDriver - ELEMENT NOT FOUND
[INFO ] 2020-05-15 10:21:10.900 [main] TTWebsiteDriver - wait started for By.xpath: //div[@class='gritter-close']
[INFO ] 2020-05-15 10:21:14.937 [main] TTWebsiteDriver - waiting...
[INFO ] 2020-05-15 10:21:18.950 [main] TTWebsiteDriver - waiting...
[INFO ] 2020-05-15 10:21:23.022 [main] TTWebsiteDriver - waiting...
[INFO ] 2020-05-15 10:21:27.036 [main] TTWebsiteDriver - waiting...
[INFO ] 2020-05-15 10:21:31.090 [main] TTWebsiteDriver - waiting...
[INFO ] 2020-05-15 10:21:35.174 [main] TTWebsiteDriver - waiting...
[INFO ] 2020-05-15 10:21:39.221 [main] TTWebsiteDriver - waiting...
[INFO ] 2020-05-15 10:21:43.247 [main] TTWebsiteDriver - waiting...
[INFO ] 2020-05-15 10:21:47.286 [main] TTWebsiteDriver - waiting...
[INFO ] 2020-05-15 10:21:51.309 [main] TTWebsiteDriver - waiting...
[INFO ] 2020-05-15 10:21:51.309 [main] TTWebsiteDriver - ELEMENT NOT FOUND
[INFO ] 2020-05-15 10:21:51.309 [main] TTWebsiteDriver - quick wait started for By.xpath: //div[@class='gritter-close']
[INFO ] 2020-05-15 10:21:55.381 [main] TTWebsiteDriver - waiting...
[INFO ] 2020-05-15 10:21:59.446 [main] TTWebsiteDriver - waiting...
[INFO ] 2020-05-15 10:22:05.862 [main] IndentItemsPage - Select all Label Clicked
[INFO ] 2020-05-15 10:22:05.863 [main] TTWebsiteDriver - wait started for By.xpath: //a[contains(text(),'Medicine')]
[INFO ] 2020-05-15 10:22:05.913 [main] TTWebsiteDriver - wait over,element found
[INFO ] 2020-05-15 10:22:31.918 [main] TTWebsiteDriver - wait started for By.xpath: //a[contains(text(),'Medicine')]
[INFO ] 2020-05-15 10:22:31.969 [main] TTWebsiteDriver - wait over,element found
[INFO ] 2020-05-15 10:22:32.972 [main] TTWebsiteDriver - quick wait started for By.xpath: //a[contains(text(),'Medicine')]
[INFO ] 2020-05-15 10:22:33.013 [main] TTWebsiteDriver - wait over,element found
[INFO ] 2020-05-15 10:22:34.549 [main] IndentItemsPage - Medicine Tab clicked
[INFO ] 2020-05-15 10:22:41.817 [main] IndentItemsPage - Following Medicine has been selectedA TO Z NS SYP 200 ML
[INFO ] 2020-05-15 10:22:56.083 [main] IndentItemsPage - Following Medicine has been selectedAB - FLO TAB
[INFO ] 2020-05-15 10:23:10.430 [main] IndentItemsPage - Following Medicine has been selectedAB PHYLLINE CAP
[INFO ] 2020-05-15 10:23:24.708 [main] IndentItemsPage - Following Medicine has been selectedAHAGLOW S SPRAY
[INFO ] 2020-05-15 10:23:24.708 [main] TTWebsiteDriver - waiting for locator By.xpath: //p[contains(text(),'This is Discontinued Item and Stock at other store')]
[INFO ] 2020-05-15 10:23:26.324 [main] TTWebsiteDriver - Element found
[INFO ] 2020-05-15 10:23:29.373 [main] TTWebsiteDriver - wait started for By.xpath: //div[@class='gritter-close']
[INFO ] 2020-05-15 10:23:29.423 [main] TTWebsiteDriver - wait over,element found
[INFO ] 2020-05-15 10:23:30.429 [main] TTWebsiteDriver - wait started for By.xpath: //div[@class='gritter-close']
[INFO ] 2020-05-15 10:23:34.453 [main] TTWebsiteDriver - waiting...
[INFO ] 2020-05-15 10:23:38.537 [main] TTWebsiteDriver - waiting...
[INFO ] 2020-05-15 10:23:42.608 [main] TTWebsiteDriver - waiting...
[INFO ] 2020-05-15 10:23:46.647 [main] TTWebsiteDriver - waiting...
[INFO ] 2020-05-15 10:23:50.705 [main] TTWebsiteDriver - waiting...
[INFO ] 2020-05-15 10:23:54.769 [main] TTWebsiteDriver - waiting...
[INFO ] 2020-05-15 10:23:58.844 [main] TTWebsiteDriver - waiting...
[INFO ] 2020-05-15 10:24:02.905 [main] TTWebsiteDriver - waiting...
[INFO ] 2020-05-15 10:24:06.962 [main] TTWebsiteDriver - waiting...
[INFO ] 2020-05-15 10:24:11.046 [main] TTWebsiteDriver - waiting...
[INFO ] 2020-05-15 10:24:11.046 [main] TTWebsiteDriver - ELEMENT NOT FOUND
[INFO ] 2020-05-15 10:24:11.046 [main] TTWebsiteDriver - quick wait started for By.xpath: //div[@class='gritter-close']
[INFO ] 2020-05-15 10:24:15.105 [main] TTWebsiteDriver - waiting...
[INFO ] 2020-05-15 10:24:19.218 [main] TTWebsiteDriver - waiting...
[INFO ] 2020-05-15 10:24:25.300 [main] TTWebsiteDriver - waiting for locator By.xpath: //li[@id='liConsumables']//a[contains(text(),'Consumables')]
[INFO ] 2020-05-15 10:24:25.378 [main] TTWebsiteDriver - Element found
[INFO ] 2020-05-15 10:24:27.378 [main] TTWebsiteDriver - wait started for By.xpath: //li[@id='liConsumables']//a[contains(text(),'Consumables')]
[INFO ] 2020-05-15 10:24:27.428 [main] TTWebsiteDriver - wait over,element found
[INFO ] 2020-05-15 10:24:28.435 [main] TTWebsiteDriver - quick wait started for By.xpath: //li[@id='liConsumables']//a[contains(text(),'Consumables')]
[INFO ] 2020-05-15 10:24:28.482 [main] TTWebsiteDriver - wait over,element found
[INFO ] 2020-05-15 10:24:29.405 [main] IndentItemsPage - Consumables Tab clicked
[INFO ] 2020-05-15 10:24:36.722 [main] IndentItemsPage - Following Medicine has been selectedABDOMINAL BINDER- LARGE
[INFO ] 2020-05-15 10:24:43.724 [main] TTWebsiteDriver - wait started for By.xpath: //a[contains(text(),'Others')]
[INFO ] 2020-05-15 10:24:43.789 [main] TTWebsiteDriver - wait over,element found
[INFO ] 2020-05-15 10:24:46.793 [main] TTWebsiteDriver - wait started for By.xpath: //a[contains(text(),'Others')]
[INFO ] 2020-05-15 10:24:46.844 [main] TTWebsiteDriver - wait over,element found
[INFO ] 2020-05-15 10:24:47.847 [main] TTWebsiteDriver - quick wait started for By.xpath: //a[contains(text(),'Others')]
[INFO ] 2020-05-15 10:24:47.896 [main] TTWebsiteDriver - wait over,element found
[INFO ] 2020-05-15 10:24:48.091 [main] IndentItemsPage - Others Tab clicked
[INFO ] 2020-05-15 10:25:02.323 [main] IndentItemsPage - Following Medicine has been selectedPAMPERS (SMALL)
[INFO ] 2020-05-15 10:25:16.483 [main] IndentItemsPage - Following Medicine has been selectedGLUCON D ORANGE 100GM
[INFO ] 2020-05-15 10:25:30.680 [main] IndentItemsPage - Following Medicine has been selectedPAMPERS PANTS 8PC LARGE
[INFO ] 2020-05-15 10:25:37.859 [main] IndentItemsPage - Save Button on Indent Items Page clicked
[INFO ] 2020-05-15 10:25:37.859 [main] TTWebsiteDriver - waiting for locator By.xpath: //p[contains(text(),'Please enter quantity for following Items')]
[INFO ] 2020-05-15 10:25:37.895 [main] TTWebsiteDriver - Element found
[INFO ] 2020-05-15 10:25:40.949 [main] TTWebsiteDriver - wait started for By.xpath: //div[@class='gritter-close']
[INFO ] 2020-05-15 10:25:40.994 [main] TTWebsiteDriver - wait over,element found
[INFO ] 2020-05-15 10:25:42.005 [main] TTWebsiteDriver - wait started for By.xpath: //div[@class='gritter-close']
[INFO ] 2020-05-15 10:25:46.151 [main] TTWebsiteDriver - waiting...
[INFO ] 2020-05-15 10:25:50.166 [main] TTWebsiteDriver - waiting...
[INFO ] 2020-05-15 10:25:54.265 [main] TTWebsiteDriver - waiting...
[INFO ] 2020-05-15 10:25:58.299 [main] TTWebsiteDriver - waiting...
[INFO ] 2020-05-15 10:26:02.339 [main] TTWebsiteDriver - waiting...
[INFO ] 2020-05-15 10:26:06.359 [main] TTWebsiteDriver - waiting...
[INFO ] 2020-05-15 10:26:10.434 [main] TTWebsiteDriver - waiting...
[INFO ] 2020-05-15 10:26:14.506 [main] TTWebsiteDriver - waiting...
[INFO ] 2020-05-15 10:26:18.572 [main] TTWebsiteDriver - waiting...
[INFO ] 2020-05-15 10:26:22.643 [main] TTWebsiteDriver - waiting...
[INFO ] 2020-05-15 10:26:22.643 [main] TTWebsiteDriver - ELEMENT NOT FOUND
[INFO ] 2020-05-15 10:26:22.643 [main] TTWebsiteDriver - quick wait started for By.xpath: //div[@class='gritter-close']
[INFO ] 2020-05-15 10:26:26.723 [main] TTWebsiteDriver - waiting...
[INFO ] 2020-05-15 10:26:30.769 [main] TTWebsiteDriver - waiting...
[INFO ] 2020-05-15 10:26:45.235 [main] IndentItemsPage - Save Button on Indent Items Page clicked
[INFO ] 2020-05-15 10:26:45.414 [main] IndentItemsPage - Save button clicked
[INFO ] 2020-05-15 10:26:45.414 [main] TTWebsiteDriver - waiting for locator By.xpath: //p[contains(text(),'Saved Successfully,Print can be take')]
[INFO ] 2020-05-15 10:26:45.811 [main] TTWebsiteDriver - Element found
[INFO ] 2020-05-15 10:26:48.868 [main] TTWebsiteDriver - wait started for By.xpath: //div[@class='gritter-close']
[INFO ] 2020-05-15 10:26:48.926 [main] TTWebsiteDriver - wait over,element found
[INFO ] 2020-05-15 10:26:49.940 [main] TTWebsiteDriver - wait started for By.xpath: //div[@class='gritter-close']
[INFO ] 2020-05-15 10:26:54.005 [main] TTWebsiteDriver - waiting...
[INFO ] 2020-05-15 10:26:58.054 [main] TTWebsiteDriver - waiting...
[INFO ] 2020-05-15 10:27:02.155 [main] TTWebsiteDriver - waiting...
[INFO ] 2020-05-15 10:27:06.207 [main] TTWebsiteDriver - waiting...
[INFO ] 2020-05-15 10:27:10.273 [main] TTWebsiteDriver - waiting...
[INFO ] 2020-05-15 10:27:14.311 [main] TTWebsiteDriver - waiting...
[INFO ] 2020-05-15 10:27:18.385 [main] TTWebsiteDriver - waiting...
[INFO ] 2020-05-15 10:27:22.462 [main] TTWebsiteDriver - waiting...
[INFO ] 2020-05-15 10:27:26.547 [main] TTWebsiteDriver - waiting...
[INFO ] 2020-05-15 10:27:30.591 [main] TTWebsiteDriver - waiting...
[INFO ] 2020-05-15 10:27:30.591 [main] TTWebsiteDriver - ELEMENT NOT FOUND
[INFO ] 2020-05-15 10:27:30.591 [main] TTWebsiteDriver - quick wait started for By.xpath: //div[@class='gritter-close']
[INFO ] 2020-05-15 10:27:34.677 [main] TTWebsiteDriver - waiting...
[INFO ] 2020-05-15 10:27:38.759 [main] TTWebsiteDriver - waiting...
[INFO ] 2020-05-15 10:27:45.081 [main] IndentItemsPage - New Radio Button clicked
[INFO ] 2020-05-15 10:27:45.081 [main] TTWebsiteDriver - wait started for By.xpath: //span[contains(text(),'New Indent')]
[INFO ] 2020-05-15 10:27:45.210 [main] TTWebsiteDriver - wait over,element found
[INFO ] 2020-05-15 10:27:46.248 [main] TTWebsiteDriver - wait started for By.xpath: //span[@id='SpanHeaderImplecitly']//following::tbody[1]//tr[1]
[INFO ] 2020-05-15 10:27:46.282 [main] TTWebsiteDriver - wait over,element found
[INFO ] 2020-05-15 10:27:47.286 [main] TTWebsiteDriver - wait started for By.xpath: //span[@id='SpanHeaderImplecitly']//following::tbody[1]//tr[1]
[INFO ] 2020-05-15 10:27:47.331 [main] TTWebsiteDriver - wait over,element found
[INFO ] 2020-05-15 10:27:48.335 [main] TTWebsiteDriver - quick wait started for By.xpath: //span[@id='SpanHeaderImplecitly']//following::tbody[1]//tr[1]
[INFO ] 2020-05-15 10:27:48.382 [main] TTWebsiteDriver - wait over,element found
[INFO ] 2020-05-15 10:27:48.545 [main] IndentItemsPage - Indent No clicked
[INFO ] 2020-05-15 10:27:53.546 [main] TTWebsiteDriver - wait started for By.xpath: //a[contains(text(),'Medicine')]
[INFO ] 2020-05-15 10:27:53.601 [main] TTWebsiteDriver - wait over,element found
[INFO ] 2020-05-15 10:28:19.604 [main] TTWebsiteDriver - wait started for By.xpath: //a[contains(text(),'Medicine')]
[INFO ] 2020-05-15 10:28:19.658 [main] TTWebsiteDriver - wait over,element found
[INFO ] 2020-05-15 10:28:20.661 [main] TTWebsiteDriver - quick wait started for By.xpath: //a[contains(text(),'Medicine')]
[INFO ] 2020-05-15 10:28:20.711 [main] TTWebsiteDriver - wait over,element found
[INFO ] 2020-05-15 10:28:21.474 [main] IndentItemsPage - Medicine Tab clicked
[INFO ] 2020-05-15 10:28:28.835 [main] IndentItemsPage - Following Medicine has been selected8 X SHAMPOO
[INFO ] 2020-05-15 10:28:35.220 [main] IndentItemsPage - Save Button on Indent Items Page clicked
[INFO ] 2020-05-15 10:28:35.578 [main] IndentItemsPage - Save button clicked
[INFO ] 2020-05-15 10:28:35.578 [main] TTWebsiteDriver - waiting for locator By.xpath: //p[contains(text(),'Indent modified successfully')]
[INFO ] 2020-05-15 10:28:35.883 [main] TTWebsiteDriver - Element found
[INFO ] 2020-05-15 10:28:38.935 [main] TTWebsiteDriver - wait started for By.xpath: //div[@class='gritter-close']
[INFO ] 2020-05-15 10:28:43.003 [main] TTWebsiteDriver - waiting...
[INFO ] 2020-05-15 10:28:47.038 [main] TTWebsiteDriver - waiting...
[INFO ] 2020-05-15 10:28:51.119 [main] TTWebsiteDriver - waiting...
[INFO ] 2020-05-15 10:28:55.144 [main] TTWebsiteDriver - waiting...
[INFO ] 2020-05-15 10:28:59.193 [main] TTWebsiteDriver - waiting...
[INFO ] 2020-05-15 10:29:03.266 [main] TTWebsiteDriver - waiting...
[INFO ] 2020-05-15 10:29:07.314 [main] TTWebsiteDriver - waiting...
[INFO ] 2020-05-15 10:29:11.414 [main] TTWebsiteDriver - waiting...
[INFO ] 2020-05-15 10:29:15.444 [main] TTWebsiteDriver - waiting...
[INFO ] 2020-05-15 10:29:19.462 [main] TTWebsiteDriver - waiting...
[INFO ] 2020-05-15 10:29:19.462 [main] TTWebsiteDriver - ELEMENT NOT FOUND
[INFO ] 2020-05-15 10:29:19.462 [main] TTWebsiteDriver - wait started for By.xpath: //div[@class='gritter-close']
[INFO ] 2020-05-15 10:29:23.485 [main] TTWebsiteDriver - waiting...
[INFO ] 2020-05-15 10:29:27.547 [main] TTWebsiteDriver - waiting...
[INFO ] 2020-05-15 10:29:31.574 [main] TTWebsiteDriver - waiting...
[INFO ] 2020-05-15 10:29:35.662 [main] TTWebsiteDriver - waiting...
[INFO ] 2020-05-15 10:29:39.749 [main] TTWebsiteDriver - waiting...
[INFO ] 2020-05-15 10:29:43.800 [main] TTWebsiteDriver - waiting...
[INFO ] 2020-05-15 10:29:47.872 [main] TTWebsiteDriver - waiting...
[INFO ] 2020-05-15 10:29:51.905 [main] TTWebsiteDriver - waiting...
[INFO ] 2020-05-15 10:29:55.949 [main] TTWebsiteDriver - waiting...
[INFO ] 2020-05-15 10:30:00.060 [main] TTWebsiteDriver - waiting...
[INFO ] 2020-05-15 10:30:00.060 [main] TTWebsiteDriver - ELEMENT NOT FOUND
[INFO ] 2020-05-15 10:30:00.060 [main] TTWebsiteDriver - quick wait started for By.xpath: //div[@class='gritter-close']
[INFO ] 2020-05-15 10:30:04.110 [main] TTWebsiteDriver - waiting...
[INFO ] 2020-05-15 10:30:08.212 [main] TTWebsiteDriver - waiting...
[INFO ] 2020-05-15 10:30:14.364 [main] TestListner - [TEST IS SUCCESSFUL -------- Test case inventoryIndentOrderTest has passed]
[INFO ] 2020-05-15 10:30:17.968 [main] TTWebsiteDriver - Window is maximized
[INFO ] 2020-05-15 10:30:18.004 [main] TTWebsiteDriver - All cookies deleted
[INFO ] 2020-05-15 10:30:19.510 [main] TTWebsiteBaseTest - Application loaded
[INFO ] 2020-05-15 10:30:19.510 [main] DriverManagerDataSource - Loaded JDBC driver: com.microsoft.sqlserver.jdbc.SQLServerDriver
[INFO ] 2020-05-15 10:30:19.510 [main] DBUtil - QUERY TRIGGERED IS select top 1 Name from M_IdCardType where Deleted=0

[INFO ] 2020-05-15 10:30:19.730 [main] DriverManagerDataSource - Loaded JDBC driver: com.microsoft.sqlserver.jdbc.SQLServerDriver
[INFO ] 2020-05-15 10:30:19.730 [main] DBUtil - QUERY TRIGGERED IS select top 1 name from M_OCCUPATION where Deleted=0

[INFO ] 2020-05-15 10:30:19.858 [main] DriverManagerDataSource - Loaded JDBC driver: com.microsoft.sqlserver.jdbc.SQLServerDriver
[INFO ] 2020-05-15 10:30:19.858 [main] DBUtil - QUERY TRIGGERED IS select top 1 Name from M_QUALIFICATION where Deleted=0

[INFO ] 2020-05-15 10:30:20.004 [main] DriverManagerDataSource - Loaded JDBC driver: com.microsoft.sqlserver.jdbc.SQLServerDriver
[INFO ] 2020-05-15 10:30:20.004 [main] DBUtil - QUERY TRIGGERED IS select top 1 Name from m_SourceOfInfo where Deleted=0

[INFO ] 2020-05-15 10:30:20.174 [main] DriverManagerDataSource - Loaded JDBC driver: com.microsoft.sqlserver.jdbc.SQLServerDriver
[INFO ] 2020-05-15 10:30:20.174 [main] DBUtil - QUERY TRIGGERED IS select top 1 NAME from m_city where deleted=0

[INFO ] 2020-05-15 10:30:20.302 [main] DriverManagerDataSource - Loaded JDBC driver: com.microsoft.sqlserver.jdbc.SQLServerDriver
[INFO ] 2020-05-15 10:30:20.302 [main] DBUtil - QUERY TRIGGERED IS select top 1 NAME from m_city where deleted=0

[INFO ] 2020-05-15 10:30:20.462 [main] TestListner - 
******************************************************************************************************************************
					TEST CASE NAME:                  inventoryWithIndentApprovalTest
******************************************************************************************************************************
[INFO ] 2020-05-15 10:30:20.674 [main] TTWebsiteDriver - wait started for By.id: btnLogin
[INFO ] 2020-05-15 10:30:20.692 [main] TTWebsiteDriver - wait over,element found
[INFO ] 2020-05-15 10:30:21.695 [main] TTWebsiteDriver - quick wait started for By.id: btnLogin
[INFO ] 2020-05-15 10:30:21.716 [main] TTWebsiteDriver - wait over,element found
[INFO ] 2020-05-15 10:30:21.962 [main] TTWebsiteDriver - wait started for By.xpath: //a[@id='btnYesAlreadyLogedinPopup']
[INFO ] 2020-05-15 10:30:21.992 [main] TTWebsiteDriver - wait over,element found
[INFO ] 2020-05-15 10:30:22.994 [main] TTWebsiteDriver - quick wait started for By.xpath: //a[@id='btnYesAlreadyLogedinPopup']
[INFO ] 2020-05-15 10:30:23.016 [main] TTWebsiteDriver - wait over,element found
[INFO ] 2020-05-15 10:30:24.827 [main] HISHomePage - User has been logged in to HIS Portal
[INFO ] 2020-05-15 10:30:24.827 [main] TTWebsiteDriver - wait started for By.xpath: //span[@class='app_name' and contains(text(),'Inventory')]//preceding::span[1]
[INFO ] 2020-05-15 10:30:24.852 [main] TTWebsiteDriver - wait over,element found
[INFO ] 2020-05-15 10:30:26.312 [main] HISHomePage - Inventory Icon Clicked
[INFO ] 2020-05-15 10:30:45.524 [main] HISHomePage - Following Station has been selected from Station Dropdown : CATH LAB 
[INFO ] 2020-05-15 10:30:45.525 [main] TTWebsiteDriver - wait started for By.id: btn_yes_desh
[INFO ] 2020-05-15 10:30:45.544 [main] TTWebsiteDriver - wait over,element found
[INFO ] 2020-05-15 10:30:46.548 [main] TTWebsiteDriver - quick wait started for By.id: btn_yes_desh
[INFO ] 2020-05-15 10:30:46.569 [main] TTWebsiteDriver - wait over,element found
[INFO ] 2020-05-15 10:30:55.749 [main] HISHomePage - YES has been clicked from Station Dropdown
[INFO ] 2020-05-15 10:30:55.749 [main] TTWebsiteDriver - wait started for By.xpath: //a[@href='#'][contains(text(),'Indent Items')]
[INFO ] 2020-05-15 10:30:55.771 [main] TTWebsiteDriver - wait over,element found
[INFO ] 2020-05-15 10:30:56.788 [main] TTWebsiteDriver - wait started for By.xpath: //a[@href='#'][contains(text(),'Indent Items')]
[INFO ] 2020-05-15 10:30:56.836 [main] TTWebsiteDriver - wait over,element found
[INFO ] 2020-05-15 10:30:57.855 [main] TTWebsiteDriver - quick wait started for By.xpath: //a[@href='#'][contains(text(),'Indent Items')]
[INFO ] 2020-05-15 10:30:57.903 [main] TTWebsiteDriver - wait over,element found
[INFO ] 2020-05-15 10:30:58.062 [main] FrontOfficeHomePage - Indent Item Section is Expanded
[INFO ] 2020-05-15 10:30:58.062 [main] TTWebsiteDriver - waiting for locator By.xpath: //ul[@style='display: block;']//a[text()='Indent Items']
[INFO ] 2020-05-15 10:30:58.271 [main] TTWebsiteDriver - Element found
[INFO ] 2020-05-15 10:30:59.614 [main] FrontOfficeHomePage - Following Option has been selected from Indent Items Section Indent Items
[INFO ] 2020-05-15 10:30:59.614 [main] TTWebsiteDriver - Waiting For Page load via JS
[INFO ] 2020-05-15 10:31:29.803 [main] IndentItemsPage - Save Button on Indent Items Page clicked
[INFO ] 2020-05-15 10:31:29.804 [main] TTWebsiteDriver - waiting for locator By.xpath: //p[contains(text(),'Please select atleast one Facility')]
[INFO ] 2020-05-15 10:31:29.846 [main] TTWebsiteDriver - Element found
[INFO ] 2020-05-15 10:31:32.895 [main] TTWebsiteDriver - wait started for By.xpath: //div[@class='gritter-close']
[INFO ] 2020-05-15 10:31:32.962 [main] TTWebsiteDriver - wait over,element found
[INFO ] 2020-05-15 10:31:33.966 [main] TTWebsiteDriver - wait started for By.xpath: //div[@class='gritter-close']
[INFO ] 2020-05-15 10:31:38.077 [main] TTWebsiteDriver - waiting...
[INFO ] 2020-05-15 10:31:42.130 [main] TTWebsiteDriver - waiting...
[INFO ] 2020-05-15 10:31:46.174 [main] TTWebsiteDriver - waiting...
[INFO ] 2020-05-15 10:31:50.212 [main] TTWebsiteDriver - waiting...
[INFO ] 2020-05-15 10:31:54.226 [main] TTWebsiteDriver - waiting...
[INFO ] 2020-05-15 10:31:58.266 [main] TTWebsiteDriver - waiting...
[INFO ] 2020-05-15 10:32:02.299 [main] TTWebsiteDriver - waiting...
[INFO ] 2020-05-15 10:32:06.355 [main] TTWebsiteDriver - waiting...
[INFO ] 2020-05-15 10:32:10.395 [main] TTWebsiteDriver - waiting...
[INFO ] 2020-05-15 10:32:14.415 [main] TTWebsiteDriver - waiting...
[INFO ] 2020-05-15 10:32:14.415 [main] TTWebsiteDriver - ELEMENT NOT FOUND
[INFO ] 2020-05-15 10:32:14.415 [main] TTWebsiteDriver - quick wait started for By.xpath: //div[@class='gritter-close']
[INFO ] 2020-05-15 10:32:18.498 [main] TTWebsiteDriver - waiting...
[INFO ] 2020-05-15 10:32:22.555 [main] TTWebsiteDriver - waiting...
[INFO ] 2020-05-15 10:32:29.038 [main] IndentItemsPage - Following facilityfacility has been selected from facility Dropdown : TRIOTREE HOSPITAL
[INFO ] 2020-05-15 10:32:29.291 [main] IndentItemsPage - Save Button on Indent Items Page clicked
[INFO ] 2020-05-15 10:32:29.292 [main] TTWebsiteDriver - waiting for locator By.xpath: //p[contains(text(),'Please select Department!')]
[INFO ] 2020-05-15 10:32:29.331 [main] TTWebsiteDriver - Element found
[INFO ] 2020-05-15 10:32:32.379 [main] TTWebsiteDriver - wait started for By.xpath: //div[@class='gritter-close']
[INFO ] 2020-05-15 10:32:32.428 [main] TTWebsiteDriver - wait over,element found
[INFO ] 2020-05-15 10:32:33.432 [main] TTWebsiteDriver - wait started for By.xpath: //div[@class='gritter-close']
[INFO ] 2020-05-15 10:32:37.488 [main] TTWebsiteDriver - waiting...
[INFO ] 2020-05-15 10:32:41.511 [main] TTWebsiteDriver - waiting...
[INFO ] 2020-05-15 10:32:45.546 [main] TTWebsiteDriver - waiting...
[INFO ] 2020-05-15 10:32:49.563 [main] TTWebsiteDriver - waiting...
[INFO ] 2020-05-15 10:32:53.664 [main] TTWebsiteDriver - waiting...
[INFO ] 2020-05-15 10:32:57.743 [main] TTWebsiteDriver - waiting...
[INFO ] 2020-05-15 10:33:01.804 [main] TTWebsiteDriver - waiting...
[INFO ] 2020-05-15 10:33:05.877 [main] TTWebsiteDriver - waiting...
[INFO ] 2020-05-15 10:33:09.910 [main] TTWebsiteDriver - waiting...
[INFO ] 2020-05-15 10:33:13.949 [main] TTWebsiteDriver - waiting...
[INFO ] 2020-05-15 10:33:13.949 [main] TTWebsiteDriver - ELEMENT NOT FOUND
[INFO ] 2020-05-15 10:33:13.949 [main] TTWebsiteDriver - quick wait started for By.xpath: //div[@class='gritter-close']
[INFO ] 2020-05-15 10:33:18.015 [main] TTWebsiteDriver - waiting...
[INFO ] 2020-05-15 10:33:22.096 [main] TTWebsiteDriver - waiting...
[INFO ] 2020-05-15 10:33:35.428 [main] IndentItemsPage - Following department has been selected from department Dropdown : Central Medicine Store
[INFO ] 2020-05-15 10:33:35.523 [main] IndentItemsPage - Smart Search Checkbox clicked
[INFO ] 2020-05-15 10:33:38.523 [main] TTWebsiteDriver - waiting for locator By.xpath: //a[@id='btnQOHgraterthenZero']
[INFO ] 2020-05-15 10:33:38.574 [main] TTWebsiteDriver - Element found
[INFO ] 2020-05-15 10:33:38.574 [main] TTWebsiteDriver - wait started for By.xpath: //a[@id='btnQOHgraterthenZero']
[INFO ] 2020-05-15 10:33:38.597 [main] TTWebsiteDriver - wait over,element found
[INFO ] 2020-05-15 10:33:39.601 [main] TTWebsiteDriver - quick wait started for By.xpath: //a[@id='btnQOHgraterthenZero']
[INFO ] 2020-05-15 10:33:39.660 [main] TTWebsiteDriver - wait over,element found
[INFO ] 2020-05-15 10:33:40.067 [main] IndentItemsPage - Refresh Stock Label Clicked
[INFO ] 2020-05-15 10:34:01.070 [main] TTWebsiteDriver - waiting for locator By.xpath: //a[@id='btnQOHlessthenROL']
[INFO ] 2020-05-15 10:34:01.149 [main] TTWebsiteDriver - Element found
[INFO ] 2020-05-15 10:34:01.149 [main] TTWebsiteDriver - wait started for By.xpath: //a[@id='btnQOHlessthenROL']
[INFO ] 2020-05-15 10:34:01.196 [main] TTWebsiteDriver - wait over,element found
[INFO ] 2020-05-15 10:34:02.216 [main] TTWebsiteDriver - quick wait started for By.xpath: //a[@id='btnQOHlessthenROL']
[INFO ] 2020-05-15 10:34:02.257 [main] TTWebsiteDriver - wait over,element found
[INFO ] 2020-05-15 10:34:05.581 [main] TTWebsiteDriver - waiting for locator By.xpath: //a[@id='btnQOHgreaterthenROL']
[INFO ] 2020-05-15 10:34:05.614 [main] TTWebsiteDriver - Element found
[INFO ] 2020-05-15 10:34:05.614 [main] TTWebsiteDriver - wait started for By.xpath: //a[@id='btnQOHgreaterthenROL']
[INFO ] 2020-05-15 10:34:05.635 [main] TTWebsiteDriver - wait over,element found
[INFO ] 2020-05-15 10:34:06.638 [main] TTWebsiteDriver - quick wait started for By.xpath: //a[@id='btnQOHgreaterthenROL']
[INFO ] 2020-05-15 10:34:06.659 [main] TTWebsiteDriver - wait over,element found
[INFO ] 2020-05-15 10:34:09.764 [main] TTWebsiteDriver - waiting for locator By.xpath: //a[@id='btnAllItem']
[INFO ] 2020-05-15 10:34:09.797 [main] TTWebsiteDriver - Element found
[INFO ] 2020-05-15 10:34:09.798 [main] TTWebsiteDriver - wait started for By.xpath: //a[@id='btnAllItem']
[INFO ] 2020-05-15 10:34:09.817 [main] TTWebsiteDriver - wait over,element found
[INFO ] 2020-05-15 10:34:10.820 [main] TTWebsiteDriver - quick wait started for By.xpath: //a[@id='btnAllItem']
[INFO ] 2020-05-15 10:34:10.848 [main] TTWebsiteDriver - wait over,element found
[INFO ] 2020-05-15 10:34:11.690 [main] IndentItemsPage - Select all Label Clicked
[INFO ] 2020-05-15 10:34:11.691 [main] TTWebsiteDriver - wait started for By.xpath: //a[contains(text(),'Medicine')]
[INFO ] 2020-05-15 10:34:11.718 [main] TTWebsiteDriver - wait over,element found
[INFO ] 2020-05-15 10:34:37.721 [main] TTWebsiteDriver - wait started for By.xpath: //a[contains(text(),'Medicine')]
[INFO ] 2020-05-15 10:34:37.763 [main] TTWebsiteDriver - wait over,element found
[INFO ] 2020-05-15 10:34:38.766 [main] TTWebsiteDriver - quick wait started for By.xpath: //a[contains(text(),'Medicine')]
[INFO ] 2020-05-15 10:34:38.796 [main] TTWebsiteDriver - wait over,element found
[INFO ] 2020-05-15 10:34:40.112 [main] IndentItemsPage - Medicine Tab clicked
[INFO ] 2020-05-15 10:34:47.442 [main] IndentItemsPage - Following Medicine has been selectedA TO Z NS SYP 200 ML
[INFO ] 2020-05-15 10:35:01.766 [main] IndentItemsPage - Following Medicine has been selectedAB - FLO TAB
[INFO ] 2020-05-15 10:35:16.039 [main] IndentItemsPage - Following Medicine has been selectedAB PHYLLINE CAP
[INFO ] 2020-05-15 10:35:23.040 [main] TTWebsiteDriver - waiting for locator By.xpath: //li[@id='liConsumables']//a[contains(text(),'Consumables')]
[INFO ] 2020-05-15 10:35:23.092 [main] TTWebsiteDriver - Element found
[INFO ] 2020-05-15 10:35:25.099 [main] TTWebsiteDriver - wait started for By.xpath: //li[@id='liConsumables']//a[contains(text(),'Consumables')]
[INFO ] 2020-05-15 10:35:25.194 [main] TTWebsiteDriver - wait over,element found
[INFO ] 2020-05-15 10:35:26.210 [main] TTWebsiteDriver - quick wait started for By.xpath: //li[@id='liConsumables']//a[contains(text(),'Consumables')]
[INFO ] 2020-05-15 10:35:26.246 [main] TTWebsiteDriver - wait over,element found
[INFO ] 2020-05-15 10:35:27.311 [main] IndentItemsPage - Consumables Tab clicked
[INFO ] 2020-05-15 10:35:27.311 [main] TTWebsiteDriver - wait started for By.xpath: //a[contains(text(),'Medicine')]
[INFO ] 2020-05-15 10:35:27.359 [main] TTWebsiteDriver - wait over,element found
[INFO ] 2020-05-15 10:35:53.364 [main] TTWebsiteDriver - wait started for By.xpath: //a[contains(text(),'Medicine')]
[INFO ] 2020-05-15 10:35:53.417 [main] TTWebsiteDriver - wait over,element found
[INFO ] 2020-05-15 10:35:54.420 [main] TTWebsiteDriver - quick wait started for By.xpath: //a[contains(text(),'Medicine')]
[INFO ] 2020-05-15 10:35:54.471 [main] TTWebsiteDriver - wait over,element found
[INFO ] 2020-05-15 10:35:56.394 [main] IndentItemsPage - Medicine Tab clicked
[INFO ] 2020-05-15 10:36:03.719 [main] IndentItemsPage - Following Medicine has been selectedAHAGLOW S SPRAY
[INFO ] 2020-05-15 10:36:03.719 [main] TTWebsiteDriver - waiting for locator By.xpath: //p[contains(text(),'This is Discontinued Item and Stock at other store')]
[INFO ] 2020-05-15 10:37:20.576 [main] TestListner - Test has failed with TestResult status = 2
[INFO ] 2020-05-15 10:37:20.576 [main] TestListner - [TEST HAS FAILED-------- Test case inventoryWithIndentApprovalTest has failed]. The reason is org.openqa.selenium.NoSuchElementException: no such element: Unable to locate element: {"method":"xpath","selector":"//p[contains(text(),'This is Discontinued Item and Stock at other store')]"}
  (Session info: chrome=81.0.4044.138)
  (Driver info: chromedriver=2.40.565498 (ea082db3280dd6843ebfb08a625e3eb905c4f5ab),platform=Windows NT 6.1.7601 SP1 x86_64) (WARNING: The server did not provide any stacktrace information)
Command duration or timeout: 0 milliseconds
For documentation on this error, please visit: http://seleniumhq.org/exceptions/no_such_element.html
Build info: version: '3.7.1', revision: '8a0099a', time: '2017-11-06T21:01:39.354Z'
System info: host: 'NISHANTSHARMA', ip: '169.254.89.34', os.name: 'Windows 7', os.arch: 'amd64', os.version: '6.1', java.version: '10.0.2'
Driver info: org.openqa.selenium.chrome.ChromeDriver
Capabilities {acceptInsecureCerts: false, acceptSslCerts: false, applicationCacheEnabled: false, browserConnectionEnabled: false, browserName: chrome, chrome: {chromedriverVersion: 2.40.565498 (ea082db3280dd6..., userDataDir: C:\Users\NISHAN~1\AppData\L...}, cssSelectorsEnabled: true, databaseEnabled: false, handlesAlerts: true, hasTouchScreen: false, javascriptEnabled: true, locationContextEnabled: true, mobileEmulationEnabled: false, nativeEvents: true, networkConnectionEnabled: false, pageLoadStrategy: normal, platform: XP, platformName: XP, rotatable: false, setWindowRect: true, takesHeapSnapshot: true, takesScreenshot: true, unexpectedAlertBehaviour: , unhandledPromptBehavior: , version: 81.0.4044.138, webStorageEnabled: true}
Session ID: 1dfb9629181a03988d5c9cc52be8f1a3
*** Element info: {Using=xpath, value=//p[contains(text(),'This is Discontinued Item and Stock at other store')]}
[INFO ] 2020-05-15 10:37:25.112 [main] TTWebsiteDriver - Window is maximized
[INFO ] 2020-05-15 10:37:25.160 [main] TTWebsiteDriver - All cookies deleted
[INFO ] 2020-05-15 10:37:25.495 [main] TTWebsiteBaseTest - Application loaded
[INFO ] 2020-05-15 10:37:25.495 [main] DriverManagerDataSource - Loaded JDBC driver: com.microsoft.sqlserver.jdbc.SQLServerDriver
[INFO ] 2020-05-15 10:37:25.495 [main] DBUtil - QUERY TRIGGERED IS select top 1 Name from M_IdCardType where Deleted=0

[INFO ] 2020-05-15 10:37:40.352 [main] TestListner - 
******************************************************************************************************************************
					TEST CASE NAME:                  inventoryIntendIssue1Test
******************************************************************************************************************************
[INFO ] 2020-05-15 10:37:40.354 [main] TestListner - [TEST IS SKIPPED -------- Test case inventoryIntendIssue1Test skipped]
[INFO ] 2020-05-15 10:37:40.356 [main] TestListner - Test has failed with TestResult status = 2
[INFO ] 2020-05-15 10:37:40.356 [main] TestListner - [TEST HAS FAILED-------- Test case inventoryIntendIssue1Test has failed]. The reason is java.lang.NullPointerException
[INFO ] 2020-05-15 10:37:40.683 [main] TestListner - 
******************************************************************************************************************************
					TEST CASE NAME:                  inventoryItemReceiptWithIndentOrderTest
******************************************************************************************************************************
[INFO ] 2020-05-15 10:37:40.689 [main] TestListner - [TEST IS SKIPPED -------- Test case inventoryItemReceiptWithIndentOrderTest skipped]
[INFO ] 2020-05-15 10:37:40.690 [main] TestListner - Test has failed with TestResult status = 2
[INFO ] 2020-05-15 10:37:40.690 [main] TestListner - [TEST HAS FAILED-------- Test case inventoryItemReceiptWithIndentOrderTest has failed]. The reason is java.lang.NullPointerException
[INFO ] 2020-05-15 10:37:41.008 [main] TestListner - 
******************************************************************************************************************************
					TEST CASE NAME:                  inventoryPurchaseReqiuistion1Test
******************************************************************************************************************************
[INFO ] 2020-05-15 10:37:41.008 [main] TestListner - [TEST IS SKIPPED -------- Test case inventoryPurchaseReqiuistion1Test skipped]
[INFO ] 2020-05-15 10:37:41.008 [main] TestListner - Test has failed with TestResult status = 2
[INFO ] 2020-05-15 10:37:41.008 [main] TestListner - [TEST HAS FAILED-------- Test case inventoryPurchaseReqiuistion1Test has failed]. The reason is java.lang.NullPointerException
[INFO ] 2020-05-15 10:37:41.342 [main] TestListner - 
******************************************************************************************************************************
					TEST CASE NAME:                  inventoryPurchaseReqiuistion2Test
******************************************************************************************************************************
[INFO ] 2020-05-15 10:37:41.343 [main] TestListner - [TEST IS SKIPPED -------- Test case inventoryPurchaseReqiuistion2Test skipped]
[INFO ] 2020-05-15 10:37:41.345 [main] TestListner - Test has failed with TestResult status = 2
[INFO ] 2020-05-15 10:37:41.345 [main] TestListner - [TEST HAS FAILED-------- Test case inventoryPurchaseReqiuistion2Test has failed]. The reason is java.lang.NullPointerException
[INFO ] 2020-05-15 10:37:41.646 [main] TestListner - 
******************************************************************************************************************************
					TEST CASE NAME:                  inventoryDirectIssueTest
******************************************************************************************************************************
[INFO ] 2020-05-15 10:37:41.647 [main] TestListner - [TEST IS SKIPPED -------- Test case inventoryDirectIssueTest skipped]
[INFO ] 2020-05-15 10:37:41.648 [main] TestListner - Test has failed with TestResult status = 2
[INFO ] 2020-05-15 10:37:41.649 [main] TestListner - [TEST HAS FAILED-------- Test case inventoryDirectIssueTest has failed]. The reason is java.lang.NullPointerException
[INFO ] 2020-05-15 10:37:41.966 [main] TestListner - 
******************************************************************************************************************************
					TEST CASE NAME:                  inventoryDirectReceiptTest
******************************************************************************************************************************
[INFO ] 2020-05-15 10:37:41.966 [main] TestListner - [TEST IS SKIPPED -------- Test case inventoryDirectReceiptTest skipped]
[INFO ] 2020-05-15 10:37:41.966 [main] TestListner - Test has failed with TestResult status = 2
[INFO ] 2020-05-15 10:37:41.966 [main] TestListner - [TEST HAS FAILED-------- Test case inventoryDirectReceiptTest has failed]. The reason is java.lang.NullPointerException
[INFO ] 2020-05-15 10:37:42.302 [main] TestListner - 
******************************************************************************************************************************
					TEST CASE NAME:                  purchaseRequisitionApprovalTest
******************************************************************************************************************************
[INFO ] 2020-05-15 10:37:42.303 [main] TestListner - [TEST IS SKIPPED -------- Test case purchaseRequisitionApprovalTest skipped]
[INFO ] 2020-05-15 10:37:42.304 [main] TestListner - Test has failed with TestResult status = 2
[INFO ] 2020-05-15 10:37:42.304 [main] TestListner - [TEST HAS FAILED-------- Test case purchaseRequisitionApprovalTest has failed]. The reason is java.lang.NullPointerException
[INFO ] 2020-05-15 10:37:42.602 [main] TestListner - 
******************************************************************************************************************************
					TEST CASE NAME:                  inventoryIndentIssueWithManualModeTest
******************************************************************************************************************************
[INFO ] 2020-05-15 10:37:42.603 [main] TestListner - [TEST IS SKIPPED -------- Test case inventoryIndentIssueWithManualModeTest skipped]
[INFO ] 2020-05-15 10:37:42.603 [main] TestListner - Test has failed with TestResult status = 2
[INFO ] 2020-05-15 10:37:42.604 [main] TestListner - [TEST HAS FAILED-------- Test case inventoryIndentIssueWithManualModeTest has failed]. The reason is java.lang.NullPointerException
[INFO ] 2020-05-15 10:37:42.919 [main] TestListner - 
******************************************************************************************************************************
					TEST CASE NAME:                  purchaseOrderWithoutPRWithFreeItemsTest
******************************************************************************************************************************
[INFO ] 2020-05-15 10:37:42.920 [main] TestListner - [TEST IS SKIPPED -------- Test case purchaseOrderWithoutPRWithFreeItemsTest skipped]
[INFO ] 2020-05-15 10:37:42.920 [main] TestListner - Test has failed with TestResult status = 2
[INFO ] 2020-05-15 10:37:42.921 [main] TestListner - [TEST HAS FAILED-------- Test case purchaseOrderWithoutPRWithFreeItemsTest has failed]. The reason is java.lang.NullPointerException
[INFO ] 2020-05-15 10:37:43.235 [main] TestListner - 
******************************************************************************************************************************
					TEST CASE NAME:                  inventoryPurchaseReqiuistionWithoutIndentsTest
******************************************************************************************************************************
[INFO ] 2020-05-15 10:37:43.237 [main] TestListner - [TEST IS SKIPPED -------- Test case inventoryPurchaseReqiuistionWithoutIndentsTest skipped]
[INFO ] 2020-05-15 10:37:43.238 [main] TestListner - Test has failed with TestResult status = 2
[INFO ] 2020-05-15 10:37:43.238 [main] TestListner - [TEST HAS FAILED-------- Test case inventoryPurchaseReqiuistionWithoutIndentsTest has failed]. The reason is java.lang.NullPointerException
[INFO ] 2020-05-15 10:37:43.546 [main] TestListner - 
******************************************************************************************************************************
					TEST CASE NAME:                  inventoryAcknowledgereturnTest
******************************************************************************************************************************
[INFO ] 2020-05-15 10:37:43.547 [main] TestListner - [TEST IS SKIPPED -------- Test case inventoryAcknowledgereturnTest skipped]
[INFO ] 2020-05-15 10:37:43.547 [main] TestListner - Test has failed with TestResult status = 2
[INFO ] 2020-05-15 10:37:43.548 [main] TestListner - [TEST HAS FAILED-------- Test case inventoryAcknowledgereturnTest has failed]. The reason is java.lang.NullPointerException
[INFO ] 2020-05-15 10:37:43.846 [main] TestListner - 
******************************************************************************************************************************
					TEST CASE NAME:                  Inventoryindentclosuretestcase
******************************************************************************************************************************
[INFO ] 2020-05-15 10:37:43.847 [main] TestListner - [TEST IS SKIPPED -------- Test case Inventoryindentclosuretestcase skipped]
[INFO ] 2020-05-15 10:37:43.847 [main] TestListner - Test has failed with TestResult status = 2
[INFO ] 2020-05-15 10:37:43.848 [main] TestListner - [TEST HAS FAILED-------- Test case Inventoryindentclosuretestcase has failed]. The reason is java.lang.NullPointerException
