[INFO ] 2020-07-10 15:30:04.344 [main] DriverManagerDataSource - Loaded JDBC driver: com.microsoft.sqlserver.jdbc.SQLServerDriver
[INFO ] 2020-07-10 15:30:05.054 [main] DriverManagerDataSource - Loaded JDBC driver: com.microsoft.sqlserver.jdbc.SQLServerDriver
[INFO ] 2020-07-10 15:30:05.164 [main] DriverManagerDataSource - Loaded JDBC driver: com.microsoft.sqlserver.jdbc.SQLServerDriver
[INFO ] 2020-07-10 15:30:05.264 [main] DriverManagerDataSource - Loaded JDBC driver: com.microsoft.sqlserver.jdbc.SQLServerDriver
[INFO ] 2020-07-10 15:30:05.360 [main] DriverManagerDataSource - Loaded JDBC driver: com.microsoft.sqlserver.jdbc.SQLServerDriver
[INFO ] 2020-07-10 15:30:05.451 [main] DriverManagerDataSource - Loaded JDBC driver: com.microsoft.sqlserver.jdbc.SQLServerDriver
[INFO ] 2020-07-10 15:30:05.538 [main] TestListner - 
******************************************************************************************************************************
					TEST CASE NAME:                  PhysicianOPDcaseSheetOrdersTest
******************************************************************************************************************************
[INFO ] 2020-07-10 15:30:11.261 [main] HISHomePage - User has been logged in to HIS Portal
[INFO ] 2020-07-10 15:30:12.508 [main] HISHomePage - Physician Icon Clicked
[INFO ] 2020-07-10 15:30:14.640 [main] HISHomePage - Following Station has been selected from Station Dropdown : 1st FLR T1 Transplant ICU
[INFO ] 2020-07-10 15:30:21.380 [main] HISHomePage - YES has been clicked from Station Dropdown
[INFO ] 2020-07-10 15:30:21.449 [main] HISHomePage - Page Heading Name= Doctor's Worklist
[INFO ] 2020-07-10 15:30:21.610 [main] HISHomePage - Click on OutPatient
[INFO ] 2020-07-10 15:30:22.178 [main] HISHomePage - Doctor Name= [[[[ChromeDriver: chrome on WINDOWS (721cadef3dc81a0ee47e3392b54059b3)] -> id: doctorsId]] -> tag name: option]
[INFO ] 2020-07-10 15:30:22.261 [main] HISHomePage - View= [[[[ChromeDriver: chrome on WINDOWS (721cadef3dc81a0ee47e3392b54059b3)] -> id: view_type]] -> tag name: option]
[INFO ] 2020-07-10 15:30:23.105 [main] HISHomePage - Frome Date= 10/Feb/2020
[INFO ] 2020-07-10 15:30:23.177 [main] HISHomePage - Click on Search Button
[INFO ] 2020-07-10 15:30:23.178 [main] TestListner - [TEST IS SUCCESSFUL -------- Test case PhysicianOPDcaseSheetOrdersTest has passed]
