[INFO ] 2020-07-10 16:19:43.091 [main] DriverManagerDataSource - Loaded JDBC driver: com.microsoft.sqlserver.jdbc.SQLServerDriver
[INFO ] 2020-07-10 16:19:43.670 [main] DriverManagerDataSource - Loaded JDBC driver: com.microsoft.sqlserver.jdbc.SQLServerDriver
[INFO ] 2020-07-10 16:19:43.757 [main] DriverManagerDataSource - Loaded JDBC driver: com.microsoft.sqlserver.jdbc.SQLServerDriver
[INFO ] 2020-07-10 16:19:43.846 [main] DriverManagerDataSource - Loaded JDBC driver: com.microsoft.sqlserver.jdbc.SQLServerDriver
[INFO ] 2020-07-10 16:19:43.934 [main] DriverManagerDataSource - Loaded JDBC driver: com.microsoft.sqlserver.jdbc.SQLServerDriver
[INFO ] 2020-07-10 16:19:44.020 [main] DriverManagerDataSource - Loaded JDBC driver: com.microsoft.sqlserver.jdbc.SQLServerDriver
[INFO ] 2020-07-10 16:19:44.110 [main] TestListner - 
******************************************************************************************************************************
					TEST CASE NAME:                  PhysicianOPDcaseSheetOrdersTest
******************************************************************************************************************************
[INFO ] 2020-07-10 16:19:49.959 [main] HISHomePage - User has been logged in to HIS Portal
[INFO ] 2020-07-10 16:19:51.195 [main] HISHomePage - Physician Icon Clicked
[INFO ] 2020-07-10 16:19:53.339 [main] HISHomePage - Following Station has been selected from Station Dropdown : 1st FLR T1 Transplant ICU
[INFO ] 2020-07-10 16:20:00.076 [main] HISHomePage - YES has been clicked from Station Dropdown
[INFO ] 2020-07-10 16:20:00.141 [main] HISHomePage - Page Heading Name= Doctor's Worklist
[INFO ] 2020-07-10 16:20:00.382 [main] HISHomePage - Click on OutPatient
[INFO ] 2020-07-10 16:20:00.953 [main] HISHomePage - Doctor Name= Abhin  Lazar
[INFO ] 2020-07-10 16:20:01.065 [main] HISHomePage - View= Summary
[INFO ] 2020-07-10 16:20:01.859 [main] HISHomePage - Frome Date= 10/Feb/2020
[INFO ] 2020-07-10 16:20:01.919 [main] HISHomePage - Click on Search Button
[INFO ] 2020-07-10 16:20:05.576 [main] HISHomePage - Click on Patient
[INFO ] 2020-07-10 16:20:12.314 [main] HISHomePage - Click on Order Tab
[INFO ] 2020-07-10 16:20:13.154 [main] TestListner - Test has failed with TestResult status = 2
[INFO ] 2020-07-10 16:20:13.154 [main] TestListner - [TEST HAS FAILED-------- Test case PhysicianOPDcaseSheetOrdersTest has failed]. The reason is java.lang.IllegalArgumentException: No enum constant org.openqa.selenium.support.Colors.RGB(22, 188, 192) NONE REPEAT SCROLL 0% 0% / AUTO PADDING-BOX BORDER-BOX
