[INFO ] 2020-07-10 17:16:10.154 [main] DriverManagerDataSource - Loaded JDBC driver: com.microsoft.sqlserver.jdbc.SQLServerDriver
[INFO ] 2020-07-10 17:16:10.712 [main] DriverManagerDataSource - Loaded JDBC driver: com.microsoft.sqlserver.jdbc.SQLServerDriver
[INFO ] 2020-07-10 17:16:10.785 [main] DriverManagerDataSource - Loaded JDBC driver: com.microsoft.sqlserver.jdbc.SQLServerDriver
[INFO ] 2020-07-10 17:16:10.862 [main] DriverManagerDataSource - Loaded JDBC driver: com.microsoft.sqlserver.jdbc.SQLServerDriver
[INFO ] 2020-07-10 17:16:10.936 [main] DriverManagerDataSource - Loaded JDBC driver: com.microsoft.sqlserver.jdbc.SQLServerDriver
[INFO ] 2020-07-10 17:16:11.016 [main] DriverManagerDataSource - Loaded JDBC driver: com.microsoft.sqlserver.jdbc.SQLServerDriver
[INFO ] 2020-07-10 17:16:11.094 [main] TestListner - 
******************************************************************************************************************************
					TEST CASE NAME:                  PhysicianOPDcaseSheetOrdersTest
******************************************************************************************************************************
[INFO ] 2020-07-10 17:16:16.684 [main] HISHomePage - User has been logged in to HIS Portal
[INFO ] 2020-07-10 17:16:17.892 [main] HISHomePage - Physician Icon Clicked
[INFO ] 2020-07-10 17:16:20.009 [main] HISHomePage - Following Station has been selected from Station Dropdown : 1st FLR T1 Transplant ICU
[INFO ] 2020-07-10 17:16:26.542 [main] HISHomePage - YES has been clicked from Station Dropdown
[INFO ] 2020-07-10 17:16:26.610 [main] HISHomePage - Page Heading Name= Doctor's Worklist
[INFO ] 2020-07-10 17:16:26.899 [main] HISHomePage - Click on OutPatient
[INFO ] 2020-07-10 17:16:27.505 [main] HISHomePage - Doctor Name= Abhin  Lazar
[INFO ] 2020-07-10 17:16:27.607 [main] HISHomePage - View= Summary
[INFO ] 2020-07-10 17:16:28.408 [main] HISHomePage - Frome Date= 10/Feb/2020
[INFO ] 2020-07-10 17:16:28.474 [main] HISHomePage - Click on Search Button
[INFO ] 2020-07-10 17:16:32.322 [main] HISHomePage - Click on Patient
[INFO ] 2020-07-10 17:16:38.951 [main] HISHomePage - Click on Order Tab
[INFO ] 2020-07-10 17:16:39.822 [main] HISHomePage - Selected Tab= Color: rgba(22, 188, 192, 1)
[INFO ] 2020-07-10 17:16:39.823 [main] TestListner - [TEST IS SUCCESSFUL -------- Test case PhysicianOPDcaseSheetOrdersTest has passed]
