[INFO ] 2020-05-20 12:03:55.245 [main] TTBaseTest - Started execution with  null
[INFO ] 2020-05-20 12:03:55.245 [main] TTBaseTest - Environment properties are not provided by the user ... loading the default properties
[INFO ] 2020-05-20 12:03:55.245 [main] TTBaseTest - Default Browser is  ------ chrome
[INFO ] 2020-05-20 12:03:55.245 [main] TTBaseTest - Default URL is  ------ http://206.19.38.8:8001/HISTreeTesting/Login/Login?ReturnUrl=%2fHistreetesting
[INFO ] 2020-05-20 12:03:55.245 [main] TTBaseTest - Default loginname is  ------ null
[INFO ] 2020-05-20 12:03:55.245 [main] TTBaseTest - Default username is  ------ null
[INFO ] 2020-05-20 12:03:55.245 [main] TTBaseTest - Default user password is  ------ Deepak@1234
[INFO ] 2020-05-20 12:03:59.743 [main] TTWebsiteDriver - Window is maximized
[INFO ] 2020-05-20 12:03:59.788 [main] TTWebsiteDriver - All cookies deleted
[INFO ] 2020-05-20 12:04:00.541 [main] TTWebsiteBaseTest - Application loaded
[INFO ] 2020-05-20 12:04:00.642 [main] DriverManagerDataSource - Loaded JDBC driver: com.microsoft.sqlserver.jdbc.SQLServerDriver
[INFO ] 2020-05-20 12:04:00.642 [main] DBUtil - ConnectionString::jdbc:sqlserver://206.19.38.4;databaseName=SIT_HISTree_TestingAuto;instance=MSSQLSERVER;domain=null
[INFO ] 2020-05-20 12:04:00.642 [main] DBUtil - QUERY TRIGGERED IS select top 1 Name from M_IdCardType where Deleted=0

[INFO ] 2020-05-20 12:04:01.106 [main] DriverManagerDataSource - Loaded JDBC driver: com.microsoft.sqlserver.jdbc.SQLServerDriver
[INFO ] 2020-05-20 12:04:01.106 [main] DBUtil - ConnectionString::jdbc:sqlserver://206.19.38.4;databaseName=SIT_HISTree_TestingAuto;instance=MSSQLSERVER;domain=null
[INFO ] 2020-05-20 12:04:01.106 [main] DBUtil - QUERY TRIGGERED IS select top 1 name from M_OCCUPATION where Deleted=0

[INFO ] 2020-05-20 12:04:01.185 [main] DriverManagerDataSource - Loaded JDBC driver: com.microsoft.sqlserver.jdbc.SQLServerDriver
[INFO ] 2020-05-20 12:04:01.185 [main] DBUtil - ConnectionString::jdbc:sqlserver://206.19.38.4;databaseName=SIT_HISTree_TestingAuto;instance=MSSQLSERVER;domain=null
[INFO ] 2020-05-20 12:04:01.185 [main] DBUtil - QUERY TRIGGERED IS select top 1 Name from M_QUALIFICATION where Deleted=0

[INFO ] 2020-05-20 12:04:01.263 [main] DriverManagerDataSource - Loaded JDBC driver: com.microsoft.sqlserver.jdbc.SQLServerDriver
[INFO ] 2020-05-20 12:04:01.263 [main] DBUtil - ConnectionString::jdbc:sqlserver://206.19.38.4;databaseName=SIT_HISTree_TestingAuto;instance=MSSQLSERVER;domain=null
[INFO ] 2020-05-20 12:04:01.263 [main] DBUtil - QUERY TRIGGERED IS select top 1 Name from m_SourceOfInfo where Deleted=0

[INFO ] 2020-05-20 12:04:01.372 [main] DriverManagerDataSource - Loaded JDBC driver: com.microsoft.sqlserver.jdbc.SQLServerDriver
[INFO ] 2020-05-20 12:04:01.372 [main] DBUtil - ConnectionString::jdbc:sqlserver://206.19.38.4;databaseName=SIT_HISTree_TestingAuto;instance=MSSQLSERVER;domain=null
[INFO ] 2020-05-20 12:04:01.372 [main] DBUtil - QUERY TRIGGERED IS select top 1 NAME from m_city where deleted=0

[INFO ] 2020-05-20 12:04:01.450 [main] DriverManagerDataSource - Loaded JDBC driver: com.microsoft.sqlserver.jdbc.SQLServerDriver
[INFO ] 2020-05-20 12:04:01.450 [main] DBUtil - ConnectionString::jdbc:sqlserver://206.19.38.4;databaseName=SIT_HISTree_TestingAuto;instance=MSSQLSERVER;domain=null
[INFO ] 2020-05-20 12:04:01.450 [main] DBUtil - QUERY TRIGGERED IS select top 1 NAME from m_city where deleted=0

[INFO ] 2020-05-20 12:04:01.512 [main] TestListner - 
******************************************************************************************************************************
					TEST CASE NAME:                  frontOfficeBillingMergeDuplicatesTestCase
******************************************************************************************************************************
[INFO ] 2020-05-20 12:04:01.798 [main] TTWebsiteDriver - wait started for By.id: btnLogin
[INFO ] 2020-05-20 12:04:01.822 [main] TTWebsiteDriver - wait over,element found
[INFO ] 2020-05-20 12:04:02.830 [main] TTWebsiteDriver - quick wait started for By.id: btnLogin
[INFO ] 2020-05-20 12:04:02.878 [main] TTWebsiteDriver - wait over,element found
[INFO ] 2020-05-20 12:04:03.094 [main] TTWebsiteDriver - wait started for By.xpath: //a[@id='btnYesAlreadyLogedinPopup']
[INFO ] 2020-05-20 12:04:03.129 [main] TTWebsiteDriver - wait over,element found
[INFO ] 2020-05-20 12:04:04.145 [main] TTWebsiteDriver - quick wait started for By.xpath: //a[@id='btnYesAlreadyLogedinPopup']
[INFO ] 2020-05-20 12:04:04.193 [main] TTWebsiteDriver - wait over,element found
[INFO ] 2020-05-20 12:04:04.851 [main] HISHomePage - User has been logged in to HIS Portal
[INFO ] 2020-05-20 12:04:04.852 [main] TTWebsiteDriver - wait started for By.xpath: //span[contains(text(),'Front Office')]//ancestor::a
[INFO ] 2020-05-20 12:04:04.880 [main] TTWebsiteDriver - wait over,element found
[INFO ] 2020-05-20 12:04:06.128 [main] HISHomePage - Front Office Icon Clicked
[INFO ] 2020-05-20 12:04:10.324 [main] HISHomePage - Following Station has been selected from Station Dropdown : Front Office
[INFO ] 2020-05-20 12:04:10.324 [main] TTWebsiteDriver - wait started for By.id: btn_yes_desh
[INFO ] 2020-05-20 12:04:10.372 [main] TTWebsiteDriver - wait over,element found
[INFO ] 2020-05-20 12:04:11.402 [main] TTWebsiteDriver - quick wait started for By.id: btn_yes_desh
[INFO ] 2020-05-20 12:04:11.449 [main] TTWebsiteDriver - wait over,element found
[INFO ] 2020-05-20 12:04:12.158 [main] HISHomePage - YES has been clicked from Station Dropdown
[INFO ] 2020-05-20 12:04:12.158 [main] TTWebsiteDriver - wait started for By.xpath: //li[@id='FOAddPatientMenu']//i[2]
[INFO ] 2020-05-20 12:04:12.183 [main] TTWebsiteDriver - wait over,element found
[INFO ] 2020-05-20 12:04:13.195 [main] TTWebsiteDriver - wait started for By.xpath: //li[@id='FOAddPatientMenu']//i[2]
[INFO ] 2020-05-20 12:04:13.243 [main] TTWebsiteDriver - wait over,element found
[INFO ] 2020-05-20 12:04:14.274 [main] TTWebsiteDriver - quick wait started for By.xpath: //li[@id='FOAddPatientMenu']//i[2]
[INFO ] 2020-05-20 12:04:14.306 [main] TTWebsiteDriver - wait over,element found
[INFO ] 2020-05-20 12:04:14.446 [main] FrontOfficeHomePage - Add Patient Section is Expanded
[INFO ] 2020-05-20 12:04:23.038 [main] FrontOfficeHomePage - Following Option has been selected from Add Patient Section Patient Registration
[INFO ] 2020-05-20 12:04:23.038 [main] TTWebsiteDriver - Waiting For Page load via JS
[INFO ] 2020-05-20 12:04:41.270 [main] PatientRegistrationPage - Following Title has been selected from Title Dropdown : New Delhi
[INFO ] 2020-05-20 12:04:41.270 [main] TTWebsiteDriver - wait started for By.id: firstName
[INFO ] 2020-05-20 12:04:41.305 [main] TTWebsiteDriver - wait over,element found
[INFO ] 2020-05-20 12:04:42.854 [main] PatientRegistrationPage - First Name has been added as : Automation
[INFO ] 2020-05-20 12:04:42.854 [main] TTWebsiteDriver - wait started for By.id: middleName
[INFO ] 2020-05-20 12:04:42.874 [main] TTWebsiteDriver - wait over,element found
[INFO ] 2020-05-20 12:04:44.173 [main] PatientRegistrationPage - Middle Name has been added as : Test
[INFO ] 2020-05-20 12:04:44.174 [main] TTWebsiteDriver - wait started for By.id: lastName
[INFO ] 2020-05-20 12:04:44.194 [main] TTWebsiteDriver - wait over,element found
[INFO ] 2020-05-20 12:04:45.512 [main] PatientRegistrationPage - Last Name has been added as : User
[INFO ] 2020-05-20 12:04:45.512 [main] TTWebsiteDriver - wait started for By.id: gender
[INFO ] 2020-05-20 12:04:45.530 [main] TTWebsiteDriver - wait over,element found
[INFO ] 2020-05-20 12:04:46.657 [main] PatientRegistrationPage - Following Gender has been selected from Gender Dropdown : Male
[INFO ] 2020-05-20 12:04:46.657 [main] TTWebsiteDriver - wait started for By.id: dob
[INFO ] 2020-05-20 12:04:46.689 [main] TTWebsiteDriver - wait over,element found
[INFO ] 2020-05-20 12:04:48.442 [main] PatientRegistrationPage - Following DOB has been added : 15-12-1991
[INFO ] 2020-05-20 12:04:56.513 [main] TTWebsiteDriver - wait started for By.id: chkA
[INFO ] 2020-05-20 12:04:56.576 [main] TTWebsiteDriver - wait over,element found
[INFO ] 2020-05-20 12:04:57.668 [main] TTWebsiteDriver - wait started for By.id: age
[INFO ] 2020-05-20 12:04:57.711 [main] TTWebsiteDriver - wait over,element found
[INFO ] 2020-05-20 12:04:59.004 [main] PatientRegistrationPage - Following Age has been added : 65
[INFO ] 2020-05-20 12:04:59.005 [main] TTWebsiteDriver - wait started for By.id: mStatus
[INFO ] 2020-05-20 12:04:59.027 [main] TTWebsiteDriver - wait over,element found
[INFO ] 2020-05-20 12:05:00.251 [main] PatientRegistrationPage - Following MArtial Status has been selected from MArtial Status  Dropdown : Single
[INFO ] 2020-05-20 12:05:00.251 [main] TTWebsiteDriver - wait started for By.id: motherName
[INFO ] 2020-05-20 12:05:00.272 [main] TTWebsiteDriver - wait over,element found
[INFO ] 2020-05-20 12:05:02.191 [main] PatientRegistrationPage - Following Mother Maiden Name Has been Added: Automation Test Mother
[INFO ] 2020-05-20 12:05:02.192 [main] TTWebsiteDriver - wait started for By.id: relName
[INFO ] 2020-05-20 12:05:02.212 [main] TTWebsiteDriver - wait over,element found
[INFO ] 2020-05-20 12:05:04.089 [main] PatientRegistrationPage - Following Fathers Name Has been Added: AutomationFather@123 
[INFO ] 2020-05-20 12:05:04.089 [main] TTWebsiteDriver - wait started for By.id: nationality
[INFO ] 2020-05-20 12:05:04.113 [main] TTWebsiteDriver - wait over,element found
[INFO ] 2020-05-20 12:05:05.241 [main] PatientRegistrationPage - Following Nationality has been selected from Nationality Dropdown : Indian
[INFO ] 2020-05-20 12:05:07.341 [main] PatientRegistrationPage - VIP Checkbox has been selected and Data has been added to VIP Text Box
[INFO ] 2020-05-20 12:05:07.674 [main] PatientRegistrationPage - Remarks Checkbox has been selected and Data has been added to Remarks Text Box
[INFO ] 2020-05-20 12:05:07.704 [main] PatientRegistrationPage - NRI Checkbox has been selected
[INFO ] 2020-05-20 12:05:07.790 [main] PatientRegistrationPage - ID Card Drop down is enabled
[INFO ] 2020-05-20 12:05:07.791 [main] TTWebsiteDriver - wait started for By.id: cardType
[INFO ] 2020-05-20 12:05:07.810 [main] TTWebsiteDriver - wait over,element found
[INFO ] 2020-05-20 12:05:09.086 [main] PatientRegistrationPage - Following ID Card has been selected from ID Card Dropdown : Passport Number
[INFO ] 2020-05-20 12:05:09.366 [main] PatientRegistrationPage - Following National ID has been added : 12345
[INFO ] 2020-05-20 12:05:09.991 [main] PatientRegistrationPage - Following TELEPHONE NO has been added in TELEPHONE No Text Box : 1234567891011123
[INFO ] 2020-05-20 12:05:10.414 [main] PatientRegistrationPage - Following MOBILE NO has been added : 1234567890
[INFO ] 2020-05-20 12:05:11.337 [main] PatientRegistrationPage - Following house Number has been added Automation Test Address
[INFO ] 2020-05-20 12:05:11.337 [main] TTWebsiteDriver - wait started for By.id: city
[INFO ] 2020-05-20 12:05:11.354 [main] TTWebsiteDriver - wait over,element found
[INFO ] 2020-05-20 12:05:12.676 [main] PatientRegistrationPage - Following City  has been selected from City Dropdown : New Delhi
[INFO ] 2020-05-20 12:05:24.581 [main] PatientRegistrationPage - Following City has been addedTest City989Following District has been selected
[INFO ] 2020-05-20 12:05:24.581 [main] TTWebsiteDriver - wait started for By.id: addlocal
[INFO ] 2020-05-20 12:05:25.246 [main] TTWebsiteDriver - wait over,element found
[INFO ] 2020-05-20 12:05:26.538 [main] TTWebsiteDriver - wait started for By.id: local
[INFO ] 2020-05-20 12:05:26.564 [main] TTWebsiteDriver - wait over,element found
[INFO ] 2020-05-20 12:05:37.042 [main] PatientRegistrationPage - Follwoing Locality has been added: Test local7693Following City has been selected: SaharanpurFollowing Pin Code has been added: 247001
[INFO ] 2020-05-20 12:05:37.042 [main] TTWebsiteDriver - wait started for By.id: emailID
[INFO ] 2020-05-20 12:05:37.109 [main] TTWebsiteDriver - wait over,element found
[INFO ] 2020-05-20 12:05:39.448 [main] PatientRegistrationPage - Following email has been added: test@automation.com
[INFO ] 2020-05-20 12:05:39.829 [main] PatientRegistrationPage - Following Reffered By has been added: Self
[INFO ] 2020-05-20 12:05:39.829 [main] TTWebsiteDriver - wait started for By.id: lang
[INFO ] 2020-05-20 12:05:39.850 [main] TTWebsiteDriver - wait over,element found
[INFO ] 2020-05-20 12:05:41.096 [main] PatientRegistrationPage - Following language  has been selected from language Dropdown : English
[INFO ] 2020-05-20 12:05:41.096 [main] TTWebsiteDriver - wait started for By.id: occupation
[INFO ] 2020-05-20 12:05:41.116 [main] TTWebsiteDriver - wait over,element found
[INFO ] 2020-05-20 12:05:42.346 [main] PatientRegistrationPage - Following occupation  has been selected from occupation Dropdown : Student
[INFO ] 2020-05-20 12:05:42.346 [main] TTWebsiteDriver - wait started for By.id: qualification
[INFO ] 2020-05-20 12:05:42.360 [main] TTWebsiteDriver - wait over,element found
[INFO ] 2020-05-20 12:05:43.599 [main] PatientRegistrationPage - Following qualification  has been selected from qualification Dropdown : Ph.D
[INFO ] 2020-05-20 12:05:43.599 [main] TTWebsiteDriver - wait started for By.id: religion
[INFO ] 2020-05-20 12:05:43.611 [main] TTWebsiteDriver - wait over,element found
[INFO ] 2020-05-20 12:05:44.812 [main] PatientRegistrationPage - Following relegion  has been selected from relegion Dropdown : Hindu
[INFO ] 2020-05-20 12:05:44.812 [main] TTWebsiteDriver - wait started for By.id: sref
[INFO ] 2020-05-20 12:05:44.845 [main] TTWebsiteDriver - wait over,element found
[INFO ] 2020-05-20 12:05:46.046 [main] PatientRegistrationPage - Following refer  has been selected from refer Dropdown : News Paper
[INFO ] 2020-05-20 12:05:46.092 [main] PatientRegistrationPage - Financial Details Checkbox Checked
[INFO ] 2020-05-20 12:05:46.092 [main] TTWebsiteDriver - wait started for By.id: companytype
[INFO ] 2020-05-20 12:05:46.114 [main] TTWebsiteDriver - wait over,element found
[INFO ] 2020-05-20 12:05:47.319 [main] PatientRegistrationPage - Following compType  has been selected from compType Dropdown : Corporate
[INFO ] 2020-05-20 12:05:47.319 [main] TTWebsiteDriver - wait started for By.id: company
[INFO ] 2020-05-20 12:05:47.376 [main] TTWebsiteDriver - wait over,element found
[INFO ] 2020-05-20 12:05:48.577 [main] PatientRegistrationPage - Following comp has been selected from comp Dropdown: STATE BANK OF INDIA
[INFO ] 2020-05-20 12:05:48.577 [main] TTWebsiteDriver - wait started for By.id: rate
[INFO ] 2020-05-20 12:05:48.610 [main] TTWebsiteDriver - wait over,element found
[INFO ] 2020-05-20 12:05:49.750 [main] PatientRegistrationPage - Following Rate has been selected from Rate Dropdown: STATE BANK OF INDIA - (CGHS)
[INFO ] 2020-05-20 12:05:49.782 [main] PatientRegistrationPage - Scheme Checkbox Checked
[INFO ] 2020-05-20 12:05:49.782 [main] TTWebsiteDriver - wait started for By.id: scheme
[INFO ] 2020-05-20 12:05:49.831 [main] TTWebsiteDriver - wait over,element found
[INFO ] 2020-05-20 12:05:51.091 [main] PatientRegistrationPage - First Scheme has been selected from Scheme Dropdown
[INFO ] 2020-05-20 12:05:51.092 [main] TTWebsiteDriver - wait started for By.id: register
[INFO ] 2020-05-20 12:05:51.115 [main] TTWebsiteDriver - wait over,element found
[INFO ] 2020-05-20 12:05:52.219 [main] PatientRegistrationPage - Regsiter Icon Clicked
[INFO ] 2020-05-20 12:05:52.237 [main] TTWebsiteDriver - wait started for By.id: btnyesss
[INFO ] 2020-05-20 12:05:52.251 [main] TTWebsiteDriver - wait over,element found
[INFO ] 2020-05-20 12:06:03.402 [main] PatientRegistrationPage - Yes button clicked on Confirm Patient Details Popup
[INFO ] 2020-05-20 12:06:03.512 [main] PatientRegistrationPage - TEST US JHKJHKJHPSSH.260836

[INFO ] 2020-05-20 12:06:03.512 [main] TTWebsiteDriver - wait started for By.xpath: //div[@class='popup-area']//div[@class='modal-block-new']//a[contains(text(),'No')]
[INFO ] 2020-05-20 12:06:03.590 [main] TTWebsiteDriver - wait over,element found
[INFO ] 2020-05-20 12:06:04.619 [main] TTWebsiteDriver - wait started for By.xpath: //div[@class='popup-area']//div[@class='modal-block-new']//a[contains(text(),'No')]
[INFO ] 2020-05-20 12:06:04.683 [main] TTWebsiteDriver - wait over,element found
[INFO ] 2020-05-20 12:06:05.712 [main] TTWebsiteDriver - quick wait started for By.xpath: //div[@class='popup-area']//div[@class='modal-block-new']//a[contains(text(),'No')]
[INFO ] 2020-05-20 12:06:05.791 [main] TTWebsiteDriver - wait over,element found
[INFO ] 2020-05-20 12:06:06.041 [main] TTWebsiteDriver - Waiting For Page load via JS
[INFO ] 2020-05-20 12:06:06.052 [main] PatientRegistrationPage - REGISTERED SUCCESSFULLY POPUP No Button Clicked
[INFO ] 2020-05-20 12:06:06.053 [main] TTWebsiteDriver - wait started for By.xpath: //i[@class='fa fa-bars']
[INFO ] 2020-05-20 12:06:06.093 [main] TTWebsiteDriver - wait over,element found
[INFO ] 2020-05-20 12:06:07.201 [main] HISWebsiteBasePage - Menu Clicked
[INFO ] 2020-05-20 12:06:11.212 [main] TTWebsiteDriver - wait started for By.xpath: //li[@id='FOAddPatientMenu']//i[2]
[INFO ] 2020-05-20 12:06:11.306 [main] TTWebsiteDriver - wait over,element found
[INFO ] 2020-05-20 12:06:12.322 [main] TTWebsiteDriver - wait started for By.xpath: //li[@id='FOAddPatientMenu']//i[2]
[INFO ] 2020-05-20 12:06:12.386 [main] TTWebsiteDriver - wait over,element found
[INFO ] 2020-05-20 12:06:13.415 [main] TTWebsiteDriver - quick wait started for By.xpath: //li[@id='FOAddPatientMenu']//i[2]
[INFO ] 2020-05-20 12:06:13.479 [main] TTWebsiteDriver - wait over,element found
[INFO ] 2020-05-20 12:06:13.654 [main] FrontOfficeHomePage - Add Patient Section is Expanded
[INFO ] 2020-05-20 12:06:22.055 [main] FrontOfficeHomePage - Following Option has been selected from Add Patient Section Patient Registration
[INFO ] 2020-05-20 12:06:22.056 [main] TTWebsiteDriver - Waiting For Page load via JS
[INFO ] 2020-05-20 12:06:40.280 [main] PatientRegistrationPage - Following Title has been selected from Title Dropdown : New Delhi
[INFO ] 2020-05-20 12:06:40.280 [main] TTWebsiteDriver - wait started for By.id: firstName
[INFO ] 2020-05-20 12:06:40.298 [main] TTWebsiteDriver - wait over,element found
[INFO ] 2020-05-20 12:06:41.857 [main] PatientRegistrationPage - First Name has been added as : Automation
[INFO ] 2020-05-20 12:06:41.858 [main] TTWebsiteDriver - wait started for By.id: middleName
[INFO ] 2020-05-20 12:06:41.877 [main] TTWebsiteDriver - wait over,element found
[INFO ] 2020-05-20 12:06:43.203 [main] PatientRegistrationPage - Middle Name has been added as : Test
[INFO ] 2020-05-20 12:06:43.204 [main] TTWebsiteDriver - wait started for By.id: lastName
[INFO ] 2020-05-20 12:06:43.220 [main] TTWebsiteDriver - wait over,element found
[INFO ] 2020-05-20 12:06:44.527 [main] PatientRegistrationPage - Last Name has been added as : User
[INFO ] 2020-05-20 12:06:44.527 [main] TTWebsiteDriver - wait started for By.id: gender
[INFO ] 2020-05-20 12:06:44.544 [main] TTWebsiteDriver - wait over,element found
[INFO ] 2020-05-20 12:06:45.707 [main] PatientRegistrationPage - Following Gender has been selected from Gender Dropdown : Male
[INFO ] 2020-05-20 12:06:45.707 [main] TTWebsiteDriver - wait started for By.id: dob
[INFO ] 2020-05-20 12:06:45.754 [main] TTWebsiteDriver - wait over,element found
[INFO ] 2020-05-20 12:06:47.548 [main] PatientRegistrationPage - Following DOB has been added : 15-12-1991
[INFO ] 2020-05-20 12:06:55.596 [main] TTWebsiteDriver - wait started for By.id: chkA
[INFO ] 2020-05-20 12:06:55.660 [main] TTWebsiteDriver - wait over,element found
[INFO ] 2020-05-20 12:06:56.752 [main] TTWebsiteDriver - wait started for By.id: age
[INFO ] 2020-05-20 12:06:56.785 [main] TTWebsiteDriver - wait over,element found
[INFO ] 2020-05-20 12:06:58.063 [main] PatientRegistrationPage - Following Age has been added : 65
[INFO ] 2020-05-20 12:06:58.064 [main] TTWebsiteDriver - wait started for By.id: mStatus
[INFO ] 2020-05-20 12:06:58.086 [main] TTWebsiteDriver - wait over,element found
[INFO ] 2020-05-20 12:06:59.358 [main] PatientRegistrationPage - Following MArtial Status has been selected from MArtial Status  Dropdown : Single
[INFO ] 2020-05-20 12:06:59.358 [main] TTWebsiteDriver - wait started for By.id: motherName
[INFO ] 2020-05-20 12:06:59.382 [main] TTWebsiteDriver - wait over,element found
[INFO ] 2020-05-20 12:07:01.293 [main] PatientRegistrationPage - Following Mother Maiden Name Has been Added: Automation Test Mother
[INFO ] 2020-05-20 12:07:01.293 [main] TTWebsiteDriver - wait started for By.id: relName
[INFO ] 2020-05-20 12:07:01.309 [main] TTWebsiteDriver - wait over,element found
[INFO ] 2020-05-20 12:07:03.204 [main] PatientRegistrationPage - Following Fathers Name Has been Added: AutomationFather@123 
[INFO ] 2020-05-20 12:07:03.205 [main] TTWebsiteDriver - wait started for By.id: nationality
[INFO ] 2020-05-20 12:07:03.226 [main] TTWebsiteDriver - wait over,element found
[INFO ] 2020-05-20 12:07:04.340 [main] PatientRegistrationPage - Following Nationality has been selected from Nationality Dropdown : Indian
[INFO ] 2020-05-20 12:07:06.451 [main] PatientRegistrationPage - VIP Checkbox has been selected and Data has been added to VIP Text Box
[INFO ] 2020-05-20 12:07:06.787 [main] PatientRegistrationPage - Remarks Checkbox has been selected and Data has been added to Remarks Text Box
[INFO ] 2020-05-20 12:07:06.813 [main] PatientRegistrationPage - NRI Checkbox has been selected
[INFO ] 2020-05-20 12:07:06.900 [main] PatientRegistrationPage - ID Card Drop down is enabled
[INFO ] 2020-05-20 12:07:06.900 [main] TTWebsiteDriver - wait started for By.id: cardType
[INFO ] 2020-05-20 12:07:06.919 [main] TTWebsiteDriver - wait over,element found
[INFO ] 2020-05-20 12:07:08.125 [main] PatientRegistrationPage - Following ID Card has been selected from ID Card Dropdown : Passport Number
[INFO ] 2020-05-20 12:07:08.382 [main] PatientRegistrationPage - Following National ID has been added : 12345
[INFO ] 2020-05-20 12:07:08.989 [main] PatientRegistrationPage - Following TELEPHONE NO has been added in TELEPHONE No Text Box : 1234567891011123
[INFO ] 2020-05-20 12:07:09.477 [main] PatientRegistrationPage - Following MOBILE NO has been added : 1234567890
[INFO ] 2020-05-20 12:07:10.396 [main] PatientRegistrationPage - Following house Number has been added Automation Test Address
[INFO ] 2020-05-20 12:07:10.396 [main] TTWebsiteDriver - wait started for By.id: city
[INFO ] 2020-05-20 12:07:10.413 [main] TTWebsiteDriver - wait over,element found
[INFO ] 2020-05-20 12:07:11.699 [main] PatientRegistrationPage - Following City  has been selected from City Dropdown : New Delhi
[INFO ] 2020-05-20 12:07:23.780 [main] PatientRegistrationPage - Following City has been addedTest City3572Following District has been selected
[INFO ] 2020-05-20 12:07:23.780 [main] TTWebsiteDriver - wait started for By.id: addlocal
[INFO ] 2020-05-20 12:07:23.830 [main] TTWebsiteDriver - wait over,element found
[INFO ] 2020-05-20 12:07:25.097 [main] TTWebsiteDriver - wait started for By.id: local
[INFO ] 2020-05-20 12:07:25.115 [main] TTWebsiteDriver - wait over,element found
[INFO ] 2020-05-20 12:07:35.488 [main] PatientRegistrationPage - Follwoing Locality has been added: Test local4691Following City has been selected: SaharanpurFollowing Pin Code has been added: 247001
[INFO ] 2020-05-20 12:07:35.488 [main] TTWebsiteDriver - wait started for By.id: emailID
[INFO ] 2020-05-20 12:07:35.604 [main] TTWebsiteDriver - wait over,element found
[INFO ] 2020-05-20 12:07:37.767 [main] PatientRegistrationPage - Following email has been added: test@automation.com
[INFO ] 2020-05-20 12:07:38.068 [main] PatientRegistrationPage - Following Reffered By has been added: Self
[INFO ] 2020-05-20 12:07:38.068 [main] TTWebsiteDriver - wait started for By.id: lang
[INFO ] 2020-05-20 12:07:38.086 [main] TTWebsiteDriver - wait over,element found
[INFO ] 2020-05-20 12:07:39.313 [main] PatientRegistrationPage - Following language  has been selected from language Dropdown : English
[INFO ] 2020-05-20 12:07:39.313 [main] TTWebsiteDriver - wait started for By.id: occupation
[INFO ] 2020-05-20 12:07:39.335 [main] TTWebsiteDriver - wait over,element found
[INFO ] 2020-05-20 12:07:40.595 [main] PatientRegistrationPage - Following occupation  has been selected from occupation Dropdown : Student
[INFO ] 2020-05-20 12:07:40.595 [main] TTWebsiteDriver - wait started for By.id: qualification
[INFO ] 2020-05-20 12:07:40.609 [main] TTWebsiteDriver - wait over,element found
[INFO ] 2020-05-20 12:07:41.792 [main] PatientRegistrationPage - Following qualification  has been selected from qualification Dropdown : Ph.D
[INFO ] 2020-05-20 12:07:41.793 [main] TTWebsiteDriver - wait started for By.id: religion
[INFO ] 2020-05-20 12:07:41.810 [main] TTWebsiteDriver - wait over,element found
[INFO ] 2020-05-20 12:07:43.026 [main] PatientRegistrationPage - Following relegion  has been selected from relegion Dropdown : Hindu
[INFO ] 2020-05-20 12:07:43.026 [main] TTWebsiteDriver - wait started for By.id: sref
[INFO ] 2020-05-20 12:07:43.044 [main] TTWebsiteDriver - wait over,element found
[INFO ] 2020-05-20 12:07:44.222 [main] PatientRegistrationPage - Following refer  has been selected from refer Dropdown : News Paper
[INFO ] 2020-05-20 12:07:44.294 [main] PatientRegistrationPage - Financial Details Checkbox Checked
[INFO ] 2020-05-20 12:07:44.294 [main] TTWebsiteDriver - wait started for By.id: companytype
[INFO ] 2020-05-20 12:07:44.323 [main] TTWebsiteDriver - wait over,element found
[INFO ] 2020-05-20 12:07:45.567 [main] PatientRegistrationPage - Following compType  has been selected from compType Dropdown : Corporate
[INFO ] 2020-05-20 12:07:45.568 [main] TTWebsiteDriver - wait started for By.id: company
[INFO ] 2020-05-20 12:07:45.597 [main] TTWebsiteDriver - wait over,element found
[INFO ] 2020-05-20 12:07:46.781 [main] PatientRegistrationPage - Following comp has been selected from comp Dropdown: STATE BANK OF INDIA
[INFO ] 2020-05-20 12:07:46.781 [main] TTWebsiteDriver - wait started for By.id: rate
[INFO ] 2020-05-20 12:07:46.792 [main] TTWebsiteDriver - wait over,element found
[INFO ] 2020-05-20 12:07:47.977 [main] PatientRegistrationPage - Following Rate has been selected from Rate Dropdown: STATE BANK OF INDIA - (CGHS)
[INFO ] 2020-05-20 12:07:48.041 [main] PatientRegistrationPage - Scheme Checkbox Checked
[INFO ] 2020-05-20 12:07:48.041 [main] TTWebsiteDriver - wait started for By.id: scheme
[INFO ] 2020-05-20 12:07:48.075 [main] TTWebsiteDriver - wait over,element found
[INFO ] 2020-05-20 12:07:49.404 [main] PatientRegistrationPage - First Scheme has been selected from Scheme Dropdown
[INFO ] 2020-05-20 12:07:49.405 [main] TTWebsiteDriver - wait started for By.id: register
[INFO ] 2020-05-20 12:07:49.423 [main] TTWebsiteDriver - wait over,element found
[INFO ] 2020-05-20 12:07:50.502 [main] PatientRegistrationPage - Regsiter Icon Clicked
[INFO ] 2020-05-20 12:07:50.533 [main] TTWebsiteDriver - wait started for By.id: btnyesss
[INFO ] 2020-05-20 12:07:50.559 [main] TTWebsiteDriver - wait over,element found
[INFO ] 2020-05-20 12:07:51.744 [main] TTWebsiteDriver - wait started for By.xpath: //div[@class='popup-area']//div[@class='modal-block-new']//a[contains(text(),'No')]
[INFO ] 2020-05-20 12:07:51.823 [main] TTWebsiteDriver - wait over,element found
[INFO ] 2020-05-20 12:07:52.853 [main] TTWebsiteDriver - wait started for By.xpath: //div[@class='popup-area']//div[@class='modal-block-new']//a[contains(text(),'No')]
[INFO ] 2020-05-20 12:07:52.916 [main] TTWebsiteDriver - wait over,element found
[INFO ] 2020-05-20 12:07:53.946 [main] TTWebsiteDriver - quick wait started for By.xpath: //div[@class='popup-area']//div[@class='modal-block-new']//a[contains(text(),'No')]
[INFO ] 2020-05-20 12:07:54.009 [main] TTWebsiteDriver - wait over,element found
[INFO ] 2020-05-20 12:07:54.150 [main] TTWebsiteDriver - wait started for By.xpath: //i[@class='fa fa-bars']
[INFO ] 2020-05-20 12:07:54.212 [main] TTWebsiteDriver - wait over,element found
[INFO ] 2020-05-20 12:07:55.335 [main] HISWebsiteBasePage - Menu Clicked
[INFO ] 2020-05-20 12:07:59.342 [main] TTWebsiteDriver - wait started for By.xpath: //li[@id='FOAddPatientMenu']//i[2]
[INFO ] 2020-05-20 12:07:59.421 [main] TTWebsiteDriver - wait over,element found
[INFO ] 2020-05-20 12:08:00.467 [main] TTWebsiteDriver - wait started for By.xpath: //li[@id='FOAddPatientMenu']//i[2]
[INFO ] 2020-05-20 12:08:00.530 [main] TTWebsiteDriver - wait over,element found
[INFO ] 2020-05-20 12:08:01.560 [main] TTWebsiteDriver - quick wait started for By.xpath: //li[@id='FOAddPatientMenu']//i[2]
[INFO ] 2020-05-20 12:08:01.623 [main] TTWebsiteDriver - wait over,element found
[INFO ] 2020-05-20 12:08:01.770 [main] FrontOfficeHomePage - Add Patient Section is Expanded
[INFO ] 2020-05-20 12:08:08.308 [main] FrontOfficeHomePage - Following Option has been selected from Add Patient Section Merge Duplicates
[INFO ] 2020-05-20 12:08:08.308 [main] TTWebsiteDriver - Waiting For Page load via JS
[INFO ] 2020-05-20 12:08:26.332 [main] TTWebsiteDriver - wait started for By.id: firstaname_mearge
[INFO ] 2020-05-20 12:08:26.395 [main] TTWebsiteDriver - wait over,element found
[INFO ] 2020-05-20 12:08:27.648 [main] MergeAndUnmergeDuplicatePage - Following First Name has been added Automation
[INFO ] 2020-05-20 12:08:28.081 [main] TestListner - Test has failed with TestResult status = 2
[INFO ] 2020-05-20 12:08:28.082 [main] TestListner - [TEST HAS FAILED-------- Test case frontOfficeBillingMergeDuplicatesTestCase has failed]. The reason is java.lang.NullPointerException
