[INFO ] 2020-05-20 14:11:12.536 [main] TTBaseTest - Started execution with  null
[INFO ] 2020-05-20 14:11:12.552 [main] TTBaseTest - Environment properties are not provided by the user ... loading the default properties
[INFO ] 2020-05-20 14:11:12.552 [main] TTBaseTest - Default Browser is  ------ chrome
[INFO ] 2020-05-20 14:11:12.552 [main] TTBaseTest - Default URL is  ------ http://206.19.38.8:8001/HISTreeTesting/Login/Login?ReturnUrl=%2fHistreetesting
[INFO ] 2020-05-20 14:11:12.552 [main] TTBaseTest - Default loginname is  ------ null
[INFO ] 2020-05-20 14:11:12.552 [main] TTBaseTest - Default username is  ------ null
[INFO ] 2020-05-20 14:11:12.552 [main] TTBaseTest - Default user password is  ------ Deepak@1234
[INFO ] 2020-05-20 14:11:16.898 [main] TTWebsiteDriver - Window is maximized
[INFO ] 2020-05-20 14:11:16.942 [main] TTWebsiteDriver - All cookies deleted
[INFO ] 2020-05-20 14:11:17.395 [main] TTWebsiteBaseTest - Application loaded
[INFO ] 2020-05-20 14:11:17.509 [main] DriverManagerDataSource - Loaded JDBC driver: com.microsoft.sqlserver.jdbc.SQLServerDriver
[INFO ] 2020-05-20 14:11:17.509 [main] DBUtil - ConnectionString::jdbc:sqlserver://206.19.38.4;databaseName=SIT_HISTree_TestingAuto;instance=MSSQLSERVER;domain=null
[INFO ] 2020-05-20 14:11:17.509 [main] DBUtil - QUERY TRIGGERED IS select top 1 Name from M_IdCardType where Deleted=0

[INFO ] 2020-05-20 14:11:17.979 [main] DriverManagerDataSource - Loaded JDBC driver: com.microsoft.sqlserver.jdbc.SQLServerDriver
[INFO ] 2020-05-20 14:11:17.979 [main] DBUtil - ConnectionString::jdbc:sqlserver://206.19.38.4;databaseName=SIT_HISTree_TestingAuto;instance=MSSQLSERVER;domain=null
[INFO ] 2020-05-20 14:11:17.979 [main] DBUtil - QUERY TRIGGERED IS select top 1 name from M_OCCUPATION where Deleted=0

[INFO ] 2020-05-20 14:11:18.074 [main] DriverManagerDataSource - Loaded JDBC driver: com.microsoft.sqlserver.jdbc.SQLServerDriver
[INFO ] 2020-05-20 14:11:18.074 [main] DBUtil - ConnectionString::jdbc:sqlserver://206.19.38.4;databaseName=SIT_HISTree_TestingAuto;instance=MSSQLSERVER;domain=null
[INFO ] 2020-05-20 14:11:18.074 [main] DBUtil - QUERY TRIGGERED IS select top 1 Name from M_QUALIFICATION where Deleted=0

[INFO ] 2020-05-20 14:11:18.136 [main] DriverManagerDataSource - Loaded JDBC driver: com.microsoft.sqlserver.jdbc.SQLServerDriver
[INFO ] 2020-05-20 14:11:18.136 [main] DBUtil - ConnectionString::jdbc:sqlserver://206.19.38.4;databaseName=SIT_HISTree_TestingAuto;instance=MSSQLSERVER;domain=null
[INFO ] 2020-05-20 14:11:18.136 [main] DBUtil - QUERY TRIGGERED IS select top 1 Name from m_SourceOfInfo where Deleted=0

[INFO ] 2020-05-20 14:11:18.230 [main] DriverManagerDataSource - Loaded JDBC driver: com.microsoft.sqlserver.jdbc.SQLServerDriver
[INFO ] 2020-05-20 14:11:18.230 [main] DBUtil - ConnectionString::jdbc:sqlserver://206.19.38.4;databaseName=SIT_HISTree_TestingAuto;instance=MSSQLSERVER;domain=null
[INFO ] 2020-05-20 14:11:18.230 [main] DBUtil - QUERY TRIGGERED IS select top 1 NAME from m_city where deleted=0

[INFO ] 2020-05-20 14:11:18.308 [main] DriverManagerDataSource - Loaded JDBC driver: com.microsoft.sqlserver.jdbc.SQLServerDriver
[INFO ] 2020-05-20 14:11:18.308 [main] DBUtil - ConnectionString::jdbc:sqlserver://206.19.38.4;databaseName=SIT_HISTree_TestingAuto;instance=MSSQLSERVER;domain=null
[INFO ] 2020-05-20 14:11:18.308 [main] DBUtil - QUERY TRIGGERED IS select top 1 NAME from m_city where deleted=0

[INFO ] 2020-05-20 14:11:18.386 [main] TestListner - 
******************************************************************************************************************************
					TEST CASE NAME:                  frontOfficeDepositBySearchPatientTestSchedule1
******************************************************************************************************************************
[INFO ] 2020-05-20 14:11:18.743 [main] TTWebsiteDriver - wait started for By.id: btnLogin
[INFO ] 2020-05-20 14:11:18.770 [main] TTWebsiteDriver - wait over,element found
[INFO ] 2020-05-20 14:11:19.786 [main] TTWebsiteDriver - quick wait started for By.id: btnLogin
[INFO ] 2020-05-20 14:11:19.836 [main] TTWebsiteDriver - wait over,element found
[INFO ] 2020-05-20 14:11:20.080 [main] TTWebsiteDriver - wait started for By.xpath: //a[@id='btnYesAlreadyLogedinPopup']
[INFO ] 2020-05-20 14:11:20.104 [main] TTWebsiteDriver - wait over,element found
[INFO ] 2020-05-20 14:11:21.113 [main] TTWebsiteDriver - quick wait started for By.xpath: //a[@id='btnYesAlreadyLogedinPopup']
[INFO ] 2020-05-20 14:11:21.161 [main] TTWebsiteDriver - wait over,element found
[INFO ] 2020-05-20 14:11:21.811 [main] HISHomePage - User has been logged in to HIS Portal
[INFO ] 2020-05-20 14:11:21.811 [main] TTWebsiteDriver - wait started for By.xpath: //span[contains(text(),'Front Office')]//ancestor::a
[INFO ] 2020-05-20 14:11:21.838 [main] TTWebsiteDriver - wait over,element found
[INFO ] 2020-05-20 14:11:23.066 [main] HISHomePage - Front Office Icon Clicked
[INFO ] 2020-05-20 14:11:27.227 [main] HISHomePage - Following Station has been selected from Station Dropdown : Front Office
[INFO ] 2020-05-20 14:11:27.227 [main] TTWebsiteDriver - wait started for By.id: btn_yes_desh
[INFO ] 2020-05-20 14:11:27.260 [main] TTWebsiteDriver - wait over,element found
[INFO ] 2020-05-20 14:11:28.305 [main] TTWebsiteDriver - quick wait started for By.id: btn_yes_desh
[INFO ] 2020-05-20 14:11:28.353 [main] TTWebsiteDriver - wait over,element found
[INFO ] 2020-05-20 14:11:29.046 [main] HISHomePage - YES has been clicked from Station Dropdown
[INFO ] 2020-05-20 14:11:29.046 [main] TTWebsiteDriver - wait started for By.xpath: //li[@id='FODoctorScheduleMenu']//i[2]
[INFO ] 2020-05-20 14:11:29.072 [main] TTWebsiteDriver - wait over,element found
[INFO ] 2020-05-20 14:11:30.078 [main] TTWebsiteDriver - wait started for By.xpath: //li[@id='FODoctorScheduleMenu']//i[2]
[INFO ] 2020-05-20 14:11:30.126 [main] TTWebsiteDriver - wait over,element found
[INFO ] 2020-05-20 14:11:31.155 [main] TTWebsiteDriver - quick wait started for By.xpath: //li[@id='FODoctorScheduleMenu']//i[2]
[INFO ] 2020-05-20 14:11:31.203 [main] TTWebsiteDriver - wait over,element found
[INFO ] 2020-05-20 14:11:31.328 [main] FrontOfficeHomePage - Doctor Schedule Section is Expanded
[INFO ] 2020-05-20 14:11:37.873 [main] FrontOfficeHomePage - Following Option has been selected from Doctor Schedule Section Generate Schedule
[INFO ] 2020-05-20 14:11:37.873 [main] TTWebsiteDriver - Waiting For Page load via JS
[INFO ] 2020-05-20 14:11:56.005 [main] GenerateSchedulePage - Search Button Clicked
[INFO ] 2020-05-20 14:11:56.065 [main] GenerateSchedulePage - Plus Button Clicked
[INFO ] 2020-05-20 14:11:56.081 [main] TTWebsiteDriver - wait started for By.xpath: //select[@id='drpSpecilization']
[INFO ] 2020-05-20 14:11:56.103 [main] TTWebsiteDriver - wait over,element found
[INFO ] 2020-05-20 14:11:57.281 [main] GenerateSchedulePage - Following specialization  has been selected from specialization Dropdown : Ophthalmology
[INFO ] 2020-05-20 14:11:57.281 [main] TTWebsiteDriver - wait started for By.xpath: //select[@id='drpdoctorname']
[INFO ] 2020-05-20 14:11:57.322 [main] TTWebsiteDriver - wait over,element found
[INFO ] 2020-05-20 14:11:58.457 [main] GenerateSchedulePage - Following doctor  has been selected from doctor Dropdown : Archana G Mahajan
[INFO ] 2020-05-20 14:11:58.496 [main] GenerateSchedulePage - Search Button Clicked
[INFO ] 2020-05-20 14:11:58.579 [main] TTWebsiteDriver - wait started for By.xpath: //select[@id='drpSpecilization']
[INFO ] 2020-05-20 14:11:58.593 [main] TTWebsiteDriver - wait over,element found
[INFO ] 2020-05-20 14:11:59.779 [main] GenerateSchedulePage - Following specialization  has been selected from specialization Dropdown : Cardiology
[INFO ] 2020-05-20 14:11:59.779 [main] TTWebsiteDriver - wait started for By.xpath: //select[@id='drpdoctorname']
[INFO ] 2020-05-20 14:11:59.818 [main] TTWebsiteDriver - wait over,element found
[INFO ] 2020-05-20 14:12:00.952 [main] GenerateSchedulePage - Following doctor  has been selected from doctor Dropdown : Sameer Mehrotra
[INFO ] 2020-05-20 14:12:01.292 [main] GenerateSchedulePage - Plus Button Clicked
[INFO ] 2020-05-20 14:12:01.292 [main] TTWebsiteDriver - wait started for By.xpath: //div[@class='form_line generate_facility']//select[@name='Facility']
[INFO ] 2020-05-20 14:12:01.326 [main] TTWebsiteDriver - wait over,element found
[INFO ] 2020-05-20 14:12:02.479 [main] GenerateSchedulePage - Following facility  has been selected from facility Dropdown : TRIOTREE HOSPITAL
[INFO ] 2020-05-20 14:12:05.437 [main] GenerateSchedulePage - Following Date  has been added in From Date Textbox : 13/Sep/2019
[INFO ] 2020-05-20 14:12:09.491 [main] GenerateSchedulePage - Following Date  has been added in To Date Textbox : 13/Sep/2019
[INFO ] 2020-05-20 14:12:09.564 [main] TTWebsiteDriver - wait started for By.xpath: //select[@id='sitting1fromtime']
[INFO ] 2020-05-20 14:12:09.616 [main] TTWebsiteDriver - wait over,element found
[INFO ] 2020-05-20 14:12:10.766 [main] GenerateSchedulePage - Following From Time  has been selected from From Time Dropdown for Sitting 1 : 15:30
[INFO ] 2020-05-20 14:12:10.766 [main] TTWebsiteDriver - wait started for By.xpath: //select[@id='sitting1totime']
[INFO ] 2020-05-20 14:12:10.789 [main] TTWebsiteDriver - wait over,element found
[INFO ] 2020-05-20 14:12:12.004 [main] GenerateSchedulePage - Following To Time  has been selected from To Time Dropdown for Sitting 1 : 15:40
[INFO ] 2020-05-20 14:12:28.416 [main] GenerateSchedulePage - Right Check clicked For Sitting 1
[INFO ] 2020-05-20 14:12:37.296 [main] TTWebsiteDriver - waiting for locator By.xpath: //select[@id='sitting2fromtime']
[INFO ] 2020-05-20 14:12:37.331 [main] TTWebsiteDriver - Element found
[INFO ] 2020-05-20 14:12:37.535 [main] GenerateSchedulePage - Following From Time  has been selected from From Time Dropdown for Sitting 2 : 16:30
[INFO ] 2020-05-20 14:12:37.536 [main] TTWebsiteDriver - wait started for By.xpath: //select[@id='sitting2totime']
[INFO ] 2020-05-20 14:12:37.563 [main] TTWebsiteDriver - wait over,element found
[INFO ] 2020-05-20 14:12:38.797 [main] GenerateSchedulePage - Following To Time  has been selected from To Time Dropdown for Sitting 2 : 16:45
[INFO ] 2020-05-20 14:12:38.927 [main] GenerateSchedulePage - Right Check clicked For Sitting 2
[INFO ] 2020-05-20 14:12:45.840 [main] GenerateSchedulePage - Save button on header clicked
[INFO ] 2020-05-20 14:12:46.039 [main] GenerateSchedulePage - Save Button on Save Popup Clicked
[INFO ] 2020-05-20 14:12:46.039 [main] TestListner - [TEST IS SUCCESSFUL -------- Test case frontOfficeDepositBySearchPatientTestSchedule1 has passed]
