[INFO ] 2020-07-10 15:40:46.658 [main] DriverManagerDataSource - Loaded JDBC driver: com.microsoft.sqlserver.jdbc.SQLServerDriver
[INFO ] 2020-07-10 15:40:47.275 [main] DriverManagerDataSource - Loaded JDBC driver: com.microsoft.sqlserver.jdbc.SQLServerDriver
[INFO ] 2020-07-10 15:40:47.380 [main] DriverManagerDataSource - Loaded JDBC driver: com.microsoft.sqlserver.jdbc.SQLServerDriver
[INFO ] 2020-07-10 15:40:47.466 [main] DriverManagerDataSource - Loaded JDBC driver: com.microsoft.sqlserver.jdbc.SQLServerDriver
[INFO ] 2020-07-10 15:40:47.553 [main] DriverManagerDataSource - Loaded JDBC driver: com.microsoft.sqlserver.jdbc.SQLServerDriver
[INFO ] 2020-07-10 15:40:47.648 [main] DriverManagerDataSource - Loaded JDBC driver: com.microsoft.sqlserver.jdbc.SQLServerDriver
[INFO ] 2020-07-10 15:40:47.737 [main] TestListner - 
******************************************************************************************************************************
					TEST CASE NAME:                  PhysicianOPDcaseSheetOrdersTest
******************************************************************************************************************************
[INFO ] 2020-07-10 15:40:53.753 [main] HISHomePage - User has been logged in to HIS Portal
[INFO ] 2020-07-10 15:40:55.002 [main] HISHomePage - Physician Icon Clicked
[INFO ] 2020-07-10 15:40:57.157 [main] HISHomePage - Following Station has been selected from Station Dropdown : 1st FLR T1 Transplant ICU
[INFO ] 2020-07-10 15:41:04.258 [main] HISHomePage - YES has been clicked from Station Dropdown
[INFO ] 2020-07-10 15:41:04.331 [main] HISHomePage - Page Heading Name= Doctor's Worklist
[INFO ] 2020-07-10 15:41:04.525 [main] HISHomePage - Click on OutPatient
[INFO ] 2020-07-10 15:41:05.125 [main] HISHomePage - Doctor Name= [[[[ChromeDriver: chrome on WINDOWS (c538b4ed5998006285fb629299d94faf)] -> id: doctorsId]] -> tag name: option]
[INFO ] 2020-07-10 15:41:05.203 [main] HISHomePage - View= [[[[ChromeDriver: chrome on WINDOWS (c538b4ed5998006285fb629299d94faf)] -> id: view_type]] -> tag name: option]
[INFO ] 2020-07-10 15:41:06.061 [main] HISHomePage - Frome Date= 10/Feb/2020
[INFO ] 2020-07-10 15:41:06.134 [main] HISHomePage - Click on Search Button
[INFO ] 2020-07-10 15:41:10.027 [main] HISHomePage - Click on Patient
[INFO ] 2020-07-10 15:41:10.028 [main] TestListner - [TEST IS SUCCESSFUL -------- Test case PhysicianOPDcaseSheetOrdersTest has passed]
