[INFO ] 2020-05-20 14:30:12.711 [main] TTBaseTest - Started execution with  null
[INFO ] 2020-05-20 14:30:12.727 [main] TTBaseTest - Environment properties are not provided by the user ... loading the default properties
[INFO ] 2020-05-20 14:30:12.727 [main] TTBaseTest - Default Browser is  ------ chrome
[INFO ] 2020-05-20 14:30:12.727 [main] TTBaseTest - Default URL is  ------ http://206.19.38.8:8001/HISTreeTesting/Login/Login?ReturnUrl=%2fHistreetesting
[INFO ] 2020-05-20 14:30:12.727 [main] TTBaseTest - Default loginname is  ------ null
[INFO ] 2020-05-20 14:30:12.727 [main] TTBaseTest - Default username is  ------ null
[INFO ] 2020-05-20 14:30:12.727 [main] TTBaseTest - Default user password is  ------ Deepak@1234
[INFO ] 2020-05-20 14:30:17.185 [main] TTWebsiteDriver - Window is maximized
[INFO ] 2020-05-20 14:30:17.220 [main] TTWebsiteDriver - All cookies deleted
[INFO ] 2020-05-20 14:30:18.183 [main] TTWebsiteBaseTest - Application loaded
[INFO ] 2020-05-20 14:30:18.267 [main] DriverManagerDataSource - Loaded JDBC driver: com.microsoft.sqlserver.jdbc.SQLServerDriver
[INFO ] 2020-05-20 14:30:18.267 [main] DBUtil - ConnectionString::jdbc:sqlserver://206.19.38.4;databaseName=SIT_HISTree_TestingAuto;instance=MSSQLSERVER;domain=null
[INFO ] 2020-05-20 14:30:18.267 [main] DBUtil - QUERY TRIGGERED IS select top 1 Name from M_IdCardType where Deleted=0

[INFO ] 2020-05-20 14:30:18.795 [main] DriverManagerDataSource - Loaded JDBC driver: com.microsoft.sqlserver.jdbc.SQLServerDriver
[INFO ] 2020-05-20 14:30:18.795 [main] DBUtil - ConnectionString::jdbc:sqlserver://206.19.38.4;databaseName=SIT_HISTree_TestingAuto;instance=MSSQLSERVER;domain=null
[INFO ] 2020-05-20 14:30:18.795 [main] DBUtil - QUERY TRIGGERED IS select top 1 name from M_OCCUPATION where Deleted=0

[INFO ] 2020-05-20 14:30:18.873 [main] DriverManagerDataSource - Loaded JDBC driver: com.microsoft.sqlserver.jdbc.SQLServerDriver
[INFO ] 2020-05-20 14:30:18.873 [main] DBUtil - ConnectionString::jdbc:sqlserver://206.19.38.4;databaseName=SIT_HISTree_TestingAuto;instance=MSSQLSERVER;domain=null
[INFO ] 2020-05-20 14:30:18.873 [main] DBUtil - QUERY TRIGGERED IS select top 1 Name from M_QUALIFICATION where Deleted=0

[INFO ] 2020-05-20 14:30:18.967 [main] DriverManagerDataSource - Loaded JDBC driver: com.microsoft.sqlserver.jdbc.SQLServerDriver
[INFO ] 2020-05-20 14:30:18.967 [main] DBUtil - ConnectionString::jdbc:sqlserver://206.19.38.4;databaseName=SIT_HISTree_TestingAuto;instance=MSSQLSERVER;domain=null
[INFO ] 2020-05-20 14:30:18.967 [main] DBUtil - QUERY TRIGGERED IS select top 1 Name from m_SourceOfInfo where Deleted=0

[INFO ] 2020-05-20 14:30:19.060 [main] DriverManagerDataSource - Loaded JDBC driver: com.microsoft.sqlserver.jdbc.SQLServerDriver
[INFO ] 2020-05-20 14:30:19.060 [main] DBUtil - ConnectionString::jdbc:sqlserver://206.19.38.4;databaseName=SIT_HISTree_TestingAuto;instance=MSSQLSERVER;domain=null
[INFO ] 2020-05-20 14:30:19.060 [main] DBUtil - QUERY TRIGGERED IS select top 1 NAME from m_city where deleted=0

[INFO ] 2020-05-20 14:30:19.154 [main] DriverManagerDataSource - Loaded JDBC driver: com.microsoft.sqlserver.jdbc.SQLServerDriver
[INFO ] 2020-05-20 14:30:19.154 [main] DBUtil - ConnectionString::jdbc:sqlserver://206.19.38.4;databaseName=SIT_HISTree_TestingAuto;instance=MSSQLSERVER;domain=null
[INFO ] 2020-05-20 14:30:19.154 [main] DBUtil - QUERY TRIGGERED IS select top 1 NAME from m_city where deleted=0

[INFO ] 2020-05-20 14:30:19.232 [main] TestListner - 
******************************************************************************************************************************
					TEST CASE NAME:                  frontOfficeGenerateSchedule1Test
******************************************************************************************************************************
[INFO ] 2020-05-20 14:30:19.541 [main] TTWebsiteDriver - wait started for By.id: btnLogin
[INFO ] 2020-05-20 14:30:19.565 [main] TTWebsiteDriver - wait over,element found
[INFO ] 2020-05-20 14:30:20.572 [main] TTWebsiteDriver - quick wait started for By.id: btnLogin
[INFO ] 2020-05-20 14:30:20.620 [main] TTWebsiteDriver - wait over,element found
[INFO ] 2020-05-20 14:30:20.828 [main] TTWebsiteDriver - wait started for By.xpath: //a[@id='btnYesAlreadyLogedinPopup']
[INFO ] 2020-05-20 14:30:20.852 [main] TTWebsiteDriver - wait over,element found
[INFO ] 2020-05-20 14:30:21.864 [main] TTWebsiteDriver - quick wait started for By.xpath: //a[@id='btnYesAlreadyLogedinPopup']
[INFO ] 2020-05-20 14:30:21.902 [main] TTWebsiteDriver - wait over,element found
[INFO ] 2020-05-20 14:30:22.448 [main] HISHomePage - User has been logged in to HIS Portal
[INFO ] 2020-05-20 14:30:22.449 [main] TTWebsiteDriver - wait started for By.xpath: //span[contains(text(),'Front Office')]//ancestor::a
[INFO ] 2020-05-20 14:30:22.473 [main] TTWebsiteDriver - wait over,element found
[INFO ] 2020-05-20 14:30:23.733 [main] HISHomePage - Front Office Icon Clicked
[INFO ] 2020-05-20 14:30:27.890 [main] HISHomePage - Following Station has been selected from Station Dropdown : Front Office
[INFO ] 2020-05-20 14:30:27.890 [main] TTWebsiteDriver - wait started for By.id: btn_yes_desh
[INFO ] 2020-05-20 14:30:27.953 [main] TTWebsiteDriver - wait over,element found
[INFO ] 2020-05-20 14:30:28.983 [main] TTWebsiteDriver - quick wait started for By.id: btn_yes_desh
[INFO ] 2020-05-20 14:30:29.031 [main] TTWebsiteDriver - wait over,element found
[INFO ] 2020-05-20 14:30:29.709 [main] HISHomePage - YES has been clicked from Station Dropdown
[INFO ] 2020-05-20 14:30:29.710 [main] TTWebsiteDriver - wait started for By.xpath: //li[@id='FODoctorScheduleMenu']//i[2]
[INFO ] 2020-05-20 14:30:29.735 [main] TTWebsiteDriver - wait over,element found
[INFO ] 2020-05-20 14:30:30.750 [main] TTWebsiteDriver - wait started for By.xpath: //li[@id='FODoctorScheduleMenu']//i[2]
[INFO ] 2020-05-20 14:30:30.798 [main] TTWebsiteDriver - wait over,element found
[INFO ] 2020-05-20 14:30:31.827 [main] TTWebsiteDriver - quick wait started for By.xpath: //li[@id='FODoctorScheduleMenu']//i[2]
[INFO ] 2020-05-20 14:30:31.875 [main] TTWebsiteDriver - wait over,element found
[INFO ] 2020-05-20 14:30:32.000 [main] FrontOfficeHomePage - Doctor Schedule Section is Expanded
[INFO ] 2020-05-20 14:30:38.492 [main] FrontOfficeHomePage - Following Option has been selected from Doctor Schedule Section Generate Schedule
[INFO ] 2020-05-20 14:30:38.492 [main] TTWebsiteDriver - Waiting For Page load via JS
[INFO ] 2020-05-20 14:30:56.569 [main] GenerateSchedulePage - Search Button Clicked
[INFO ] 2020-05-20 14:30:56.626 [main] GenerateSchedulePage - Plus Button Clicked
[INFO ] 2020-05-20 14:30:56.643 [main] TTWebsiteDriver - wait started for By.xpath: //select[@id='drpSpecilization']
[INFO ] 2020-05-20 14:30:56.662 [main] TTWebsiteDriver - wait over,element found
[INFO ] 2020-05-20 14:30:57.820 [main] GenerateSchedulePage - Following specialization  has been selected from specialization Dropdown : Ophthalmology
[INFO ] 2020-05-20 14:30:57.821 [main] TTWebsiteDriver - wait started for By.xpath: //select[@id='drpdoctorname']
[INFO ] 2020-05-20 14:30:57.856 [main] TTWebsiteDriver - wait over,element found
[INFO ] 2020-05-20 14:30:58.988 [main] GenerateSchedulePage - Following doctor  has been selected from doctor Dropdown : Archana G Mahajan
[INFO ] 2020-05-20 14:30:59.012 [main] GenerateSchedulePage - Search Button Clicked
[INFO ] 2020-05-20 14:30:59.092 [main] TTWebsiteDriver - wait started for By.xpath: //select[@id='drpSpecilization']
[INFO ] 2020-05-20 14:30:59.110 [main] TTWebsiteDriver - wait over,element found
[INFO ] 2020-05-20 14:31:00.244 [main] GenerateSchedulePage - Following specialization  has been selected from specialization Dropdown : Anesthesiast
[INFO ] 2020-05-20 14:31:00.244 [main] TTWebsiteDriver - wait started for By.xpath: //select[@id='drpdoctorname']
[INFO ] 2020-05-20 14:31:00.268 [main] TTWebsiteDriver - wait over,element found
[INFO ] 2020-05-20 14:31:01.405 [main] GenerateSchedulePage - Following doctor  has been selected from doctor Dropdown : Sunil Agarwal
[INFO ] 2020-05-20 14:31:01.744 [main] GenerateSchedulePage - Plus Button Clicked
[INFO ] 2020-05-20 14:31:01.744 [main] TTWebsiteDriver - wait started for By.xpath: //div[@class='form_line generate_facility']//select[@name='Facility']
[INFO ] 2020-05-20 14:31:01.804 [main] TTWebsiteDriver - wait over,element found
[INFO ] 2020-05-20 14:31:02.919 [main] GenerateSchedulePage - Following facility  has been selected from facility Dropdown : TRIOTREE HOSPITAL
[INFO ] 2020-05-20 14:31:05.865 [main] GenerateSchedulePage - Following Date  has been added in From Date Textbox : 13/Feb/2019
[INFO ] 2020-05-20 14:31:09.939 [main] GenerateSchedulePage - Following Date  has been added in To Date Textbox : 13/Feb/2019
[INFO ] 2020-05-20 14:31:11.061 [main] TTWebsiteDriver - wait started for By.xpath: //select[@id='sitting1fromtime']
[INFO ] 2020-05-20 14:31:11.088 [main] TTWebsiteDriver - wait over,element found
[INFO ] 2020-05-20 14:31:12.264 [main] GenerateSchedulePage - Following From Time  has been selected from From Time Dropdown for Sitting 1 : 15:30
[INFO ] 2020-05-20 14:31:12.265 [main] TTWebsiteDriver - wait started for By.xpath: //select[@id='sitting1totime']
[INFO ] 2020-05-20 14:31:12.310 [main] TTWebsiteDriver - wait over,element found
[INFO ] 2020-05-20 14:31:13.505 [main] GenerateSchedulePage - Following To Time  has been selected from To Time Dropdown for Sitting 1 : 15:40
[INFO ] 2020-05-20 14:31:29.897 [main] GenerateSchedulePage - Right Check clicked For Sitting 1
[INFO ] 2020-05-20 14:31:39.200 [main] TTWebsiteDriver - waiting for locator By.xpath: //select[@id='sitting2fromtime']
[INFO ] 2020-05-20 14:31:39.234 [main] TTWebsiteDriver - Element found
[INFO ] 2020-05-20 14:31:39.455 [main] GenerateSchedulePage - Following From Time  has been selected from From Time Dropdown for Sitting 2 : 16:30
[INFO ] 2020-05-20 14:31:39.455 [main] TTWebsiteDriver - wait started for By.xpath: //select[@id='sitting2totime']
[INFO ] 2020-05-20 14:31:39.493 [main] TTWebsiteDriver - wait over,element found
[INFO ] 2020-05-20 14:31:40.689 [main] GenerateSchedulePage - Following To Time  has been selected from To Time Dropdown for Sitting 2 : 16:45
[INFO ] 2020-05-20 14:31:40.849 [main] GenerateSchedulePage - Right Check clicked For Sitting 2
[INFO ] 2020-05-20 14:31:48.062 [main] GenerateSchedulePage - Save button on header clicked
[INFO ] 2020-05-20 14:31:48.355 [main] GenerateSchedulePage - Save Button on Save Popup Clicked
[INFO ] 2020-05-20 14:31:48.356 [main] TestListner - [TEST IS SUCCESSFUL -------- Test case frontOfficeGenerateSchedule1Test has passed]
