[INFO ] 2020-05-20 14:38:48.281 [main] TTBaseTest - Started execution with  null
[INFO ] 2020-05-20 14:38:48.304 [main] TTBaseTest - Environment properties are not provided by the user ... loading the default properties
[INFO ] 2020-05-20 14:38:48.304 [main] TTBaseTest - Default Browser is  ------ chrome
[INFO ] 2020-05-20 14:38:48.305 [main] TTBaseTest - Default URL is  ------ http://206.19.38.8:8001/HISTreeTesting/Login/Login?ReturnUrl=%2fHistreetesting
[INFO ] 2020-05-20 14:38:48.305 [main] TTBaseTest - Default loginname is  ------ null
[INFO ] 2020-05-20 14:38:48.305 [main] TTBaseTest - Default username is  ------ null
[INFO ] 2020-05-20 14:38:48.305 [main] TTBaseTest - Default user password is  ------ Deepak@1234
[INFO ] 2020-05-20 14:38:52.794 [main] TTWebsiteDriver - Window is maximized
[INFO ] 2020-05-20 14:38:52.839 [main] TTWebsiteDriver - All cookies deleted
[INFO ] 2020-05-20 14:38:53.266 [main] TTWebsiteBaseTest - Application loaded
[INFO ] 2020-05-20 14:38:53.373 [main] DriverManagerDataSource - Loaded JDBC driver: com.microsoft.sqlserver.jdbc.SQLServerDriver
[INFO ] 2020-05-20 14:38:53.373 [main] DBUtil - ConnectionString::jdbc:sqlserver://206.19.38.4;databaseName=SIT_HISTree_TestingAuto;instance=MSSQLSERVER;domain=null
[INFO ] 2020-05-20 14:38:53.373 [main] DBUtil - QUERY TRIGGERED IS select top 1 Name from M_IdCardType where Deleted=0

[INFO ] 2020-05-20 14:38:53.843 [main] DriverManagerDataSource - Loaded JDBC driver: com.microsoft.sqlserver.jdbc.SQLServerDriver
[INFO ] 2020-05-20 14:38:53.843 [main] DBUtil - ConnectionString::jdbc:sqlserver://206.19.38.4;databaseName=SIT_HISTree_TestingAuto;instance=MSSQLSERVER;domain=null
[INFO ] 2020-05-20 14:38:53.843 [main] DBUtil - QUERY TRIGGERED IS select top 1 name from M_OCCUPATION where Deleted=0

[INFO ] 2020-05-20 14:38:53.937 [main] DriverManagerDataSource - Loaded JDBC driver: com.microsoft.sqlserver.jdbc.SQLServerDriver
[INFO ] 2020-05-20 14:38:53.937 [main] DBUtil - ConnectionString::jdbc:sqlserver://206.19.38.4;databaseName=SIT_HISTree_TestingAuto;instance=MSSQLSERVER;domain=null
[INFO ] 2020-05-20 14:38:53.937 [main] DBUtil - QUERY TRIGGERED IS select top 1 Name from M_QUALIFICATION where Deleted=0

[INFO ] 2020-05-20 14:38:54.015 [main] DriverManagerDataSource - Loaded JDBC driver: com.microsoft.sqlserver.jdbc.SQLServerDriver
[INFO ] 2020-05-20 14:38:54.015 [main] DBUtil - ConnectionString::jdbc:sqlserver://206.19.38.4;databaseName=SIT_HISTree_TestingAuto;instance=MSSQLSERVER;domain=null
[INFO ] 2020-05-20 14:38:54.015 [main] DBUtil - QUERY TRIGGERED IS select top 1 Name from m_SourceOfInfo where Deleted=0

[INFO ] 2020-05-20 14:38:54.093 [main] DriverManagerDataSource - Loaded JDBC driver: com.microsoft.sqlserver.jdbc.SQLServerDriver
[INFO ] 2020-05-20 14:38:54.093 [main] DBUtil - ConnectionString::jdbc:sqlserver://206.19.38.4;databaseName=SIT_HISTree_TestingAuto;instance=MSSQLSERVER;domain=null
[INFO ] 2020-05-20 14:38:54.093 [main] DBUtil - QUERY TRIGGERED IS select top 1 NAME from m_city where deleted=0

[INFO ] 2020-05-20 14:38:54.171 [main] DriverManagerDataSource - Loaded JDBC driver: com.microsoft.sqlserver.jdbc.SQLServerDriver
[INFO ] 2020-05-20 14:38:54.171 [main] DBUtil - ConnectionString::jdbc:sqlserver://206.19.38.4;databaseName=SIT_HISTree_TestingAuto;instance=MSSQLSERVER;domain=null
[INFO ] 2020-05-20 14:38:54.171 [main] DBUtil - QUERY TRIGGERED IS select top 1 NAME from m_city where deleted=0

[INFO ] 2020-05-20 14:38:54.234 [main] TestListner - 
******************************************************************************************************************************
					TEST CASE NAME:                  frontOfficeGenerateSchedule3Test
******************************************************************************************************************************
[INFO ] 2020-05-20 14:38:54.528 [main] TTWebsiteDriver - wait started for By.id: btnLogin
[INFO ] 2020-05-20 14:38:54.554 [main] TTWebsiteDriver - wait over,element found
[INFO ] 2020-05-20 14:38:55.564 [main] TTWebsiteDriver - quick wait started for By.id: btnLogin
[INFO ] 2020-05-20 14:38:55.612 [main] TTWebsiteDriver - wait over,element found
[INFO ] 2020-05-20 14:38:55.811 [main] TTWebsiteDriver - wait started for By.xpath: //a[@id='btnYesAlreadyLogedinPopup']
[INFO ] 2020-05-20 14:38:55.834 [main] TTWebsiteDriver - wait over,element found
[INFO ] 2020-05-20 14:38:56.839 [main] TTWebsiteDriver - quick wait started for By.xpath: //a[@id='btnYesAlreadyLogedinPopup']
[INFO ] 2020-05-20 14:38:56.871 [main] TTWebsiteDriver - wait over,element found
[INFO ] 2020-05-20 14:38:57.608 [main] HISHomePage - User has been logged in to HIS Portal
[INFO ] 2020-05-20 14:38:57.609 [main] TTWebsiteDriver - wait started for By.xpath: //span[contains(text(),'Front Office')]//ancestor::a
[INFO ] 2020-05-20 14:38:57.644 [main] TTWebsiteDriver - wait over,element found
[INFO ] 2020-05-20 14:38:58.879 [main] HISHomePage - Front Office Icon Clicked
[INFO ] 2020-05-20 14:39:03.042 [main] HISHomePage - Following Station has been selected from Station Dropdown : Front Office
[INFO ] 2020-05-20 14:39:03.042 [main] TTWebsiteDriver - wait started for By.id: btn_yes_desh
[INFO ] 2020-05-20 14:39:03.090 [main] TTWebsiteDriver - wait over,element found
[INFO ] 2020-05-20 14:39:04.120 [main] TTWebsiteDriver - quick wait started for By.id: btn_yes_desh
[INFO ] 2020-05-20 14:39:04.167 [main] TTWebsiteDriver - wait over,element found
[INFO ] 2020-05-20 14:39:04.801 [main] HISHomePage - YES has been clicked from Station Dropdown
[INFO ] 2020-05-20 14:39:04.801 [main] TTWebsiteDriver - wait started for By.xpath: //li[@id='FODoctorScheduleMenu']//i[2]
[INFO ] 2020-05-20 14:39:04.825 [main] TTWebsiteDriver - wait over,element found
[INFO ] 2020-05-20 14:39:05.843 [main] TTWebsiteDriver - wait started for By.xpath: //li[@id='FODoctorScheduleMenu']//i[2]
[INFO ] 2020-05-20 14:39:05.891 [main] TTWebsiteDriver - wait over,element found
[INFO ] 2020-05-20 14:39:06.920 [main] TTWebsiteDriver - quick wait started for By.xpath: //li[@id='FODoctorScheduleMenu']//i[2]
[INFO ] 2020-05-20 14:39:06.968 [main] TTWebsiteDriver - wait over,element found
[INFO ] 2020-05-20 14:39:07.093 [main] FrontOfficeHomePage - Doctor Schedule Section is Expanded
[INFO ] 2020-05-20 14:39:13.614 [main] FrontOfficeHomePage - Following Option has been selected from Doctor Schedule Section Generate Schedule
[INFO ] 2020-05-20 14:39:13.615 [main] TTWebsiteDriver - Waiting For Page load via JS
[INFO ] 2020-05-20 14:39:31.733 [main] GenerateSchedulePage - Search Button Clicked
[INFO ] 2020-05-20 14:39:31.801 [main] GenerateSchedulePage - Plus Button Clicked
[INFO ] 2020-05-20 14:39:31.817 [main] TTWebsiteDriver - wait started for By.xpath: //select[@id='drpSpecilization']
[INFO ] 2020-05-20 14:39:31.836 [main] TTWebsiteDriver - wait over,element found
[INFO ] 2020-05-20 14:39:33.041 [main] GenerateSchedulePage - Following specialization  has been selected from specialization Dropdown : Ophthalmology
[INFO ] 2020-05-20 14:39:33.041 [main] TTWebsiteDriver - wait started for By.xpath: //select[@id='drpdoctorname']
[INFO ] 2020-05-20 14:39:33.082 [main] TTWebsiteDriver - wait over,element found
[INFO ] 2020-05-20 14:39:34.224 [main] GenerateSchedulePage - Following doctor  has been selected from doctor Dropdown : Archana G Mahajan
[INFO ] 2020-05-20 14:39:34.253 [main] GenerateSchedulePage - Search Button Clicked
[INFO ] 2020-05-20 14:39:34.333 [main] TTWebsiteDriver - wait started for By.xpath: //select[@id='drpSpecilization']
[INFO ] 2020-05-20 14:39:34.349 [main] TTWebsiteDriver - wait over,element found
[INFO ] 2020-05-20 14:39:35.538 [main] GenerateSchedulePage - Following specialization  has been selected from specialization Dropdown : Anesthesiast
[INFO ] 2020-05-20 14:39:35.538 [main] TTWebsiteDriver - wait started for By.xpath: //select[@id='drpdoctorname']
[INFO ] 2020-05-20 14:39:35.577 [main] TTWebsiteDriver - wait over,element found
[INFO ] 2020-05-20 14:39:36.702 [main] GenerateSchedulePage - Following doctor  has been selected from doctor Dropdown : Sunil Agarwal
[INFO ] 2020-05-20 14:39:37.022 [main] GenerateSchedulePage - Plus Button Clicked
[INFO ] 2020-05-20 14:39:37.022 [main] TTWebsiteDriver - wait started for By.xpath: //div[@class='form_line generate_facility']//select[@name='Facility']
[INFO ] 2020-05-20 14:39:37.055 [main] TTWebsiteDriver - wait over,element found
[INFO ] 2020-05-20 14:39:38.208 [main] GenerateSchedulePage - Following facility  has been selected from facility Dropdown : TRIOTREE HOSPITAL
[INFO ] 2020-05-20 14:39:41.166 [main] GenerateSchedulePage - Following Date  has been added in From Date Textbox : 13/Feb/2019
[INFO ] 2020-05-20 14:39:45.189 [main] GenerateSchedulePage - Following Date  has been added in To Date Textbox : 13/Feb/2019
[INFO ] 2020-05-20 14:39:46.296 [main] TTWebsiteDriver - wait started for By.xpath: //select[@id='sitting1fromtime']
[INFO ] 2020-05-20 14:39:46.321 [main] TTWebsiteDriver - wait over,element found
[INFO ] 2020-05-20 14:39:47.600 [main] GenerateSchedulePage - Following From Time  has been selected from From Time Dropdown for Sitting 1 : 15:30
[INFO ] 2020-05-20 14:39:47.601 [main] TTWebsiteDriver - wait started for By.xpath: //select[@id='sitting1totime']
[INFO ] 2020-05-20 14:39:47.625 [main] TTWebsiteDriver - wait over,element found
[INFO ] 2020-05-20 14:39:48.800 [main] GenerateSchedulePage - Following To Time  has been selected from To Time Dropdown for Sitting 1 : 15:40
[INFO ] 2020-05-20 14:40:05.225 [main] GenerateSchedulePage - Right Check clicked For Sitting 1
[INFO ] 2020-05-20 14:40:14.053 [main] TTWebsiteDriver - waiting for locator By.xpath: //select[@id='sitting2fromtime']
[INFO ] 2020-05-20 14:40:14.082 [main] TTWebsiteDriver - Element found
[INFO ] 2020-05-20 14:40:14.261 [main] GenerateSchedulePage - Following From Time  has been selected from From Time Dropdown for Sitting 2 : 16:30
[INFO ] 2020-05-20 14:40:14.262 [main] TTWebsiteDriver - wait started for By.xpath: //select[@id='sitting2totime']
[INFO ] 2020-05-20 14:40:14.293 [main] TTWebsiteDriver - wait over,element found
[INFO ] 2020-05-20 14:40:15.511 [main] GenerateSchedulePage - Following To Time  has been selected from To Time Dropdown for Sitting 2 : 16:45
[INFO ] 2020-05-20 14:40:15.636 [main] GenerateSchedulePage - Right Check clicked For Sitting 2
[INFO ] 2020-05-20 14:40:22.521 [main] GenerateSchedulePage - Save button on header clicked
[INFO ] 2020-05-20 14:40:22.732 [main] GenerateSchedulePage - Save Button on Save Popup Clicked
[INFO ] 2020-05-20 14:40:22.732 [main] TestListner - [TEST IS SUCCESSFUL -------- Test case frontOfficeGenerateSchedule3Test has passed]
