[INFO ] 2020-05-20 13:14:27.396 [main] TTBaseTest - Started execution with  null
[INFO ] 2020-05-20 13:14:27.411 [main] TTBaseTest - Environment properties are not provided by the user ... loading the default properties
[INFO ] 2020-05-20 13:14:27.411 [main] TTBaseTest - Default Browser is  ------ chrome
[INFO ] 2020-05-20 13:14:27.411 [main] TTBaseTest - Default URL is  ------ http://206.19.38.8:8001/HISTreeTesting/Login/Login?ReturnUrl=%2fHistreetesting
[INFO ] 2020-05-20 13:14:27.411 [main] TTBaseTest - Default loginname is  ------ null
[INFO ] 2020-05-20 13:14:27.411 [main] TTBaseTest - Default username is  ------ null
[INFO ] 2020-05-20 13:14:27.411 [main] TTBaseTest - Default user password is  ------ Deepak@1234
[INFO ] 2020-05-20 13:14:31.706 [main] TTWebsiteDriver - Window is maximized
[INFO ] 2020-05-20 13:14:31.754 [main] TTWebsiteDriver - All cookies deleted
[INFO ] 2020-05-20 13:14:32.193 [main] TTWebsiteBaseTest - Application loaded
[INFO ] 2020-05-20 13:14:32.292 [main] DriverManagerDataSource - Loaded JDBC driver: com.microsoft.sqlserver.jdbc.SQLServerDriver
[INFO ] 2020-05-20 13:14:32.292 [main] DBUtil - ConnectionString::jdbc:sqlserver://206.19.38.4;databaseName=SIT_HISTree_TestingAuto;instance=MSSQLSERVER;domain=null
[INFO ] 2020-05-20 13:14:32.293 [main] DBUtil - QUERY TRIGGERED IS select top 1 Name from M_IdCardType where Deleted=0

[INFO ] 2020-05-20 13:14:32.788 [main] DriverManagerDataSource - Loaded JDBC driver: com.microsoft.sqlserver.jdbc.SQLServerDriver
[INFO ] 2020-05-20 13:14:32.788 [main] DBUtil - ConnectionString::jdbc:sqlserver://206.19.38.4;databaseName=SIT_HISTree_TestingAuto;instance=MSSQLSERVER;domain=null
[INFO ] 2020-05-20 13:14:32.788 [main] DBUtil - QUERY TRIGGERED IS select top 1 name from M_OCCUPATION where Deleted=0

[INFO ] 2020-05-20 13:14:32.883 [main] DriverManagerDataSource - Loaded JDBC driver: com.microsoft.sqlserver.jdbc.SQLServerDriver
[INFO ] 2020-05-20 13:14:32.883 [main] DBUtil - ConnectionString::jdbc:sqlserver://206.19.38.4;databaseName=SIT_HISTree_TestingAuto;instance=MSSQLSERVER;domain=null
[INFO ] 2020-05-20 13:14:32.883 [main] DBUtil - QUERY TRIGGERED IS select top 1 Name from M_QUALIFICATION where Deleted=0

[INFO ] 2020-05-20 13:14:32.977 [main] DriverManagerDataSource - Loaded JDBC driver: com.microsoft.sqlserver.jdbc.SQLServerDriver
[INFO ] 2020-05-20 13:14:32.977 [main] DBUtil - ConnectionString::jdbc:sqlserver://206.19.38.4;databaseName=SIT_HISTree_TestingAuto;instance=MSSQLSERVER;domain=null
[INFO ] 2020-05-20 13:14:32.977 [main] DBUtil - QUERY TRIGGERED IS select top 1 Name from m_SourceOfInfo where Deleted=0

[INFO ] 2020-05-20 13:14:33.055 [main] DriverManagerDataSource - Loaded JDBC driver: com.microsoft.sqlserver.jdbc.SQLServerDriver
[INFO ] 2020-05-20 13:14:33.055 [main] DBUtil - ConnectionString::jdbc:sqlserver://206.19.38.4;databaseName=SIT_HISTree_TestingAuto;instance=MSSQLSERVER;domain=null
[INFO ] 2020-05-20 13:14:33.055 [main] DBUtil - QUERY TRIGGERED IS select top 1 NAME from m_city where deleted=0

[INFO ] 2020-05-20 13:14:33.133 [main] DriverManagerDataSource - Loaded JDBC driver: com.microsoft.sqlserver.jdbc.SQLServerDriver
[INFO ] 2020-05-20 13:14:33.133 [main] DBUtil - ConnectionString::jdbc:sqlserver://206.19.38.4;databaseName=SIT_HISTree_TestingAuto;instance=MSSQLSERVER;domain=null
[INFO ] 2020-05-20 13:14:33.133 [main] DBUtil - QUERY TRIGGERED IS select top 1 NAME from m_city where deleted=0

[INFO ] 2020-05-20 13:14:33.211 [main] TestListner - 
******************************************************************************************************************************
					TEST CASE NAME:                  frontOfficeCreditPatientBillingWithAvaialDiscountAndWithoutCoPayTest
******************************************************************************************************************************
[INFO ] 2020-05-20 13:14:33.478 [main] TTWebsiteDriver - wait started for By.id: btnLogin
[INFO ] 2020-05-20 13:14:33.502 [main] TTWebsiteDriver - wait over,element found
[INFO ] 2020-05-20 13:14:34.511 [main] TTWebsiteDriver - quick wait started for By.id: btnLogin
[INFO ] 2020-05-20 13:14:34.561 [main] TTWebsiteDriver - wait over,element found
[INFO ] 2020-05-20 13:14:34.860 [main] TTWebsiteDriver - wait started for By.xpath: //a[@id='btnYesAlreadyLogedinPopup']
[INFO ] 2020-05-20 13:14:34.882 [main] TTWebsiteDriver - wait over,element found
[INFO ] 2020-05-20 13:14:35.891 [main] TTWebsiteDriver - quick wait started for By.xpath: //a[@id='btnYesAlreadyLogedinPopup']
[INFO ] 2020-05-20 13:14:35.939 [main] TTWebsiteDriver - wait over,element found
[INFO ] 2020-05-20 13:14:36.527 [main] HISHomePage - User has been logged in to HIS Portal
[INFO ] 2020-05-20 13:14:36.528 [main] TTWebsiteDriver - wait started for By.xpath: //span[contains(text(),'Front Office')]//ancestor::a
[INFO ] 2020-05-20 13:14:36.554 [main] TTWebsiteDriver - wait over,element found
[INFO ] 2020-05-20 13:14:37.808 [main] HISHomePage - Front Office Icon Clicked
[INFO ] 2020-05-20 13:14:41.967 [main] HISHomePage - Following Station has been selected from Station Dropdown : Front Office
[INFO ] 2020-05-20 13:14:41.967 [main] TTWebsiteDriver - wait started for By.id: btn_yes_desh
[INFO ] 2020-05-20 13:14:42.030 [main] TTWebsiteDriver - wait over,element found
[INFO ] 2020-05-20 13:14:43.060 [main] TTWebsiteDriver - quick wait started for By.id: btn_yes_desh
[INFO ] 2020-05-20 13:14:43.108 [main] TTWebsiteDriver - wait over,element found
[INFO ] 2020-05-20 13:14:43.822 [main] HISHomePage - YES has been clicked from Station Dropdown
[INFO ] 2020-05-20 13:14:43.822 [main] TTWebsiteDriver - wait started for By.xpath: //li[@id='FOAddPatientMenu']//i[2]
[INFO ] 2020-05-20 13:14:43.848 [main] TTWebsiteDriver - wait over,element found
[INFO ] 2020-05-20 13:14:44.860 [main] TTWebsiteDriver - wait started for By.xpath: //li[@id='FOAddPatientMenu']//i[2]
[INFO ] 2020-05-20 13:14:44.908 [main] TTWebsiteDriver - wait over,element found
[INFO ] 2020-05-20 13:14:45.937 [main] TTWebsiteDriver - quick wait started for By.xpath: //li[@id='FOAddPatientMenu']//i[2]
[INFO ] 2020-05-20 13:14:45.985 [main] TTWebsiteDriver - wait over,element found
[INFO ] 2020-05-20 13:14:46.110 [main] FrontOfficeHomePage - Add Patient Section is Expanded
[INFO ] 2020-05-20 13:14:55.552 [main] FrontOfficeHomePage - Following Option has been selected from Add Patient Section Patient Registration
[INFO ] 2020-05-20 13:14:55.552 [main] TTWebsiteDriver - Waiting For Page load via JS
[INFO ] 2020-05-20 13:15:13.859 [main] PatientRegistrationPage - Following Title has been selected from Title Dropdown : New Delhi
[INFO ] 2020-05-20 13:15:13.860 [main] TTWebsiteDriver - wait started for By.id: firstName
[INFO ] 2020-05-20 13:15:13.883 [main] TTWebsiteDriver - wait over,element found
[INFO ] 2020-05-20 13:15:15.436 [main] PatientRegistrationPage - First Name has been added as : Automation
[INFO ] 2020-05-20 13:15:15.436 [main] TTWebsiteDriver - wait started for By.id: middleName
[INFO ] 2020-05-20 13:15:15.455 [main] TTWebsiteDriver - wait over,element found
[INFO ] 2020-05-20 13:15:16.766 [main] PatientRegistrationPage - Middle Name has been added as : Test
[INFO ] 2020-05-20 13:15:16.766 [main] TTWebsiteDriver - wait started for By.id: lastName
[INFO ] 2020-05-20 13:15:16.788 [main] TTWebsiteDriver - wait over,element found
[INFO ] 2020-05-20 13:15:18.100 [main] PatientRegistrationPage - Last Name has been added as : User
[INFO ] 2020-05-20 13:15:18.100 [main] TTWebsiteDriver - wait started for By.id: gender
[INFO ] 2020-05-20 13:15:18.120 [main] TTWebsiteDriver - wait over,element found
[INFO ] 2020-05-20 13:15:19.253 [main] PatientRegistrationPage - Following Gender has been selected from Gender Dropdown : Male
[INFO ] 2020-05-20 13:15:19.253 [main] TTWebsiteDriver - wait started for By.id: dob
[INFO ] 2020-05-20 13:15:19.286 [main] TTWebsiteDriver - wait over,element found
[INFO ] 2020-05-20 13:15:21.050 [main] PatientRegistrationPage - Following DOB has been added : 15-12-1991
[INFO ] 2020-05-20 13:15:29.126 [main] TTWebsiteDriver - wait started for By.id: chkA
[INFO ] 2020-05-20 13:15:29.189 [main] TTWebsiteDriver - wait over,element found
[INFO ] 2020-05-20 13:15:30.281 [main] TTWebsiteDriver - wait started for By.id: age
[INFO ] 2020-05-20 13:15:30.315 [main] TTWebsiteDriver - wait over,element found
[INFO ] 2020-05-20 13:15:31.605 [main] PatientRegistrationPage - Following Age has been added : 67
[INFO ] 2020-05-20 13:15:31.605 [main] TTWebsiteDriver - wait started for By.id: mStatus
[INFO ] 2020-05-20 13:15:31.623 [main] TTWebsiteDriver - wait over,element found
[INFO ] 2020-05-20 13:15:32.849 [main] PatientRegistrationPage - Following MArtial Status has been selected from MArtial Status  Dropdown : Single
[INFO ] 2020-05-20 13:15:32.849 [main] TTWebsiteDriver - wait started for By.id: motherName
[INFO ] 2020-05-20 13:15:32.870 [main] TTWebsiteDriver - wait over,element found
[INFO ] 2020-05-20 13:15:34.807 [main] PatientRegistrationPage - Following Mother Maiden Name Has been Added: Automation Test Mother
[INFO ] 2020-05-20 13:15:34.807 [main] TTWebsiteDriver - wait started for By.id: relName
[INFO ] 2020-05-20 13:15:34.834 [main] TTWebsiteDriver - wait over,element found
[INFO ] 2020-05-20 13:15:36.729 [main] PatientRegistrationPage - Following Fathers Name Has been Added: AutomationFather@123 
[INFO ] 2020-05-20 13:15:36.731 [main] TTWebsiteDriver - wait started for By.id: nationality
[INFO ] 2020-05-20 13:15:36.755 [main] TTWebsiteDriver - wait over,element found
[INFO ] 2020-05-20 13:15:37.855 [main] PatientRegistrationPage - Following Nationality has been selected from Nationality Dropdown : Indian
[INFO ] 2020-05-20 13:15:40.056 [main] PatientRegistrationPage - VIP Checkbox has been selected and Data has been added to VIP Text Box
[INFO ] 2020-05-20 13:15:40.396 [main] PatientRegistrationPage - Remarks Checkbox has been selected and Data has been added to Remarks Text Box
[INFO ] 2020-05-20 13:15:40.423 [main] PatientRegistrationPage - NRI Checkbox has been selected
[INFO ] 2020-05-20 13:15:40.516 [main] PatientRegistrationPage - ID Card Drop down is enabled
[INFO ] 2020-05-20 13:15:40.517 [main] TTWebsiteDriver - wait started for By.id: cardType
[INFO ] 2020-05-20 13:15:40.536 [main] TTWebsiteDriver - wait over,element found
[INFO ] 2020-05-20 13:15:41.764 [main] PatientRegistrationPage - Following ID Card has been selected from ID Card Dropdown : Passport Number
[INFO ] 2020-05-20 13:15:42.023 [main] PatientRegistrationPage - Following National ID has been added : 12345
[INFO ] 2020-05-20 13:15:42.674 [main] PatientRegistrationPage - Following TELEPHONE NO has been added in TELEPHONE No Text Box : 1234567891011123
[INFO ] 2020-05-20 13:15:43.116 [main] PatientRegistrationPage - Following MOBILE NO has been added : 1234567890
[INFO ] 2020-05-20 13:15:44.041 [main] PatientRegistrationPage - Following house Number has been added Automation Test Address
[INFO ] 2020-05-20 13:15:44.042 [main] TTWebsiteDriver - wait started for By.id: city
[INFO ] 2020-05-20 13:15:44.059 [main] TTWebsiteDriver - wait over,element found
[INFO ] 2020-05-20 13:15:45.408 [main] PatientRegistrationPage - Following City  has been selected from City Dropdown : New Delhi
[INFO ] 2020-05-20 13:15:57.478 [main] PatientRegistrationPage - Following City has been addedTest City4967Following District has been selected
[INFO ] 2020-05-20 13:15:57.478 [main] TTWebsiteDriver - wait started for By.id: addlocal
[INFO ] 2020-05-20 13:15:58.203 [main] TTWebsiteDriver - wait over,element found
[INFO ] 2020-05-20 13:15:59.497 [main] TTWebsiteDriver - wait started for By.id: local
[INFO ] 2020-05-20 13:15:59.517 [main] TTWebsiteDriver - wait over,element found
[INFO ] 2020-05-20 13:16:10.061 [main] PatientRegistrationPage - Follwoing Locality has been added: Test local3733Following City has been selected: SaharanpurFollowing Pin Code has been added: 247001
[INFO ] 2020-05-20 13:16:10.061 [main] TTWebsiteDriver - wait started for By.id: emailID
[INFO ] 2020-05-20 13:16:10.126 [main] TTWebsiteDriver - wait over,element found
[INFO ] 2020-05-20 13:16:12.418 [main] PatientRegistrationPage - Following email has been added: test@automation.com
[INFO ] 2020-05-20 13:16:12.755 [main] PatientRegistrationPage - Following Reffered By has been added: Self
[INFO ] 2020-05-20 13:16:12.755 [main] TTWebsiteDriver - wait started for By.id: lang
[INFO ] 2020-05-20 13:16:12.775 [main] TTWebsiteDriver - wait over,element found
[INFO ] 2020-05-20 13:16:14.037 [main] PatientRegistrationPage - Following language  has been selected from language Dropdown : English
[INFO ] 2020-05-20 13:16:14.037 [main] TTWebsiteDriver - wait started for By.id: occupation
[INFO ] 2020-05-20 13:16:14.056 [main] TTWebsiteDriver - wait over,element found
[INFO ] 2020-05-20 13:16:15.307 [main] PatientRegistrationPage - Following occupation  has been selected from occupation Dropdown : Student
[INFO ] 2020-05-20 13:16:15.307 [main] TTWebsiteDriver - wait started for By.id: qualification
[INFO ] 2020-05-20 13:16:15.324 [main] TTWebsiteDriver - wait over,element found
[INFO ] 2020-05-20 13:16:16.562 [main] PatientRegistrationPage - Following qualification  has been selected from qualification Dropdown : Ph.D
[INFO ] 2020-05-20 13:16:16.562 [main] TTWebsiteDriver - wait started for By.id: religion
[INFO ] 2020-05-20 13:16:16.574 [main] TTWebsiteDriver - wait over,element found
[INFO ] 2020-05-20 13:16:17.791 [main] PatientRegistrationPage - Following relegion  has been selected from relegion Dropdown : Hindu
[INFO ] 2020-05-20 13:16:17.791 [main] TTWebsiteDriver - wait started for By.id: sref
[INFO ] 2020-05-20 13:16:17.823 [main] TTWebsiteDriver - wait over,element found
[INFO ] 2020-05-20 13:16:19.035 [main] PatientRegistrationPage - Following refer  has been selected from refer Dropdown : News Paper
[INFO ] 2020-05-20 13:16:19.104 [main] PatientRegistrationPage - Financial Details Checkbox Checked
[INFO ] 2020-05-20 13:16:19.105 [main] TTWebsiteDriver - wait started for By.id: companytype
[INFO ] 2020-05-20 13:16:19.136 [main] TTWebsiteDriver - wait over,element found
[INFO ] 2020-05-20 13:16:20.366 [main] PatientRegistrationPage - Following compType  has been selected from compType Dropdown : Corporate
[INFO ] 2020-05-20 13:16:20.366 [main] TTWebsiteDriver - wait started for By.id: company
[INFO ] 2020-05-20 13:16:20.383 [main] TTWebsiteDriver - wait over,element found
[INFO ] 2020-05-20 13:16:21.608 [main] PatientRegistrationPage - Following comp has been selected from comp Dropdown: STATE BANK OF INDIA
[INFO ] 2020-05-20 13:16:21.608 [main] TTWebsiteDriver - wait started for By.id: rate
[INFO ] 2020-05-20 13:16:21.641 [main] TTWebsiteDriver - wait over,element found
[INFO ] 2020-05-20 13:16:22.797 [main] PatientRegistrationPage - Following Rate has been selected from Rate Dropdown: STATE BANK OF INDIA - (CGHS)
[INFO ] 2020-05-20 13:16:22.829 [main] PatientRegistrationPage - Scheme Checkbox Checked
[INFO ] 2020-05-20 13:16:22.829 [main] TTWebsiteDriver - wait started for By.id: scheme
[INFO ] 2020-05-20 13:16:22.876 [main] TTWebsiteDriver - wait over,element found
[INFO ] 2020-05-20 13:16:24.133 [main] PatientRegistrationPage - First Scheme has been selected from Scheme Dropdown
[INFO ] 2020-05-20 13:16:24.133 [main] TTWebsiteDriver - wait started for By.id: register
[INFO ] 2020-05-20 13:16:24.153 [main] TTWebsiteDriver - wait over,element found
[INFO ] 2020-05-20 13:16:25.241 [main] PatientRegistrationPage - Regsiter Icon Clicked
[INFO ] 2020-05-20 13:16:25.267 [main] TTWebsiteDriver - wait started for By.id: btnyesss
[INFO ] 2020-05-20 13:16:25.286 [main] TTWebsiteDriver - wait over,element found
[INFO ] 2020-05-20 13:16:36.438 [main] PatientRegistrationPage - Yes button clicked on Confirm Patient Details Popup
[INFO ] 2020-05-20 13:16:36.438 [main] TTWebsiteDriver - wait started for By.xpath: //header[contains(text(),'Registered Successfully')]
[INFO ] 2020-05-20 13:16:36.532 [main] TTWebsiteDriver - wait over,element found
[INFO ] 2020-05-20 13:16:37.655 [main] PatientRegistrationPage - REGISTERED SUCCESSFULLY POPUP is showing up
[INFO ] 2020-05-20 13:16:37.719 [main] PatientRegistrationPage - TEST US JHKJHKJHPSSH.260842

[INFO ] 2020-05-20 13:16:37.719 [main] TTWebsiteDriver - wait started for By.xpath: //div[@class='popup-area']//div[@class='modal-block-new']//a[contains(text(),'No')]
[INFO ] 2020-05-20 13:16:37.781 [main] TTWebsiteDriver - wait over,element found
[INFO ] 2020-05-20 13:16:38.811 [main] TTWebsiteDriver - wait started for By.xpath: //div[@class='popup-area']//div[@class='modal-block-new']//a[contains(text(),'No')]
[INFO ] 2020-05-20 13:16:38.874 [main] TTWebsiteDriver - wait over,element found
[INFO ] 2020-05-20 13:16:39.904 [main] TTWebsiteDriver - quick wait started for By.xpath: //div[@class='popup-area']//div[@class='modal-block-new']//a[contains(text(),'No')]
[INFO ] 2020-05-20 13:16:39.983 [main] TTWebsiteDriver - wait over,element found
[INFO ] 2020-05-20 13:16:40.218 [main] TTWebsiteDriver - Waiting For Page load via JS
[INFO ] 2020-05-20 13:16:40.231 [main] PatientRegistrationPage - REGISTERED SUCCESSFULLY POPUP No Button Clicked
[INFO ] 2020-05-20 13:16:40.231 [main] TTWebsiteDriver - wait started for By.xpath: //i[@class='fa fa-bars']
[INFO ] 2020-05-20 13:16:40.270 [main] TTWebsiteDriver - wait over,element found
[INFO ] 2020-05-20 13:16:41.366 [main] HISWebsiteBasePage - Menu Clicked
[INFO ] 2020-05-20 13:16:45.375 [main] TTWebsiteDriver - wait started for By.xpath: //a[contains(text(),'Billing')]//i[@class='fa fa-caret-down']
[INFO ] 2020-05-20 13:16:45.469 [main] TTWebsiteDriver - wait over,element found
[INFO ] 2020-05-20 13:16:46.499 [main] TTWebsiteDriver - wait started for By.xpath: //a[contains(text(),'Billing')]//i[@class='fa fa-caret-down']
[INFO ] 2020-05-20 13:16:46.563 [main] TTWebsiteDriver - wait over,element found
[INFO ] 2020-05-20 13:16:47.592 [main] TTWebsiteDriver - quick wait started for By.xpath: //a[contains(text(),'Billing')]//i[@class='fa fa-caret-down']
[INFO ] 2020-05-20 13:16:47.656 [main] TTWebsiteDriver - wait over,element found
[INFO ] 2020-05-20 13:16:47.828 [main] FrontOfficeHomePage - Billing Section is Expanded
[INFO ] 2020-05-20 13:16:53.531 [main] FrontOfficeHomePage - Following Option has been selected from Billing Section Deposits
[INFO ] 2020-05-20 13:16:53.532 [main] TTWebsiteDriver - Waiting For Page load via JS
[INFO ] 2020-05-20 13:17:11.556 [main] TTWebsiteDriver - wait started for By.id: uHid
[INFO ] 2020-05-20 13:17:11.621 [main] TTWebsiteDriver - wait over,element found
[INFO ] 2020-05-20 13:17:17.111 [main] TTWebsiteDriver - waiting for locator By.xpath: //a[@id='btnremarksOk']
[INFO ] 2020-05-20 13:17:17.142 [main] TTWebsiteDriver - Element found
[INFO ] 2020-05-20 13:17:17.143 [main] TTWebsiteDriver - wait started for By.xpath: //a[@id='btnremarksOk']
[INFO ] 2020-05-20 13:17:17.174 [main] TTWebsiteDriver - wait over,element found
[INFO ] 2020-05-20 13:17:18.204 [main] TTWebsiteDriver - quick wait started for By.xpath: //a[@id='btnremarksOk']
[INFO ] 2020-05-20 13:17:18.251 [main] TTWebsiteDriver - wait over,element found
[INFO ] 2020-05-20 13:17:18.411 [main] TTWebsiteDriver - wait started for By.xpath: //a[@id='Deposit_btn']
[INFO ] 2020-05-20 13:17:18.432 [main] TTWebsiteDriver - wait over,element found
[INFO ] 2020-05-20 13:17:19.440 [main] TTWebsiteDriver - wait started for By.xpath: //a[@id='Deposit_btn']
[INFO ] 2020-05-20 13:17:19.487 [main] TTWebsiteDriver - wait over,element found
[INFO ] 2020-05-20 13:17:20.517 [main] TTWebsiteDriver - quick wait started for By.xpath: //a[@id='Deposit_btn']
[INFO ] 2020-05-20 13:17:20.565 [main] TTWebsiteDriver - wait over,element found
[INFO ] 2020-05-20 13:17:20.690 [main] TTWebsiteDriver - wait started for By.xpath: //label[contains(text(),'Confirm Deposit?')]
[INFO ] 2020-05-20 13:17:20.730 [main] TTWebsiteDriver - wait over,element found
[INFO ] 2020-05-20 13:17:28.776 [main] TTWebsiteDriver - wait started for By.xpath: //a[@id='btnDepConfirmYes']
[INFO ] 2020-05-20 13:17:28.839 [main] TTWebsiteDriver - wait over,element found
[INFO ] 2020-05-20 13:17:29.884 [main] TTWebsiteDriver - quick wait started for By.xpath: //a[@id='btnDepConfirmYes']
[INFO ] 2020-05-20 13:17:29.932 [main] TTWebsiteDriver - wait over,element found
[INFO ] 2020-05-20 13:17:30.057 [main] DepositPage - Yes Button Clicked on Confirm Deposit Popup
[INFO ] 2020-05-20 13:17:30.057 [main] TTWebsiteDriver - wait started for By.xpath: //p[contains(text(),'Amount cannot be zero!')]
[INFO ] 2020-05-20 13:17:30.085 [main] TTWebsiteDriver - wait over,element found
[INFO ] 2020-05-20 13:17:31.131 [main] TTWebsiteDriver - wait started for By.xpath: //input[@id='Amount']
[INFO ] 2020-05-20 13:17:31.179 [main] TTWebsiteDriver - wait over,element found
[INFO ] 2020-05-20 13:17:32.454 [main] DepositPage - Following Amount has been added in Amount Text Box2000001
[INFO ] 2020-05-20 13:17:37.847 [main] TTWebsiteDriver - waiting for locator By.xpath: //a[@id='btnremarksOk']
[INFO ] 2020-05-20 13:17:37.859 [main] TTWebsiteDriver - Element found
[INFO ] 2020-05-20 13:17:37.860 [main] TTWebsiteDriver - wait started for By.xpath: //a[@id='btnremarksOk']
[INFO ] 2020-05-20 13:17:37.872 [main] TTWebsiteDriver - wait over,element found
[INFO ] 2020-05-20 13:17:38.876 [main] TTWebsiteDriver - quick wait started for By.xpath: //a[@id='btnremarksOk']
[INFO ] 2020-05-20 13:17:38.907 [main] TTWebsiteDriver - wait over,element found
[INFO ] 2020-05-20 13:17:39.018 [main] TTWebsiteDriver - wait started for By.xpath: //a[@id='Deposit_btn']
[INFO ] 2020-05-20 13:17:39.050 [main] TTWebsiteDriver - wait over,element found
[INFO ] 2020-05-20 13:17:40.069 [main] TTWebsiteDriver - wait started for By.xpath: //a[@id='Deposit_btn']
[INFO ] 2020-05-20 13:17:40.117 [main] TTWebsiteDriver - wait over,element found
[INFO ] 2020-05-20 13:17:41.136 [main] TTWebsiteDriver - quick wait started for By.xpath: //a[@id='Deposit_btn']
[INFO ] 2020-05-20 13:17:41.168 [main] TTWebsiteDriver - wait over,element found
[INFO ] 2020-05-20 13:17:41.246 [main] TTWebsiteDriver - wait started for By.xpath: //label[contains(text(),'Confirm Deposit?')]
[INFO ] 2020-05-20 13:17:41.279 [main] TTWebsiteDriver - wait over,element found
[INFO ] 2020-05-20 13:17:49.328 [main] TTWebsiteDriver - wait started for By.xpath: //a[@id='btnDepConfirmYes']
[INFO ] 2020-05-20 13:17:49.391 [main] TTWebsiteDriver - wait over,element found
[INFO ] 2020-05-20 13:17:50.421 [main] TTWebsiteDriver - quick wait started for By.xpath: //a[@id='btnDepConfirmYes']
[INFO ] 2020-05-20 13:17:50.468 [main] TTWebsiteDriver - wait over,element found
[INFO ] 2020-05-20 13:17:50.697 [main] DepositPage - Yes Button Clicked on Confirm Deposit Popup
[INFO ] 2020-05-20 13:17:50.698 [main] TTWebsiteDriver - wait started for By.xpath: //p[contains(text(),'The total amount in cash is equal to or Exceeds 20')]
[INFO ] 2020-05-20 13:17:50.729 [main] TTWebsiteDriver - wait over,element found
[INFO ] 2020-05-20 13:17:51.765 [main] TTWebsiteDriver - wait started for By.xpath: //input[@id='Amount']
[INFO ] 2020-05-20 13:17:51.797 [main] TTWebsiteDriver - wait over,element found
[INFO ] 2020-05-20 13:17:52.989 [main] DepositPage - Following Amount has been added in Amount Text Box1000
[INFO ] 2020-05-20 13:17:58.160 [main] TTWebsiteDriver - waiting for locator By.xpath: //a[@id='btnremarksOk']
[INFO ] 2020-05-20 13:17:58.176 [main] TTWebsiteDriver - Element found
[INFO ] 2020-05-20 13:17:58.176 [main] TTWebsiteDriver - wait started for By.xpath: //a[@id='btnremarksOk']
[INFO ] 2020-05-20 13:17:58.208 [main] TTWebsiteDriver - wait over,element found
[INFO ] 2020-05-20 13:17:59.237 [main] TTWebsiteDriver - quick wait started for By.xpath: //a[@id='btnremarksOk']
[INFO ] 2020-05-20 13:17:59.270 [main] TTWebsiteDriver - wait over,element found
[INFO ] 2020-05-20 13:17:59.426 [main] TTWebsiteDriver - wait started for By.xpath: //a[@id='Deposit_btn']
[INFO ] 2020-05-20 13:17:59.473 [main] TTWebsiteDriver - wait over,element found
[INFO ] 2020-05-20 13:18:00.503 [main] TTWebsiteDriver - wait started for By.xpath: //a[@id='Deposit_btn']
[INFO ] 2020-05-20 13:18:00.551 [main] TTWebsiteDriver - wait over,element found
[INFO ] 2020-05-20 13:18:01.580 [main] TTWebsiteDriver - quick wait started for By.xpath: //a[@id='Deposit_btn']
[INFO ] 2020-05-20 13:18:01.613 [main] TTWebsiteDriver - wait over,element found
[INFO ] 2020-05-20 13:18:01.706 [main] TTWebsiteDriver - wait started for By.xpath: //label[contains(text(),'Confirm Deposit?')]
[INFO ] 2020-05-20 13:18:01.736 [main] TTWebsiteDriver - wait over,element found
[INFO ] 2020-05-20 13:18:09.776 [main] TTWebsiteDriver - wait started for By.xpath: //a[@id='btnDepConfirmYes']
[INFO ] 2020-05-20 13:18:09.812 [main] TTWebsiteDriver - wait over,element found
[INFO ] 2020-05-20 13:18:10.841 [main] TTWebsiteDriver - quick wait started for By.xpath: //a[@id='btnDepConfirmYes']
[INFO ] 2020-05-20 13:18:10.889 [main] TTWebsiteDriver - wait over,element found
[INFO ] 2020-05-20 13:18:11.011 [main] DepositPage - Yes Button Clicked on Confirm Deposit Popup
[INFO ] 2020-05-20 13:18:11.011 [main] TTWebsiteDriver - wait started for By.xpath: //p[contains(text(),'Deposit taken successfully!')]
[INFO ] 2020-05-20 13:18:11.133 [main] TTWebsiteDriver - wait over,element found
[INFO ] 2020-05-20 13:18:12.180 [main] TTWebsiteDriver - wait started for By.xpath: //input[@id='Credit_']
[INFO ] 2020-05-20 13:18:12.228 [main] TTWebsiteDriver - wait over,element found
[INFO ] 2020-05-20 13:18:13.260 [main] TTWebsiteDriver - wait started for By.xpath: //input[@id='Credit_']
[INFO ] 2020-05-20 13:18:13.283 [main] TTWebsiteDriver - wait over,element found
[INFO ] 2020-05-20 13:18:14.286 [main] TTWebsiteDriver - quick wait started for By.xpath: //input[@id='Credit_']
[INFO ] 2020-05-20 13:18:14.309 [main] TTWebsiteDriver - wait over,element found
[INFO ] 2020-05-20 13:18:14.433 [main] DepositPage - Credit Card Radio Button Clicked
[INFO ] 2020-05-20 13:18:14.433 [main] TTWebsiteDriver - wait started for By.xpath: //input[@id='Amount']
[INFO ] 2020-05-20 13:18:14.449 [main] TTWebsiteDriver - wait over,element found
[INFO ] 2020-05-20 13:18:15.666 [main] DepositPage - Following Amount has been added in Amount Text Box2000
[INFO ] 2020-05-20 13:18:21.034 [main] TTWebsiteDriver - wait started for By.xpath: //div[@class='bhoechie-tab-content active']//div[4]//input[1]
[INFO ] 2020-05-20 13:18:21.053 [main] TTWebsiteDriver - wait over,element found
[INFO ] 2020-05-20 13:18:25.652 [main] DepositPage - Credit Card Details Entered
[INFO ] 2020-05-20 13:18:25.653 [main] TTWebsiteDriver - waiting for locator By.xpath: //a[@id='btnremarksOk']
[INFO ] 2020-05-20 13:18:25.666 [main] TTWebsiteDriver - Element found
[INFO ] 2020-05-20 13:18:25.667 [main] TTWebsiteDriver - wait started for By.xpath: //a[@id='btnremarksOk']
[INFO ] 2020-05-20 13:18:25.680 [main] TTWebsiteDriver - wait over,element found
[INFO ] 2020-05-20 13:18:26.690 [main] TTWebsiteDriver - quick wait started for By.xpath: //a[@id='btnremarksOk']
[INFO ] 2020-05-20 13:18:26.740 [main] TTWebsiteDriver - wait over,element found
[INFO ] 2020-05-20 13:18:26.849 [main] TTWebsiteDriver - wait started for By.xpath: //a[@id='Deposit_btn']
[INFO ] 2020-05-20 13:18:26.897 [main] TTWebsiteDriver - wait over,element found
[INFO ] 2020-05-20 13:18:27.917 [main] TTWebsiteDriver - wait started for By.xpath: //a[@id='Deposit_btn']
[INFO ] 2020-05-20 13:18:27.964 [main] TTWebsiteDriver - wait over,element found
[INFO ] 2020-05-20 13:18:28.982 [main] TTWebsiteDriver - quick wait started for By.xpath: //a[@id='Deposit_btn']
[INFO ] 2020-05-20 13:18:29.030 [main] TTWebsiteDriver - wait over,element found
[INFO ] 2020-05-20 13:18:29.108 [main] TTWebsiteDriver - wait started for By.xpath: //label[contains(text(),'Confirm Deposit?')]
[INFO ] 2020-05-20 13:18:29.143 [main] TTWebsiteDriver - wait over,element found
[INFO ] 2020-05-20 13:18:37.192 [main] TTWebsiteDriver - wait started for By.xpath: //a[@id='btnDepConfirmYes']
[INFO ] 2020-05-20 13:18:37.256 [main] TTWebsiteDriver - wait over,element found
[INFO ] 2020-05-20 13:18:38.285 [main] TTWebsiteDriver - quick wait started for By.xpath: //a[@id='btnDepConfirmYes']
[INFO ] 2020-05-20 13:18:38.333 [main] TTWebsiteDriver - wait over,element found
[INFO ] 2020-05-20 13:18:38.411 [main] DepositPage - Yes Button Clicked on Confirm Deposit Popup
[INFO ] 2020-05-20 13:18:38.427 [main] TTWebsiteDriver - wait started for By.xpath: //p[contains(text(),'Deposit taken successfully!')]
[INFO ] 2020-05-20 13:18:38.507 [main] TTWebsiteDriver - wait over,element found
[INFO ] 2020-05-20 13:18:39.547 [main] TTWebsiteDriver - wait started for By.xpath: //input[@id='Cheque_']
[INFO ] 2020-05-20 13:18:39.594 [main] TTWebsiteDriver - wait over,element found
[INFO ] 2020-05-20 13:18:40.610 [main] TTWebsiteDriver - wait started for By.xpath: //input[@id='Cheque_']
[INFO ] 2020-05-20 13:18:40.631 [main] TTWebsiteDriver - wait over,element found
[INFO ] 2020-05-20 13:18:41.634 [main] TTWebsiteDriver - quick wait started for By.xpath: //input[@id='Cheque_']
[INFO ] 2020-05-20 13:18:41.654 [main] TTWebsiteDriver - wait over,element found
[INFO ] 2020-05-20 13:18:41.762 [main] DepositPage - Cheque Radio Button Clicked
[INFO ] 2020-05-20 13:18:41.762 [main] TTWebsiteDriver - wait started for By.xpath: //input[@id='Amount']
[INFO ] 2020-05-20 13:18:41.778 [main] TTWebsiteDriver - wait over,element found
[INFO ] 2020-05-20 13:18:43.012 [main] DepositPage - Following Amount has been added in Amount Text Box30000
[INFO ] 2020-05-20 13:18:48.161 [main] TTWebsiteDriver - wait started for By.xpath: //input[@id='cheque_no']
[INFO ] 2020-05-20 13:18:48.240 [main] TTWebsiteDriver - wait over,element found
[INFO ] 2020-05-20 13:18:49.802 [main] DepositPage - Cheque Details Entered
[INFO ] 2020-05-20 13:18:49.802 [main] TTWebsiteDriver - waiting for locator By.xpath: //a[@id='btnremarksOk']
[INFO ] 2020-05-20 13:18:49.815 [main] TTWebsiteDriver - Element found
[INFO ] 2020-05-20 13:18:49.815 [main] TTWebsiteDriver - wait started for By.xpath: //a[@id='btnremarksOk']
[INFO ] 2020-05-20 13:18:49.830 [main] TTWebsiteDriver - wait over,element found
[INFO ] 2020-05-20 13:18:50.840 [main] TTWebsiteDriver - quick wait started for By.xpath: //a[@id='btnremarksOk']
[INFO ] 2020-05-20 13:18:50.856 [main] TTWebsiteDriver - wait over,element found
[INFO ] 2020-05-20 13:18:50.952 [main] TTWebsiteDriver - wait started for By.xpath: //a[@id='Deposit_btn']
[INFO ] 2020-05-20 13:18:51.015 [main] TTWebsiteDriver - wait over,element found
[INFO ] 2020-05-20 13:18:52.034 [main] TTWebsiteDriver - wait started for By.xpath: //a[@id='Deposit_btn']
[INFO ] 2020-05-20 13:18:52.082 [main] TTWebsiteDriver - wait over,element found
[INFO ] 2020-05-20 13:18:53.101 [main] TTWebsiteDriver - quick wait started for By.xpath: //a[@id='Deposit_btn']
[INFO ] 2020-05-20 13:18:53.149 [main] TTWebsiteDriver - wait over,element found
[INFO ] 2020-05-20 13:18:53.258 [main] TTWebsiteDriver - wait started for By.xpath: //label[contains(text(),'Confirm Deposit?')]
[INFO ] 2020-05-20 13:18:53.292 [main] TTWebsiteDriver - wait over,element found
[INFO ] 2020-05-20 13:19:01.342 [main] TTWebsiteDriver - wait started for By.xpath: //a[@id='btnDepConfirmYes']
[INFO ] 2020-05-20 13:19:01.405 [main] TTWebsiteDriver - wait over,element found
[INFO ] 2020-05-20 13:19:02.435 [main] TTWebsiteDriver - quick wait started for By.xpath: //a[@id='btnDepConfirmYes']
[INFO ] 2020-05-20 13:19:02.482 [main] TTWebsiteDriver - wait over,element found
[INFO ] 2020-05-20 13:19:02.592 [main] DepositPage - Yes Button Clicked on Confirm Deposit Popup
[INFO ] 2020-05-20 13:19:02.592 [main] TTWebsiteDriver - wait started for By.xpath: //p[contains(text(),'Deposit taken successfully!')]
[INFO ] 2020-05-20 13:19:02.681 [main] TTWebsiteDriver - wait over,element found
[INFO ] 2020-05-20 13:19:03.729 [main] TTWebsiteDriver - wait started for By.xpath: //a[@title='Print Receipt']//i[@class='fa fa-print']
[INFO ] 2020-05-20 13:19:03.777 [main] TTWebsiteDriver - wait over,element found
[INFO ] 2020-05-20 13:19:04.793 [main] TTWebsiteDriver - wait started for By.xpath: //a[@title='Print Receipt']//i[@class='fa fa-print']
[INFO ] 2020-05-20 13:19:04.816 [main] TTWebsiteDriver - wait over,element found
[INFO ] 2020-05-20 13:19:05.818 [main] TTWebsiteDriver - quick wait started for By.xpath: //a[@title='Print Receipt']//i[@class='fa fa-print']
[INFO ] 2020-05-20 13:19:05.837 [main] TTWebsiteDriver - wait over,element found
[INFO ] 2020-05-20 13:19:05.937 [main] DepositPage - Print Button Clicked
[INFO ] 2020-05-20 13:19:05.937 [main] TTWebsiteDriver - wait started for By.xpath: //p[contains(text(),'Please select the deposit receipt to be printed!')]
[INFO ] 2020-05-20 13:19:05.968 [main] TTWebsiteDriver - wait over,element found
[INFO ] 2020-05-20 13:19:07.003 [main] TTWebsiteDriver - wait started for By.xpath: //table/thead//following::tbody/tr[1]/td[1]
[INFO ] 2020-05-20 13:19:07.051 [main] TTWebsiteDriver - wait over,element found
[INFO ] 2020-05-20 13:19:08.080 [main] TTWebsiteDriver - wait started for By.xpath: //table/thead//following::tbody/tr[1]/td[1]
[INFO ] 2020-05-20 13:19:08.128 [main] TTWebsiteDriver - wait over,element found
[INFO ] 2020-05-20 13:19:09.158 [main] TTWebsiteDriver - quick wait started for By.xpath: //table/thead//following::tbody/tr[1]/td[1]
[INFO ] 2020-05-20 13:19:09.205 [main] TTWebsiteDriver - wait over,element found
[INFO ] 2020-05-20 13:19:09.348 [main] DepositPage - First Deposit Clicked
[INFO ] 2020-05-20 13:19:09.348 [main] TTWebsiteDriver - wait started for By.xpath: //i[@class='fa fa-bars']
[INFO ] 2020-05-20 13:19:09.366 [main] TTWebsiteDriver - wait over,element found
[INFO ] 2020-05-20 13:19:10.428 [main] HISWebsiteBasePage - Menu Clicked
[INFO ] 2020-05-20 13:19:14.438 [main] TTWebsiteDriver - wait started for By.xpath: //a[contains(text(),'Billing')]//i[@class='fa fa-caret-down']
[INFO ] 2020-05-20 13:19:14.517 [main] TTWebsiteDriver - wait over,element found
[INFO ] 2020-05-20 13:19:15.546 [main] TTWebsiteDriver - wait started for By.xpath: //a[contains(text(),'Billing')]//i[@class='fa fa-caret-down']
[INFO ] 2020-05-20 13:19:15.594 [main] TTWebsiteDriver - wait over,element found
[INFO ] 2020-05-20 13:19:16.624 [main] TTWebsiteDriver - quick wait started for By.xpath: //a[contains(text(),'Billing')]//i[@class='fa fa-caret-down']
[INFO ] 2020-05-20 13:19:16.672 [main] TTWebsiteDriver - wait over,element found
[INFO ] 2020-05-20 13:19:16.781 [main] FrontOfficeHomePage - Billing Section is Expanded
[INFO ] 2020-05-20 13:19:24.945 [main] FrontOfficeHomePage - Following Option has been selected from Billing Section Billing
[INFO ] 2020-05-20 13:19:24.945 [main] TTWebsiteDriver - Waiting For Page load via JS
[INFO ] 2020-05-20 13:19:42.969 [main] TTWebsiteDriver - wait started for By.id: uHid
[INFO ] 2020-05-20 13:19:43.032 [main] TTWebsiteDriver - wait over,element found
[INFO ] 2020-05-20 13:19:49.271 [main] BillingPage - Close Button On Document Checklist popup Clicked
[INFO ] 2020-05-20 13:19:49.271 [main] TTWebsiteDriver - wait started for By.xpath: //select[@id='company_type']
[INFO ] 2020-05-20 13:19:49.322 [main] TTWebsiteDriver - wait over,element found
[INFO ] 2020-05-20 13:20:31.244 [main] TTWebsiteDriver - wait started for By.xpath: //a[@id='_savelist']//i[@class='fa fa-save']
[INFO ] 2020-05-20 13:20:31.323 [main] TTWebsiteDriver - wait over,element found
[INFO ] 2020-05-20 13:20:32.353 [main] TTWebsiteDriver - quick wait started for By.xpath: //a[@id='_savelist']//i[@class='fa fa-save']
[INFO ] 2020-05-20 13:20:32.401 [main] TTWebsiteDriver - wait over,element found
[INFO ] 2020-05-20 13:20:34.923 [main] TTWebsiteDriver - wait started for By.xpath: //a[@id='_savelist']//i[@class='fa fa-save']
[INFO ] 2020-05-20 13:20:34.941 [main] TTWebsiteDriver - wait over,element found
[INFO ] 2020-05-20 13:20:35.957 [main] TTWebsiteDriver - quick wait started for By.xpath: //a[@id='_savelist']//i[@class='fa fa-save']
[INFO ] 2020-05-20 13:20:36.011 [main] TTWebsiteDriver - wait over,element found
[INFO ] 2020-05-20 13:20:36.100 [main] TTWebsiteDriver - wait started for By.xpath: //section[@class='popupBody_payment']//a[@title='Add']//i
[INFO ] 2020-05-20 13:20:36.147 [main] TTWebsiteDriver - wait over,element found
[INFO ] 2020-05-20 13:20:37.166 [main] TTWebsiteDriver - quick wait started for By.xpath: //section[@class='popupBody_payment']//a[@title='Add']//i
[INFO ] 2020-05-20 13:20:37.214 [main] TTWebsiteDriver - wait over,element found
[INFO ] 2020-05-20 13:20:37.414 [main] TTWebsiteDriver - wait started for By.xpath: //div[@class='modal-block-new']//button[text()='Yes']
[INFO ] 2020-05-20 13:20:37.448 [main] TTWebsiteDriver - wait over,element found
[INFO ] 2020-05-20 13:20:38.450 [main] TTWebsiteDriver - wait started for By.xpath: //div[@class='modal-block-new']//button[text()='Yes']
[INFO ] 2020-05-20 13:20:38.498 [main] TTWebsiteDriver - wait over,element found
[INFO ] 2020-05-20 13:20:39.528 [main] TTWebsiteDriver - quick wait started for By.xpath: //div[@class='modal-block-new']//button[text()='Yes']
[INFO ] 2020-05-20 13:20:39.576 [main] TTWebsiteDriver - wait over,element found
[INFO ] 2020-05-20 13:20:39.716 [main] TTWebsiteDriver - wait started for By.xpath: //a[@id='schemeclose']//i[@class='fa fa-times']
[INFO ] 2020-05-20 13:20:39.763 [main] TTWebsiteDriver - wait over,element found
[INFO ] 2020-05-20 13:20:49.221 [main] BillingPage - Scheme Details Popup Button Closed
[INFO ] 2020-05-20 13:20:49.285 [main] TTWebsiteDriver - wait started for By.xpath: //span[@id='remarks_close']//i[@class='fa fa-times']
[INFO ] 2020-05-20 13:20:49.332 [main] TTWebsiteDriver - wait over,element found
[INFO ] 2020-05-20 13:20:50.439 [main] BillingPage - Remarks Popup Button Closed
[INFO ] 2020-05-20 13:20:50.439 [main] TTWebsiteDriver - wait started for By.xpath: //select[@name='ddlspecialization']
[INFO ] 2020-05-20 13:20:50.476 [main] TTWebsiteDriver - wait over,element found
[INFO ] 2020-05-20 13:20:51.753 [main] BillingPage - Following speciality  has been selected from speciality Dropdown : Pathologist
[INFO ] 2020-05-20 13:20:51.753 [main] TTWebsiteDriver - wait started for By.xpath: //li[contains(text(),'Megha')]
[INFO ] 2020-05-20 13:20:51.779 [main] TTWebsiteDriver - wait over,element found
[INFO ] 2020-05-20 13:20:52.996 [main] BillingPage - Following Doctor Name has been Selected : Megha
[INFO ] 2020-05-20 13:21:08.040 [main] TTWebsiteDriver - wait started for By.xpath: //select[@name='ddlspecialization']
[INFO ] 2020-05-20 13:21:08.088 [main] TTWebsiteDriver - wait over,element found
[INFO ] 2020-05-20 13:21:09.313 [main] BillingPage - Following speciality  has been selected from speciality Dropdown : Cardiology
[INFO ] 2020-05-20 13:21:09.314 [main] TTWebsiteDriver - wait started for By.xpath: //li[contains(text(),'Deepak')]
[INFO ] 2020-05-20 13:21:09.353 [main] TTWebsiteDriver - wait over,element found
[INFO ] 2020-05-20 13:21:10.668 [main] BillingPage - Following Doctor Name has been Selected : Deepak
[INFO ] 2020-05-20 13:21:25.913 [main] BillingPage - Diagnostic Icon Clicked
[INFO ] 2020-05-20 13:21:27.399 [main] TTWebsiteDriver - wait started for By.xpath: //li[starts-with(@title,'24hrs Urinary Calcium')]
[INFO ] 2020-05-20 13:21:27.447 [main] TTWebsiteDriver - wait over,element found
[INFO ] 2020-05-20 13:21:30.697 [main] BillingPage - Following Test has been selcted 24hrs Urinary Calcium
[INFO ] 2020-05-20 13:21:30.747 [main] BillingPage - Price Not Defined Message is showing up
[INFO ] 2020-05-20 13:21:32.889 [main] TTWebsiteDriver - wait started for By.xpath: //li[starts-with(@title,'17-Hydroxycorticosteroids, 24hrs Urine')]
[INFO ] 2020-05-20 13:21:32.916 [main] TTWebsiteDriver - wait over,element found
[INFO ] 2020-05-20 13:21:36.247 [main] BillingPage - Following Test has been selcted 17-Hydroxycorticosteroids, 24hrs Urine
[INFO ] 2020-05-20 13:21:37.902 [main] TTWebsiteDriver - wait started for By.xpath: //li[starts-with(@title,'17-Ketosteroids, 24hrs Urine')]
[INFO ] 2020-05-20 13:21:37.950 [main] TTWebsiteDriver - wait over,element found
[INFO ] 2020-05-20 13:21:41.209 [main] BillingPage - Following Test has been selcted 17-Ketosteroids, 24hrs Urine
[INFO ] 2020-05-20 13:21:43.032 [main] TTWebsiteDriver - wait started for By.xpath: //li[starts-with(@title,'X-ray Dorso Lumbar Spine LAT')]
[INFO ] 2020-05-20 13:21:43.080 [main] TTWebsiteDriver - wait over,element found
[INFO ] 2020-05-20 13:21:46.367 [main] BillingPage - Following Test has been selcted X-ray Dorso Lumbar Spine LAT
[INFO ] 2020-05-20 13:21:47.736 [main] TTWebsiteDriver - wait started for By.xpath: //li[starts-with(@title,'X-ray Both Leg Skyline')]
[INFO ] 2020-05-20 13:21:47.783 [main] TTWebsiteDriver - wait over,element found
[INFO ] 2020-05-20 13:21:51.064 [main] BillingPage - Following Test has been selcted X-ray Both Leg Skyline
[INFO ] 2020-05-20 13:22:11.951 [main] TTWebsiteDriver - wait started for By.id: opbillmannual
[INFO ] 2020-05-20 13:22:12.014 [main] TTWebsiteDriver - wait over,element found
[INFO ] 2020-05-20 13:22:13.142 [main] BillingPage - Manual Icon Clicked
[INFO ] 2020-05-20 13:22:16.151 [main] TTWebsiteDriver - wait started for By.xpath: //select[@id='ddlService']
[INFO ] 2020-05-20 13:22:16.230 [main] TTWebsiteDriver - wait over,element found
[INFO ] 2020-05-20 13:22:17.484 [main] BillingPage - Following Name of Service name has been selected from service name Dropdown : Cardiology Services
[INFO ] 2020-05-20 13:22:17.660 [main] BillingPage - Following Description has been added in Description Text Box : Testing
[INFO ] 2020-05-20 13:22:17.741 [main] BillingPage - Following Quantity has been added in Quantity Text Box : 5
[INFO ] 2020-05-20 13:22:17.879 [main] BillingPage - Following Price has been added in Price Text Box : 10.30
[INFO ] 2020-05-20 13:22:23.055 [main] BillingPage - Verify Button Clicked
[INFO ] 2020-05-20 13:22:23.376 [main] BillingPage - Other Services Icon Clicked
[INFO ] 2020-05-20 13:22:23.376 [main] TTWebsiteDriver - wait started for By.xpath: //input[contains(@name,'otherServiceChk')]
[INFO ] 2020-05-20 13:22:23.397 [main] TTWebsiteDriver - wait over,element found
[INFO ] 2020-05-20 13:22:24.596 [main] BillingPage - Choose Services Check box checked
[INFO ] 2020-05-20 13:22:24.596 [main] TTWebsiteDriver - wait started for By.id: ddotherservice
[INFO ] 2020-05-20 13:22:24.615 [main] TTWebsiteDriver - wait over,element found
[INFO ] 2020-05-20 13:22:25.672 [main] BillingPage - Choose Services Dropdown is not enabled
[INFO ] 2020-05-20 13:22:25.672 [main] TTWebsiteDriver - wait started for By.id: ddotherservice
[INFO ] 2020-05-20 13:22:25.720 [main] TTWebsiteDriver - wait over,element found
[INFO ] 2020-05-20 13:22:26.976 [main] BillingPage - Following Service Name has been selected from service Dropdown : Dialysis Procedures
[INFO ] 2020-05-20 13:22:27.219 [main] BillingPage - Following Item has been selected from Services: AV Fistula Day Care Package With Anesthesia
[INFO ] 2020-05-20 13:22:27.538 [main] BillingPage - Speciality And Doctor Selected
[INFO ] 2020-05-20 13:22:27.856 [main] TTWebsiteDriver - wait started for By.xpath: //tbody[@id='tblrefdr']/tr/td[1]
[INFO ] 2020-05-20 13:22:27.880 [main] TTWebsiteDriver - wait over,element found
[INFO ] 2020-05-20 13:22:28.882 [main] TTWebsiteDriver - wait started for By.xpath: //tbody[@id='tblrefdr']/tr/td[1]
[INFO ] 2020-05-20 13:22:28.907 [main] TTWebsiteDriver - wait over,element found
[INFO ] 2020-05-20 13:22:29.921 [main] TTWebsiteDriver - quick wait started for By.xpath: //tbody[@id='tblrefdr']/tr/td[1]
[INFO ] 2020-05-20 13:22:29.975 [main] TTWebsiteDriver - wait over,element found
[INFO ] 2020-05-20 13:22:30.064 [main] BillingPage - Following Reffered By has been added : Deepak Thakur
[INFO ] 2020-05-20 13:22:30.064 [main] TTWebsiteDriver - wait started for By.xpath: //div[contains(@class,'form_line facilitator-name')]//select
[INFO ] 2020-05-20 13:22:30.104 [main] TTWebsiteDriver - wait over,element found
[INFO ] 2020-05-20 13:22:31.360 [main] BillingPage - Following facilitator has been selected from facilitator  Dropdown : 1
[INFO ] 2020-05-20 13:22:31.419 [main] BillingPage - Add to Bill Buttton Clicked
[INFO ] 2020-05-20 13:22:31.419 [main] TTWebsiteDriver - wait started for By.xpath: //div[@class='modal-block-new']//button[text()='Yes']
[INFO ] 2020-05-20 13:22:31.443 [main] TTWebsiteDriver - wait over,element found
[INFO ] 2020-05-20 13:22:32.453 [main] TTWebsiteDriver - wait started for By.xpath: //div[@class='modal-block-new']//button[text()='Yes']
[INFO ] 2020-05-20 13:22:32.501 [main] TTWebsiteDriver - wait over,element found
[INFO ] 2020-05-20 13:22:33.517 [main] TTWebsiteDriver - quick wait started for By.xpath: //div[@class='modal-block-new']//button[text()='Yes']
[INFO ] 2020-05-20 13:22:33.543 [main] TTWebsiteDriver - wait over,element found
[INFO ] 2020-05-20 13:22:40.149 [main] BillingPage - Scheme And Authorised By Selected in Scheme Details Popup
[INFO ] 2020-05-20 13:22:40.149 [main] TTWebsiteDriver - wait started for By.xpath: //a[@id='schemeclose']//i[@class='fa fa-times']
[INFO ] 2020-05-20 13:22:40.170 [main] TTWebsiteDriver - wait over,element found
[INFO ] 2020-05-20 13:22:41.276 [main] TestListner - [TEST IS SUCCESSFUL -------- Test case frontOfficeCreditPatientBillingWithAvaialDiscountAndWithoutCoPayTest has passed]
