[INFO ] 2020-07-10 16:21:46.881 [main] DriverManagerDataSource - Loaded JDBC driver: com.microsoft.sqlserver.jdbc.SQLServerDriver
[INFO ] 2020-07-10 16:21:47.429 [main] DriverManagerDataSource - Loaded JDBC driver: com.microsoft.sqlserver.jdbc.SQLServerDriver
[INFO ] 2020-07-10 16:21:47.508 [main] DriverManagerDataSource - Loaded JDBC driver: com.microsoft.sqlserver.jdbc.SQLServerDriver
[INFO ] 2020-07-10 16:21:47.582 [main] DriverManagerDataSource - Loaded JDBC driver: com.microsoft.sqlserver.jdbc.SQLServerDriver
[INFO ] 2020-07-10 16:21:47.662 [main] DriverManagerDataSource - Loaded JDBC driver: com.microsoft.sqlserver.jdbc.SQLServerDriver
[INFO ] 2020-07-10 16:21:47.743 [main] DriverManagerDataSource - Loaded JDBC driver: com.microsoft.sqlserver.jdbc.SQLServerDriver
[INFO ] 2020-07-10 16:21:47.829 [main] TestListner - 
******************************************************************************************************************************
					TEST CASE NAME:                  PhysicianOPDcaseSheetOrdersTest
******************************************************************************************************************************
[INFO ] 2020-07-10 16:21:53.640 [main] HISHomePage - User has been logged in to HIS Portal
[INFO ] 2020-07-10 16:21:54.854 [main] HISHomePage - Physician Icon Clicked
[INFO ] 2020-07-10 16:21:56.998 [main] HISHomePage - Following Station has been selected from Station Dropdown : 1st FLR T1 Transplant ICU
[INFO ] 2020-07-10 16:22:04.384 [main] HISHomePage - YES has been clicked from Station Dropdown
[INFO ] 2020-07-10 16:22:04.449 [main] HISHomePage - Page Heading Name= Doctor's Worklist
[INFO ] 2020-07-10 16:22:04.675 [main] HISHomePage - Click on OutPatient
[INFO ] 2020-07-10 16:22:05.267 [main] HISHomePage - Doctor Name= Abhin  Lazar
[INFO ] 2020-07-10 16:22:05.364 [main] HISHomePage - View= Summary
[INFO ] 2020-07-10 16:22:06.142 [main] HISHomePage - Frome Date= 10/Feb/2020
[INFO ] 2020-07-10 16:22:06.210 [main] HISHomePage - Click on Search Button
[INFO ] 2020-07-10 16:22:10.652 [main] HISHomePage - Click on Patient
[INFO ] 2020-07-10 16:22:17.537 [main] HISHomePage - Click on Order Tab
[INFO ] 2020-07-10 16:22:18.477 [main] HISHomePage - Selected Tab= #ffffff
[INFO ] 2020-07-10 16:22:18.478 [main] TestListner - [TEST IS SUCCESSFUL -------- Test case PhysicianOPDcaseSheetOrdersTest has passed]
