[INFO ] 2020-07-11 12:41:03.021 [main] DriverManagerDataSource - Loaded JDBC driver: com.microsoft.sqlserver.jdbc.SQLServerDriver
[INFO ] 2020-07-11 12:41:03.798 [main] DriverManagerDataSource - Loaded JDBC driver: com.microsoft.sqlserver.jdbc.SQLServerDriver
[INFO ] 2020-07-11 12:41:04.107 [main] DriverManagerDataSource - Loaded JDBC driver: com.microsoft.sqlserver.jdbc.SQLServerDriver
[INFO ] 2020-07-11 12:41:04.427 [main] DriverManagerDataSource - Loaded JDBC driver: com.microsoft.sqlserver.jdbc.SQLServerDriver
[INFO ] 2020-07-11 12:41:04.755 [main] DriverManagerDataSource - Loaded JDBC driver: com.microsoft.sqlserver.jdbc.SQLServerDriver
[INFO ] 2020-07-11 12:41:05.051 [main] DriverManagerDataSource - Loaded JDBC driver: com.microsoft.sqlserver.jdbc.SQLServerDriver
[INFO ] 2020-07-11 12:41:05.355 [main] TestListner - 
******************************************************************************************************************************
					TEST CASE NAME:                  PhysicianOPDcaseSheetOrdersTest
******************************************************************************************************************************
[INFO ] 2020-07-11 12:41:11.807 [main] HISHomePage - User has been logged in to HIS Portal
[INFO ] 2020-07-11 12:41:13.163 [main] HISHomePage - Physician Icon Clicked
[INFO ] 2020-07-11 12:41:15.388 [main] HISHomePage - Following Station has been selected from Station Dropdown : 1st FLR T1 Transplant ICU
[INFO ] 2020-07-11 12:41:23.139 [main] HISHomePage - YES has been clicked from Station Dropdown
[INFO ] 2020-07-11 12:41:23.219 [main] HISHomePage - Page Heading Name= Doctor's Worklist
[INFO ] 2020-07-11 12:41:23.335 [main] HISHomePage - Click on OutPatient
[INFO ] 2020-07-11 12:41:23.669 [main] HISHomePage - Doctor Name= Abhin  Lazar
[INFO ] 2020-07-11 12:41:23.814 [main] HISHomePage - View= Summary
[INFO ] 2020-07-11 12:41:24.745 [main] HISHomePage - Frome Date= 10/Feb/2020
[INFO ] 2020-07-11 12:41:24.817 [main] HISHomePage - Click on Search Button
[INFO ] 2020-07-11 12:41:31.441 [main] HISHomePage - Click on Patient
[INFO ] 2020-07-11 12:41:36.087 [main] HISHomePage - Click on Order Tab
[INFO ] 2020-07-11 12:41:51.256 [main] TestListner - Test has failed with TestResult status = 2
[INFO ] 2020-07-11 12:41:51.260 [main] TestListner - [TEST HAS FAILED-------- Test case PhysicianOPDcaseSheetOrdersTest has failed]. The reason is org.openqa.selenium.NoSuchElementException: no such element: Unable to locate element: {"method":"xpath","selector":"//div[@class='page_header']//div[@class='modal_sub_title']"}
  (Session info: chrome=83.0.4103.116)
For documentation on this error, please visit: http://seleniumhq.org/exceptions/no_such_element.html
Build info: version: '3.7.1', revision: '8a0099a', time: '2017-11-06T21:01:39.354Z'
System info: host: 'DESKTOP-U1OL4JI', ip: '10.81.234.6', os.name: 'Windows 10', os.arch: 'amd64', os.version: '10.0', java.version: '10.0.2'
Driver info: org.openqa.selenium.chrome.ChromeDriver
Capabilities {acceptInsecureCerts: false, browserName: chrome, browserVersion: 83.0.4103.116, chrome: {chromedriverVersion: 83.0.4103.39 (ccbf011cb2d2b..., userDataDir: C:\Users\Nishant\AppData\Lo...}, goog:chromeOptions: {debuggerAddress: localhost:52230}, javascriptEnabled: true, networkConnectionEnabled: false, pageLoadStrategy: normal, platform: WINDOWS, platformName: WINDOWS, proxy: Proxy(), setWindowRect: true, strictFileInteractability: false, timeouts: {implicit: 0, pageLoad: 300000, script: 30000}, unhandledPromptBehavior: dismiss and notify, webauthn:virtualAuthenticators: true}
Session ID: 65c5edfbe0e221808b718920b697c9ec
*** Element info: {Using=xpath, value=//div[@class='page_header']//div[@class='modal_sub_title']}
