[INFO ] 2020-05-20 10:51:39.102 [main] TTBaseTest - Started execution with  null
[INFO ] 2020-05-20 10:51:39.111 [main] TTBaseTest - Environment properties are not provided by the user ... loading the default properties
[INFO ] 2020-05-20 10:51:39.112 [main] TTBaseTest - Default Browser is  ------ chrome
[INFO ] 2020-05-20 10:51:39.112 [main] TTBaseTest - Default URL is  ------ http://206.19.38.8:8001/HISTreeTesting/Login/Login?ReturnUrl=%2fHistreetesting
[INFO ] 2020-05-20 10:51:39.112 [main] TTBaseTest - Default loginname is  ------ null
[INFO ] 2020-05-20 10:51:39.113 [main] TTBaseTest - Default username is  ------ null
[INFO ] 2020-05-20 10:51:39.113 [main] TTBaseTest - Default user password is  ------ Deepak@1234
[INFO ] 2020-05-20 10:51:50.484 [main] TTWebsiteDriver - Window is maximized
[INFO ] 2020-05-20 10:51:50.533 [main] TTWebsiteDriver - All cookies deleted
[INFO ] 2020-05-20 10:51:51.994 [main] TTWebsiteBaseTest - Application loaded
[INFO ] 2020-05-20 10:51:52.490 [main] DriverManagerDataSource - Loaded JDBC driver: com.microsoft.sqlserver.jdbc.SQLServerDriver
[INFO ] 2020-05-20 10:51:52.491 [main] DBUtil - ConnectionString::jdbc:sqlserver://206.19.38.4;databaseName=SIT_HISTree_TestingAuto;instance=MSSQLSERVER;domain=null
[INFO ] 2020-05-20 10:51:52.491 [main] DBUtil - QUERY TRIGGERED IS select top 1 Name from M_IdCardType where Deleted=0

[INFO ] 2020-05-20 10:51:53.989 [main] DriverManagerDataSource - Loaded JDBC driver: com.microsoft.sqlserver.jdbc.SQLServerDriver
[INFO ] 2020-05-20 10:51:53.989 [main] DBUtil - ConnectionString::jdbc:sqlserver://206.19.38.4;databaseName=SIT_HISTree_TestingAuto;instance=MSSQLSERVER;domain=null
[INFO ] 2020-05-20 10:51:53.989 [main] DBUtil - QUERY TRIGGERED IS select top 1 name from M_OCCUPATION where Deleted=0

[INFO ] 2020-05-20 10:51:54.081 [main] DriverManagerDataSource - Loaded JDBC driver: com.microsoft.sqlserver.jdbc.SQLServerDriver
[INFO ] 2020-05-20 10:51:54.081 [main] DBUtil - ConnectionString::jdbc:sqlserver://206.19.38.4;databaseName=SIT_HISTree_TestingAuto;instance=MSSQLSERVER;domain=null
[INFO ] 2020-05-20 10:51:54.081 [main] DBUtil - QUERY TRIGGERED IS select top 1 Name from M_QUALIFICATION where Deleted=0

[INFO ] 2020-05-20 10:51:54.154 [main] DriverManagerDataSource - Loaded JDBC driver: com.microsoft.sqlserver.jdbc.SQLServerDriver
[INFO ] 2020-05-20 10:51:54.154 [main] DBUtil - ConnectionString::jdbc:sqlserver://206.19.38.4;databaseName=SIT_HISTree_TestingAuto;instance=MSSQLSERVER;domain=null
[INFO ] 2020-05-20 10:51:54.154 [main] DBUtil - QUERY TRIGGERED IS select top 1 Name from m_SourceOfInfo where Deleted=0

[INFO ] 2020-05-20 10:51:54.225 [main] DriverManagerDataSource - Loaded JDBC driver: com.microsoft.sqlserver.jdbc.SQLServerDriver
[INFO ] 2020-05-20 10:51:54.225 [main] DBUtil - ConnectionString::jdbc:sqlserver://206.19.38.4;databaseName=SIT_HISTree_TestingAuto;instance=MSSQLSERVER;domain=null
[INFO ] 2020-05-20 10:51:54.225 [main] DBUtil - QUERY TRIGGERED IS select top 1 NAME from m_city where deleted=0

[INFO ] 2020-05-20 10:51:54.289 [main] DriverManagerDataSource - Loaded JDBC driver: com.microsoft.sqlserver.jdbc.SQLServerDriver
[INFO ] 2020-05-20 10:51:54.289 [main] DBUtil - ConnectionString::jdbc:sqlserver://206.19.38.4;databaseName=SIT_HISTree_TestingAuto;instance=MSSQLSERVER;domain=null
[INFO ] 2020-05-20 10:51:54.289 [main] DBUtil - QUERY TRIGGERED IS select top 1 NAME from m_city where deleted=0

[INFO ] 2020-05-20 10:51:54.361 [main] TestListner - 
******************************************************************************************************************************
					TEST CASE NAME:                  frontOfficeDOBSearchFieldInAllScreenTest
******************************************************************************************************************************
[INFO ] 2020-05-20 10:51:55.035 [main] TTWebsiteDriver - wait started for By.id: btnLogin
[INFO ] 2020-05-20 10:51:55.116 [main] TTWebsiteDriver - wait over,element found
[INFO ] 2020-05-20 10:51:56.121 [main] TTWebsiteDriver - quick wait started for By.id: btnLogin
[INFO ] 2020-05-20 10:51:56.147 [main] TTWebsiteDriver - wait over,element found
[INFO ] 2020-05-20 10:51:56.404 [main] TTWebsiteDriver - wait started for By.xpath: //a[@id='btnYesAlreadyLogedinPopup']
[INFO ] 2020-05-20 10:51:56.425 [main] TTWebsiteDriver - wait over,element found
[INFO ] 2020-05-20 10:51:57.428 [main] TTWebsiteDriver - quick wait started for By.xpath: //a[@id='btnYesAlreadyLogedinPopup']
[INFO ] 2020-05-20 10:51:57.449 [main] TTWebsiteDriver - wait over,element found
[INFO ] 2020-05-20 10:51:58.055 [main] HISHomePage - User has been logged in to HIS Portal
[INFO ] 2020-05-20 10:51:58.056 [main] TTWebsiteDriver - wait started for By.xpath: //span[contains(text(),'Front Office')]//ancestor::a
[INFO ] 2020-05-20 10:51:58.082 [main] TTWebsiteDriver - wait over,element found
[INFO ] 2020-05-20 10:51:59.493 [main] HISHomePage - Front Office Icon Clicked
[INFO ] 2020-05-20 10:52:03.582 [main] HISHomePage - Following Station has been selected from Station Dropdown : Front Office
[INFO ] 2020-05-20 10:52:03.582 [main] TTWebsiteDriver - wait started for By.id: btn_yes_desh
[INFO ] 2020-05-20 10:52:03.603 [main] TTWebsiteDriver - wait over,element found
[INFO ] 2020-05-20 10:52:04.606 [main] TTWebsiteDriver - quick wait started for By.id: btn_yes_desh
[INFO ] 2020-05-20 10:52:04.627 [main] TTWebsiteDriver - wait over,element found
[INFO ] 2020-05-20 10:52:05.581 [main] HISHomePage - YES has been clicked from Station Dropdown
[INFO ] 2020-05-20 10:52:05.581 [main] TTWebsiteDriver - wait started for By.xpath: //li[@id='FOAddPatientMenu']//i[2]
[INFO ] 2020-05-20 10:52:05.611 [main] TTWebsiteDriver - wait over,element found
[INFO ] 2020-05-20 10:52:06.614 [main] TTWebsiteDriver - wait started for By.xpath: //li[@id='FOAddPatientMenu']//i[2]
[INFO ] 2020-05-20 10:52:06.632 [main] TTWebsiteDriver - wait over,element found
[INFO ] 2020-05-20 10:52:07.635 [main] TTWebsiteDriver - quick wait started for By.xpath: //li[@id='FOAddPatientMenu']//i[2]
[INFO ] 2020-05-20 10:52:07.655 [main] TTWebsiteDriver - wait over,element found
[INFO ] 2020-05-20 10:52:07.741 [main] FrontOfficeHomePage - Add Patient Section is Expanded
[INFO ] 2020-05-20 10:52:15.868 [main] FrontOfficeHomePage - Following Option has been selected from Add Patient Section Patient Registration
[INFO ] 2020-05-20 10:52:15.868 [main] TTWebsiteDriver - Waiting For Page load via JS
[INFO ] 2020-05-20 10:52:33.930 [main] TTWebsiteDriver - waiting for locator By.xpath: //i[@id='searchnew']
[INFO ] 2020-05-20 10:52:34.024 [main] TTWebsiteDriver - Element found
[INFO ] 2020-05-20 10:52:34.024 [main] TTWebsiteDriver - wait started for By.xpath: //i[@id='searchnew']
[INFO ] 2020-05-20 10:52:34.048 [main] TTWebsiteDriver - wait over,element found
[INFO ] 2020-05-20 10:52:35.055 [main] TTWebsiteDriver - quick wait started for By.xpath: //i[@id='searchnew']
[INFO ] 2020-05-20 10:52:35.089 [main] TTWebsiteDriver - wait over,element found
[INFO ] 2020-05-20 10:52:35.188 [main] TTWebsiteDriver - waiting for locator By.xpath: //input[@id='modal_DOB']
[INFO ] 2020-05-20 10:52:35.226 [main] TTWebsiteDriver - Element found
[INFO ] 2020-05-20 10:52:35.945 [main] TTWebsiteDriver - waiting for locator By.xpath: //a[@id='search_button']//i[@class='fa fa-search']
[INFO ] 2020-05-20 10:52:35.979 [main] TTWebsiteDriver - Element found
[INFO ] 2020-05-20 10:52:39.036 [main] TTWebsiteDriver - waiting for locator By.xpath: //input[@id='modal_DOB']
[INFO ] 2020-05-20 10:52:39.083 [main] TTWebsiteDriver - Element found
[INFO ] 2020-05-20 10:52:39.361 [main] TTWebsiteDriver - waiting for locator By.xpath: //a[@id='search_button']//i[@class='fa fa-search']
[INFO ] 2020-05-20 10:52:39.379 [main] TTWebsiteDriver - Element found
[INFO ] 2020-05-20 10:52:42.410 [main] TTWebsiteDriver - waiting for locator By.xpath: //table[@id='searchResultsTable']//tr[@class='patient_row'][1]
[INFO ] 2020-05-20 10:52:45.948 [main] TTWebsiteDriver - Element found
[INFO ] 2020-05-20 10:52:45.992 [main] TTWebsiteDriver - waiting for locator By.xpath: //h1[contains(text(),'Patient Demographics')]
[INFO ] 2020-05-20 10:52:46.026 [main] TTWebsiteDriver - Element found
[INFO ] 2020-05-20 10:52:46.091 [main] TTWebsiteDriver - wait started for By.xpath: //i[@class='fa fa-bars']
[INFO ] 2020-05-20 10:52:46.125 [main] TTWebsiteDriver - wait over,element found
[INFO ] 2020-05-20 10:52:47.181 [main] HISWebsiteBasePage - Menu Clicked
[INFO ] 2020-05-20 10:52:51.182 [main] TTWebsiteDriver - wait started for By.xpath: //li[@id='FOAddPatientMenu']//i[2]
[INFO ] 2020-05-20 10:52:51.226 [main] TTWebsiteDriver - wait over,element found
[INFO ] 2020-05-20 10:52:52.229 [main] TTWebsiteDriver - wait started for By.xpath: //li[@id='FOAddPatientMenu']//i[2]
[INFO ] 2020-05-20 10:52:52.286 [main] TTWebsiteDriver - wait over,element found
[INFO ] 2020-05-20 10:52:53.289 [main] TTWebsiteDriver - quick wait started for By.xpath: //li[@id='FOAddPatientMenu']//i[2]
[INFO ] 2020-05-20 10:52:53.326 [main] TTWebsiteDriver - wait over,element found
[INFO ] 2020-05-20 10:52:53.424 [main] FrontOfficeHomePage - Add Patient Section is Expanded
[INFO ] 2020-05-20 10:53:00.027 [main] FrontOfficeHomePage - Following Option has been selected from Add Patient Section Mark Patient Deceased
[INFO ] 2020-05-20 10:53:00.027 [main] TTWebsiteDriver - Waiting For Page load via JS
[INFO ] 2020-05-20 10:53:18.040 [main] TTWebsiteDriver - wait started for By.id: searchnew
[INFO ] 2020-05-20 10:53:18.071 [main] TTWebsiteDriver - wait over,element found
[INFO ] 2020-05-20 10:53:19.132 [main] MarkPatientDeceasedPage - Search Icon Near Save Button clicked
[INFO ] 2020-05-20 10:53:24.132 [main] TTWebsiteDriver - waiting for locator By.xpath: //input[@id='modal_DOB']
[INFO ] 2020-05-20 10:53:24.165 [main] TTWebsiteDriver - Element found
[INFO ] 2020-05-20 10:53:24.512 [main] TTWebsiteDriver - waiting for locator By.xpath: //a[@id='search_button']//i[@class='fa fa-search']
[INFO ] 2020-05-20 10:53:24.528 [main] TTWebsiteDriver - Element found
[INFO ] 2020-05-20 10:53:24.529 [main] TTWebsiteDriver - wait started for By.xpath: //a[@id='search_button']//i[@class='fa fa-search']
[INFO ] 2020-05-20 10:53:24.543 [main] TTWebsiteDriver - wait over,element found
[INFO ] 2020-05-20 10:53:25.546 [main] TTWebsiteDriver - quick wait started for By.xpath: //a[@id='search_button']//i[@class='fa fa-search']
[INFO ] 2020-05-20 10:53:25.570 [main] TTWebsiteDriver - wait over,element found
[INFO ] 2020-05-20 10:53:25.672 [main] TTWebsiteDriver - waiting for locator By.xpath: //p[contains(text(),'No Record Found!')]
[INFO ] 2020-05-20 10:53:30.269 [main] TTWebsiteDriver - Element found
[INFO ] 2020-05-20 10:53:30.358 [main] PatientRegistrationPage - No Record Found message is showing up
[INFO ] 2020-05-20 10:53:35.359 [main] TTWebsiteDriver - waiting for locator By.xpath: //input[@id='modal_DOB']
[INFO ] 2020-05-20 10:53:35.380 [main] TTWebsiteDriver - Element found
[INFO ] 2020-05-20 10:53:35.697 [main] TTWebsiteDriver - waiting for locator By.xpath: //a[@id='search_button']//i[@class='fa fa-search']
[INFO ] 2020-05-20 10:53:35.709 [main] TTWebsiteDriver - Element found
[INFO ] 2020-05-20 10:53:35.709 [main] TTWebsiteDriver - wait started for By.xpath: //a[@id='search_button']//i[@class='fa fa-search']
[INFO ] 2020-05-20 10:53:35.721 [main] TTWebsiteDriver - wait over,element found
[INFO ] 2020-05-20 10:53:36.724 [main] TTWebsiteDriver - quick wait started for By.xpath: //a[@id='search_button']//i[@class='fa fa-search']
[INFO ] 2020-05-20 10:53:36.749 [main] TTWebsiteDriver - wait over,element found
[INFO ] 2020-05-20 10:53:36.824 [main] TTWebsiteDriver - waiting for locator By.xpath: //table[@id='searchResultsTable']//tr[@class='patient_row'][1]
[INFO ] 2020-05-20 10:53:41.391 [main] TTWebsiteDriver - Element found
[INFO ] 2020-05-20 10:53:41.426 [main] TTWebsiteDriver - waiting for locator By.xpath: //legend[contains(text(),'Mark Patient Deceased')]
[INFO ] 2020-05-20 10:53:41.447 [main] TTWebsiteDriver - Element found
[INFO ] 2020-05-20 10:53:41.462 [main] TTWebsiteDriver - wait started for By.xpath: //i[@class='fa fa-bars']
[INFO ] 2020-05-20 10:53:41.493 [main] TTWebsiteDriver - wait over,element found
[INFO ] 2020-05-20 10:53:42.543 [main] HISWebsiteBasePage - Menu Clicked
[INFO ] 2020-05-20 10:53:46.544 [main] TTWebsiteDriver - wait started for By.xpath: //a[contains(text(),'Billing')]//i[@class='fa fa-caret-down']
[INFO ] 2020-05-20 10:53:46.579 [main] TTWebsiteDriver - wait over,element found
[INFO ] 2020-05-20 10:53:47.582 [main] TTWebsiteDriver - wait started for By.xpath: //a[contains(text(),'Billing')]//i[@class='fa fa-caret-down']
[INFO ] 2020-05-20 10:53:47.610 [main] TTWebsiteDriver - wait over,element found
[INFO ] 2020-05-20 10:53:48.613 [main] TTWebsiteDriver - quick wait started for By.xpath: //a[contains(text(),'Billing')]//i[@class='fa fa-caret-down']
[INFO ] 2020-05-20 10:53:48.636 [main] TTWebsiteDriver - wait over,element found
[INFO ] 2020-05-20 10:53:48.734 [main] FrontOfficeHomePage - Billing Section is Expanded
[INFO ] 2020-05-20 10:53:57.084 [main] FrontOfficeHomePage - Following Option has been selected from Billing Section Billing
[INFO ] 2020-05-20 10:53:57.085 [main] TTWebsiteDriver - Waiting For Page load via JS
[INFO ] 2020-05-20 10:54:15.098 [main] TTWebsiteDriver - wait started for By.xpath: //i[@class='fa fa-search-plus']
[INFO ] 2020-05-20 10:54:15.145 [main] TTWebsiteDriver - wait over,element found
[INFO ] 2020-05-20 10:54:16.234 [main] BillingPage - Search New Button on header clicked
[INFO ] 2020-05-20 10:54:21.235 [main] TTWebsiteDriver - waiting for locator By.xpath: //input[@id='modal_DOB']
[INFO ] 2020-05-20 10:54:21.273 [main] TTWebsiteDriver - Element found
[INFO ] 2020-05-20 10:54:21.675 [main] TTWebsiteDriver - waiting for locator By.xpath: //a[@id='search_button']//i[@class='fa fa-search']
[INFO ] 2020-05-20 10:54:21.698 [main] TTWebsiteDriver - Element found
[INFO ] 2020-05-20 10:54:21.699 [main] TTWebsiteDriver - wait started for By.xpath: //a[@id='search_button']//i[@class='fa fa-search']
[INFO ] 2020-05-20 10:54:21.716 [main] TTWebsiteDriver - wait over,element found
[INFO ] 2020-05-20 10:54:22.719 [main] TTWebsiteDriver - quick wait started for By.xpath: //a[@id='search_button']//i[@class='fa fa-search']
[INFO ] 2020-05-20 10:54:22.748 [main] TTWebsiteDriver - wait over,element found
[INFO ] 2020-05-20 10:54:22.861 [main] TTWebsiteDriver - waiting for locator By.xpath: //p[contains(text(),'No Record Found!')]
[INFO ] 2020-05-20 10:54:27.227 [main] TTWebsiteDriver - Element found
[INFO ] 2020-05-20 10:54:27.272 [main] PatientRegistrationPage - No Record Found message is showing up
[INFO ] 2020-05-20 10:54:32.273 [main] TTWebsiteDriver - waiting for locator By.xpath: //input[@id='modal_DOB']
[INFO ] 2020-05-20 10:54:32.301 [main] TTWebsiteDriver - Element found
[INFO ] 2020-05-20 10:54:32.640 [main] TTWebsiteDriver - waiting for locator By.xpath: //a[@id='search_button']//i[@class='fa fa-search']
[INFO ] 2020-05-20 10:54:32.656 [main] TTWebsiteDriver - Element found
[INFO ] 2020-05-20 10:54:32.657 [main] TTWebsiteDriver - wait started for By.xpath: //a[@id='search_button']//i[@class='fa fa-search']
[INFO ] 2020-05-20 10:54:32.672 [main] TTWebsiteDriver - wait over,element found
[INFO ] 2020-05-20 10:54:33.675 [main] TTWebsiteDriver - quick wait started for By.xpath: //a[@id='search_button']//i[@class='fa fa-search']
[INFO ] 2020-05-20 10:54:33.706 [main] TTWebsiteDriver - wait over,element found
[INFO ] 2020-05-20 10:54:38.777 [main] TTWebsiteDriver - waiting for locator By.xpath: //div[@id='fosearch_patient']//i[@class='fa fa-times']
[INFO ] 2020-05-20 10:54:38.815 [main] TTWebsiteDriver - Element found
[INFO ] 2020-05-20 10:54:38.936 [main] TTWebsiteDriver - wait started for By.xpath: //i[@class='fa fa-bars']
[INFO ] 2020-05-20 10:54:38.974 [main] TTWebsiteDriver - wait over,element found
[INFO ] 2020-05-20 10:54:40.042 [main] HISWebsiteBasePage - Menu Clicked
[INFO ] 2020-05-20 10:54:44.042 [main] TTWebsiteDriver - wait started for By.xpath: //a[contains(text(),'Billing')]//i[@class='fa fa-caret-down']
[INFO ] 2020-05-20 10:54:44.083 [main] TTWebsiteDriver - wait over,element found
[INFO ] 2020-05-20 10:54:45.086 [main] TTWebsiteDriver - wait started for By.xpath: //a[contains(text(),'Billing')]//i[@class='fa fa-caret-down']
[INFO ] 2020-05-20 10:54:45.113 [main] TTWebsiteDriver - wait over,element found
[INFO ] 2020-05-20 10:54:46.116 [main] TTWebsiteDriver - quick wait started for By.xpath: //a[contains(text(),'Billing')]//i[@class='fa fa-caret-down']
[INFO ] 2020-05-20 10:54:46.132 [main] TTWebsiteDriver - wait over,element found
[INFO ] 2020-05-20 10:54:46.246 [main] FrontOfficeHomePage - Billing Section is Expanded
[INFO ] 2020-05-20 10:54:52.108 [main] FrontOfficeHomePage - Following Option has been selected from Billing Section Bills Utility
[INFO ] 2020-05-20 10:54:52.109 [main] TTWebsiteDriver - Waiting For Page load via JS
[INFO ] 2020-05-20 10:55:10.147 [main] TTWebsiteDriver - wait started for By.xpath: //a[@id='search_huiddata']//i[@class='fa fa-search']
[INFO ] 2020-05-20 10:55:10.184 [main] TTWebsiteDriver - wait over,element found
[INFO ] 2020-05-20 10:55:11.247 [main] BillingPage - Search Icon Near Save Button clicked
[INFO ] 2020-05-20 10:55:11.247 [main] TTWebsiteDriver - waiting for locator By.xpath: //a[@id='search_UHID']//i[@class='fa fa-search search_buttondata']
[INFO ] 2020-05-20 10:55:11.278 [main] TTWebsiteDriver - Element found
[INFO ] 2020-05-20 10:55:16.360 [main] TTWebsiteDriver - waiting for locator By.xpath: //input[@id='modal_DOB']
[INFO ] 2020-05-20 10:55:16.392 [main] TTWebsiteDriver - Element found
[INFO ] 2020-05-20 10:55:16.747 [main] TTWebsiteDriver - waiting for locator By.xpath: //a[@id='search_button']//i[@class='fa fa-search']
[INFO ] 2020-05-20 10:55:16.765 [main] TTWebsiteDriver - Element found
[INFO ] 2020-05-20 10:55:16.766 [main] TTWebsiteDriver - wait started for By.xpath: //a[@id='search_button']//i[@class='fa fa-search']
[INFO ] 2020-05-20 10:55:16.778 [main] TTWebsiteDriver - wait over,element found
[INFO ] 2020-05-20 10:55:17.781 [main] TTWebsiteDriver - quick wait started for By.xpath: //a[@id='search_button']//i[@class='fa fa-search']
[INFO ] 2020-05-20 10:55:17.809 [main] TTWebsiteDriver - wait over,element found
[INFO ] 2020-05-20 10:55:17.891 [main] TTWebsiteDriver - waiting for locator By.xpath: //p[contains(text(),'No Record Found!')]
[INFO ] 2020-05-20 10:55:26.796 [main] TTWebsiteDriver - Element found
[INFO ] 2020-05-20 10:55:26.834 [main] PatientRegistrationPage - No Record Found message is showing up
[INFO ] 2020-05-20 10:55:31.836 [main] TTWebsiteDriver - waiting for locator By.xpath: //input[@id='modal_DOB']
[INFO ] 2020-05-20 10:55:31.857 [main] TTWebsiteDriver - Element found
[INFO ] 2020-05-20 10:55:32.196 [main] TTWebsiteDriver - waiting for locator By.xpath: //a[@id='search_button']//i[@class='fa fa-search']
[INFO ] 2020-05-20 10:55:32.207 [main] TTWebsiteDriver - Element found
[INFO ] 2020-05-20 10:55:32.208 [main] TTWebsiteDriver - wait started for By.xpath: //a[@id='search_button']//i[@class='fa fa-search']
[INFO ] 2020-05-20 10:55:32.221 [main] TTWebsiteDriver - wait over,element found
[INFO ] 2020-05-20 10:55:33.224 [main] TTWebsiteDriver - quick wait started for By.xpath: //a[@id='search_button']//i[@class='fa fa-search']
[INFO ] 2020-05-20 10:55:33.247 [main] TTWebsiteDriver - wait over,element found
[INFO ] 2020-05-20 10:55:38.330 [main] TTWebsiteDriver - waiting for locator By.xpath: //div[@id='fosearch_patient']//i[@class='fa fa-times']
[INFO ] 2020-05-20 10:55:38.368 [main] TTWebsiteDriver - Element found
[INFO ] 2020-05-20 10:55:38.368 [main] TTWebsiteDriver - wait started for By.xpath: //div[@id='fosearch_patient']//i[@class='fa fa-times']
[INFO ] 2020-05-20 10:55:38.390 [main] TTWebsiteDriver - wait over,element found
[INFO ] 2020-05-20 10:55:39.392 [main] TTWebsiteDriver - quick wait started for By.xpath: //div[@id='fosearch_patient']//i[@class='fa fa-times']
[INFO ] 2020-05-20 10:55:39.416 [main] TTWebsiteDriver - wait over,element found
[INFO ] 2020-05-20 10:55:39.517 [main] TTWebsiteDriver - wait started for By.xpath: //i[@class='fa fa-bars']
[INFO ] 2020-05-20 10:55:39.537 [main] TTWebsiteDriver - wait over,element found
[INFO ] 2020-05-20 10:55:40.591 [main] HISWebsiteBasePage - Menu Clicked
[INFO ] 2020-05-20 10:55:44.592 [main] TTWebsiteDriver - wait started for By.xpath: //a[contains(text(),'Billing')]//i[@class='fa fa-caret-down']
[INFO ] 2020-05-20 10:55:44.628 [main] TTWebsiteDriver - wait over,element found
[INFO ] 2020-05-20 10:55:45.632 [main] TTWebsiteDriver - wait started for By.xpath: //a[contains(text(),'Billing')]//i[@class='fa fa-caret-down']
[INFO ] 2020-05-20 10:55:45.656 [main] TTWebsiteDriver - wait over,element found
[INFO ] 2020-05-20 10:55:46.659 [main] TTWebsiteDriver - quick wait started for By.xpath: //a[contains(text(),'Billing')]//i[@class='fa fa-caret-down']
[INFO ] 2020-05-20 10:55:46.681 [main] TTWebsiteDriver - wait over,element found
[INFO ] 2020-05-20 10:55:46.778 [main] FrontOfficeHomePage - Billing Section is Expanded
[INFO ] 2020-05-20 10:55:52.472 [main] FrontOfficeHomePage - Following Option has been selected from Billing Section Report Dispatch Tracking
[INFO ] 2020-05-20 10:55:52.472 [main] TTWebsiteDriver - Waiting For Page load via JS
[INFO ] 2020-05-20 10:56:10.493 [main] TTWebsiteDriver - wait started for By.xpath: //i[@class='fa fa-search-plus']
[INFO ] 2020-05-20 10:56:10.528 [main] TTWebsiteDriver - wait over,element found
[INFO ] 2020-05-20 10:56:11.589 [main] BillingPage - Search New Button on header clicked
[INFO ] 2020-05-20 10:56:16.589 [main] TTWebsiteDriver - waiting for locator By.xpath: //input[@id='modal_DOB']
[INFO ] 2020-05-20 10:56:16.621 [main] TTWebsiteDriver - Element found
[INFO ] 2020-05-20 10:56:16.961 [main] TTWebsiteDriver - waiting for locator By.xpath: //a[@id='search_button']//i[@class='fa fa-search']
[INFO ] 2020-05-20 10:56:16.978 [main] TTWebsiteDriver - Element found
[INFO ] 2020-05-20 10:56:16.978 [main] TTWebsiteDriver - wait started for By.xpath: //a[@id='search_button']//i[@class='fa fa-search']
[INFO ] 2020-05-20 10:56:16.989 [main] TTWebsiteDriver - wait over,element found
[INFO ] 2020-05-20 10:56:17.992 [main] TTWebsiteDriver - quick wait started for By.xpath: //a[@id='search_button']//i[@class='fa fa-search']
[INFO ] 2020-05-20 10:56:18.014 [main] TTWebsiteDriver - wait over,element found
[INFO ] 2020-05-20 10:56:18.125 [main] TTWebsiteDriver - waiting for locator By.xpath: //p[contains(text(),'No Record Found!')]
[INFO ] 2020-05-20 10:56:22.587 [main] TTWebsiteDriver - Element found
[INFO ] 2020-05-20 10:56:22.625 [main] PatientRegistrationPage - No Record Found message is showing up
[INFO ] 2020-05-20 10:56:27.625 [main] TTWebsiteDriver - waiting for locator By.xpath: //input[@id='modal_DOB']
[INFO ] 2020-05-20 10:56:27.646 [main] TTWebsiteDriver - Element found
[INFO ] 2020-05-20 10:56:27.968 [main] TTWebsiteDriver - waiting for locator By.xpath: //a[@id='search_button']//i[@class='fa fa-search']
[INFO ] 2020-05-20 10:56:27.980 [main] TTWebsiteDriver - Element found
[INFO ] 2020-05-20 10:56:27.980 [main] TTWebsiteDriver - wait started for By.xpath: //a[@id='search_button']//i[@class='fa fa-search']
[INFO ] 2020-05-20 10:56:27.992 [main] TTWebsiteDriver - wait over,element found
[INFO ] 2020-05-20 10:56:28.995 [main] TTWebsiteDriver - quick wait started for By.xpath: //a[@id='search_button']//i[@class='fa fa-search']
[INFO ] 2020-05-20 10:56:29.018 [main] TTWebsiteDriver - wait over,element found
[INFO ] 2020-05-20 10:56:34.090 [main] TTWebsiteDriver - waiting for locator By.xpath: //div[@id='fosearch_patient']//i[@class='fa fa-times']
[INFO ] 2020-05-20 10:56:34.121 [main] TTWebsiteDriver - Element found
[INFO ] 2020-05-20 10:56:34.202 [main] TTWebsiteDriver - wait started for By.xpath: //i[@class='fa fa-bars']
[INFO ] 2020-05-20 10:56:34.223 [main] TTWebsiteDriver - wait over,element found
[INFO ] 2020-05-20 10:56:35.275 [main] HISWebsiteBasePage - Menu Clicked
[INFO ] 2020-05-20 10:56:39.276 [main] TTWebsiteDriver - wait started for By.xpath: //a[contains(text(),'Billing')]//i[@class='fa fa-caret-down']
[INFO ] 2020-05-20 10:56:39.325 [main] TTWebsiteDriver - wait over,element found
[INFO ] 2020-05-20 10:56:40.331 [main] TTWebsiteDriver - wait started for By.xpath: //a[contains(text(),'Billing')]//i[@class='fa fa-caret-down']
[INFO ] 2020-05-20 10:56:40.354 [main] TTWebsiteDriver - wait over,element found
[INFO ] 2020-05-20 10:56:41.357 [main] TTWebsiteDriver - quick wait started for By.xpath: //a[contains(text(),'Billing')]//i[@class='fa fa-caret-down']
[INFO ] 2020-05-20 10:56:41.380 [main] TTWebsiteDriver - wait over,element found
[INFO ] 2020-05-20 10:56:41.485 [main] FrontOfficeHomePage - Billing Section is Expanded
[INFO ] 2020-05-20 10:56:47.153 [main] FrontOfficeHomePage - Following Option has been selected from Billing Section Deposits
[INFO ] 2020-05-20 10:56:47.153 [main] TTWebsiteDriver - Waiting For Page load via JS
[INFO ] 2020-05-20 10:57:05.280 [main] TTWebsiteDriver - wait started for By.xpath: //i[@class='fa fa-search-plus']
[INFO ] 2020-05-20 10:57:05.305 [main] TTWebsiteDriver - wait over,element found
[INFO ] 2020-05-20 10:57:06.365 [main] BillingPage - Search New Button on header clicked
[INFO ] 2020-05-20 10:57:11.365 [main] TTWebsiteDriver - waiting for locator By.xpath: //input[@id='modal_DOB']
[INFO ] 2020-05-20 10:57:11.397 [main] TTWebsiteDriver - Element found
[INFO ] 2020-05-20 10:57:11.725 [main] TTWebsiteDriver - waiting for locator By.xpath: //a[@id='search_button']//i[@class='fa fa-search']
[INFO ] 2020-05-20 10:57:11.749 [main] TTWebsiteDriver - Element found
[INFO ] 2020-05-20 10:57:11.749 [main] TTWebsiteDriver - wait started for By.xpath: //a[@id='search_button']//i[@class='fa fa-search']
[INFO ] 2020-05-20 10:57:11.764 [main] TTWebsiteDriver - wait over,element found
[INFO ] 2020-05-20 10:57:12.767 [main] TTWebsiteDriver - quick wait started for By.xpath: //a[@id='search_button']//i[@class='fa fa-search']
[INFO ] 2020-05-20 10:57:12.792 [main] TTWebsiteDriver - wait over,element found
[INFO ] 2020-05-20 10:57:12.894 [main] TTWebsiteDriver - waiting for locator By.xpath: //p[contains(text(),'No Record Found!')]
[INFO ] 2020-05-20 10:57:17.800 [main] TTWebsiteDriver - Element found
[INFO ] 2020-05-20 10:57:17.844 [main] PatientRegistrationPage - No Record Found message is showing up
[INFO ] 2020-05-20 10:57:22.845 [main] TTWebsiteDriver - waiting for locator By.xpath: //input[@id='modal_DOB']
[INFO ] 2020-05-20 10:57:22.868 [main] TTWebsiteDriver - Element found
[INFO ] 2020-05-20 10:57:23.180 [main] TTWebsiteDriver - waiting for locator By.xpath: //a[@id='search_button']//i[@class='fa fa-search']
[INFO ] 2020-05-20 10:57:23.192 [main] TTWebsiteDriver - Element found
[INFO ] 2020-05-20 10:57:23.192 [main] TTWebsiteDriver - wait started for By.xpath: //a[@id='search_button']//i[@class='fa fa-search']
[INFO ] 2020-05-20 10:57:23.205 [main] TTWebsiteDriver - wait over,element found
[INFO ] 2020-05-20 10:57:24.208 [main] TTWebsiteDriver - quick wait started for By.xpath: //a[@id='search_button']//i[@class='fa fa-search']
[INFO ] 2020-05-20 10:57:24.231 [main] TTWebsiteDriver - wait over,element found
[INFO ] 2020-05-20 10:57:29.306 [main] TTWebsiteDriver - waiting for locator By.xpath: //div[@id='fosearch_patient']//i[@class='fa fa-times']
[INFO ] 2020-05-20 10:57:29.338 [main] TTWebsiteDriver - Element found
[INFO ] 2020-05-20 10:57:29.439 [main] TTWebsiteDriver - wait started for By.xpath: //i[@class='fa fa-bars']
[INFO ] 2020-05-20 10:57:29.462 [main] TTWebsiteDriver - wait over,element found
[INFO ] 2020-05-20 10:57:30.516 [main] HISWebsiteBasePage - Menu Clicked
[INFO ] 2020-05-20 10:57:34.518 [main] TTWebsiteDriver - wait started for By.xpath: //a[contains(text(),'Billing')]//i[@class='fa fa-caret-down']
[INFO ] 2020-05-20 10:57:34.555 [main] TTWebsiteDriver - wait over,element found
[INFO ] 2020-05-20 10:57:35.557 [main] TTWebsiteDriver - wait started for By.xpath: //a[contains(text(),'Billing')]//i[@class='fa fa-caret-down']
[INFO ] 2020-05-20 10:57:35.579 [main] TTWebsiteDriver - wait over,element found
[INFO ] 2020-05-20 10:57:36.582 [main] TTWebsiteDriver - quick wait started for By.xpath: //a[contains(text(),'Billing')]//i[@class='fa fa-caret-down']
[INFO ] 2020-05-20 10:57:36.605 [main] TTWebsiteDriver - wait over,element found
[INFO ] 2020-05-20 10:57:36.694 [main] FrontOfficeHomePage - Billing Section is Expanded
[INFO ] 2020-05-20 10:57:43.678 [main] FrontOfficeHomePage - Following Option has been selected from Billing Section Surgery / Medical Estimate
[INFO ] 2020-05-20 10:57:43.679 [main] TTWebsiteDriver - Waiting For Page load via JS
[INFO ] 2020-05-20 10:58:01.694 [main] TTWebsiteDriver - wait started for By.xpath: //i[@class='fa fa-search-plus']
[INFO ] 2020-05-20 10:58:01.733 [main] TTWebsiteDriver - wait over,element found
[INFO ] 2020-05-20 10:58:02.798 [main] BillingPage - Search New Button on header clicked
[INFO ] 2020-05-20 10:58:07.799 [main] TTWebsiteDriver - waiting for locator By.xpath: //input[@id='modal_DOB']
[INFO ] 2020-05-20 10:58:07.832 [main] TTWebsiteDriver - Element found
[INFO ] 2020-05-20 10:58:08.211 [main] TTWebsiteDriver - waiting for locator By.xpath: //a[@id='search_button']//i[@class='fa fa-search']
[INFO ] 2020-05-20 10:58:08.228 [main] TTWebsiteDriver - Element found
[INFO ] 2020-05-20 10:58:08.229 [main] TTWebsiteDriver - wait started for By.xpath: //a[@id='search_button']//i[@class='fa fa-search']
[INFO ] 2020-05-20 10:58:08.241 [main] TTWebsiteDriver - wait over,element found
[INFO ] 2020-05-20 10:58:09.243 [main] TTWebsiteDriver - quick wait started for By.xpath: //a[@id='search_button']//i[@class='fa fa-search']
[INFO ] 2020-05-20 10:58:09.266 [main] TTWebsiteDriver - wait over,element found
[INFO ] 2020-05-20 10:58:09.382 [main] TTWebsiteDriver - waiting for locator By.xpath: //p[contains(text(),'No Record Found!')]
[INFO ] 2020-05-20 10:58:14.734 [main] TTWebsiteDriver - Element found
[INFO ] 2020-05-20 10:58:14.773 [main] PatientRegistrationPage - No Record Found message is showing up
[INFO ] 2020-05-20 10:58:19.774 [main] TTWebsiteDriver - waiting for locator By.xpath: //input[@id='modal_DOB']
[INFO ] 2020-05-20 10:58:19.794 [main] TTWebsiteDriver - Element found
[INFO ] 2020-05-20 10:58:20.126 [main] TTWebsiteDriver - waiting for locator By.xpath: //a[@id='search_button']//i[@class='fa fa-search']
[INFO ] 2020-05-20 10:58:20.153 [main] TTWebsiteDriver - Element found
[INFO ] 2020-05-20 10:58:20.153 [main] TTWebsiteDriver - wait started for By.xpath: //a[@id='search_button']//i[@class='fa fa-search']
[INFO ] 2020-05-20 10:58:20.168 [main] TTWebsiteDriver - wait over,element found
[INFO ] 2020-05-20 10:58:21.170 [main] TTWebsiteDriver - quick wait started for By.xpath: //a[@id='search_button']//i[@class='fa fa-search']
[INFO ] 2020-05-20 10:58:21.196 [main] TTWebsiteDriver - wait over,element found
[INFO ] 2020-05-20 10:58:26.275 [main] TTWebsiteDriver - waiting for locator By.xpath: //div[@id='fosearch_patient']//i[@class='fa fa-times']
[INFO ] 2020-05-20 10:58:26.307 [main] TTWebsiteDriver - Element found
[INFO ] 2020-05-20 10:58:26.386 [main] TTWebsiteDriver - wait started for By.xpath: //i[@class='fa fa-bars']
[INFO ] 2020-05-20 10:58:26.407 [main] TTWebsiteDriver - wait over,element found
[INFO ] 2020-05-20 10:58:27.460 [main] HISWebsiteBasePage - Menu Clicked
[INFO ] 2020-05-20 10:58:31.460 [main] TTWebsiteDriver - wait started for By.xpath: //a[contains(text(),'Billing')]//i[@class='fa fa-caret-down']
[INFO ] 2020-05-20 10:58:31.497 [main] TTWebsiteDriver - wait over,element found
[INFO ] 2020-05-20 10:58:32.500 [main] TTWebsiteDriver - wait started for By.xpath: //a[contains(text(),'Billing')]//i[@class='fa fa-caret-down']
[INFO ] 2020-05-20 10:58:32.522 [main] TTWebsiteDriver - wait over,element found
[INFO ] 2020-05-20 10:58:33.525 [main] TTWebsiteDriver - quick wait started for By.xpath: //a[contains(text(),'Billing')]//i[@class='fa fa-caret-down']
[INFO ] 2020-05-20 10:58:33.548 [main] TTWebsiteDriver - wait over,element found
[INFO ] 2020-05-20 10:58:33.637 [main] FrontOfficeHomePage - Billing Section is Expanded
[INFO ] 2020-05-20 10:58:39.185 [main] FrontOfficeHomePage - Following Option has been selected from Billing Section Operatory Billing Details
[INFO ] 2020-05-20 10:58:39.185 [main] TTWebsiteDriver - Waiting For Page load via JS
[INFO ] 2020-05-20 10:59:02.300 [main] TTWebsiteDriver - waiting for locator By.xpath: //input[@id='modal_DOB']
[INFO ] 2020-05-20 10:59:02.332 [main] TTWebsiteDriver - Element found
[INFO ] 2020-05-20 10:59:02.676 [main] TTWebsiteDriver - waiting for locator By.xpath: //a[@id='search_button']//i[@class='fa fa-search']
[INFO ] 2020-05-20 10:59:02.702 [main] TTWebsiteDriver - Element found
[INFO ] 2020-05-20 10:59:02.702 [main] TTWebsiteDriver - wait started for By.xpath: //a[@id='search_button']//i[@class='fa fa-search']
[INFO ] 2020-05-20 10:59:02.716 [main] TTWebsiteDriver - wait over,element found
[INFO ] 2020-05-20 10:59:03.719 [main] TTWebsiteDriver - quick wait started for By.xpath: //a[@id='search_button']//i[@class='fa fa-search']
[INFO ] 2020-05-20 10:59:03.742 [main] TTWebsiteDriver - wait over,element found
[INFO ] 2020-05-20 10:59:03.840 [main] TTWebsiteDriver - waiting for locator By.xpath: //p[contains(text(),'No Record Found!')]
[INFO ] 2020-05-20 10:59:08.167 [main] TTWebsiteDriver - Element found
[INFO ] 2020-05-20 10:59:08.211 [main] PatientRegistrationPage - No Record Found message is showing up
[INFO ] 2020-05-20 10:59:13.211 [main] TTWebsiteDriver - waiting for locator By.xpath: //input[@id='modal_DOB']
[INFO ] 2020-05-20 10:59:13.232 [main] TTWebsiteDriver - Element found
[INFO ] 2020-05-20 10:59:13.535 [main] TTWebsiteDriver - waiting for locator By.xpath: //a[@id='search_button']//i[@class='fa fa-search']
[INFO ] 2020-05-20 10:59:13.545 [main] TTWebsiteDriver - Element found
[INFO ] 2020-05-20 10:59:13.545 [main] TTWebsiteDriver - wait started for By.xpath: //a[@id='search_button']//i[@class='fa fa-search']
[INFO ] 2020-05-20 10:59:13.562 [main] TTWebsiteDriver - wait over,element found
[INFO ] 2020-05-20 10:59:14.565 [main] TTWebsiteDriver - quick wait started for By.xpath: //a[@id='search_button']//i[@class='fa fa-search']
[INFO ] 2020-05-20 10:59:14.587 [main] TTWebsiteDriver - wait over,element found
[INFO ] 2020-05-20 10:59:19.656 [main] TTWebsiteDriver - waiting for locator By.xpath: //div[@id='fosearch_patient']//i[@class='fa fa-times']
[INFO ] 2020-05-20 10:59:19.690 [main] TTWebsiteDriver - Element found
[INFO ] 2020-05-20 10:59:19.807 [main] TestListner - [TEST IS SUCCESSFUL -------- Test case frontOfficeDOBSearchFieldInAllScreenTest has passed]
