[INFO ] 2020-07-10 16:58:52.605 [main] DriverManagerDataSource - Loaded JDBC driver: com.microsoft.sqlserver.jdbc.SQLServerDriver
[INFO ] 2020-07-10 16:58:53.325 [main] DriverManagerDataSource - Loaded JDBC driver: com.microsoft.sqlserver.jdbc.SQLServerDriver
[INFO ] 2020-07-10 16:58:53.416 [main] DriverManagerDataSource - Loaded JDBC driver: com.microsoft.sqlserver.jdbc.SQLServerDriver
[INFO ] 2020-07-10 16:58:53.500 [main] DriverManagerDataSource - Loaded JDBC driver: com.microsoft.sqlserver.jdbc.SQLServerDriver
[INFO ] 2020-07-10 16:58:53.585 [main] DriverManagerDataSource - Loaded JDBC driver: com.microsoft.sqlserver.jdbc.SQLServerDriver
[INFO ] 2020-07-10 16:58:53.670 [main] DriverManagerDataSource - Loaded JDBC driver: com.microsoft.sqlserver.jdbc.SQLServerDriver
[INFO ] 2020-07-10 16:58:53.782 [main] TestListner - 
******************************************************************************************************************************
					TEST CASE NAME:                  PhysicianOPDcaseSheetOrdersTest
******************************************************************************************************************************
[INFO ] 2020-07-10 16:58:59.387 [main] HISHomePage - User has been logged in to HIS Portal
[INFO ] 2020-07-10 16:59:00.596 [main] HISHomePage - Physician Icon Clicked
[INFO ] 2020-07-10 16:59:02.747 [main] HISHomePage - Following Station has been selected from Station Dropdown : 1st FLR T1 Transplant ICU
[INFO ] 2020-07-10 16:59:09.347 [main] HISHomePage - YES has been clicked from Station Dropdown
[INFO ] 2020-07-10 16:59:09.412 [main] HISHomePage - Page Heading Name= Doctor's Worklist
[INFO ] 2020-07-10 16:59:09.592 [main] HISHomePage - Click on OutPatient
[INFO ] 2020-07-10 16:59:10.200 [main] HISHomePage - Doctor Name= Abhin  Lazar
[INFO ] 2020-07-10 16:59:10.295 [main] HISHomePage - View= Summary
[INFO ] 2020-07-10 16:59:11.069 [main] HISHomePage - Frome Date= 10/Feb/2020
[INFO ] 2020-07-10 16:59:11.137 [main] HISHomePage - Click on Search Button
[INFO ] 2020-07-10 16:59:14.880 [main] HISHomePage - Click on Patient
[INFO ] 2020-07-10 16:59:22.072 [main] HISHomePage - Click on Order Tab
[INFO ] 2020-07-10 16:59:22.909 [main] TestListner - [TEST IS SUCCESSFUL -------- Test case PhysicianOPDcaseSheetOrdersTest has passed]
