[INFO ] 2020-05-20 11:50:33.794 [main] TTBaseTest - Started execution with  null
[INFO ] 2020-05-20 11:50:33.794 [main] TTBaseTest - Environment properties are not provided by the user ... loading the default properties
[INFO ] 2020-05-20 11:50:33.794 [main] TTBaseTest - Default Browser is  ------ chrome
[INFO ] 2020-05-20 11:50:33.794 [main] TTBaseTest - Default URL is  ------ http://206.19.38.8:8001/HISTreeTesting/Login/Login?ReturnUrl=%2fHistreetesting
[INFO ] 2020-05-20 11:50:33.794 [main] TTBaseTest - Default loginname is  ------ null
[INFO ] 2020-05-20 11:50:33.794 [main] TTBaseTest - Default username is  ------ null
[INFO ] 2020-05-20 11:50:33.794 [main] TTBaseTest - Default user password is  ------ Deepak@1234
[INFO ] 2020-05-20 11:50:38.069 [main] TTWebsiteDriver - Window is maximized
[INFO ] 2020-05-20 11:50:38.121 [main] TTWebsiteDriver - All cookies deleted
[INFO ] 2020-05-20 11:50:38.504 [main] TTWebsiteBaseTest - Application loaded
[INFO ] 2020-05-20 11:50:38.616 [main] DriverManagerDataSource - Loaded JDBC driver: com.microsoft.sqlserver.jdbc.SQLServerDriver
[INFO ] 2020-05-20 11:50:38.616 [main] DBUtil - ConnectionString::jdbc:sqlserver://206.19.38.4;databaseName=SIT_HISTree_TestingAuto;instance=MSSQLSERVER;domain=null
[INFO ] 2020-05-20 11:50:38.616 [main] DBUtil - QUERY TRIGGERED IS select top 1 Name from M_IdCardType where Deleted=0

[INFO ] 2020-05-20 11:50:39.104 [main] DriverManagerDataSource - Loaded JDBC driver: com.microsoft.sqlserver.jdbc.SQLServerDriver
[INFO ] 2020-05-20 11:50:39.104 [main] DBUtil - ConnectionString::jdbc:sqlserver://206.19.38.4;databaseName=SIT_HISTree_TestingAuto;instance=MSSQLSERVER;domain=null
[INFO ] 2020-05-20 11:50:39.104 [main] DBUtil - QUERY TRIGGERED IS select top 1 name from M_OCCUPATION where Deleted=0

[INFO ] 2020-05-20 11:50:39.183 [main] DriverManagerDataSource - Loaded JDBC driver: com.microsoft.sqlserver.jdbc.SQLServerDriver
[INFO ] 2020-05-20 11:50:39.183 [main] DBUtil - ConnectionString::jdbc:sqlserver://206.19.38.4;databaseName=SIT_HISTree_TestingAuto;instance=MSSQLSERVER;domain=null
[INFO ] 2020-05-20 11:50:39.183 [main] DBUtil - QUERY TRIGGERED IS select top 1 Name from M_QUALIFICATION where Deleted=0

[INFO ] 2020-05-20 11:50:39.261 [main] DriverManagerDataSource - Loaded JDBC driver: com.microsoft.sqlserver.jdbc.SQLServerDriver
[INFO ] 2020-05-20 11:50:39.261 [main] DBUtil - ConnectionString::jdbc:sqlserver://206.19.38.4;databaseName=SIT_HISTree_TestingAuto;instance=MSSQLSERVER;domain=null
[INFO ] 2020-05-20 11:50:39.261 [main] DBUtil - QUERY TRIGGERED IS select top 1 Name from m_SourceOfInfo where Deleted=0

[INFO ] 2020-05-20 11:50:39.339 [main] DriverManagerDataSource - Loaded JDBC driver: com.microsoft.sqlserver.jdbc.SQLServerDriver
[INFO ] 2020-05-20 11:50:39.339 [main] DBUtil - ConnectionString::jdbc:sqlserver://206.19.38.4;databaseName=SIT_HISTree_TestingAuto;instance=MSSQLSERVER;domain=null
[INFO ] 2020-05-20 11:50:39.339 [main] DBUtil - QUERY TRIGGERED IS select top 1 NAME from m_city where deleted=0

[INFO ] 2020-05-20 11:50:39.417 [main] DriverManagerDataSource - Loaded JDBC driver: com.microsoft.sqlserver.jdbc.SQLServerDriver
[INFO ] 2020-05-20 11:50:39.417 [main] DBUtil - ConnectionString::jdbc:sqlserver://206.19.38.4;databaseName=SIT_HISTree_TestingAuto;instance=MSSQLSERVER;domain=null
[INFO ] 2020-05-20 11:50:39.417 [main] DBUtil - QUERY TRIGGERED IS select top 1 NAME from m_city where deleted=0

[INFO ] 2020-05-20 11:50:39.495 [main] TestListner - 
******************************************************************************************************************************
					TEST CASE NAME:                  frontOfficeBillingMergeDuplicatesTestCase
******************************************************************************************************************************
[INFO ] 2020-05-20 11:50:39.782 [main] TTWebsiteDriver - wait started for By.id: btnLogin
[INFO ] 2020-05-20 11:50:39.808 [main] TTWebsiteDriver - wait over,element found
[INFO ] 2020-05-20 11:50:40.824 [main] TTWebsiteDriver - quick wait started for By.id: btnLogin
[INFO ] 2020-05-20 11:50:40.856 [main] TTWebsiteDriver - wait over,element found
[INFO ] 2020-05-20 11:50:41.088 [main] TTWebsiteDriver - wait started for By.xpath: //a[@id='btnYesAlreadyLogedinPopup']
[INFO ] 2020-05-20 11:50:41.130 [main] TTWebsiteDriver - wait over,element found
[INFO ] 2020-05-20 11:50:42.147 [main] TTWebsiteDriver - quick wait started for By.xpath: //a[@id='btnYesAlreadyLogedinPopup']
[INFO ] 2020-05-20 11:50:42.195 [main] TTWebsiteDriver - wait over,element found
[INFO ] 2020-05-20 11:50:42.813 [main] HISHomePage - User has been logged in to HIS Portal
[INFO ] 2020-05-20 11:50:42.813 [main] TTWebsiteDriver - wait started for By.xpath: //span[contains(text(),'Front Office')]//ancestor::a
[INFO ] 2020-05-20 11:50:42.840 [main] TTWebsiteDriver - wait over,element found
[INFO ] 2020-05-20 11:50:44.104 [main] HISHomePage - Front Office Icon Clicked
[INFO ] 2020-05-20 11:50:48.274 [main] HISHomePage - Following Station has been selected from Station Dropdown : Front Office
[INFO ] 2020-05-20 11:50:48.274 [main] TTWebsiteDriver - wait started for By.id: btn_yes_desh
[INFO ] 2020-05-20 11:50:48.337 [main] TTWebsiteDriver - wait over,element found
[INFO ] 2020-05-20 11:50:49.367 [main] TTWebsiteDriver - quick wait started for By.id: btn_yes_desh
[INFO ] 2020-05-20 11:50:49.399 [main] TTWebsiteDriver - wait over,element found
[INFO ] 2020-05-20 11:50:50.126 [main] HISHomePage - YES has been clicked from Station Dropdown
[INFO ] 2020-05-20 11:50:50.126 [main] TTWebsiteDriver - wait started for By.xpath: //li[@id='FOAddPatientMenu']//i[2]
[INFO ] 2020-05-20 11:50:50.151 [main] TTWebsiteDriver - wait over,element found
[INFO ] 2020-05-20 11:50:51.168 [main] TTWebsiteDriver - wait started for By.xpath: //li[@id='FOAddPatientMenu']//i[2]
[INFO ] 2020-05-20 11:50:51.216 [main] TTWebsiteDriver - wait over,element found
[INFO ] 2020-05-20 11:50:52.246 [main] TTWebsiteDriver - quick wait started for By.xpath: //li[@id='FOAddPatientMenu']//i[2]
[INFO ] 2020-05-20 11:50:52.294 [main] TTWebsiteDriver - wait over,element found
[INFO ] 2020-05-20 11:50:52.418 [main] FrontOfficeHomePage - Add Patient Section is Expanded
[INFO ] 2020-05-20 11:51:01.436 [main] FrontOfficeHomePage - Following Option has been selected from Add Patient Section Patient Registration
[INFO ] 2020-05-20 11:51:01.436 [main] TTWebsiteDriver - Waiting For Page load via JS
[INFO ] 2020-05-20 11:51:19.672 [main] PatientRegistrationPage - Following Title has been selected from Title Dropdown : New Delhi
[INFO ] 2020-05-20 11:51:19.672 [main] TTWebsiteDriver - wait started for By.id: firstName
[INFO ] 2020-05-20 11:51:19.704 [main] TTWebsiteDriver - wait over,element found
[INFO ] 2020-05-20 11:51:21.258 [main] PatientRegistrationPage - First Name has been added as : Automation
[INFO ] 2020-05-20 11:51:21.258 [main] TTWebsiteDriver - wait started for By.id: middleName
[INFO ] 2020-05-20 11:51:21.277 [main] TTWebsiteDriver - wait over,element found
[INFO ] 2020-05-20 11:51:22.613 [main] PatientRegistrationPage - Middle Name has been added as : Test
[INFO ] 2020-05-20 11:51:22.613 [main] TTWebsiteDriver - wait started for By.id: lastName
[INFO ] 2020-05-20 11:51:22.631 [main] TTWebsiteDriver - wait over,element found
[INFO ] 2020-05-20 11:51:23.934 [main] PatientRegistrationPage - Last Name has been added as : User
[INFO ] 2020-05-20 11:51:23.935 [main] TTWebsiteDriver - wait started for By.id: gender
[INFO ] 2020-05-20 11:51:23.954 [main] TTWebsiteDriver - wait over,element found
[INFO ] 2020-05-20 11:51:25.085 [main] PatientRegistrationPage - Following Gender has been selected from Gender Dropdown : Male
[INFO ] 2020-05-20 11:51:25.085 [main] TTWebsiteDriver - wait started for By.id: dob
[INFO ] 2020-05-20 11:51:25.117 [main] TTWebsiteDriver - wait over,element found
[INFO ] 2020-05-20 11:51:26.883 [main] PatientRegistrationPage - Following DOB has been added : 15-12-1991
[INFO ] 2020-05-20 11:51:34.955 [main] TTWebsiteDriver - wait started for By.id: chkA
[INFO ] 2020-05-20 11:51:35.019 [main] TTWebsiteDriver - wait over,element found
[INFO ] 2020-05-20 11:51:36.112 [main] TTWebsiteDriver - wait started for By.id: age
[INFO ] 2020-05-20 11:51:36.147 [main] TTWebsiteDriver - wait over,element found
[INFO ] 2020-05-20 11:51:37.410 [main] PatientRegistrationPage - Following Age has been added : 65
[INFO ] 2020-05-20 11:51:37.411 [main] TTWebsiteDriver - wait started for By.id: mStatus
[INFO ] 2020-05-20 11:51:37.431 [main] TTWebsiteDriver - wait over,element found
[INFO ] 2020-05-20 11:51:38.661 [main] PatientRegistrationPage - Following MArtial Status has been selected from MArtial Status  Dropdown : Single
[INFO ] 2020-05-20 11:51:38.661 [main] TTWebsiteDriver - wait started for By.id: motherName
[INFO ] 2020-05-20 11:51:38.682 [main] TTWebsiteDriver - wait over,element found
[INFO ] 2020-05-20 11:51:40.649 [main] PatientRegistrationPage - Following Mother Maiden Name Has been Added: Automation Test Mother
[INFO ] 2020-05-20 11:51:40.649 [main] TTWebsiteDriver - wait started for By.id: relName
[INFO ] 2020-05-20 11:51:40.667 [main] TTWebsiteDriver - wait over,element found
[INFO ] 2020-05-20 11:51:42.542 [main] PatientRegistrationPage - Following Fathers Name Has been Added: AutomationFather@123 
[INFO ] 2020-05-20 11:51:42.542 [main] TTWebsiteDriver - wait started for By.id: nationality
[INFO ] 2020-05-20 11:51:42.565 [main] TTWebsiteDriver - wait over,element found
[INFO ] 2020-05-20 11:51:43.699 [main] PatientRegistrationPage - Following Nationality has been selected from Nationality Dropdown : Indian
[INFO ] 2020-05-20 11:51:45.899 [main] PatientRegistrationPage - VIP Checkbox has been selected and Data has been added to VIP Text Box
[INFO ] 2020-05-20 11:51:46.230 [main] PatientRegistrationPage - Remarks Checkbox has been selected and Data has been added to Remarks Text Box
[INFO ] 2020-05-20 11:51:46.258 [main] PatientRegistrationPage - NRI Checkbox has been selected
[INFO ] 2020-05-20 11:51:46.345 [main] PatientRegistrationPage - ID Card Drop down is enabled
[INFO ] 2020-05-20 11:51:46.346 [main] TTWebsiteDriver - wait started for By.id: cardType
[INFO ] 2020-05-20 11:51:46.365 [main] TTWebsiteDriver - wait over,element found
[INFO ] 2020-05-20 11:51:47.578 [main] PatientRegistrationPage - Following ID Card has been selected from ID Card Dropdown : Passport Number
[INFO ] 2020-05-20 11:51:47.843 [main] PatientRegistrationPage - Following National ID has been added : 12345
[INFO ] 2020-05-20 11:51:48.449 [main] PatientRegistrationPage - Following TELEPHONE NO has been added in TELEPHONE No Text Box : 1234567891011123
[INFO ] 2020-05-20 11:51:48.875 [main] PatientRegistrationPage - Following MOBILE NO has been added : 1234567890
[INFO ] 2020-05-20 11:51:49.810 [main] PatientRegistrationPage - Following house Number has been added Automation Test Address
[INFO ] 2020-05-20 11:51:49.810 [main] TTWebsiteDriver - wait started for By.id: city
[INFO ] 2020-05-20 11:51:49.828 [main] TTWebsiteDriver - wait over,element found
[INFO ] 2020-05-20 11:51:51.152 [main] PatientRegistrationPage - Following City  has been selected from City Dropdown : New Delhi
[INFO ] 2020-05-20 11:52:03.074 [main] PatientRegistrationPage - Following City has been addedTest City2597Following District has been selected
[INFO ] 2020-05-20 11:52:03.074 [main] TTWebsiteDriver - wait started for By.id: addlocal
[INFO ] 2020-05-20 11:52:03.704 [main] TTWebsiteDriver - wait over,element found
[INFO ] 2020-05-20 11:52:04.993 [main] TTWebsiteDriver - wait started for By.id: local
[INFO ] 2020-05-20 11:52:05.014 [main] TTWebsiteDriver - wait over,element found
[INFO ] 2020-05-20 11:52:15.514 [main] PatientRegistrationPage - Follwoing Locality has been added: Test local6572Following City has been selected: SaharanpurFollowing Pin Code has been added: 247001
[INFO ] 2020-05-20 11:52:15.514 [main] TTWebsiteDriver - wait started for By.id: emailID
[INFO ] 2020-05-20 11:52:15.615 [main] TTWebsiteDriver - wait over,element found
[INFO ] 2020-05-20 11:52:17.915 [main] PatientRegistrationPage - Following email has been added: test@automation.com
[INFO ] 2020-05-20 11:52:18.245 [main] PatientRegistrationPage - Following Reffered By has been added: Self
[INFO ] 2020-05-20 11:52:18.246 [main] TTWebsiteDriver - wait started for By.id: lang
[INFO ] 2020-05-20 11:52:18.265 [main] TTWebsiteDriver - wait over,element found
[INFO ] 2020-05-20 11:52:19.482 [main] PatientRegistrationPage - Following language  has been selected from language Dropdown : English
[INFO ] 2020-05-20 11:52:19.483 [main] TTWebsiteDriver - wait started for By.id: occupation
[INFO ] 2020-05-20 11:52:19.503 [main] TTWebsiteDriver - wait over,element found
[INFO ] 2020-05-20 11:52:20.724 [main] PatientRegistrationPage - Following occupation  has been selected from occupation Dropdown : Student
[INFO ] 2020-05-20 11:52:20.724 [main] TTWebsiteDriver - wait started for By.id: qualification
[INFO ] 2020-05-20 11:52:20.737 [main] TTWebsiteDriver - wait over,element found
[INFO ] 2020-05-20 11:52:21.976 [main] PatientRegistrationPage - Following qualification  has been selected from qualification Dropdown : Ph.D
[INFO ] 2020-05-20 11:52:21.976 [main] TTWebsiteDriver - wait started for By.id: religion
[INFO ] 2020-05-20 11:52:21.987 [main] TTWebsiteDriver - wait over,element found
[INFO ] 2020-05-20 11:52:23.188 [main] PatientRegistrationPage - Following relegion  has been selected from relegion Dropdown : Hindu
[INFO ] 2020-05-20 11:52:23.188 [main] TTWebsiteDriver - wait started for By.id: sref
[INFO ] 2020-05-20 11:52:23.220 [main] TTWebsiteDriver - wait over,element found
[INFO ] 2020-05-20 11:52:24.407 [main] PatientRegistrationPage - Following refer  has been selected from refer Dropdown : News Paper
[INFO ] 2020-05-20 11:52:24.451 [main] PatientRegistrationPage - Financial Details Checkbox Checked
[INFO ] 2020-05-20 11:52:24.452 [main] TTWebsiteDriver - wait started for By.id: companytype
[INFO ] 2020-05-20 11:52:24.474 [main] TTWebsiteDriver - wait over,element found
[INFO ] 2020-05-20 11:52:25.698 [main] PatientRegistrationPage - Following compType  has been selected from compType Dropdown : Corporate
[INFO ] 2020-05-20 11:52:25.699 [main] TTWebsiteDriver - wait started for By.id: company
[INFO ] 2020-05-20 11:52:25.736 [main] TTWebsiteDriver - wait over,element found
[INFO ] 2020-05-20 11:52:26.937 [main] PatientRegistrationPage - Following comp has been selected from comp Dropdown: STATE BANK OF INDIA
[INFO ] 2020-05-20 11:52:26.937 [main] TTWebsiteDriver - wait started for By.id: rate
[INFO ] 2020-05-20 11:52:26.967 [main] TTWebsiteDriver - wait over,element found
[INFO ] 2020-05-20 11:52:28.111 [main] PatientRegistrationPage - Following Rate has been selected from Rate Dropdown: STATE BANK OF INDIA - (CGHS)
[INFO ] 2020-05-20 11:52:28.143 [main] PatientRegistrationPage - Scheme Checkbox Checked
[INFO ] 2020-05-20 11:52:28.143 [main] TTWebsiteDriver - wait started for By.id: scheme
[INFO ] 2020-05-20 11:52:28.191 [main] TTWebsiteDriver - wait over,element found
[INFO ] 2020-05-20 11:52:29.453 [main] PatientRegistrationPage - First Scheme has been selected from Scheme Dropdown
[INFO ] 2020-05-20 11:52:29.454 [main] TTWebsiteDriver - wait started for By.id: register
[INFO ] 2020-05-20 11:52:29.472 [main] TTWebsiteDriver - wait over,element found
[INFO ] 2020-05-20 11:52:30.577 [main] PatientRegistrationPage - Regsiter Icon Clicked
[INFO ] 2020-05-20 11:52:30.600 [main] TTWebsiteDriver - wait started for By.id: btnyesss
[INFO ] 2020-05-20 11:52:30.623 [main] TTWebsiteDriver - wait over,element found
[INFO ] 2020-05-20 11:52:41.781 [main] PatientRegistrationPage - Yes button clicked on Confirm Patient Details Popup
[INFO ] 2020-05-20 11:52:41.892 [main] PatientRegistrationPage - TEST US JHKJHKJHPSSH.260834

[INFO ] 2020-05-20 11:52:41.892 [main] TTWebsiteDriver - wait started for By.xpath: //div[@class='popup-area']//div[@class='modal-block-new']//a[contains(text(),'No')]
[INFO ] 2020-05-20 11:52:41.954 [main] TTWebsiteDriver - wait over,element found
[INFO ] 2020-05-20 11:52:42.984 [main] TTWebsiteDriver - wait started for By.xpath: //div[@class='popup-area']//div[@class='modal-block-new']//a[contains(text(),'No')]
[INFO ] 2020-05-20 11:52:43.047 [main] TTWebsiteDriver - wait over,element found
[INFO ] 2020-05-20 11:52:44.077 [main] TTWebsiteDriver - quick wait started for By.xpath: //div[@class='popup-area']//div[@class='modal-block-new']//a[contains(text(),'No')]
[INFO ] 2020-05-20 11:52:44.156 [main] TTWebsiteDriver - wait over,element found
[INFO ] 2020-05-20 11:52:44.391 [main] TTWebsiteDriver - Waiting For Page load via JS
[INFO ] 2020-05-20 11:52:44.402 [main] PatientRegistrationPage - REGISTERED SUCCESSFULLY POPUP No Button Clicked
[INFO ] 2020-05-20 11:52:44.402 [main] TTWebsiteDriver - wait started for By.xpath: //i[@class='fa fa-bars']
[INFO ] 2020-05-20 11:52:44.437 [main] TTWebsiteDriver - wait over,element found
[INFO ] 2020-05-20 11:52:45.544 [main] HISWebsiteBasePage - Menu Clicked
[INFO ] 2020-05-20 11:52:49.555 [main] TTWebsiteDriver - wait started for By.xpath: //li[@id='FOAddPatientMenu']//i[2]
[INFO ] 2020-05-20 11:52:49.650 [main] TTWebsiteDriver - wait over,element found
[INFO ] 2020-05-20 11:52:50.679 [main] TTWebsiteDriver - wait started for By.xpath: //li[@id='FOAddPatientMenu']//i[2]
[INFO ] 2020-05-20 11:52:50.743 [main] TTWebsiteDriver - wait over,element found
[INFO ] 2020-05-20 11:52:51.772 [main] TTWebsiteDriver - quick wait started for By.xpath: //li[@id='FOAddPatientMenu']//i[2]
[INFO ] 2020-05-20 11:52:51.836 [main] TTWebsiteDriver - wait over,element found
[INFO ] 2020-05-20 11:52:51.961 [main] FrontOfficeHomePage - Add Patient Section is Expanded
[INFO ] 2020-05-20 11:53:00.902 [main] FrontOfficeHomePage - Following Option has been selected from Add Patient Section Patient Registration
[INFO ] 2020-05-20 11:53:00.902 [main] TTWebsiteDriver - Waiting For Page load via JS
[INFO ] 2020-05-20 11:53:19.148 [main] PatientRegistrationPage - Following Title has been selected from Title Dropdown : New Delhi
[INFO ] 2020-05-20 11:53:19.148 [main] TTWebsiteDriver - wait started for By.id: firstName
[INFO ] 2020-05-20 11:53:19.167 [main] TTWebsiteDriver - wait over,element found
[INFO ] 2020-05-20 11:53:20.737 [main] PatientRegistrationPage - First Name has been added as : Automation
[INFO ] 2020-05-20 11:53:20.737 [main] TTWebsiteDriver - wait started for By.id: middleName
[INFO ] 2020-05-20 11:53:20.755 [main] TTWebsiteDriver - wait over,element found
[INFO ] 2020-05-20 11:53:22.056 [main] PatientRegistrationPage - Middle Name has been added as : Test
[INFO ] 2020-05-20 11:53:22.056 [main] TTWebsiteDriver - wait started for By.id: lastName
[INFO ] 2020-05-20 11:53:22.074 [main] TTWebsiteDriver - wait over,element found
[INFO ] 2020-05-20 11:53:23.372 [main] PatientRegistrationPage - Last Name has been added as : User
[INFO ] 2020-05-20 11:53:23.372 [main] TTWebsiteDriver - wait started for By.id: gender
[INFO ] 2020-05-20 11:53:23.388 [main] TTWebsiteDriver - wait over,element found
[INFO ] 2020-05-20 11:53:24.531 [main] PatientRegistrationPage - Following Gender has been selected from Gender Dropdown : Male
[INFO ] 2020-05-20 11:53:24.531 [main] TTWebsiteDriver - wait started for By.id: dob
[INFO ] 2020-05-20 11:53:24.594 [main] TTWebsiteDriver - wait over,element found
[INFO ] 2020-05-20 11:53:26.367 [main] PatientRegistrationPage - Following DOB has been added : 15-12-1991
[INFO ] 2020-05-20 11:53:34.438 [main] TTWebsiteDriver - wait started for By.id: chkA
[INFO ] 2020-05-20 11:53:34.501 [main] TTWebsiteDriver - wait over,element found
[INFO ] 2020-05-20 11:53:35.593 [main] TTWebsiteDriver - wait started for By.id: age
[INFO ] 2020-05-20 11:53:35.627 [main] TTWebsiteDriver - wait over,element found
[INFO ] 2020-05-20 11:53:36.892 [main] PatientRegistrationPage - Following Age has been added : 65
[INFO ] 2020-05-20 11:53:36.892 [main] TTWebsiteDriver - wait started for By.id: mStatus
[INFO ] 2020-05-20 11:53:36.912 [main] TTWebsiteDriver - wait over,element found
[INFO ] 2020-05-20 11:53:38.170 [main] PatientRegistrationPage - Following MArtial Status has been selected from MArtial Status  Dropdown : Single
[INFO ] 2020-05-20 11:53:38.171 [main] TTWebsiteDriver - wait started for By.id: motherName
[INFO ] 2020-05-20 11:53:38.191 [main] TTWebsiteDriver - wait over,element found
[INFO ] 2020-05-20 11:53:40.116 [main] PatientRegistrationPage - Following Mother Maiden Name Has been Added: Automation Test Mother
[INFO ] 2020-05-20 11:53:40.116 [main] TTWebsiteDriver - wait started for By.id: relName
[INFO ] 2020-05-20 11:53:40.134 [main] TTWebsiteDriver - wait over,element found
[INFO ] 2020-05-20 11:53:42.024 [main] PatientRegistrationPage - Following Fathers Name Has been Added: AutomationFather@123 
[INFO ] 2020-05-20 11:53:42.025 [main] TTWebsiteDriver - wait started for By.id: nationality
[INFO ] 2020-05-20 11:53:42.044 [main] TTWebsiteDriver - wait over,element found
[INFO ] 2020-05-20 11:53:43.167 [main] PatientRegistrationPage - Following Nationality has been selected from Nationality Dropdown : Indian
[INFO ] 2020-05-20 11:53:45.300 [main] PatientRegistrationPage - VIP Checkbox has been selected and Data has been added to VIP Text Box
[INFO ] 2020-05-20 11:53:45.627 [main] PatientRegistrationPage - Remarks Checkbox has been selected and Data has been added to Remarks Text Box
[INFO ] 2020-05-20 11:53:45.657 [main] PatientRegistrationPage - NRI Checkbox has been selected
[INFO ] 2020-05-20 11:53:45.745 [main] PatientRegistrationPage - ID Card Drop down is enabled
[INFO ] 2020-05-20 11:53:45.745 [main] TTWebsiteDriver - wait started for By.id: cardType
[INFO ] 2020-05-20 11:53:45.764 [main] TTWebsiteDriver - wait over,element found
[INFO ] 2020-05-20 11:53:46.977 [main] PatientRegistrationPage - Following ID Card has been selected from ID Card Dropdown : Passport Number
[INFO ] 2020-05-20 11:53:47.237 [main] PatientRegistrationPage - Following National ID has been added : 12345
[INFO ] 2020-05-20 11:53:47.863 [main] PatientRegistrationPage - Following TELEPHONE NO has been added in TELEPHONE No Text Box : 1234567891011123
[INFO ] 2020-05-20 11:53:48.305 [main] PatientRegistrationPage - Following MOBILE NO has been added : 1234567890
[INFO ] 2020-05-20 11:53:49.238 [main] PatientRegistrationPage - Following house Number has been added Automation Test Address
[INFO ] 2020-05-20 11:53:49.238 [main] TTWebsiteDriver - wait started for By.id: city
[INFO ] 2020-05-20 11:53:49.285 [main] TTWebsiteDriver - wait over,element found
[INFO ] 2020-05-20 11:53:50.524 [main] PatientRegistrationPage - Following City  has been selected from City Dropdown : New Delhi
[INFO ] 2020-05-20 11:54:02.492 [main] PatientRegistrationPage - Following City has been addedTest City2404Following District has been selected
[INFO ] 2020-05-20 11:54:02.492 [main] TTWebsiteDriver - wait started for By.id: addlocal
[INFO ] 2020-05-20 11:54:03.121 [main] TTWebsiteDriver - wait over,element found
[INFO ] 2020-05-20 11:54:04.406 [main] TTWebsiteDriver - wait started for By.id: local
[INFO ] 2020-05-20 11:54:04.424 [main] TTWebsiteDriver - wait over,element found
[INFO ] 2020-05-20 11:54:14.886 [main] PatientRegistrationPage - Follwoing Locality has been added: Test local4173Following City has been selected: SaharanpurFollowing Pin Code has been added: 247001
[INFO ] 2020-05-20 11:54:14.886 [main] TTWebsiteDriver - wait started for By.id: emailID
[INFO ] 2020-05-20 11:54:14.981 [main] TTWebsiteDriver - wait over,element found
[INFO ] 2020-05-20 11:54:17.294 [main] PatientRegistrationPage - Following email has been added: test@automation.com
[INFO ] 2020-05-20 11:54:17.622 [main] PatientRegistrationPage - Following Reffered By has been added: Self
[INFO ] 2020-05-20 11:54:17.622 [main] TTWebsiteDriver - wait started for By.id: lang
[INFO ] 2020-05-20 11:54:17.641 [main] TTWebsiteDriver - wait over,element found
[INFO ] 2020-05-20 11:54:18.864 [main] PatientRegistrationPage - Following language  has been selected from language Dropdown : English
[INFO ] 2020-05-20 11:54:18.864 [main] TTWebsiteDriver - wait started for By.id: occupation
[INFO ] 2020-05-20 11:54:18.889 [main] TTWebsiteDriver - wait over,element found
[INFO ] 2020-05-20 11:54:20.123 [main] PatientRegistrationPage - Following occupation  has been selected from occupation Dropdown : Student
[INFO ] 2020-05-20 11:54:20.124 [main] TTWebsiteDriver - wait started for By.id: qualification
[INFO ] 2020-05-20 11:54:20.136 [main] TTWebsiteDriver - wait over,element found
[INFO ] 2020-05-20 11:54:21.376 [main] PatientRegistrationPage - Following qualification  has been selected from qualification Dropdown : Ph.D
[INFO ] 2020-05-20 11:54:21.376 [main] TTWebsiteDriver - wait started for By.id: religion
[INFO ] 2020-05-20 11:54:21.386 [main] TTWebsiteDriver - wait over,element found
[INFO ] 2020-05-20 11:54:22.587 [main] PatientRegistrationPage - Following relegion  has been selected from relegion Dropdown : Hindu
[INFO ] 2020-05-20 11:54:22.587 [main] TTWebsiteDriver - wait started for By.id: sref
[INFO ] 2020-05-20 11:54:22.618 [main] TTWebsiteDriver - wait over,element found
[INFO ] 2020-05-20 11:54:23.805 [main] PatientRegistrationPage - Following refer  has been selected from refer Dropdown : News Paper
[INFO ] 2020-05-20 11:54:23.858 [main] PatientRegistrationPage - Financial Details Checkbox Checked
[INFO ] 2020-05-20 11:54:23.858 [main] TTWebsiteDriver - wait started for By.id: companytype
[INFO ] 2020-05-20 11:54:23.875 [main] TTWebsiteDriver - wait over,element found
[INFO ] 2020-05-20 11:54:25.092 [main] PatientRegistrationPage - Following compType  has been selected from compType Dropdown : Corporate
[INFO ] 2020-05-20 11:54:25.093 [main] TTWebsiteDriver - wait started for By.id: company
[INFO ] 2020-05-20 11:54:25.109 [main] TTWebsiteDriver - wait over,element found
[INFO ] 2020-05-20 11:54:26.310 [main] PatientRegistrationPage - Following comp has been selected from comp Dropdown: STATE BANK OF INDIA
[INFO ] 2020-05-20 11:54:26.310 [main] TTWebsiteDriver - wait started for By.id: rate
[INFO ] 2020-05-20 11:54:26.353 [main] TTWebsiteDriver - wait over,element found
[INFO ] 2020-05-20 11:54:27.523 [main] PatientRegistrationPage - Following Rate has been selected from Rate Dropdown: STATE BANK OF INDIA - (CGHS)
[INFO ] 2020-05-20 11:54:27.555 [main] PatientRegistrationPage - Scheme Checkbox Checked
[INFO ] 2020-05-20 11:54:27.555 [main] TTWebsiteDriver - wait started for By.id: scheme
[INFO ] 2020-05-20 11:54:27.603 [main] TTWebsiteDriver - wait over,element found
[INFO ] 2020-05-20 11:54:28.839 [main] PatientRegistrationPage - First Scheme has been selected from Scheme Dropdown
[INFO ] 2020-05-20 11:54:28.839 [main] TTWebsiteDriver - wait started for By.id: register
[INFO ] 2020-05-20 11:54:28.858 [main] TTWebsiteDriver - wait over,element found
[INFO ] 2020-05-20 11:54:29.930 [main] PatientRegistrationPage - Regsiter Icon Clicked
[INFO ] 2020-05-20 11:54:29.965 [main] TTWebsiteDriver - wait started for By.id: btnyesss
[INFO ] 2020-05-20 11:54:29.998 [main] TTWebsiteDriver - wait over,element found
[INFO ] 2020-05-20 11:54:41.150 [main] PatientRegistrationPage - Yes button clicked on Confirm Patient Details Popup
[INFO ] 2020-05-20 11:54:41.260 [main] PatientRegistrationPage - TEST US JHKJHKJHPSSH.260835

[INFO ] 2020-05-20 11:54:41.260 [main] TTWebsiteDriver - wait started for By.xpath: //div[@class='popup-area']//div[@class='modal-block-new']//a[contains(text(),'No')]
[INFO ] 2020-05-20 11:54:41.323 [main] TTWebsiteDriver - wait over,element found
[INFO ] 2020-05-20 11:54:42.352 [main] TTWebsiteDriver - wait started for By.xpath: //div[@class='popup-area']//div[@class='modal-block-new']//a[contains(text(),'No')]
[INFO ] 2020-05-20 11:54:42.416 [main] TTWebsiteDriver - wait over,element found
[INFO ] 2020-05-20 11:54:43.445 [main] TTWebsiteDriver - quick wait started for By.xpath: //div[@class='popup-area']//div[@class='modal-block-new']//a[contains(text(),'No')]
[INFO ] 2020-05-20 11:54:43.509 [main] TTWebsiteDriver - wait over,element found
[INFO ] 2020-05-20 11:54:43.729 [main] TTWebsiteDriver - Waiting For Page load via JS
[INFO ] 2020-05-20 11:54:43.741 [main] PatientRegistrationPage - REGISTERED SUCCESSFULLY POPUP No Button Clicked
[INFO ] 2020-05-20 11:54:43.742 [main] TTWebsiteDriver - wait started for By.xpath: //i[@class='fa fa-bars']
[INFO ] 2020-05-20 11:54:43.784 [main] TTWebsiteDriver - wait over,element found
[INFO ] 2020-05-20 11:54:44.893 [main] HISWebsiteBasePage - Menu Clicked
[INFO ] 2020-05-20 11:54:48.904 [main] TTWebsiteDriver - wait started for By.xpath: //li[@id='FOAddPatientMenu']//i[2]
[INFO ] 2020-05-20 11:54:48.998 [main] TTWebsiteDriver - wait over,element found
[INFO ] 2020-05-20 11:54:50.028 [main] TTWebsiteDriver - wait started for By.xpath: //li[@id='FOAddPatientMenu']//i[2]
[INFO ] 2020-05-20 11:54:50.091 [main] TTWebsiteDriver - wait over,element found
[INFO ] 2020-05-20 11:54:51.121 [main] TTWebsiteDriver - quick wait started for By.xpath: //li[@id='FOAddPatientMenu']//i[2]
[INFO ] 2020-05-20 11:54:51.184 [main] TTWebsiteDriver - wait over,element found
[INFO ] 2020-05-20 11:54:51.348 [main] FrontOfficeHomePage - Add Patient Section is Expanded
[INFO ] 2020-05-20 11:54:57.891 [main] FrontOfficeHomePage - Following Option has been selected from Add Patient Section Merge Duplicates
[INFO ] 2020-05-20 11:54:57.891 [main] TTWebsiteDriver - Waiting For Page load via JS
[INFO ] 2020-05-20 11:55:15.909 [main] TTWebsiteDriver - wait started for By.id: firstaname_mearge
[INFO ] 2020-05-20 11:55:15.988 [main] TTWebsiteDriver - wait over,element found
[INFO ] 2020-05-20 11:55:17.226 [main] MergeAndUnmergeDuplicatePage - Following First Name has been added Automation
[INFO ] 2020-05-20 11:55:17.226 [main] TTWebsiteDriver - wait started for By.xpath: //td[contains(text(),'PSSH.260834')]//preceding::input[@type='radio'][1]
[INFO ] 2020-05-20 11:55:20.960 [main] TTWebsiteDriver - wait over,element found
[INFO ] 2020-05-20 11:55:22.096 [main] TTWebsiteDriver - wait started for By.xpath: //td[contains(text(),'PSSH.260835')]//preceding::input[@type='checkbox'][1]
[INFO ] 2020-05-20 11:55:22.166 [main] TTWebsiteDriver - wait over,element found
[INFO ] 2020-05-20 11:55:23.287 [main] TTWebsiteDriver - wait started for By.xpath: //a[@id='save_merge']//i[@class='fa fa-male']
[INFO ] 2020-05-20 11:55:23.335 [main] TTWebsiteDriver - wait over,element found
[INFO ] 2020-05-20 11:55:24.354 [main] TTWebsiteDriver - quick wait started for By.xpath: //a[@id='save_merge']//i[@class='fa fa-male']
[INFO ] 2020-05-20 11:55:24.417 [main] TTWebsiteDriver - wait over,element found
[INFO ] 2020-05-20 11:55:24.636 [main] MergeAndUnmergeDuplicatePage - Merge Button Clicked
[INFO ] 2020-05-20 11:55:24.636 [main] TTWebsiteDriver - wait started for By.xpath: //i[@class='fa fa-bars']
[INFO ] 2020-05-20 11:55:25.121 [main] TTWebsiteDriver - wait over,element found
[INFO ] 2020-05-20 11:55:26.181 [main] HISWebsiteBasePage - Menu Clicked
[INFO ] 2020-05-20 11:55:30.187 [main] TTWebsiteDriver - wait started for By.xpath: //a[contains(text(),'Billing')]//i[@class='fa fa-caret-down']
[INFO ] 2020-05-20 11:55:30.266 [main] TTWebsiteDriver - wait over,element found
[INFO ] 2020-05-20 11:55:31.296 [main] TTWebsiteDriver - wait started for By.xpath: //a[contains(text(),'Billing')]//i[@class='fa fa-caret-down']
[INFO ] 2020-05-20 11:55:31.343 [main] TTWebsiteDriver - wait over,element found
[INFO ] 2020-05-20 11:55:32.373 [main] TTWebsiteDriver - quick wait started for By.xpath: //a[contains(text(),'Billing')]//i[@class='fa fa-caret-down']
[INFO ] 2020-05-20 11:55:32.421 [main] TTWebsiteDriver - wait over,element found
[INFO ] 2020-05-20 11:55:32.546 [main] FrontOfficeHomePage - Billing Section is Expanded
[INFO ] 2020-05-20 11:55:40.753 [main] FrontOfficeHomePage - Following Option has been selected from Billing Section Billing
[INFO ] 2020-05-20 11:55:40.753 [main] TTWebsiteDriver - Waiting For Page load via JS
[INFO ] 2020-05-20 11:55:58.764 [main] TTWebsiteDriver - wait started for By.id: uHid
[INFO ] 2020-05-20 11:55:58.827 [main] TTWebsiteDriver - wait over,element found
[INFO ] 2020-05-20 11:56:05.681 [main] PatientRegistrationPage - Following UHID has been searched from Search BoxPSSH.260834
[INFO ] 2020-05-20 11:56:20.814 [main] TTWebsiteDriver - wait started for By.xpath: //a[@id='schemeRemarksPopupClose']
[INFO ] 2020-05-20 11:56:20.861 [main] TTWebsiteDriver - wait over,element found
[INFO ] 2020-05-20 11:56:21.891 [main] TTWebsiteDriver - wait started for By.xpath: //a[@id='schemeRemarksPopupClose']
[INFO ] 2020-05-20 11:56:21.939 [main] TTWebsiteDriver - wait over,element found
[INFO ] 2020-05-20 11:56:22.969 [main] TTWebsiteDriver - quick wait started for By.xpath: //a[@id='schemeRemarksPopupClose']
[INFO ] 2020-05-20 11:56:23.016 [main] TTWebsiteDriver - wait over,element found
[INFO ] 2020-05-20 11:56:29.265 [main] TTWebsiteDriver - wait started for By.xpath: //div[@class='modal-block-new top30']//i[@class='fa fa-save']
[INFO ] 2020-05-20 11:56:29.344 [main] TTWebsiteDriver - wait over,element found
[INFO ] 2020-05-20 11:56:30.547 [main] BillingPage - Save Button On Document Checklist popup Clicked
[INFO ] 2020-05-20 11:56:32.550 [main] TTWebsiteDriver - wait started for By.xpath: //span[@id='modelclose123']//i
[INFO ] 2020-05-20 11:56:36.685 [main] TTWebsiteDriver - waiting...
[INFO ] 2020-05-20 11:56:40.760 [main] TTWebsiteDriver - waiting...
[INFO ] 2020-05-20 11:56:44.848 [main] TTWebsiteDriver - waiting...
[INFO ] 2020-05-20 11:56:48.921 [main] TTWebsiteDriver - waiting...
[INFO ] 2020-05-20 11:56:53.009 [main] TTWebsiteDriver - waiting...
[INFO ] 2020-05-20 11:56:57.097 [main] TTWebsiteDriver - waiting...
[INFO ] 2020-05-20 11:57:01.170 [main] TTWebsiteDriver - waiting...
[INFO ] 2020-05-20 11:57:05.258 [main] TTWebsiteDriver - waiting...
[INFO ] 2020-05-20 11:57:09.330 [main] TTWebsiteDriver - waiting...
[INFO ] 2020-05-20 11:57:13.419 [main] TTWebsiteDriver - waiting...
[INFO ] 2020-05-20 11:57:13.419 [main] TTWebsiteDriver - ELEMENT NOT FOUND
[INFO ] 2020-05-20 11:57:16.634 [main] BillingPage - Check Box Unchecked on Scheme Details Popup
[INFO ] 2020-05-20 11:57:16.634 [main] TTWebsiteDriver - wait started for By.xpath: //a[@id='schemeclose']//i[@class='fa fa-times']
[INFO ] 2020-05-20 11:57:16.666 [main] TTWebsiteDriver - wait over,element found
[INFO ] 2020-05-20 11:57:17.851 [main] TTWebsiteDriver - wait started for By.xpath: //a[@id='schemeRemarksPopupClose']
[INFO ] 2020-05-20 11:57:17.883 [main] TTWebsiteDriver - wait over,element found
[INFO ] 2020-05-20 11:57:18.913 [main] TTWebsiteDriver - wait started for By.xpath: //a[@id='schemeRemarksPopupClose']
[INFO ] 2020-05-20 11:57:18.961 [main] TTWebsiteDriver - wait over,element found
[INFO ] 2020-05-20 11:57:19.990 [main] TTWebsiteDriver - quick wait started for By.xpath: //a[@id='schemeRemarksPopupClose']
[INFO ] 2020-05-20 11:57:20.038 [main] TTWebsiteDriver - wait over,element found
[INFO ] 2020-05-20 11:57:20.211 [main] TTWebsiteDriver - wait started for By.xpath: //span[@id='remarks_close']//i[@class='fa fa-times']
[INFO ] 2020-05-20 11:57:20.304 [main] TTWebsiteDriver - wait over,element found
[INFO ] 2020-05-20 11:57:21.428 [main] BillingPage - Remarks Popup Button Closed
[INFO ] 2020-05-20 11:57:21.429 [main] TTWebsiteDriver - wait started for By.xpath: //div[@class='user_sp_menu']//i[@class='fa fa-refresh']
[INFO ] 2020-05-20 11:57:21.455 [main] TTWebsiteDriver - wait over,element found
[INFO ] 2020-05-20 11:57:22.465 [main] TTWebsiteDriver - wait started for By.xpath: //div[@class='user_sp_menu']//i[@class='fa fa-refresh']
[INFO ] 2020-05-20 11:57:22.513 [main] TTWebsiteDriver - wait over,element found
[INFO ] 2020-05-20 11:57:23.542 [main] TTWebsiteDriver - quick wait started for By.xpath: //div[@class='user_sp_menu']//i[@class='fa fa-refresh']
[INFO ] 2020-05-20 11:57:23.590 [main] TTWebsiteDriver - wait over,element found
[INFO ] 2020-05-20 11:57:24.540 [main] BillingPage - Clear Button on Header Clicked
[INFO ] 2020-05-20 11:57:24.540 [main] TTWebsiteDriver - wait started for By.id: uHid
[INFO ] 2020-05-20 11:57:24.567 [main] TTWebsiteDriver - wait over,element found
[INFO ] 2020-05-20 11:57:30.098 [main] PatientRegistrationPage - Following UHID has been searched from Search BoxPSSH.260835
[INFO ] 2020-05-20 11:57:30.193 [main] BillingPage - Patient Mapped Popup is showing up
[INFO ] 2020-05-20 11:57:45.664 [main] TTWebsiteDriver - wait started for By.xpath: //a[@id='schemeRemarksPopupClose']
[INFO ] 2020-05-20 11:57:45.696 [main] TTWebsiteDriver - wait over,element found
[INFO ] 2020-05-20 11:57:46.725 [main] TTWebsiteDriver - wait started for By.xpath: //a[@id='schemeRemarksPopupClose']
[INFO ] 2020-05-20 11:57:46.773 [main] TTWebsiteDriver - wait over,element found
[INFO ] 2020-05-20 11:57:47.803 [main] TTWebsiteDriver - quick wait started for By.xpath: //a[@id='schemeRemarksPopupClose']
[INFO ] 2020-05-20 11:57:47.851 [main] TTWebsiteDriver - wait over,element found
[INFO ] 2020-05-20 11:57:54.097 [main] TTWebsiteDriver - wait started for By.xpath: //div[@class='modal-block-new top30']//i[@class='fa fa-save']
[INFO ] 2020-05-20 11:57:54.176 [main] TTWebsiteDriver - wait over,element found
[INFO ] 2020-05-20 11:57:55.354 [main] BillingPage - Save Button On Document Checklist popup Clicked
[INFO ] 2020-05-20 11:57:57.359 [main] TTWebsiteDriver - wait started for By.xpath: //span[@id='modelclose123']//i
[INFO ] 2020-05-20 11:58:01.402 [main] TTWebsiteDriver - waiting...
[INFO ] 2020-05-20 11:58:05.471 [main] TTWebsiteDriver - waiting...
[INFO ] 2020-05-20 11:58:09.509 [main] TTWebsiteDriver - waiting...
[INFO ] 2020-05-20 11:58:13.607 [main] TTWebsiteDriver - waiting...
