[INFO ] 2020-05-20 12:47:17.674 [main] TTBaseTest - Started execution with  null
[INFO ] 2020-05-20 12:47:17.674 [main] TTBaseTest - Environment properties are not provided by the user ... loading the default properties
[INFO ] 2020-05-20 12:47:17.674 [main] TTBaseTest - Default Browser is  ------ chrome
[INFO ] 2020-05-20 12:47:17.674 [main] TTBaseTest - Default URL is  ------ http://206.19.38.8:8001/HISTreeTesting/Login/Login?ReturnUrl=%2fHistreetesting
[INFO ] 2020-05-20 12:47:17.689 [main] TTBaseTest - Default loginname is  ------ null
[INFO ] 2020-05-20 12:47:17.689 [main] TTBaseTest - Default username is  ------ null
[INFO ] 2020-05-20 12:47:17.689 [main] TTBaseTest - Default user password is  ------ Deepak@1234
[INFO ] 2020-05-20 12:47:21.643 [main] TTWebsiteDriver - Window is maximized
[INFO ] 2020-05-20 12:47:21.691 [main] TTWebsiteDriver - All cookies deleted
[INFO ] 2020-05-20 12:47:22.105 [main] TTWebsiteBaseTest - Application loaded
[INFO ] 2020-05-20 12:47:22.230 [main] DriverManagerDataSource - Loaded JDBC driver: com.microsoft.sqlserver.jdbc.SQLServerDriver
[INFO ] 2020-05-20 12:47:22.232 [main] DBUtil - ConnectionString::jdbc:sqlserver://206.19.38.4;databaseName=SIT_HISTree_TestingAuto;instance=MSSQLSERVER;domain=null
[INFO ] 2020-05-20 12:47:22.232 [main] DBUtil - QUERY TRIGGERED IS select top 1 Name from M_IdCardType where Deleted=0

[INFO ] 2020-05-20 12:47:22.677 [main] DriverManagerDataSource - Loaded JDBC driver: com.microsoft.sqlserver.jdbc.SQLServerDriver
[INFO ] 2020-05-20 12:47:22.677 [main] DBUtil - ConnectionString::jdbc:sqlserver://206.19.38.4;databaseName=SIT_HISTree_TestingAuto;instance=MSSQLSERVER;domain=null
[INFO ] 2020-05-20 12:47:22.677 [main] DBUtil - QUERY TRIGGERED IS select top 1 name from M_OCCUPATION where Deleted=0

[INFO ] 2020-05-20 12:47:22.756 [main] DriverManagerDataSource - Loaded JDBC driver: com.microsoft.sqlserver.jdbc.SQLServerDriver
[INFO ] 2020-05-20 12:47:22.756 [main] DBUtil - ConnectionString::jdbc:sqlserver://206.19.38.4;databaseName=SIT_HISTree_TestingAuto;instance=MSSQLSERVER;domain=null
[INFO ] 2020-05-20 12:47:22.756 [main] DBUtil - QUERY TRIGGERED IS select top 1 Name from M_QUALIFICATION where Deleted=0

[INFO ] 2020-05-20 12:47:22.834 [main] DriverManagerDataSource - Loaded JDBC driver: com.microsoft.sqlserver.jdbc.SQLServerDriver
[INFO ] 2020-05-20 12:47:22.834 [main] DBUtil - ConnectionString::jdbc:sqlserver://206.19.38.4;databaseName=SIT_HISTree_TestingAuto;instance=MSSQLSERVER;domain=null
[INFO ] 2020-05-20 12:47:22.834 [main] DBUtil - QUERY TRIGGERED IS select top 1 Name from m_SourceOfInfo where Deleted=0

[INFO ] 2020-05-20 12:47:22.912 [main] DriverManagerDataSource - Loaded JDBC driver: com.microsoft.sqlserver.jdbc.SQLServerDriver
[INFO ] 2020-05-20 12:47:22.912 [main] DBUtil - ConnectionString::jdbc:sqlserver://206.19.38.4;databaseName=SIT_HISTree_TestingAuto;instance=MSSQLSERVER;domain=null
[INFO ] 2020-05-20 12:47:22.912 [main] DBUtil - QUERY TRIGGERED IS select top 1 NAME from m_city where deleted=0

[INFO ] 2020-05-20 12:47:22.975 [main] DriverManagerDataSource - Loaded JDBC driver: com.microsoft.sqlserver.jdbc.SQLServerDriver
[INFO ] 2020-05-20 12:47:22.975 [main] DBUtil - ConnectionString::jdbc:sqlserver://206.19.38.4;databaseName=SIT_HISTree_TestingAuto;instance=MSSQLSERVER;domain=null
[INFO ] 2020-05-20 12:47:22.975 [main] DBUtil - QUERY TRIGGERED IS select top 1 NAME from m_city where deleted=0

[INFO ] 2020-05-20 12:47:23.037 [main] TestListner - 
******************************************************************************************************************************
					TEST CASE NAME:                  frontOfficeCreditPatientBillingWithAvaialDiscountAndWithoutCoPayTest
******************************************************************************************************************************
[INFO ] 2020-05-20 12:47:23.302 [main] TTWebsiteDriver - wait started for By.id: btnLogin
[INFO ] 2020-05-20 12:47:23.324 [main] TTWebsiteDriver - wait over,element found
[INFO ] 2020-05-20 12:47:24.333 [main] TTWebsiteDriver - quick wait started for By.id: btnLogin
[INFO ] 2020-05-20 12:47:24.380 [main] TTWebsiteDriver - wait over,element found
[INFO ] 2020-05-20 12:47:24.606 [main] TTWebsiteDriver - wait started for By.xpath: //a[@id='btnYesAlreadyLogedinPopup']
[INFO ] 2020-05-20 12:47:24.631 [main] TTWebsiteDriver - wait over,element found
[INFO ] 2020-05-20 12:47:25.639 [main] TTWebsiteDriver - quick wait started for By.xpath: //a[@id='btnYesAlreadyLogedinPopup']
[INFO ] 2020-05-20 12:47:25.672 [main] TTWebsiteDriver - wait over,element found
[INFO ] 2020-05-20 12:47:26.376 [main] HISHomePage - User has been logged in to HIS Portal
[INFO ] 2020-05-20 12:47:26.376 [main] TTWebsiteDriver - wait started for By.xpath: //span[contains(text(),'Front Office')]//ancestor::a
[INFO ] 2020-05-20 12:47:26.401 [main] TTWebsiteDriver - wait over,element found
[INFO ] 2020-05-20 12:47:27.644 [main] HISHomePage - Front Office Icon Clicked
[INFO ] 2020-05-20 12:47:31.795 [main] HISHomePage - Following Station has been selected from Station Dropdown : Front Office
[INFO ] 2020-05-20 12:47:31.795 [main] TTWebsiteDriver - wait started for By.id: btn_yes_desh
[INFO ] 2020-05-20 12:47:31.843 [main] TTWebsiteDriver - wait over,element found
[INFO ] 2020-05-20 12:47:32.873 [main] TTWebsiteDriver - quick wait started for By.id: btn_yes_desh
[INFO ] 2020-05-20 12:47:32.921 [main] TTWebsiteDriver - wait over,element found
[INFO ] 2020-05-20 12:47:33.525 [main] HISHomePage - YES has been clicked from Station Dropdown
[INFO ] 2020-05-20 12:47:33.526 [main] TTWebsiteDriver - wait started for By.xpath: //li[@id='FOAddPatientMenu']//i[2]
[INFO ] 2020-05-20 12:47:33.552 [main] TTWebsiteDriver - wait over,element found
[INFO ] 2020-05-20 12:47:34.558 [main] TTWebsiteDriver - wait started for By.xpath: //li[@id='FOAddPatientMenu']//i[2]
[INFO ] 2020-05-20 12:47:34.605 [main] TTWebsiteDriver - wait over,element found
[INFO ] 2020-05-20 12:47:35.635 [main] TTWebsiteDriver - quick wait started for By.xpath: //li[@id='FOAddPatientMenu']//i[2]
[INFO ] 2020-05-20 12:47:35.667 [main] TTWebsiteDriver - wait over,element found
[INFO ] 2020-05-20 12:47:35.794 [main] FrontOfficeHomePage - Add Patient Section is Expanded
[INFO ] 2020-05-20 12:47:44.191 [main] FrontOfficeHomePage - Following Option has been selected from Add Patient Section Patient Registration
[INFO ] 2020-05-20 12:47:44.192 [main] TTWebsiteDriver - Waiting For Page load via JS
[INFO ] 2020-05-20 12:48:02.466 [main] PatientRegistrationPage - Following Title has been selected from Title Dropdown : New Delhi
[INFO ] 2020-05-20 12:48:02.466 [main] TTWebsiteDriver - wait started for By.id: firstName
[INFO ] 2020-05-20 12:48:02.485 [main] TTWebsiteDriver - wait over,element found
[INFO ] 2020-05-20 12:48:04.083 [main] PatientRegistrationPage - First Name has been added as : Automation
[INFO ] 2020-05-20 12:48:04.083 [main] TTWebsiteDriver - wait started for By.id: middleName
[INFO ] 2020-05-20 12:48:04.102 [main] TTWebsiteDriver - wait over,element found
[INFO ] 2020-05-20 12:48:05.405 [main] PatientRegistrationPage - Middle Name has been added as : Test
[INFO ] 2020-05-20 12:48:05.405 [main] TTWebsiteDriver - wait started for By.id: lastName
[INFO ] 2020-05-20 12:48:05.429 [main] TTWebsiteDriver - wait over,element found
[INFO ] 2020-05-20 12:48:06.729 [main] PatientRegistrationPage - Last Name has been added as : User
[INFO ] 2020-05-20 12:48:06.729 [main] TTWebsiteDriver - wait started for By.id: gender
[INFO ] 2020-05-20 12:48:06.747 [main] TTWebsiteDriver - wait over,element found
[INFO ] 2020-05-20 12:48:07.892 [main] PatientRegistrationPage - Following Gender has been selected from Gender Dropdown : Male
[INFO ] 2020-05-20 12:48:07.892 [main] TTWebsiteDriver - wait started for By.id: dob
[INFO ] 2020-05-20 12:48:07.939 [main] TTWebsiteDriver - wait over,element found
[INFO ] 2020-05-20 12:48:09.687 [main] PatientRegistrationPage - Following DOB has been added : 15-12-1991
[INFO ] 2020-05-20 12:48:17.763 [main] TTWebsiteDriver - wait started for By.id: chkA
[INFO ] 2020-05-20 12:48:17.826 [main] TTWebsiteDriver - wait over,element found
[INFO ] 2020-05-20 12:48:18.903 [main] TTWebsiteDriver - wait started for By.id: age
[INFO ] 2020-05-20 12:48:18.953 [main] TTWebsiteDriver - wait over,element found
[INFO ] 2020-05-20 12:48:20.233 [main] PatientRegistrationPage - Following Age has been added : 67
[INFO ] 2020-05-20 12:48:20.234 [main] TTWebsiteDriver - wait started for By.id: mStatus
[INFO ] 2020-05-20 12:48:20.255 [main] TTWebsiteDriver - wait over,element found
[INFO ] 2020-05-20 12:48:21.469 [main] PatientRegistrationPage - Following MArtial Status has been selected from MArtial Status  Dropdown : Single
[INFO ] 2020-05-20 12:48:21.469 [main] TTWebsiteDriver - wait started for By.id: motherName
[INFO ] 2020-05-20 12:48:21.488 [main] TTWebsiteDriver - wait over,element found
[INFO ] 2020-05-20 12:48:23.396 [main] PatientRegistrationPage - Following Mother Maiden Name Has been Added: Automation Test Mother
[INFO ] 2020-05-20 12:48:23.396 [main] TTWebsiteDriver - wait started for By.id: relName
[INFO ] 2020-05-20 12:48:23.414 [main] TTWebsiteDriver - wait over,element found
[INFO ] 2020-05-20 12:48:25.326 [main] PatientRegistrationPage - Following Fathers Name Has been Added: AutomationFather@123 
[INFO ] 2020-05-20 12:48:25.328 [main] TTWebsiteDriver - wait started for By.id: nationality
[INFO ] 2020-05-20 12:48:25.347 [main] TTWebsiteDriver - wait over,element found
[INFO ] 2020-05-20 12:48:26.460 [main] PatientRegistrationPage - Following Nationality has been selected from Nationality Dropdown : Indian
[INFO ] 2020-05-20 12:48:28.622 [main] PatientRegistrationPage - VIP Checkbox has been selected and Data has been added to VIP Text Box
[INFO ] 2020-05-20 12:48:29.023 [main] PatientRegistrationPage - Remarks Checkbox has been selected and Data has been added to Remarks Text Box
[INFO ] 2020-05-20 12:48:29.052 [main] PatientRegistrationPage - NRI Checkbox has been selected
[INFO ] 2020-05-20 12:48:29.139 [main] PatientRegistrationPage - ID Card Drop down is enabled
[INFO ] 2020-05-20 12:48:29.139 [main] TTWebsiteDriver - wait started for By.id: cardType
[INFO ] 2020-05-20 12:48:29.159 [main] TTWebsiteDriver - wait over,element found
[INFO ] 2020-05-20 12:48:30.419 [main] PatientRegistrationPage - Following ID Card has been selected from ID Card Dropdown : Passport Number
[INFO ] 2020-05-20 12:48:30.675 [main] PatientRegistrationPage - Following National ID has been added : 12345
[INFO ] 2020-05-20 12:48:31.285 [main] PatientRegistrationPage - Following TELEPHONE NO has been added in TELEPHONE No Text Box : 1234567891011123
[INFO ] 2020-05-20 12:48:31.721 [main] PatientRegistrationPage - Following MOBILE NO has been added : 1234567890
[INFO ] 2020-05-20 12:48:32.631 [main] PatientRegistrationPage - Following house Number has been added Automation Test Address
[INFO ] 2020-05-20 12:48:32.632 [main] TTWebsiteDriver - wait started for By.id: city
[INFO ] 2020-05-20 12:48:32.649 [main] TTWebsiteDriver - wait over,element found
[INFO ] 2020-05-20 12:48:33.983 [main] PatientRegistrationPage - Following City  has been selected from City Dropdown : New Delhi
[INFO ] 2020-05-20 12:48:46.045 [main] PatientRegistrationPage - Following City has been addedTest City9801Following District has been selected
[INFO ] 2020-05-20 12:48:46.045 [main] TTWebsiteDriver - wait started for By.id: addlocal
[INFO ] 2020-05-20 12:48:46.709 [main] TTWebsiteDriver - wait over,element found
[INFO ] 2020-05-20 12:48:48.009 [main] TTWebsiteDriver - wait started for By.id: local
[INFO ] 2020-05-20 12:48:48.032 [main] TTWebsiteDriver - wait over,element found
[INFO ] 2020-05-20 12:48:58.507 [main] PatientRegistrationPage - Follwoing Locality has been added: Test local6521Following City has been selected: SaharanpurFollowing Pin Code has been added: 247001
[INFO ] 2020-05-20 12:48:58.507 [main] TTWebsiteDriver - wait started for By.id: emailID
[INFO ] 2020-05-20 12:48:58.603 [main] TTWebsiteDriver - wait over,element found
[INFO ] 2020-05-20 12:49:00.931 [main] PatientRegistrationPage - Following email has been added: test@automation.com
[INFO ] 2020-05-20 12:49:01.280 [main] PatientRegistrationPage - Following Reffered By has been added: Self
[INFO ] 2020-05-20 12:49:01.280 [main] TTWebsiteDriver - wait started for By.id: lang
[INFO ] 2020-05-20 12:49:01.308 [main] TTWebsiteDriver - wait over,element found
[INFO ] 2020-05-20 12:49:02.530 [main] PatientRegistrationPage - Following language  has been selected from language Dropdown : English
[INFO ] 2020-05-20 12:49:02.530 [main] TTWebsiteDriver - wait started for By.id: occupation
[INFO ] 2020-05-20 12:49:02.551 [main] TTWebsiteDriver - wait over,element found
[INFO ] 2020-05-20 12:49:03.764 [main] PatientRegistrationPage - Following occupation  has been selected from occupation Dropdown : Student
[INFO ] 2020-05-20 12:49:03.765 [main] TTWebsiteDriver - wait started for By.id: qualification
[INFO ] 2020-05-20 12:49:03.778 [main] TTWebsiteDriver - wait over,element found
[INFO ] 2020-05-20 12:49:05.045 [main] PatientRegistrationPage - Following qualification  has been selected from qualification Dropdown : Ph.D
[INFO ] 2020-05-20 12:49:05.045 [main] TTWebsiteDriver - wait started for By.id: religion
[INFO ] 2020-05-20 12:49:05.062 [main] TTWebsiteDriver - wait over,element found
[INFO ] 2020-05-20 12:49:06.263 [main] PatientRegistrationPage - Following relegion  has been selected from relegion Dropdown : Hindu
[INFO ] 2020-05-20 12:49:06.263 [main] TTWebsiteDriver - wait started for By.id: sref
[INFO ] 2020-05-20 12:49:06.294 [main] TTWebsiteDriver - wait over,element found
[INFO ] 2020-05-20 12:49:07.481 [main] PatientRegistrationPage - Following refer  has been selected from refer Dropdown : News Paper
[INFO ] 2020-05-20 12:49:07.534 [main] PatientRegistrationPage - Financial Details Checkbox Checked
[INFO ] 2020-05-20 12:49:07.535 [main] TTWebsiteDriver - wait started for By.id: companytype
[INFO ] 2020-05-20 12:49:07.554 [main] TTWebsiteDriver - wait over,element found
[INFO ] 2020-05-20 12:49:08.772 [main] PatientRegistrationPage - Following compType  has been selected from compType Dropdown : Corporate
[INFO ] 2020-05-20 12:49:08.772 [main] TTWebsiteDriver - wait started for By.id: company
[INFO ] 2020-05-20 12:49:08.791 [main] TTWebsiteDriver - wait over,element found
[INFO ] 2020-05-20 12:49:09.979 [main] PatientRegistrationPage - Following comp has been selected from comp Dropdown: STATE BANK OF INDIA
[INFO ] 2020-05-20 12:49:09.979 [main] TTWebsiteDriver - wait started for By.id: rate
[INFO ] 2020-05-20 12:49:10.013 [main] TTWebsiteDriver - wait over,element found
[INFO ] 2020-05-20 12:49:11.213 [main] PatientRegistrationPage - Following Rate has been selected from Rate Dropdown: STATE BANK OF INDIA - (CGHS)
[INFO ] 2020-05-20 12:49:11.261 [main] PatientRegistrationPage - Scheme Checkbox Checked
[INFO ] 2020-05-20 12:49:11.261 [main] TTWebsiteDriver - wait started for By.id: scheme
[INFO ] 2020-05-20 12:49:11.294 [main] TTWebsiteDriver - wait over,element found
[INFO ] 2020-05-20 12:49:12.550 [main] PatientRegistrationPage - First Scheme has been selected from Scheme Dropdown
[INFO ] 2020-05-20 12:49:12.550 [main] TTWebsiteDriver - wait started for By.id: register
[INFO ] 2020-05-20 12:49:12.568 [main] TTWebsiteDriver - wait over,element found
[INFO ] 2020-05-20 12:49:13.667 [main] PatientRegistrationPage - Regsiter Icon Clicked
[INFO ] 2020-05-20 12:49:13.693 [main] TTWebsiteDriver - wait started for By.id: btnyesss
[INFO ] 2020-05-20 12:49:13.712 [main] TTWebsiteDriver - wait over,element found
[INFO ] 2020-05-20 12:49:24.891 [main] PatientRegistrationPage - Yes button clicked on Confirm Patient Details Popup
[INFO ] 2020-05-20 12:49:24.891 [main] TTWebsiteDriver - wait started for By.xpath: //header[contains(text(),'Registered Successfully')]
[INFO ] 2020-05-20 12:49:24.970 [main] TTWebsiteDriver - wait over,element found
[INFO ] 2020-05-20 12:49:26.093 [main] PatientRegistrationPage - REGISTERED SUCCESSFULLY POPUP is showing up
[INFO ] 2020-05-20 12:49:26.172 [main] PatientRegistrationPage - TEST US JHKJHKJHPSSH.260840

[INFO ] 2020-05-20 12:49:26.172 [main] TTWebsiteDriver - wait started for By.xpath: //div[@class='popup-area']//div[@class='modal-block-new']//a[contains(text(),'No')]
[INFO ] 2020-05-20 12:49:26.235 [main] TTWebsiteDriver - wait over,element found
[INFO ] 2020-05-20 12:49:27.264 [main] TTWebsiteDriver - wait started for By.xpath: //div[@class='popup-area']//div[@class='modal-block-new']//a[contains(text(),'No')]
[INFO ] 2020-05-20 12:49:27.343 [main] TTWebsiteDriver - wait over,element found
[INFO ] 2020-05-20 12:49:28.373 [main] TTWebsiteDriver - quick wait started for By.xpath: //div[@class='popup-area']//div[@class='modal-block-new']//a[contains(text(),'No')]
[INFO ] 2020-05-20 12:49:28.436 [main] TTWebsiteDriver - wait over,element found
[INFO ] 2020-05-20 12:49:28.660 [main] TTWebsiteDriver - Waiting For Page load via JS
[INFO ] 2020-05-20 12:49:28.672 [main] PatientRegistrationPage - REGISTERED SUCCESSFULLY POPUP No Button Clicked
[INFO ] 2020-05-20 12:49:28.673 [main] TTWebsiteDriver - wait started for By.xpath: //i[@class='fa fa-bars']
[INFO ] 2020-05-20 12:49:28.711 [main] TTWebsiteDriver - wait over,element found
[INFO ] 2020-05-20 12:49:29.818 [main] HISWebsiteBasePage - Menu Clicked
[INFO ] 2020-05-20 12:49:33.829 [main] TTWebsiteDriver - wait started for By.xpath: //a[contains(text(),'Billing')]//i[@class='fa fa-caret-down']
[INFO ] 2020-05-20 12:49:33.924 [main] TTWebsiteDriver - wait over,element found
[INFO ] 2020-05-20 12:49:34.954 [main] TTWebsiteDriver - wait started for By.xpath: //a[contains(text(),'Billing')]//i[@class='fa fa-caret-down']
[INFO ] 2020-05-20 12:49:35.019 [main] TTWebsiteDriver - wait over,element found
[INFO ] 2020-05-20 12:49:36.049 [main] TTWebsiteDriver - quick wait started for By.xpath: //a[contains(text(),'Billing')]//i[@class='fa fa-caret-down']
[INFO ] 2020-05-20 12:49:36.112 [main] TTWebsiteDriver - wait over,element found
[INFO ] 2020-05-20 12:49:36.237 [main] FrontOfficeHomePage - Billing Section is Expanded
[INFO ] 2020-05-20 12:49:41.852 [main] FrontOfficeHomePage - Following Option has been selected from Billing Section Deposits
[INFO ] 2020-05-20 12:49:41.853 [main] TTWebsiteDriver - Waiting For Page load via JS
[INFO ] 2020-05-20 12:50:00.020 [main] TTWebsiteDriver - wait started for By.id: uHid
[INFO ] 2020-05-20 12:50:00.083 [main] TTWebsiteDriver - wait over,element found
[INFO ] 2020-05-20 12:50:05.565 [main] TTWebsiteDriver - waiting for locator By.xpath: //a[@id='btnremarksOk']
[INFO ] 2020-05-20 12:50:05.598 [main] TTWebsiteDriver - Element found
[INFO ] 2020-05-20 12:50:05.598 [main] TTWebsiteDriver - wait started for By.xpath: //a[@id='btnremarksOk']
[INFO ] 2020-05-20 12:50:05.629 [main] TTWebsiteDriver - wait over,element found
[INFO ] 2020-05-20 12:50:06.645 [main] TTWebsiteDriver - quick wait started for By.xpath: //a[@id='btnremarksOk']
[INFO ] 2020-05-20 12:50:06.693 [main] TTWebsiteDriver - wait over,element found
[INFO ] 2020-05-20 12:50:06.817 [main] TTWebsiteDriver - wait started for By.xpath: //a[@id='Deposit_btn']
[INFO ] 2020-05-20 12:50:06.853 [main] TTWebsiteDriver - wait over,element found
[INFO ] 2020-05-20 12:50:07.860 [main] TTWebsiteDriver - wait started for By.xpath: //a[@id='Deposit_btn']
[INFO ] 2020-05-20 12:50:07.892 [main] TTWebsiteDriver - wait over,element found
[INFO ] 2020-05-20 12:50:08.922 [main] TTWebsiteDriver - quick wait started for By.xpath: //a[@id='Deposit_btn']
[INFO ] 2020-05-20 12:50:08.969 [main] TTWebsiteDriver - wait over,element found
[INFO ] 2020-05-20 12:50:09.094 [main] TTWebsiteDriver - wait started for By.xpath: //label[contains(text(),'Confirm Deposit?')]
[INFO ] 2020-05-20 12:50:09.132 [main] TTWebsiteDriver - wait over,element found
[INFO ] 2020-05-20 12:50:17.180 [main] TTWebsiteDriver - wait started for By.xpath: //a[@id='btnDepConfirmYes']
[INFO ] 2020-05-20 12:50:17.243 [main] TTWebsiteDriver - wait over,element found
[INFO ] 2020-05-20 12:50:18.273 [main] TTWebsiteDriver - quick wait started for By.xpath: //a[@id='btnDepConfirmYes']
[INFO ] 2020-05-20 12:50:18.321 [main] TTWebsiteDriver - wait over,element found
[INFO ] 2020-05-20 12:50:18.451 [main] DepositPage - Yes Button Clicked on Confirm Deposit Popup
[INFO ] 2020-05-20 12:50:18.452 [main] TTWebsiteDriver - wait started for By.xpath: //p[contains(text(),'Amount cannot be zero!')]
[INFO ] 2020-05-20 12:50:18.476 [main] TTWebsiteDriver - wait over,element found
[INFO ] 2020-05-20 12:50:19.519 [main] TTWebsiteDriver - wait started for By.xpath: //input[@id='Amount']
[INFO ] 2020-05-20 12:50:19.567 [main] TTWebsiteDriver - wait over,element found
[INFO ] 2020-05-20 12:50:20.848 [main] DepositPage - Following Amount has been added in Amount Text Box2000001
[INFO ] 2020-05-20 12:50:26.252 [main] TTWebsiteDriver - waiting for locator By.xpath: //a[@id='btnremarksOk']
[INFO ] 2020-05-20 12:50:26.265 [main] TTWebsiteDriver - Element found
[INFO ] 2020-05-20 12:50:26.265 [main] TTWebsiteDriver - wait started for By.xpath: //a[@id='btnremarksOk']
[INFO ] 2020-05-20 12:50:26.278 [main] TTWebsiteDriver - wait over,element found
[INFO ] 2020-05-20 12:50:27.295 [main] TTWebsiteDriver - quick wait started for By.xpath: //a[@id='btnremarksOk']
[INFO ] 2020-05-20 12:50:27.310 [main] TTWebsiteDriver - wait over,element found
[INFO ] 2020-05-20 12:50:27.407 [main] TTWebsiteDriver - wait started for By.xpath: //a[@id='Deposit_btn']
[INFO ] 2020-05-20 12:50:27.438 [main] TTWebsiteDriver - wait over,element found
[INFO ] 2020-05-20 12:50:28.458 [main] TTWebsiteDriver - wait started for By.xpath: //a[@id='Deposit_btn']
[INFO ] 2020-05-20 12:50:28.506 [main] TTWebsiteDriver - wait over,element found
[INFO ] 2020-05-20 12:50:29.524 [main] TTWebsiteDriver - quick wait started for By.xpath: //a[@id='Deposit_btn']
[INFO ] 2020-05-20 12:50:29.572 [main] TTWebsiteDriver - wait over,element found
[INFO ] 2020-05-20 12:50:29.681 [main] TTWebsiteDriver - wait started for By.xpath: //label[contains(text(),'Confirm Deposit?')]
[INFO ] 2020-05-20 12:50:29.715 [main] TTWebsiteDriver - wait over,element found
[INFO ] 2020-05-20 12:50:37.764 [main] TTWebsiteDriver - wait started for By.xpath: //a[@id='btnDepConfirmYes']
[INFO ] 2020-05-20 12:50:37.827 [main] TTWebsiteDriver - wait over,element found
[INFO ] 2020-05-20 12:50:38.857 [main] TTWebsiteDriver - quick wait started for By.xpath: //a[@id='btnDepConfirmYes']
[INFO ] 2020-05-20 12:50:38.904 [main] TTWebsiteDriver - wait over,element found
[INFO ] 2020-05-20 12:50:39.048 [main] DepositPage - Yes Button Clicked on Confirm Deposit Popup
[INFO ] 2020-05-20 12:50:39.049 [main] TTWebsiteDriver - wait started for By.xpath: //p[contains(text(),'The total amount in cash is equal to or Exceeds 20')]
[INFO ] 2020-05-20 12:50:39.076 [main] TTWebsiteDriver - wait over,element found
[INFO ] 2020-05-20 12:50:40.119 [main] TTWebsiteDriver - wait started for By.xpath: //input[@id='Amount']
[INFO ] 2020-05-20 12:50:40.151 [main] TTWebsiteDriver - wait over,element found
[INFO ] 2020-05-20 12:50:41.331 [main] DepositPage - Following Amount has been added in Amount Text Box1000
[INFO ] 2020-05-20 12:50:46.514 [main] TTWebsiteDriver - waiting for locator By.xpath: //a[@id='btnremarksOk']
[INFO ] 2020-05-20 12:50:46.530 [main] TTWebsiteDriver - Element found
[INFO ] 2020-05-20 12:50:46.530 [main] TTWebsiteDriver - wait started for By.xpath: //a[@id='btnremarksOk']
[INFO ] 2020-05-20 12:50:46.562 [main] TTWebsiteDriver - wait over,element found
[INFO ] 2020-05-20 12:50:47.592 [main] TTWebsiteDriver - quick wait started for By.xpath: //a[@id='btnremarksOk']
[INFO ] 2020-05-20 12:50:47.639 [main] TTWebsiteDriver - wait over,element found
[INFO ] 2020-05-20 12:50:47.764 [main] TTWebsiteDriver - wait started for By.xpath: //a[@id='Deposit_btn']
[INFO ] 2020-05-20 12:50:47.796 [main] TTWebsiteDriver - wait over,element found
[INFO ] 2020-05-20 12:50:48.826 [main] TTWebsiteDriver - wait started for By.xpath: //a[@id='Deposit_btn']
[INFO ] 2020-05-20 12:50:48.874 [main] TTWebsiteDriver - wait over,element found
[INFO ] 2020-05-20 12:50:49.903 [main] TTWebsiteDriver - quick wait started for By.xpath: //a[@id='Deposit_btn']
[INFO ] 2020-05-20 12:50:49.951 [main] TTWebsiteDriver - wait over,element found
[INFO ] 2020-05-20 12:50:50.045 [main] TTWebsiteDriver - wait started for By.xpath: //label[contains(text(),'Confirm Deposit?')]
[INFO ] 2020-05-20 12:50:50.073 [main] TTWebsiteDriver - wait over,element found
[INFO ] 2020-05-20 12:50:58.113 [main] TTWebsiteDriver - wait started for By.xpath: //a[@id='btnDepConfirmYes']
[INFO ] 2020-05-20 12:50:58.149 [main] TTWebsiteDriver - wait over,element found
[INFO ] 2020-05-20 12:50:59.179 [main] TTWebsiteDriver - quick wait started for By.xpath: //a[@id='btnDepConfirmYes']
[INFO ] 2020-05-20 12:50:59.227 [main] TTWebsiteDriver - wait over,element found
[INFO ] 2020-05-20 12:50:59.341 [main] DepositPage - Yes Button Clicked on Confirm Deposit Popup
[INFO ] 2020-05-20 12:50:59.341 [main] TTWebsiteDriver - wait started for By.xpath: //p[contains(text(),'Deposit taken successfully!')]
[INFO ] 2020-05-20 12:50:59.483 [main] TTWebsiteDriver - wait over,element found
[INFO ] 2020-05-20 12:51:00.532 [main] TTWebsiteDriver - wait started for By.xpath: //input[@id='Credit_']
[INFO ] 2020-05-20 12:51:00.596 [main] TTWebsiteDriver - wait over,element found
[INFO ] 2020-05-20 12:51:01.611 [main] TTWebsiteDriver - wait started for By.xpath: //input[@id='Credit_']
[INFO ] 2020-05-20 12:51:01.632 [main] TTWebsiteDriver - wait over,element found
[INFO ] 2020-05-20 12:51:02.635 [main] TTWebsiteDriver - quick wait started for By.xpath: //input[@id='Credit_']
[INFO ] 2020-05-20 12:51:02.662 [main] TTWebsiteDriver - wait over,element found
[INFO ] 2020-05-20 12:51:02.785 [main] DepositPage - Credit Card Radio Button Clicked
[INFO ] 2020-05-20 12:51:02.785 [main] TTWebsiteDriver - wait started for By.xpath: //input[@id='Amount']
[INFO ] 2020-05-20 12:51:02.801 [main] TTWebsiteDriver - wait over,element found
[INFO ] 2020-05-20 12:51:04.003 [main] DepositPage - Following Amount has been added in Amount Text Box2000
[INFO ] 2020-05-20 12:51:09.374 [main] TTWebsiteDriver - wait started for By.xpath: //div[@class='bhoechie-tab-content active']//div[4]//input[1]
[INFO ] 2020-05-20 12:51:09.392 [main] TTWebsiteDriver - wait over,element found
[INFO ] 2020-05-20 12:51:13.957 [main] DepositPage - Credit Card Details Entered
[INFO ] 2020-05-20 12:51:13.957 [main] TTWebsiteDriver - waiting for locator By.xpath: //a[@id='btnremarksOk']
[INFO ] 2020-05-20 12:51:13.970 [main] TTWebsiteDriver - Element found
[INFO ] 2020-05-20 12:51:13.970 [main] TTWebsiteDriver - wait started for By.xpath: //a[@id='btnremarksOk']
[INFO ] 2020-05-20 12:51:13.983 [main] TTWebsiteDriver - wait over,element found
[INFO ] 2020-05-20 12:51:14.994 [main] TTWebsiteDriver - quick wait started for By.xpath: //a[@id='btnremarksOk']
[INFO ] 2020-05-20 12:51:15.043 [main] TTWebsiteDriver - wait over,element found
[INFO ] 2020-05-20 12:51:15.153 [main] TTWebsiteDriver - wait started for By.xpath: //a[@id='Deposit_btn']
[INFO ] 2020-05-20 12:51:15.185 [main] TTWebsiteDriver - wait over,element found
[INFO ] 2020-05-20 12:51:16.219 [main] TTWebsiteDriver - wait started for By.xpath: //a[@id='Deposit_btn']
[INFO ] 2020-05-20 12:51:16.267 [main] TTWebsiteDriver - wait over,element found
[INFO ] 2020-05-20 12:51:17.285 [main] TTWebsiteDriver - quick wait started for By.xpath: //a[@id='Deposit_btn']
[INFO ] 2020-05-20 12:51:17.333 [main] TTWebsiteDriver - wait over,element found
[INFO ] 2020-05-20 12:51:17.434 [main] TTWebsiteDriver - wait started for By.xpath: //label[contains(text(),'Confirm Deposit?')]
[INFO ] 2020-05-20 12:51:17.449 [main] TTWebsiteDriver - wait over,element found
[INFO ] 2020-05-20 12:51:25.496 [main] TTWebsiteDriver - wait started for By.xpath: //a[@id='btnDepConfirmYes']
[INFO ] 2020-05-20 12:51:25.559 [main] TTWebsiteDriver - wait over,element found
[INFO ] 2020-05-20 12:51:26.589 [main] TTWebsiteDriver - quick wait started for By.xpath: //a[@id='btnDepConfirmYes']
[INFO ] 2020-05-20 12:51:26.637 [main] TTWebsiteDriver - wait over,element found
[INFO ] 2020-05-20 12:51:26.730 [main] DepositPage - Yes Button Clicked on Confirm Deposit Popup
[INFO ] 2020-05-20 12:51:26.730 [main] TTWebsiteDriver - wait started for By.xpath: //p[contains(text(),'Deposit taken successfully!')]
[INFO ] 2020-05-20 12:51:26.822 [main] TTWebsiteDriver - wait over,element found
[INFO ] 2020-05-20 12:51:27.867 [main] TTWebsiteDriver - wait started for By.xpath: //input[@id='Cheque_']
[INFO ] 2020-05-20 12:51:27.915 [main] TTWebsiteDriver - wait over,element found
[INFO ] 2020-05-20 12:51:28.931 [main] TTWebsiteDriver - wait started for By.xpath: //input[@id='Cheque_']
[INFO ] 2020-05-20 12:51:28.953 [main] TTWebsiteDriver - wait over,element found
[INFO ] 2020-05-20 12:51:29.956 [main] TTWebsiteDriver - quick wait started for By.xpath: //input[@id='Cheque_']
[INFO ] 2020-05-20 12:51:29.978 [main] TTWebsiteDriver - wait over,element found
[INFO ] 2020-05-20 12:51:30.082 [main] DepositPage - Cheque Radio Button Clicked
[INFO ] 2020-05-20 12:51:30.083 [main] TTWebsiteDriver - wait started for By.xpath: //input[@id='Amount']
[INFO ] 2020-05-20 12:51:30.101 [main] TTWebsiteDriver - wait over,element found
[INFO ] 2020-05-20 12:51:31.353 [main] DepositPage - Following Amount has been added in Amount Text Box30000
[INFO ] 2020-05-20 12:51:36.500 [main] TTWebsiteDriver - wait started for By.xpath: //input[@id='cheque_no']
[INFO ] 2020-05-20 12:51:36.548 [main] TTWebsiteDriver - wait over,element found
[INFO ] 2020-05-20 12:51:38.134 [main] DepositPage - Cheque Details Entered
[INFO ] 2020-05-20 12:51:38.134 [main] TTWebsiteDriver - waiting for locator By.xpath: //a[@id='btnremarksOk']
[INFO ] 2020-05-20 12:51:38.146 [main] TTWebsiteDriver - Element found
[INFO ] 2020-05-20 12:51:38.146 [main] TTWebsiteDriver - wait started for By.xpath: //a[@id='btnremarksOk']
[INFO ] 2020-05-20 12:51:38.163 [main] TTWebsiteDriver - wait over,element found
[INFO ] 2020-05-20 12:51:39.177 [main] TTWebsiteDriver - quick wait started for By.xpath: //a[@id='btnremarksOk']
[INFO ] 2020-05-20 12:51:39.192 [main] TTWebsiteDriver - wait over,element found
[INFO ] 2020-05-20 12:51:39.274 [main] TTWebsiteDriver - wait started for By.xpath: //a[@id='Deposit_btn']
[INFO ] 2020-05-20 12:51:39.337 [main] TTWebsiteDriver - wait over,element found
[INFO ] 2020-05-20 12:51:40.356 [main] TTWebsiteDriver - wait started for By.xpath: //a[@id='Deposit_btn']
[INFO ] 2020-05-20 12:51:40.404 [main] TTWebsiteDriver - wait over,element found
[INFO ] 2020-05-20 12:51:41.423 [main] TTWebsiteDriver - quick wait started for By.xpath: //a[@id='Deposit_btn']
[INFO ] 2020-05-20 12:51:41.471 [main] TTWebsiteDriver - wait over,element found
[INFO ] 2020-05-20 12:51:41.580 [main] TTWebsiteDriver - wait started for By.xpath: //label[contains(text(),'Confirm Deposit?')]
[INFO ] 2020-05-20 12:51:41.613 [main] TTWebsiteDriver - wait over,element found
[INFO ] 2020-05-20 12:51:49.663 [main] TTWebsiteDriver - wait started for By.xpath: //a[@id='btnDepConfirmYes']
[INFO ] 2020-05-20 12:51:49.726 [main] TTWebsiteDriver - wait over,element found
[INFO ] 2020-05-20 12:51:50.756 [main] TTWebsiteDriver - quick wait started for By.xpath: //a[@id='btnDepConfirmYes']
[INFO ] 2020-05-20 12:51:50.804 [main] TTWebsiteDriver - wait over,element found
[INFO ] 2020-05-20 12:51:50.931 [main] DepositPage - Yes Button Clicked on Confirm Deposit Popup
[INFO ] 2020-05-20 12:51:50.931 [main] TTWebsiteDriver - wait started for By.xpath: //p[contains(text(),'Deposit taken successfully!')]
[INFO ] 2020-05-20 12:51:51.046 [main] TTWebsiteDriver - wait over,element found
[INFO ] 2020-05-20 12:51:52.084 [main] TTWebsiteDriver - wait started for By.xpath: //a[@title='Print Receipt']//i[@class='fa fa-print']
[INFO ] 2020-05-20 12:51:52.131 [main] TTWebsiteDriver - wait over,element found
[INFO ] 2020-05-20 12:51:53.147 [main] TTWebsiteDriver - wait started for By.xpath: //a[@title='Print Receipt']//i[@class='fa fa-print']
[INFO ] 2020-05-20 12:51:53.169 [main] TTWebsiteDriver - wait over,element found
[INFO ] 2020-05-20 12:51:54.172 [main] TTWebsiteDriver - quick wait started for By.xpath: //a[@title='Print Receipt']//i[@class='fa fa-print']
[INFO ] 2020-05-20 12:51:54.195 [main] TTWebsiteDriver - wait over,element found
[INFO ] 2020-05-20 12:51:54.301 [main] DepositPage - Print Button Clicked
[INFO ] 2020-05-20 12:51:54.301 [main] TTWebsiteDriver - wait started for By.xpath: //p[contains(text(),'Please select the deposit receipt to be printed!')]
[INFO ] 2020-05-20 12:51:54.330 [main] TTWebsiteDriver - wait over,element found
[INFO ] 2020-05-20 12:51:55.372 [main] TTWebsiteDriver - wait started for By.xpath: //table/thead//following::tbody/tr[1]/td[1]
[INFO ] 2020-05-20 12:51:55.435 [main] TTWebsiteDriver - wait over,element found
[INFO ] 2020-05-20 12:51:56.465 [main] TTWebsiteDriver - wait started for By.xpath: //table/thead//following::tbody/tr[1]/td[1]
[INFO ] 2020-05-20 12:51:56.513 [main] TTWebsiteDriver - wait over,element found
[INFO ] 2020-05-20 12:51:57.542 [main] TTWebsiteDriver - quick wait started for By.xpath: //table/thead//following::tbody/tr[1]/td[1]
[INFO ] 2020-05-20 12:51:57.590 [main] TTWebsiteDriver - wait over,element found
[INFO ] 2020-05-20 12:51:57.746 [main] DepositPage - First Deposit Clicked
[INFO ] 2020-05-20 12:51:57.746 [main] TTWebsiteDriver - wait started for By.xpath: //i[@class='fa fa-bars']
[INFO ] 2020-05-20 12:51:57.767 [main] TTWebsiteDriver - wait over,element found
[INFO ] 2020-05-20 12:51:58.832 [main] HISWebsiteBasePage - Menu Clicked
[INFO ] 2020-05-20 12:52:02.841 [main] TTWebsiteDriver - wait started for By.xpath: //a[contains(text(),'Billing')]//i[@class='fa fa-caret-down']
[INFO ] 2020-05-20 12:52:02.920 [main] TTWebsiteDriver - wait over,element found
[INFO ] 2020-05-20 12:52:03.949 [main] TTWebsiteDriver - wait started for By.xpath: //a[contains(text(),'Billing')]//i[@class='fa fa-caret-down']
[INFO ] 2020-05-20 12:52:03.997 [main] TTWebsiteDriver - wait over,element found
[INFO ] 2020-05-20 12:52:05.027 [main] TTWebsiteDriver - quick wait started for By.xpath: //a[contains(text(),'Billing')]//i[@class='fa fa-caret-down']
[INFO ] 2020-05-20 12:52:05.075 [main] TTWebsiteDriver - wait over,element found
[INFO ] 2020-05-20 12:52:05.184 [main] FrontOfficeHomePage - Billing Section is Expanded
[INFO ] 2020-05-20 12:52:12.843 [main] FrontOfficeHomePage - Following Option has been selected from Billing Section Billing
[INFO ] 2020-05-20 12:52:12.843 [main] TTWebsiteDriver - Waiting For Page load via JS
[INFO ] 2020-05-20 12:52:30.882 [main] TTWebsiteDriver - wait started for By.id: uHid
[INFO ] 2020-05-20 12:52:30.945 [main] TTWebsiteDriver - wait over,element found
[INFO ] 2020-05-20 12:52:36.823 [main] BillingPage - Close Button On Document Checklist popup Clicked
[INFO ] 2020-05-20 12:52:36.823 [main] TTWebsiteDriver - wait started for By.xpath: //select[@id='company_type']
[INFO ] 2020-05-20 12:52:36.865 [main] TTWebsiteDriver - wait over,element found
[INFO ] 2020-05-20 12:53:18.773 [main] TTWebsiteDriver - wait started for By.xpath: //a[@id='_savelist']//i[@class='fa fa-save']
[INFO ] 2020-05-20 12:53:18.836 [main] TTWebsiteDriver - wait over,element found
[INFO ] 2020-05-20 12:53:19.882 [main] TTWebsiteDriver - quick wait started for By.xpath: //a[@id='_savelist']//i[@class='fa fa-save']
[INFO ] 2020-05-20 12:53:19.929 [main] TTWebsiteDriver - wait over,element found
[INFO ] 2020-05-20 12:53:22.430 [main] TTWebsiteDriver - wait started for By.xpath: //a[@id='_savelist']//i[@class='fa fa-save']
[INFO ] 2020-05-20 12:53:22.448 [main] TTWebsiteDriver - wait over,element found
[INFO ] 2020-05-20 12:53:23.460 [main] TTWebsiteDriver - quick wait started for By.xpath: //a[@id='_savelist']//i[@class='fa fa-save']
[INFO ] 2020-05-20 12:53:23.514 [main] TTWebsiteDriver - wait over,element found
[INFO ] 2020-05-20 12:53:23.572 [main] TTWebsiteDriver - wait started for By.xpath: //section[@class='popupBody_payment']//a[@title='Add']//i
[INFO ] 2020-05-20 12:53:23.619 [main] TTWebsiteDriver - wait over,element found
[INFO ] 2020-05-20 12:53:24.639 [main] TTWebsiteDriver - quick wait started for By.xpath: //section[@class='popupBody_payment']//a[@title='Add']//i
[INFO ] 2020-05-20 12:53:24.687 [main] TTWebsiteDriver - wait over,element found
[INFO ] 2020-05-20 12:53:24.885 [main] TTWebsiteDriver - wait started for By.xpath: //div[@class='modal-block-new']//button[text()='Yes']
[INFO ] 2020-05-20 12:53:24.909 [main] TTWebsiteDriver - wait over,element found
[INFO ] 2020-05-20 12:53:25.924 [main] TTWebsiteDriver - wait started for By.xpath: //div[@class='modal-block-new']//button[text()='Yes']
[INFO ] 2020-05-20 12:53:25.972 [main] TTWebsiteDriver - wait over,element found
[INFO ] 2020-05-20 12:53:27.002 [main] TTWebsiteDriver - quick wait started for By.xpath: //div[@class='modal-block-new']//button[text()='Yes']
[INFO ] 2020-05-20 12:53:27.049 [main] TTWebsiteDriver - wait over,element found
[INFO ] 2020-05-20 12:53:27.174 [main] TTWebsiteDriver - wait started for By.xpath: //a[@id='schemeclose']//i[@class='fa fa-times']
[INFO ] 2020-05-20 12:53:27.221 [main] TTWebsiteDriver - wait over,element found
[INFO ] 2020-05-20 12:53:36.625 [main] BillingPage - Scheme Details Popup Button Closed
[INFO ] 2020-05-20 12:53:36.688 [main] TTWebsiteDriver - wait started for By.xpath: //span[@id='remarks_close']//i[@class='fa fa-times']
[INFO ] 2020-05-20 12:53:36.735 [main] TTWebsiteDriver - wait over,element found
[INFO ] 2020-05-20 12:53:37.842 [main] BillingPage - Remarks Popup Button Closed
[INFO ] 2020-05-20 12:53:37.842 [main] TTWebsiteDriver - wait started for By.xpath: //select[@name='ddlspecialization']
[INFO ] 2020-05-20 12:53:37.882 [main] TTWebsiteDriver - wait over,element found
[INFO ] 2020-05-20 12:53:39.107 [main] BillingPage - Following speciality  has been selected from speciality Dropdown : Pathologist
[INFO ] 2020-05-20 12:53:39.107 [main] TTWebsiteDriver - wait started for By.xpath: //li[contains(text(),'Megha')]
[INFO ] 2020-05-20 12:53:39.156 [main] TTWebsiteDriver - wait over,element found
[INFO ] 2020-05-20 12:53:40.444 [main] BillingPage - Following Doctor Name has been Selected : Megha
[INFO ] 2020-05-20 12:53:55.492 [main] TTWebsiteDriver - wait started for By.xpath: //select[@name='ddlspecialization']
[INFO ] 2020-05-20 12:53:55.556 [main] TTWebsiteDriver - wait over,element found
[INFO ] 2020-05-20 12:53:56.779 [main] BillingPage - Following speciality  has been selected from speciality Dropdown : Cardiology
[INFO ] 2020-05-20 12:53:56.779 [main] TTWebsiteDriver - wait started for By.xpath: //li[contains(text(),'Deepak')]
[INFO ] 2020-05-20 12:53:56.804 [main] TTWebsiteDriver - wait over,element found
[INFO ] 2020-05-20 12:53:58.099 [main] BillingPage - Following Doctor Name has been Selected : Deepak
[INFO ] 2020-05-20 12:54:13.323 [main] BillingPage - Diagnostic Icon Clicked
[INFO ] 2020-05-20 12:54:14.823 [main] TTWebsiteDriver - wait started for By.xpath: //li[starts-with(@title,'24hrs Urinary Calcium')]
[INFO ] 2020-05-20 12:54:14.871 [main] TTWebsiteDriver - wait over,element found
[INFO ] 2020-05-20 12:54:18.112 [main] BillingPage - Following Test has been selcted 24hrs Urinary Calcium
[INFO ] 2020-05-20 12:54:18.160 [main] BillingPage - Price Not Defined Message is showing up
[INFO ] 2020-05-20 12:54:20.360 [main] TTWebsiteDriver - wait started for By.xpath: //li[starts-with(@title,'17-Hydroxycorticosteroids, 24hrs Urine')]
[INFO ] 2020-05-20 12:54:20.387 [main] TTWebsiteDriver - wait over,element found
[INFO ] 2020-05-20 12:54:23.632 [main] BillingPage - Following Test has been selcted 17-Hydroxycorticosteroids, 24hrs Urine
[INFO ] 2020-05-20 12:54:25.322 [main] TTWebsiteDriver - wait started for By.xpath: //li[starts-with(@title,'17-Ketosteroids, 24hrs Urine')]
[INFO ] 2020-05-20 12:54:25.370 [main] TTWebsiteDriver - wait over,element found
[INFO ] 2020-05-20 12:54:28.660 [main] BillingPage - Following Test has been selcted 17-Ketosteroids, 24hrs Urine
[INFO ] 2020-05-20 12:54:30.501 [main] TTWebsiteDriver - wait started for By.xpath: //li[starts-with(@title,'X-ray Dorso Lumbar Spine LAT')]
[INFO ] 2020-05-20 12:54:30.564 [main] TTWebsiteDriver - wait over,element found
[INFO ] 2020-05-20 12:54:33.784 [main] BillingPage - Following Test has been selcted X-ray Dorso Lumbar Spine LAT
[INFO ] 2020-05-20 12:54:35.173 [main] TTWebsiteDriver - wait started for By.xpath: //li[starts-with(@title,'X-ray Both Leg Skyline')]
[INFO ] 2020-05-20 12:54:35.221 [main] TTWebsiteDriver - wait over,element found
[INFO ] 2020-05-20 12:54:38.540 [main] BillingPage - Following Test has been selcted X-ray Both Leg Skyline
[INFO ] 2020-05-20 12:54:59.354 [main] TTWebsiteDriver - wait started for By.id: opbillmannual
[INFO ] 2020-05-20 12:54:59.417 [main] TTWebsiteDriver - wait over,element found
[INFO ] 2020-05-20 12:55:00.504 [main] BillingPage - Manual Icon Clicked
[INFO ] 2020-05-20 12:55:03.505 [main] TTWebsiteDriver - wait started for By.xpath: //select[@id='ddlService']
[INFO ] 2020-05-20 12:55:03.541 [main] TTWebsiteDriver - wait over,element found
[INFO ] 2020-05-20 12:55:04.772 [main] BillingPage - Following Name of Service name has been selected from service name Dropdown : Cardiology Services
[INFO ] 2020-05-20 12:55:04.948 [main] BillingPage - Following Description has been added in Description Text Box : Testing
[INFO ] 2020-05-20 12:55:05.029 [main] BillingPage - Following Quantity has been added in Quantity Text Box : 5
[INFO ] 2020-05-20 12:55:05.171 [main] BillingPage - Following Price has been added in Price Text Box : 10.30
[INFO ] 2020-05-20 12:55:10.344 [main] BillingPage - Verify Button Clicked
[INFO ] 2020-05-20 12:55:10.669 [main] BillingPage - Other Services Icon Clicked
[INFO ] 2020-05-20 12:55:10.669 [main] TTWebsiteDriver - wait started for By.xpath: //input[contains(@name,'otherServiceChk')]
[INFO ] 2020-05-20 12:55:10.691 [main] TTWebsiteDriver - wait over,element found
[INFO ] 2020-05-20 12:55:11.895 [main] BillingPage - Choose Services Check box checked
[INFO ] 2020-05-20 12:55:11.895 [main] TTWebsiteDriver - wait started for By.id: ddotherservice
[INFO ] 2020-05-20 12:55:11.913 [main] TTWebsiteDriver - wait over,element found
[INFO ] 2020-05-20 12:55:12.992 [main] BillingPage - Choose Services Dropdown is not enabled
[INFO ] 2020-05-20 12:55:12.992 [main] TTWebsiteDriver - wait started for By.id: ddotherservice
[INFO ] 2020-05-20 12:55:13.024 [main] TTWebsiteDriver - wait over,element found
[INFO ] 2020-05-20 12:55:14.278 [main] BillingPage - Following Service Name has been selected from service Dropdown : Dialysis Procedures
[INFO ] 2020-05-20 12:55:14.503 [main] BillingPage - Following Item has been selected from Services: AV Fistula Day Care Package With Anesthesia
[INFO ] 2020-05-20 12:55:14.808 [main] BillingPage - Speciality And Doctor Selected
[INFO ] 2020-05-20 12:55:15.123 [main] TTWebsiteDriver - wait started for By.xpath: //tbody[@id='tblrefdr']/tr/td[1]
[INFO ] 2020-05-20 12:55:15.172 [main] TTWebsiteDriver - wait over,element found
[INFO ] 2020-05-20 12:55:16.189 [main] TTWebsiteDriver - wait started for By.xpath: //tbody[@id='tblrefdr']/tr/td[1]
[INFO ] 2020-05-20 12:55:16.207 [main] TTWebsiteDriver - wait over,element found
[INFO ] 2020-05-20 12:55:17.223 [main] TTWebsiteDriver - quick wait started for By.xpath: //tbody[@id='tblrefdr']/tr/td[1]
[INFO ] 2020-05-20 12:55:17.273 [main] TTWebsiteDriver - wait over,element found
[INFO ] 2020-05-20 12:55:17.398 [main] BillingPage - Following Reffered By has been added : Deepak Thakur
[INFO ] 2020-05-20 12:55:17.398 [main] TTWebsiteDriver - wait started for By.xpath: //div[contains(@class,'form_line facilitator-name')]//select
[INFO ] 2020-05-20 12:55:17.440 [main] TTWebsiteDriver - wait over,element found
[INFO ] 2020-05-20 12:55:18.722 [main] BillingPage - Following facilitator has been selected from facilitator  Dropdown : 1
[INFO ] 2020-05-20 12:55:18.723 [main] TTWebsiteDriver - wait started for By.xpath: //i[@class='fa fa-university fa-lg']
[INFO ] 2020-05-20 12:55:18.743 [main] TTWebsiteDriver - wait over,element found
[INFO ] 2020-05-20 12:55:19.755 [main] TTWebsiteDriver - quick wait started for By.xpath: //i[@class='fa fa-university fa-lg']
[INFO ] 2020-05-20 12:55:19.803 [main] TTWebsiteDriver - wait over,element found
[INFO ] 2020-05-20 12:55:19.968 [main] BillingPage - Insurance Company Button Clicked
[INFO ] 2020-05-20 12:55:19.969 [main] TTWebsiteDriver - wait started for By.xpath: //input[@id='r_com_insurance']
[INFO ] 2020-05-20 12:55:19.994 [main] TTWebsiteDriver - wait over,element found
[INFO ] 2020-05-20 12:55:21.005 [main] TTWebsiteDriver - wait started for By.xpath: //input[@id='r_com_insurance']
[INFO ] 2020-05-20 12:55:21.053 [main] TTWebsiteDriver - wait over,element found
[INFO ] 2020-05-20 12:55:22.083 [main] TTWebsiteDriver - quick wait started for By.xpath: //input[@id='r_com_insurance']
[INFO ] 2020-05-20 12:55:22.131 [main] TTWebsiteDriver - wait over,element found
[INFO ] 2020-05-20 12:55:22.337 [main] BillingPage - Insurance Comp Radio Button On Comp Details Popup Clicked
[INFO ] 2020-05-20 12:55:22.337 [main] TTWebsiteDriver - wait started for By.xpath: //select[@id='company_type']
[INFO ] 2020-05-20 12:55:22.357 [main] TTWebsiteDriver - wait over,element found
[INFO ] 2020-05-20 12:55:34.352 [main] TTWebsiteDriver - wait started for By.xpath: //a[@id='_savelist']//i[@class='fa fa-save']
[INFO ] 2020-05-20 12:55:34.431 [main] TTWebsiteDriver - wait over,element found
[INFO ] 2020-05-20 12:55:35.461 [main] TTWebsiteDriver - quick wait started for By.xpath: //a[@id='_savelist']//i[@class='fa fa-save']
[INFO ] 2020-05-20 12:55:35.509 [main] TTWebsiteDriver - wait over,element found
[INFO ] 2020-05-20 12:55:38.044 [main] TTWebsiteDriver - wait started for By.xpath: //a[@id='_savelist']//i[@class='fa fa-save']
[INFO ] 2020-05-20 12:55:38.064 [main] TTWebsiteDriver - wait over,element found
[INFO ] 2020-05-20 12:55:39.075 [main] TTWebsiteDriver - quick wait started for By.xpath: //a[@id='_savelist']//i[@class='fa fa-save']
[INFO ] 2020-05-20 12:55:39.129 [main] TTWebsiteDriver - wait over,element found
[INFO ] 2020-05-20 12:55:39.187 [main] TTWebsiteDriver - wait started for By.xpath: //section[@class='popupBody_payment']//a[@title='Add']//i
[INFO ] 2020-05-20 12:55:39.234 [main] TTWebsiteDriver - wait over,element found
[INFO ] 2020-05-20 12:55:40.255 [main] TTWebsiteDriver - quick wait started for By.xpath: //section[@class='popupBody_payment']//a[@title='Add']//i
[INFO ] 2020-05-20 12:55:40.302 [main] TTWebsiteDriver - wait over,element found
[INFO ] 2020-05-20 12:55:40.493 [main] TTWebsiteDriver - wait started for By.xpath: //div[@class='modal-block-new']//button[text()='Yes']
[INFO ] 2020-05-20 12:55:40.516 [main] TTWebsiteDriver - wait over,element found
[INFO ] 2020-05-20 12:55:41.532 [main] TTWebsiteDriver - wait started for By.xpath: //div[@class='modal-block-new']//button[text()='Yes']
[INFO ] 2020-05-20 12:55:41.580 [main] TTWebsiteDriver - wait over,element found
[INFO ] 2020-05-20 12:55:42.596 [main] TTWebsiteDriver - quick wait started for By.xpath: //div[@class='modal-block-new']//button[text()='Yes']
[INFO ] 2020-05-20 12:55:42.619 [main] TTWebsiteDriver - wait over,element found
[INFO ] 2020-05-20 12:55:42.702 [main] TestListner - Test has failed with TestResult status = 2
[INFO ] 2020-05-20 12:55:42.702 [main] TestListner - [TEST HAS FAILED-------- Test case frontOfficeCreditPatientBillingWithAvaialDiscountAndWithoutCoPayTest has failed]. The reason is org.openqa.selenium.ElementNotVisibleException: element not visible
  (Session info: chrome=83.0.4103.61)
  (Driver info: chromedriver=2.40.565498 (ea082db3280dd6843ebfb08a625e3eb905c4f5ab),platform=Windows NT 6.1.7601 SP1 x86_64) (WARNING: The server did not provide any stacktrace information)
Command duration or timeout: 0 milliseconds
Build info: version: '3.7.1', revision: '8a0099a', time: '2017-11-06T21:01:39.354Z'
System info: host: 'NISHANTSHARMA', ip: '206.19.38.23', os.name: 'Windows 7', os.arch: 'amd64', os.version: '6.1', java.version: '10.0.2'
Driver info: org.openqa.selenium.chrome.ChromeDriver
Capabilities {acceptInsecureCerts: false, acceptSslCerts: false, applicationCacheEnabled: false, browserConnectionEnabled: false, browserName: chrome, chrome: {chromedriverVersion: 2.40.565498 (ea082db3280dd6..., userDataDir: C:\Users\NISHAN~1\AppData\L...}, cssSelectorsEnabled: true, databaseEnabled: false, handlesAlerts: true, hasTouchScreen: false, javascriptEnabled: true, locationContextEnabled: true, mobileEmulationEnabled: false, nativeEvents: true, networkConnectionEnabled: false, pageLoadStrategy: normal, platform: XP, platformName: XP, rotatable: false, setWindowRect: true, takesHeapSnapshot: true, takesScreenshot: true, unexpectedAlertBehaviour: , unhandledPromptBehavior: , version: 83.0.4103.61, webStorageEnabled: true}
Session ID: e4c2e920b844a55ca543420fc7521ca5
