[INFO ] 2020-05-20 14:18:41.629 [main] TTBaseTest - Started execution with  null
[INFO ] 2020-05-20 14:18:41.629 [main] TTBaseTest - Environment properties are not provided by the user ... loading the default properties
[INFO ] 2020-05-20 14:18:41.629 [main] TTBaseTest - Default Browser is  ------ chrome
[INFO ] 2020-05-20 14:18:41.629 [main] TTBaseTest - Default URL is  ------ http://206.19.38.8:8001/HISTreeTesting/Login/Login?ReturnUrl=%2fHistreetesting
[INFO ] 2020-05-20 14:18:41.629 [main] TTBaseTest - Default loginname is  ------ null
[INFO ] 2020-05-20 14:18:41.629 [main] TTBaseTest - Default username is  ------ null
[INFO ] 2020-05-20 14:18:41.629 [main] TTBaseTest - Default user password is  ------ Deepak@1234
[INFO ] 2020-05-20 14:18:45.991 [main] TTWebsiteDriver - Window is maximized
[INFO ] 2020-05-20 14:18:46.040 [main] TTWebsiteDriver - All cookies deleted
[INFO ] 2020-05-20 14:18:46.485 [main] TTWebsiteBaseTest - Application loaded
[INFO ] 2020-05-20 14:18:46.597 [main] DriverManagerDataSource - Loaded JDBC driver: com.microsoft.sqlserver.jdbc.SQLServerDriver
[INFO ] 2020-05-20 14:18:46.597 [main] DBUtil - ConnectionString::jdbc:sqlserver://206.19.38.4;databaseName=SIT_HISTree_TestingAuto;instance=MSSQLSERVER;domain=null
[INFO ] 2020-05-20 14:18:46.598 [main] DBUtil - QUERY TRIGGERED IS select top 1 Name from M_IdCardType where Deleted=0

[INFO ] 2020-05-20 14:18:47.071 [main] DriverManagerDataSource - Loaded JDBC driver: com.microsoft.sqlserver.jdbc.SQLServerDriver
[INFO ] 2020-05-20 14:18:47.071 [main] DBUtil - ConnectionString::jdbc:sqlserver://206.19.38.4;databaseName=SIT_HISTree_TestingAuto;instance=MSSQLSERVER;domain=null
[INFO ] 2020-05-20 14:18:47.071 [main] DBUtil - QUERY TRIGGERED IS select top 1 name from M_OCCUPATION where Deleted=0

[INFO ] 2020-05-20 14:18:47.181 [main] DriverManagerDataSource - Loaded JDBC driver: com.microsoft.sqlserver.jdbc.SQLServerDriver
[INFO ] 2020-05-20 14:18:47.181 [main] DBUtil - ConnectionString::jdbc:sqlserver://206.19.38.4;databaseName=SIT_HISTree_TestingAuto;instance=MSSQLSERVER;domain=null
[INFO ] 2020-05-20 14:18:47.181 [main] DBUtil - QUERY TRIGGERED IS select top 1 Name from M_QUALIFICATION where Deleted=0

[INFO ] 2020-05-20 14:18:47.259 [main] DriverManagerDataSource - Loaded JDBC driver: com.microsoft.sqlserver.jdbc.SQLServerDriver
[INFO ] 2020-05-20 14:18:47.259 [main] DBUtil - ConnectionString::jdbc:sqlserver://206.19.38.4;databaseName=SIT_HISTree_TestingAuto;instance=MSSQLSERVER;domain=null
[INFO ] 2020-05-20 14:18:47.259 [main] DBUtil - QUERY TRIGGERED IS select top 1 Name from m_SourceOfInfo where Deleted=0

[INFO ] 2020-05-20 14:18:47.337 [main] DriverManagerDataSource - Loaded JDBC driver: com.microsoft.sqlserver.jdbc.SQLServerDriver
[INFO ] 2020-05-20 14:18:47.337 [main] DBUtil - ConnectionString::jdbc:sqlserver://206.19.38.4;databaseName=SIT_HISTree_TestingAuto;instance=MSSQLSERVER;domain=null
[INFO ] 2020-05-20 14:18:47.337 [main] DBUtil - QUERY TRIGGERED IS select top 1 NAME from m_city where deleted=0

[INFO ] 2020-05-20 14:18:47.415 [main] DriverManagerDataSource - Loaded JDBC driver: com.microsoft.sqlserver.jdbc.SQLServerDriver
[INFO ] 2020-05-20 14:18:47.415 [main] DBUtil - ConnectionString::jdbc:sqlserver://206.19.38.4;databaseName=SIT_HISTree_TestingAuto;instance=MSSQLSERVER;domain=null
[INFO ] 2020-05-20 14:18:47.415 [main] DBUtil - QUERY TRIGGERED IS select top 1 NAME from m_city where deleted=0

[INFO ] 2020-05-20 14:18:47.493 [main] TestListner - 
******************************************************************************************************************************
					TEST CASE NAME:                  frontOfficeScheduling1Test
******************************************************************************************************************************
[INFO ] 2020-05-20 14:18:47.791 [main] TTWebsiteDriver - wait started for By.id: btnLogin
[INFO ] 2020-05-20 14:18:47.817 [main] TTWebsiteDriver - wait over,element found
[INFO ] 2020-05-20 14:18:48.830 [main] TTWebsiteDriver - quick wait started for By.id: btnLogin
[INFO ] 2020-05-20 14:18:48.879 [main] TTWebsiteDriver - wait over,element found
[INFO ] 2020-05-20 14:18:49.083 [main] TTWebsiteDriver - wait started for By.xpath: //a[@id='btnYesAlreadyLogedinPopup']
[INFO ] 2020-05-20 14:18:49.114 [main] TTWebsiteDriver - wait over,element found
[INFO ] 2020-05-20 14:18:50.119 [main] TTWebsiteDriver - quick wait started for By.xpath: //a[@id='btnYesAlreadyLogedinPopup']
[INFO ] 2020-05-20 14:18:50.168 [main] TTWebsiteDriver - wait over,element found
[INFO ] 2020-05-20 14:18:50.844 [main] HISHomePage - User has been logged in to HIS Portal
[INFO ] 2020-05-20 14:18:50.845 [main] TTWebsiteDriver - wait started for By.xpath: //span[contains(text(),'Front Office')]//ancestor::a
[INFO ] 2020-05-20 14:18:50.883 [main] TTWebsiteDriver - wait over,element found
[INFO ] 2020-05-20 14:18:52.124 [main] HISHomePage - Front Office Icon Clicked
[INFO ] 2020-05-20 14:18:56.278 [main] HISHomePage - Following Station has been selected from Station Dropdown : Front Office
[INFO ] 2020-05-20 14:18:56.278 [main] TTWebsiteDriver - wait started for By.id: btn_yes_desh
[INFO ] 2020-05-20 14:18:56.325 [main] TTWebsiteDriver - wait over,element found
[INFO ] 2020-05-20 14:18:57.355 [main] TTWebsiteDriver - quick wait started for By.id: btn_yes_desh
[INFO ] 2020-05-20 14:18:57.403 [main] TTWebsiteDriver - wait over,element found
[INFO ] 2020-05-20 14:18:58.128 [main] HISHomePage - YES has been clicked from Station Dropdown
[INFO ] 2020-05-20 14:18:58.129 [main] TTWebsiteDriver - wait started for By.xpath: //li[@id='FOAddPatientMenu']//i[2]
[INFO ] 2020-05-20 14:18:58.155 [main] TTWebsiteDriver - wait over,element found
[INFO ] 2020-05-20 14:18:59.174 [main] TTWebsiteDriver - wait started for By.xpath: //li[@id='FOAddPatientMenu']//i[2]
[INFO ] 2020-05-20 14:18:59.222 [main] TTWebsiteDriver - wait over,element found
[INFO ] 2020-05-20 14:19:00.251 [main] TTWebsiteDriver - quick wait started for By.xpath: //li[@id='FOAddPatientMenu']//i[2]
[INFO ] 2020-05-20 14:19:00.299 [main] TTWebsiteDriver - wait over,element found
[INFO ] 2020-05-20 14:19:00.425 [main] FrontOfficeHomePage - Add Patient Section is Expanded
[INFO ] 2020-05-20 14:19:09.004 [main] FrontOfficeHomePage - Following Option has been selected from Add Patient Section Patient Registration
[INFO ] 2020-05-20 14:19:09.005 [main] TTWebsiteDriver - Waiting For Page load via JS
[INFO ] 2020-05-20 14:19:27.254 [main] PatientRegistrationPage - Following Title has been selected from Title Dropdown : New Delhi
[INFO ] 2020-05-20 14:19:27.254 [main] TTWebsiteDriver - wait started for By.id: firstName
[INFO ] 2020-05-20 14:19:27.286 [main] TTWebsiteDriver - wait over,element found
[INFO ] 2020-05-20 14:19:28.836 [main] PatientRegistrationPage - First Name has been added as : Automation
[INFO ] 2020-05-20 14:19:28.837 [main] TTWebsiteDriver - wait started for By.id: middleName
[INFO ] 2020-05-20 14:19:28.855 [main] TTWebsiteDriver - wait over,element found
[INFO ] 2020-05-20 14:19:30.161 [main] PatientRegistrationPage - Middle Name has been added as : Test
[INFO ] 2020-05-20 14:19:30.161 [main] TTWebsiteDriver - wait started for By.id: lastName
[INFO ] 2020-05-20 14:19:30.182 [main] TTWebsiteDriver - wait over,element found
[INFO ] 2020-05-20 14:19:31.488 [main] PatientRegistrationPage - Last Name has been added as : User
[INFO ] 2020-05-20 14:19:31.488 [main] TTWebsiteDriver - wait started for By.id: gender
[INFO ] 2020-05-20 14:19:31.507 [main] TTWebsiteDriver - wait over,element found
[INFO ] 2020-05-20 14:19:32.624 [main] PatientRegistrationPage - Following Gender has been selected from Gender Dropdown : Male
[INFO ] 2020-05-20 14:19:32.624 [main] TTWebsiteDriver - wait started for By.id: dob
[INFO ] 2020-05-20 14:19:32.656 [main] TTWebsiteDriver - wait over,element found
[INFO ] 2020-05-20 14:19:34.391 [main] PatientRegistrationPage - Following DOB has been added : 15-12-1991
[INFO ] 2020-05-20 14:19:42.463 [main] TTWebsiteDriver - wait started for By.id: chkA
[INFO ] 2020-05-20 14:19:42.527 [main] TTWebsiteDriver - wait over,element found
[INFO ] 2020-05-20 14:19:43.619 [main] TTWebsiteDriver - wait started for By.id: age
[INFO ] 2020-05-20 14:19:43.653 [main] TTWebsiteDriver - wait over,element found
[INFO ] 2020-05-20 14:19:44.934 [main] PatientRegistrationPage - Following Age has been added : 67
[INFO ] 2020-05-20 14:19:44.934 [main] TTWebsiteDriver - wait started for By.id: mStatus
[INFO ] 2020-05-20 14:19:44.955 [main] TTWebsiteDriver - wait over,element found
[INFO ] 2020-05-20 14:19:46.180 [main] PatientRegistrationPage - Following MArtial Status has been selected from MArtial Status  Dropdown : Single
[INFO ] 2020-05-20 14:19:46.180 [main] TTWebsiteDriver - wait started for By.id: motherName
[INFO ] 2020-05-20 14:19:46.209 [main] TTWebsiteDriver - wait over,element found
[INFO ] 2020-05-20 14:19:48.098 [main] PatientRegistrationPage - Following Mother Maiden Name Has been Added: Automation Test Mother
[INFO ] 2020-05-20 14:19:48.098 [main] TTWebsiteDriver - wait started for By.id: relName
[INFO ] 2020-05-20 14:19:48.120 [main] TTWebsiteDriver - wait over,element found
[INFO ] 2020-05-20 14:19:50.024 [main] PatientRegistrationPage - Following Fathers Name Has been Added: AutomationFather@123 
[INFO ] 2020-05-20 14:19:50.025 [main] TTWebsiteDriver - wait started for By.id: nationality
[INFO ] 2020-05-20 14:19:50.047 [main] TTWebsiteDriver - wait over,element found
[INFO ] 2020-05-20 14:19:51.157 [main] PatientRegistrationPage - Following Nationality has been selected from Nationality Dropdown : Indian
[INFO ] 2020-05-20 14:19:53.276 [main] PatientRegistrationPage - VIP Checkbox has been selected and Data has been added to VIP Text Box
[INFO ] 2020-05-20 14:19:53.639 [main] PatientRegistrationPage - Remarks Checkbox has been selected and Data has been added to Remarks Text Box
[INFO ] 2020-05-20 14:19:53.665 [main] PatientRegistrationPage - NRI Checkbox has been selected
[INFO ] 2020-05-20 14:19:53.752 [main] PatientRegistrationPage - ID Card Drop down is enabled
[INFO ] 2020-05-20 14:19:53.752 [main] TTWebsiteDriver - wait started for By.id: cardType
[INFO ] 2020-05-20 14:19:53.771 [main] TTWebsiteDriver - wait over,element found
[INFO ] 2020-05-20 14:19:54.985 [main] PatientRegistrationPage - Following ID Card has been selected from ID Card Dropdown : Passport Number
[INFO ] 2020-05-20 14:19:55.250 [main] PatientRegistrationPage - Following National ID has been added : 12345
[INFO ] 2020-05-20 14:19:55.857 [main] PatientRegistrationPage - Following TELEPHONE NO has been added in TELEPHONE No Text Box : 1234567891011123
[INFO ] 2020-05-20 14:19:56.292 [main] PatientRegistrationPage - Following MOBILE NO has been added : 1234567890
[INFO ] 2020-05-20 14:19:57.202 [main] PatientRegistrationPage - Following house Number has been added Automation Test Address
[INFO ] 2020-05-20 14:19:57.202 [main] TTWebsiteDriver - wait started for By.id: city
[INFO ] 2020-05-20 14:19:57.220 [main] TTWebsiteDriver - wait over,element found
[INFO ] 2020-05-20 14:19:58.533 [main] PatientRegistrationPage - Following City  has been selected from City Dropdown : New Delhi
[INFO ] 2020-05-20 14:20:10.503 [main] PatientRegistrationPage - Following City has been addedTest City5558Following District has been selected
[INFO ] 2020-05-20 14:20:10.503 [main] TTWebsiteDriver - wait started for By.id: addlocal
[INFO ] 2020-05-20 14:20:11.137 [main] TTWebsiteDriver - wait over,element found
[INFO ] 2020-05-20 14:20:12.429 [main] TTWebsiteDriver - wait started for By.id: local
[INFO ] 2020-05-20 14:20:12.450 [main] TTWebsiteDriver - wait over,element found
[INFO ] 2020-05-20 14:20:22.952 [main] PatientRegistrationPage - Follwoing Locality has been added: Test local2938Following City has been selected: SaharanpurFollowing Pin Code has been added: 247001
[INFO ] 2020-05-20 14:20:22.952 [main] TTWebsiteDriver - wait started for By.id: emailID
[INFO ] 2020-05-20 14:20:23.051 [main] TTWebsiteDriver - wait over,element found
[INFO ] 2020-05-20 14:20:25.354 [main] PatientRegistrationPage - Following email has been added: test@automation.com
[INFO ] 2020-05-20 14:20:25.690 [main] PatientRegistrationPage - Following Reffered By has been added: Self
[INFO ] 2020-05-20 14:20:25.691 [main] TTWebsiteDriver - wait started for By.id: lang
[INFO ] 2020-05-20 14:20:25.712 [main] TTWebsiteDriver - wait over,element found
[INFO ] 2020-05-20 14:20:26.974 [main] PatientRegistrationPage - Following language  has been selected from language Dropdown : English
[INFO ] 2020-05-20 14:20:26.975 [main] TTWebsiteDriver - wait started for By.id: occupation
[INFO ] 2020-05-20 14:20:26.999 [main] TTWebsiteDriver - wait over,element found
[INFO ] 2020-05-20 14:20:28.229 [main] PatientRegistrationPage - Following occupation  has been selected from occupation Dropdown : Student
[INFO ] 2020-05-20 14:20:28.230 [main] TTWebsiteDriver - wait started for By.id: qualification
[INFO ] 2020-05-20 14:20:28.243 [main] TTWebsiteDriver - wait over,element found
[INFO ] 2020-05-20 14:20:29.505 [main] PatientRegistrationPage - Following qualification  has been selected from qualification Dropdown : Ph.D
[INFO ] 2020-05-20 14:20:29.505 [main] TTWebsiteDriver - wait started for By.id: religion
[INFO ] 2020-05-20 14:20:29.525 [main] TTWebsiteDriver - wait over,element found
[INFO ] 2020-05-20 14:20:30.726 [main] PatientRegistrationPage - Following relegion  has been selected from relegion Dropdown : Hindu
[INFO ] 2020-05-20 14:20:30.726 [main] TTWebsiteDriver - wait started for By.id: sref
[INFO ] 2020-05-20 14:20:30.760 [main] TTWebsiteDriver - wait over,element found
[INFO ] 2020-05-20 14:20:31.930 [main] PatientRegistrationPage - Following refer  has been selected from refer Dropdown : News Paper
[INFO ] 2020-05-20 14:20:31.990 [main] PatientRegistrationPage - Financial Details Checkbox Checked
[INFO ] 2020-05-20 14:20:31.991 [main] TTWebsiteDriver - wait started for By.id: companytype
[INFO ] 2020-05-20 14:20:32.007 [main] TTWebsiteDriver - wait over,element found
[INFO ] 2020-05-20 14:20:33.220 [main] PatientRegistrationPage - Following compType  has been selected from compType Dropdown : Corporate
[INFO ] 2020-05-20 14:20:33.221 [main] TTWebsiteDriver - wait started for By.id: company
[INFO ] 2020-05-20 14:20:33.275 [main] TTWebsiteDriver - wait over,element found
[INFO ] 2020-05-20 14:20:34.476 [main] PatientRegistrationPage - Following comp has been selected from comp Dropdown: STATE BANK OF INDIA
[INFO ] 2020-05-20 14:20:34.476 [main] TTWebsiteDriver - wait started for By.id: rate
[INFO ] 2020-05-20 14:20:34.510 [main] TTWebsiteDriver - wait over,element found
[INFO ] 2020-05-20 14:20:35.649 [main] PatientRegistrationPage - Following Rate has been selected from Rate Dropdown: STATE BANK OF INDIA - (CGHS)
[INFO ] 2020-05-20 14:20:35.681 [main] PatientRegistrationPage - Scheme Checkbox Checked
[INFO ] 2020-05-20 14:20:35.697 [main] TTWebsiteDriver - wait started for By.id: scheme
[INFO ] 2020-05-20 14:20:35.731 [main] TTWebsiteDriver - wait over,element found
[INFO ] 2020-05-20 14:20:37.000 [main] PatientRegistrationPage - First Scheme has been selected from Scheme Dropdown
[INFO ] 2020-05-20 14:20:37.000 [main] TTWebsiteDriver - wait started for By.id: register
[INFO ] 2020-05-20 14:20:37.020 [main] TTWebsiteDriver - wait over,element found
[INFO ] 2020-05-20 14:20:38.110 [main] PatientRegistrationPage - Regsiter Icon Clicked
[INFO ] 2020-05-20 14:20:38.181 [main] PatientRegistrationPage - COnfirm Patient Details Popup is showing up
[INFO ] 2020-05-20 14:20:38.200 [main] TTWebsiteDriver - wait started for By.id: btnyesss
[INFO ] 2020-05-20 14:20:38.218 [main] TTWebsiteDriver - wait over,element found
[INFO ] 2020-05-20 14:20:49.386 [main] PatientRegistrationPage - Yes button clicked on Confirm Patient Details Popup
[INFO ] 2020-05-20 14:20:49.386 [main] TTWebsiteDriver - wait started for By.xpath: //header[contains(text(),'Registered Successfully')]
[INFO ] 2020-05-20 14:20:49.481 [main] TTWebsiteDriver - wait over,element found
[INFO ] 2020-05-20 14:20:50.620 [main] PatientRegistrationPage - REGISTERED SUCCESSFULLY POPUP is showing up
[INFO ] 2020-05-20 14:20:50.699 [main] PatientRegistrationPage - TEST US JHKJHKJHPSSH.260844

[INFO ] 2020-05-20 14:20:50.699 [main] TTWebsiteDriver - wait started for By.xpath: //div[@class='popup-area']//div[@class='modal-block-new']//a[contains(text(),'No')]
[INFO ] 2020-05-20 14:20:50.777 [main] TTWebsiteDriver - wait over,element found
[INFO ] 2020-05-20 14:20:51.807 [main] TTWebsiteDriver - wait started for By.xpath: //div[@class='popup-area']//div[@class='modal-block-new']//a[contains(text(),'No')]
[INFO ] 2020-05-20 14:20:51.870 [main] TTWebsiteDriver - wait over,element found
[INFO ] 2020-05-20 14:20:52.900 [main] TTWebsiteDriver - quick wait started for By.xpath: //div[@class='popup-area']//div[@class='modal-block-new']//a[contains(text(),'No')]
[INFO ] 2020-05-20 14:20:52.979 [main] TTWebsiteDriver - wait over,element found
[INFO ] 2020-05-20 14:20:53.226 [main] TTWebsiteDriver - Waiting For Page load via JS
[INFO ] 2020-05-20 14:20:53.238 [main] PatientRegistrationPage - REGISTERED SUCCESSFULLY POPUP No Button Clicked
[INFO ] 2020-05-20 14:20:53.239 [main] TTWebsiteDriver - wait started for By.xpath: //i[@class='fa fa-bars']
[INFO ] 2020-05-20 14:20:53.276 [main] TTWebsiteDriver - wait over,element found
[INFO ] 2020-05-20 14:20:54.384 [main] HISWebsiteBasePage - Menu Clicked
[INFO ] 2020-05-20 14:20:58.394 [main] TTWebsiteDriver - wait started for By.xpath: //li[@id='FODoctorScheduleMenu']//i[2]
[INFO ] 2020-05-20 14:20:58.488 [main] TTWebsiteDriver - wait over,element found
[INFO ] 2020-05-20 14:20:59.518 [main] TTWebsiteDriver - wait started for By.xpath: //li[@id='FODoctorScheduleMenu']//i[2]
[INFO ] 2020-05-20 14:20:59.581 [main] TTWebsiteDriver - wait over,element found
[INFO ] 2020-05-20 14:21:00.611 [main] TTWebsiteDriver - quick wait started for By.xpath: //li[@id='FODoctorScheduleMenu']//i[2]
[INFO ] 2020-05-20 14:21:00.674 [main] TTWebsiteDriver - wait over,element found
[INFO ] 2020-05-20 14:21:00.846 [main] FrontOfficeHomePage - Doctor Schedule Section is Expanded
[INFO ] 2020-05-20 14:21:07.841 [main] FrontOfficeHomePage - Following Option has been selected from Doctor Schedule Section Doctor Schedule
[INFO ] 2020-05-20 14:21:07.842 [main] TTWebsiteDriver - Waiting For Page load via JS
[INFO ] 2020-05-20 14:21:31.007 [main] DoctorSchedulePage - Legend Key Clicked
[INFO ] 2020-05-20 14:21:31.135 [main] DoctorSchedulePage - Legend for Appointment form Closed
[INFO ] 2020-05-20 14:21:31.135 [main] TTWebsiteDriver - wait started for By.xpath: //i[@class='fa fa-bars']
[INFO ] 2020-05-20 14:21:31.158 [main] TTWebsiteDriver - wait over,element found
[INFO ] 2020-05-20 14:21:32.231 [main] HISWebsiteBasePage - Menu Clicked
[INFO ] 2020-05-20 14:21:36.243 [main] TTWebsiteDriver - wait started for By.xpath: //li[@id='FODoctorScheduleMenu']//i[2]
[INFO ] 2020-05-20 14:21:36.322 [main] TTWebsiteDriver - wait over,element found
[INFO ] 2020-05-20 14:21:37.352 [main] TTWebsiteDriver - wait started for By.xpath: //li[@id='FODoctorScheduleMenu']//i[2]
[INFO ] 2020-05-20 14:21:37.400 [main] TTWebsiteDriver - wait over,element found
[INFO ] 2020-05-20 14:21:38.429 [main] TTWebsiteDriver - quick wait started for By.xpath: //li[@id='FODoctorScheduleMenu']//i[2]
[INFO ] 2020-05-20 14:21:38.477 [main] TTWebsiteDriver - wait over,element found
[INFO ] 2020-05-20 14:21:38.602 [main] FrontOfficeHomePage - Doctor Schedule Section is Expanded
[INFO ] 2020-05-20 14:21:45.122 [main] FrontOfficeHomePage - Following Option has been selected from Doctor Schedule Section Generate Schedule
[INFO ] 2020-05-20 14:21:45.122 [main] TTWebsiteDriver - Waiting For Page load via JS
[INFO ] 2020-05-20 14:22:03.231 [main] GenerateSchedulePage - Search Button Clicked
[INFO ] 2020-05-20 14:22:03.309 [main] GenerateSchedulePage - Plus Button Clicked
[INFO ] 2020-05-20 14:22:03.326 [main] TTWebsiteDriver - wait started for By.xpath: //select[@id='drpSpecilization']
[INFO ] 2020-05-20 14:22:03.345 [main] TTWebsiteDriver - wait over,element found
[INFO ] 2020-05-20 14:22:04.538 [main] GenerateSchedulePage - Following specialization  has been selected from specialization Dropdown : Ophthalmology
[INFO ] 2020-05-20 14:22:04.539 [main] TTWebsiteDriver - wait started for By.xpath: //select[@id='drpdoctorname']
[INFO ] 2020-05-20 14:22:04.576 [main] TTWebsiteDriver - wait over,element found
[INFO ] 2020-05-20 14:22:05.695 [main] GenerateSchedulePage - Following doctor  has been selected from doctor Dropdown : Archana G Mahajan
[INFO ] 2020-05-20 14:22:05.719 [main] GenerateSchedulePage - Search Button Clicked
[INFO ] 2020-05-20 14:22:05.799 [main] TTWebsiteDriver - wait started for By.xpath: //select[@id='drpSpecilization']
[INFO ] 2020-05-20 14:22:05.812 [main] TTWebsiteDriver - wait over,element found
[INFO ] 2020-05-20 14:22:07.006 [main] GenerateSchedulePage - Following specialization  has been selected from specialization Dropdown : Dermatology
[INFO ] 2020-05-20 14:22:07.006 [main] TTWebsiteDriver - wait started for By.xpath: //select[@id='drpdoctorname']
[INFO ] 2020-05-20 14:22:07.038 [main] TTWebsiteDriver - wait over,element found
[INFO ] 2020-05-20 14:22:08.167 [main] GenerateSchedulePage - Following doctor  has been selected from doctor Dropdown : Navya Handa
[INFO ] 2020-05-20 14:22:08.480 [main] GenerateSchedulePage - Plus Button Clicked
[INFO ] 2020-05-20 14:22:08.481 [main] TTWebsiteDriver - wait started for By.xpath: //div[@class='form_line generate_facility']//select[@name='Facility']
[INFO ] 2020-05-20 14:22:08.512 [main] TTWebsiteDriver - wait over,element found
[INFO ] 2020-05-20 14:22:09.640 [main] GenerateSchedulePage - Following facility  has been selected from facility Dropdown : TRIOTREE HOSPITAL
[INFO ] 2020-05-20 14:22:12.584 [main] GenerateSchedulePage - Following Date  has been added in From Date Textbox : 13/Feb/2019
[INFO ] 2020-05-20 14:22:16.627 [main] GenerateSchedulePage - Following Date  has been added in To Date Textbox : 13/Feb/2019
[INFO ] 2020-05-20 14:22:17.752 [main] TTWebsiteDriver - wait started for By.xpath: //select[@id='sitting1fromtime']
[INFO ] 2020-05-20 14:22:17.776 [main] TTWebsiteDriver - wait over,element found
[INFO ] 2020-05-20 14:22:18.984 [main] GenerateSchedulePage - Following From Time  has been selected from From Time Dropdown for Sitting 1 : 15:30
[INFO ] 2020-05-20 14:22:18.984 [main] TTWebsiteDriver - wait started for By.xpath: //select[@id='sitting1totime']
[INFO ] 2020-05-20 14:22:19.008 [main] TTWebsiteDriver - wait over,element found
[INFO ] 2020-05-20 14:22:20.178 [main] GenerateSchedulePage - Following To Time  has been selected from To Time Dropdown for Sitting 1 : 15:40
[INFO ] 2020-05-20 14:22:36.611 [main] GenerateSchedulePage - Right Check clicked For Sitting 1
[INFO ] 2020-05-20 14:22:45.506 [main] TTWebsiteDriver - waiting for locator By.xpath: //select[@id='sitting2fromtime']
[INFO ] 2020-05-20 14:22:45.527 [main] TTWebsiteDriver - Element found
[INFO ] 2020-05-20 14:22:45.694 [main] GenerateSchedulePage - Following From Time  has been selected from From Time Dropdown for Sitting 2 : 16:30
[INFO ] 2020-05-20 14:22:45.695 [main] TTWebsiteDriver - wait started for By.xpath: //select[@id='sitting2totime']
[INFO ] 2020-05-20 14:22:45.727 [main] TTWebsiteDriver - wait over,element found
[INFO ] 2020-05-20 14:22:46.972 [main] GenerateSchedulePage - Following To Time  has been selected from To Time Dropdown for Sitting 2 : 16:45
[INFO ] 2020-05-20 14:22:47.098 [main] GenerateSchedulePage - Right Check clicked For Sitting 2
[INFO ] 2020-05-20 14:22:54.049 [main] GenerateSchedulePage - Save button on header clicked
[INFO ] 2020-05-20 14:22:54.250 [main] GenerateSchedulePage - Save Button on Save Popup Clicked
[INFO ] 2020-05-20 14:22:54.250 [main] TTWebsiteDriver - wait started for By.xpath: //i[@class='fa fa-bars']
[INFO ] 2020-05-20 14:22:54.659 [main] TTWebsiteDriver - wait over,element found
[INFO ] 2020-05-20 14:22:55.725 [main] HISWebsiteBasePage - Menu Clicked
[INFO ] 2020-05-20 14:22:59.733 [main] TTWebsiteDriver - wait started for By.xpath: //li[@id='FODoctorScheduleMenu']//i[2]
[INFO ] 2020-05-20 14:22:59.812 [main] TTWebsiteDriver - wait over,element found
[INFO ] 2020-05-20 14:23:00.842 [main] TTWebsiteDriver - wait started for By.xpath: //li[@id='FODoctorScheduleMenu']//i[2]
[INFO ] 2020-05-20 14:23:00.890 [main] TTWebsiteDriver - wait over,element found
[INFO ] 2020-05-20 14:23:01.919 [main] TTWebsiteDriver - quick wait started for By.xpath: //li[@id='FODoctorScheduleMenu']//i[2]
[INFO ] 2020-05-20 14:23:01.967 [main] TTWebsiteDriver - wait over,element found
[INFO ] 2020-05-20 14:23:02.114 [main] FrontOfficeHomePage - Doctor Schedule Section is Expanded
[INFO ] 2020-05-20 14:23:08.794 [main] FrontOfficeHomePage - Following Option has been selected from Doctor Schedule Section Doctor Schedule
[INFO ] 2020-05-20 14:23:08.794 [main] TTWebsiteDriver - Waiting For Page load via JS
[INFO ] 2020-05-20 14:23:26.830 [main] TTWebsiteDriver - wait started for By.xpath: //select[@name='Facility']
[INFO ] 2020-05-20 14:23:26.909 [main] TTWebsiteDriver - wait over,element found
[INFO ] 2020-05-20 14:23:28.064 [main] DoctorSchedulePage - Following facility  has been selected from facility Dropdown : TRIOTREE HOSPITAL
[INFO ] 2020-05-20 14:23:28.143 [main] DoctorSchedulePage - Search Button Clicked
[INFO ] 2020-05-20 14:23:28.176 [main] TTWebsiteDriver - wait started for By.xpath: //select[@name='Speciality']
[INFO ] 2020-05-20 14:23:28.196 [main] TTWebsiteDriver - wait over,element found
[INFO ] 2020-05-20 14:23:29.403 [main] DoctorSchedulePage - Following speciality  has been selected from speciality Dropdown : Anesthesiast
[INFO ] 2020-05-20 14:23:29.542 [main] DoctorSchedulePage - Search Button Clicked
[INFO ] 2020-05-20 14:23:29.597 [main] DoctorSchedulePage - Clear Button Clicked
[INFO ] 2020-05-20 14:23:29.597 [main] TTWebsiteDriver - wait started for By.xpath: //select[@name='Speciality']
[INFO ] 2020-05-20 14:23:29.611 [main] TTWebsiteDriver - wait over,element found
[INFO ] 2020-05-20 14:23:30.722 [main] DoctorSchedulePage - Following speciality  has been selected from speciality Dropdown : Dermatology
[INFO ] 2020-05-20 14:23:32.516 [main] DoctorSchedulePage - Search Button Near DateClicked
[INFO ] 2020-05-20 14:23:32.516 [main] TTWebsiteDriver - wait started for By.xpath: //select[@name='Doctor']
[INFO ] 2020-05-20 14:23:32.536 [main] TTWebsiteDriver - wait over,element found
[INFO ] 2020-05-20 14:23:34.039 [main] DoctorSchedulePage - Following doctor  has been selected from doctor Dropdown : Navya Handa
[INFO ] 2020-05-20 14:23:34.277 [main] DoctorSchedulePage - Search Button Near DateClicked
[INFO ] 2020-05-20 14:23:35.083 [main] DoctorSchedulePage - Save Button on Appointment scheduling clicked
[INFO ] 2020-05-20 14:23:46.954 [main] TTWebsiteDriver - wait started for By.xpath: //select[@name='Visit Type']
[INFO ] 2020-05-20 14:23:47.033 [main] TTWebsiteDriver - wait over,element found
[INFO ] 2020-05-20 14:24:03.290 [main] DoctorSchedulePage - Following visitType  has been selected from visitType Dropdown : Initial Visit                 
[INFO ] 2020-05-20 14:24:03.409 [main] DoctorSchedulePage - Save Button on Appointment scheduling clicked
[INFO ] 2020-05-20 14:24:04.344 [main] BillingPage - Close Button On Document Checklist popup Clicked
[INFO ] 2020-05-20 14:24:04.344 [main] TTWebsiteDriver - wait started for By.xpath: //a[@id='modal_refresh']//i[@class='fa fa-refresh']
[INFO ] 2020-05-20 14:24:04.363 [main] TTWebsiteDriver - wait over,element found
[INFO ] 2020-05-20 14:24:05.430 [main] BillingPage - Clear Button On Comp Details Popup Clicked
[INFO ] 2020-05-20 14:24:07.431 [main] TTWebsiteDriver - wait started for By.xpath: //span[@id='modelclose123']//i
[INFO ] 2020-05-20 14:24:07.467 [main] TTWebsiteDriver - wait over,element found
[INFO ] 2020-05-20 14:24:08.520 [main] BillingPage - Company Details Popup Button Closed
[INFO ] 2020-05-20 14:24:08.520 [main] TTWebsiteDriver - wait started for By.xpath: //i[@class='fa fa-bars']
[INFO ] 2020-05-20 14:24:08.570 [main] TTWebsiteDriver - wait over,element found
[INFO ] 2020-05-20 14:24:09.649 [main] HISWebsiteBasePage - Menu Clicked
[INFO ] 2020-05-20 14:24:13.658 [main] TTWebsiteDriver - wait started for By.xpath: //a[contains(text(),'Billing')]//i[@class='fa fa-caret-down']
[INFO ] 2020-05-20 14:24:13.737 [main] TTWebsiteDriver - wait over,element found
[INFO ] 2020-05-20 14:24:14.767 [main] TTWebsiteDriver - wait started for By.xpath: //a[contains(text(),'Billing')]//i[@class='fa fa-caret-down']
[INFO ] 2020-05-20 14:24:14.815 [main] TTWebsiteDriver - wait over,element found
[INFO ] 2020-05-20 14:24:15.844 [main] TTWebsiteDriver - quick wait started for By.xpath: //a[contains(text(),'Billing')]//i[@class='fa fa-caret-down']
[INFO ] 2020-05-20 14:24:15.892 [main] TTWebsiteDriver - wait over,element found
[INFO ] 2020-05-20 14:24:16.017 [main] FrontOfficeHomePage - Billing Section is Expanded
[INFO ] 2020-05-20 14:24:23.990 [main] FrontOfficeHomePage - Following Option has been selected from Billing Section Billing
[INFO ] 2020-05-20 14:24:23.991 [main] TTWebsiteDriver - Waiting For Page load via JS
[INFO ] 2020-05-20 14:24:42.009 [main] TTWebsiteDriver - wait started for By.id: uHid
[INFO ] 2020-05-20 14:24:42.088 [main] TTWebsiteDriver - wait over,element found
[INFO ] 2020-05-20 14:25:03.724 [main] TTWebsiteDriver - wait started for By.xpath: //a[@id='schemeRemarksPopupClose']
[INFO ] 2020-05-20 14:25:03.771 [main] TTWebsiteDriver - wait over,element found
[INFO ] 2020-05-20 14:25:04.801 [main] TTWebsiteDriver - wait started for By.xpath: //a[@id='schemeRemarksPopupClose']
[INFO ] 2020-05-20 14:25:04.849 [main] TTWebsiteDriver - wait over,element found
[INFO ] 2020-05-20 14:25:05.878 [main] TTWebsiteDriver - quick wait started for By.xpath: //a[@id='schemeRemarksPopupClose']
[INFO ] 2020-05-20 14:25:05.926 [main] TTWebsiteDriver - wait over,element found
[INFO ] 2020-05-20 14:25:12.203 [main] TTWebsiteDriver - wait started for By.xpath: //div[@class='modal-block-new top30']//i[@class='fa fa-save']
[INFO ] 2020-05-20 14:25:12.282 [main] TTWebsiteDriver - wait over,element found
[INFO ] 2020-05-20 14:25:13.376 [main] BillingPage - Save Button On Document Checklist popup Clicked
[INFO ] 2020-05-20 14:25:15.389 [main] TTWebsiteDriver - wait started for By.xpath: //span[@id='modelclose123']//i
[INFO ] 2020-05-20 14:25:19.508 [main] TTWebsiteDriver - waiting...
[INFO ] 2020-05-20 14:25:23.550 [main] TTWebsiteDriver - waiting...
[INFO ] 2020-05-20 14:25:27.625 [main] TTWebsiteDriver - waiting...
[INFO ] 2020-05-20 14:25:31.684 [main] TTWebsiteDriver - waiting...
[INFO ] 2020-05-20 14:25:35.757 [main] TTWebsiteDriver - waiting...
[INFO ] 2020-05-20 14:25:39.798 [main] TTWebsiteDriver - waiting...
[INFO ] 2020-05-20 14:25:43.887 [main] TTWebsiteDriver - waiting...
[INFO ] 2020-05-20 14:25:47.960 [main] TTWebsiteDriver - waiting...
[INFO ] 2020-05-20 14:25:52.018 [main] TTWebsiteDriver - waiting...
[INFO ] 2020-05-20 14:25:56.106 [main] TTWebsiteDriver - waiting...
[INFO ] 2020-05-20 14:25:56.106 [main] TTWebsiteDriver - ELEMENT NOT FOUND
[INFO ] 2020-05-20 14:25:59.250 [main] BillingPage - Check Box Unchecked on Scheme Details Popup
[INFO ] 2020-05-20 14:25:59.250 [main] TTWebsiteDriver - wait started for By.xpath: //a[@id='schemeclose']//i[@class='fa fa-times']
[INFO ] 2020-05-20 14:25:59.272 [main] TTWebsiteDriver - wait over,element found
[INFO ] 2020-05-20 14:26:00.428 [main] TTWebsiteDriver - wait started for By.xpath: //a[@id='schemeRemarksPopupClose']
[INFO ] 2020-05-20 14:26:00.460 [main] TTWebsiteDriver - wait over,element found
[INFO ] 2020-05-20 14:26:01.489 [main] TTWebsiteDriver - wait started for By.xpath: //a[@id='schemeRemarksPopupClose']
[INFO ] 2020-05-20 14:26:01.537 [main] TTWebsiteDriver - wait over,element found
[INFO ] 2020-05-20 14:26:02.567 [main] TTWebsiteDriver - quick wait started for By.xpath: //a[@id='schemeRemarksPopupClose']
[INFO ] 2020-05-20 14:26:02.615 [main] TTWebsiteDriver - wait over,element found
[INFO ] 2020-05-20 14:26:02.803 [main] TTWebsiteDriver - wait started for By.xpath: //span[@id='remarks_close']//i[@class='fa fa-times']
[INFO ] 2020-05-20 14:26:02.834 [main] TTWebsiteDriver - wait over,element found
[INFO ] 2020-05-20 14:26:03.962 [main] BillingPage - Remarks Popup Button Closed
[INFO ] 2020-05-20 14:26:03.962 [main] TTWebsiteDriver - wait started for By.xpath: //select[@name='ddlspecialization']
[INFO ] 2020-05-20 14:26:03.988 [main] TTWebsiteDriver - wait over,element found
[INFO ] 2020-05-20 14:26:05.266 [main] BillingPage - Following speciality  has been selected from speciality Dropdown : Pathologist
[INFO ] 2020-05-20 14:26:05.266 [main] TTWebsiteDriver - wait started for By.xpath: //li[contains(text(),'Megha')]
[INFO ] 2020-05-20 14:26:05.291 [main] TTWebsiteDriver - wait over,element found
[INFO ] 2020-05-20 14:26:06.656 [main] BillingPage - Following Doctor Name has been Selected : Megha
[INFO ] 2020-05-20 14:26:21.672 [main] TTWebsiteDriver - wait started for By.xpath: //select[@name='ddlspecialization']
[INFO ] 2020-05-20 14:26:21.720 [main] TTWebsiteDriver - wait over,element found
[INFO ] 2020-05-20 14:26:22.932 [main] BillingPage - Following speciality  has been selected from speciality Dropdown : Cardiology
[INFO ] 2020-05-20 14:26:22.932 [main] TTWebsiteDriver - wait started for By.xpath: //li[contains(text(),'Deepak')]
[INFO ] 2020-05-20 14:26:22.957 [main] TTWebsiteDriver - wait over,element found
[INFO ] 2020-05-20 14:26:24.272 [main] BillingPage - Following Doctor Name has been Selected : Deepak
[INFO ] 2020-05-20 14:26:39.478 [main] BillingPage - Diagnostic Icon Clicked
[INFO ] 2020-05-20 14:26:40.967 [main] TTWebsiteDriver - wait started for By.xpath: //li[starts-with(@title,'24hrs Urinary Calcium')]
[INFO ] 2020-05-20 14:26:41.015 [main] TTWebsiteDriver - wait over,element found
[INFO ] 2020-05-20 14:26:44.403 [main] BillingPage - Following Test has been selcted 24hrs Urinary Calcium
[INFO ] 2020-05-20 14:26:44.449 [main] BillingPage - Price Not Defined Message is showing up
[INFO ] 2020-05-20 14:26:46.622 [main] TTWebsiteDriver - wait started for By.xpath: //li[starts-with(@title,'17-Hydroxycorticosteroids, 24hrs Urine')]
[INFO ] 2020-05-20 14:26:46.651 [main] TTWebsiteDriver - wait over,element found
[INFO ] 2020-05-20 14:26:49.939 [main] BillingPage - Following Test has been selcted 17-Hydroxycorticosteroids, 24hrs Urine
[INFO ] 2020-05-20 14:26:51.670 [main] TTWebsiteDriver - wait started for By.xpath: //li[starts-with(@title,'17-Ketosteroids, 24hrs Urine')]
[INFO ] 2020-05-20 14:26:51.718 [main] TTWebsiteDriver - wait over,element found
[INFO ] 2020-05-20 14:26:54.980 [main] BillingPage - Following Test has been selcted 17-Ketosteroids, 24hrs Urine
[INFO ] 2020-05-20 14:26:56.848 [main] TTWebsiteDriver - wait started for By.xpath: //li[starts-with(@title,'X-ray Dorso Lumbar Spine LAT')]
[INFO ] 2020-05-20 14:26:56.912 [main] TTWebsiteDriver - wait over,element found
[INFO ] 2020-05-20 14:27:00.199 [main] BillingPage - Following Test has been selcted X-ray Dorso Lumbar Spine LAT
[INFO ] 2020-05-20 14:27:01.620 [main] TTWebsiteDriver - wait started for By.xpath: //li[starts-with(@title,'X-ray Both Leg Skyline')]
[INFO ] 2020-05-20 14:27:01.668 [main] TTWebsiteDriver - wait over,element found
[INFO ] 2020-05-20 14:27:04.957 [main] BillingPage - Following Test has been selcted X-ray Both Leg Skyline
[INFO ] 2020-05-20 14:27:25.768 [main] TTWebsiteDriver - wait started for By.id: opbillmannual
[INFO ] 2020-05-20 14:27:25.832 [main] TTWebsiteDriver - wait over,element found
[INFO ] 2020-05-20 14:27:26.953 [main] BillingPage - Manual Icon Clicked
[INFO ] 2020-05-20 14:27:29.968 [main] TTWebsiteDriver - wait started for By.xpath: //select[@id='ddlService']
[INFO ] 2020-05-20 14:27:30.047 [main] TTWebsiteDriver - wait over,element found
[INFO ] 2020-05-20 14:27:31.302 [main] BillingPage - Following Name of Service name has been selected from service name Dropdown : Cardiology Services
[INFO ] 2020-05-20 14:27:31.478 [main] BillingPage - Following Description has been added in Description Text Box : Testing
[INFO ] 2020-05-20 14:27:31.561 [main] BillingPage - Following Quantity has been added in Quantity Text Box : 5
[INFO ] 2020-05-20 14:27:31.699 [main] BillingPage - Following Price has been added in Price Text Box : 10.30
[INFO ] 2020-05-20 14:27:36.876 [main] BillingPage - Verify Button Clicked
[INFO ] 2020-05-20 14:27:37.185 [main] BillingPage - Other Services Icon Clicked
[INFO ] 2020-05-20 14:27:37.185 [main] TTWebsiteDriver - wait started for By.xpath: //input[contains(@name,'otherServiceChk')]
[INFO ] 2020-05-20 14:27:37.207 [main] TTWebsiteDriver - wait over,element found
[INFO ] 2020-05-20 14:27:38.427 [main] BillingPage - Choose Services Check box checked
[INFO ] 2020-05-20 14:27:38.427 [main] TTWebsiteDriver - wait started for By.id: ddotherservice
[INFO ] 2020-05-20 14:27:38.444 [main] TTWebsiteDriver - wait over,element found
[INFO ] 2020-05-20 14:27:39.523 [main] BillingPage - Choose Services Dropdown is not enabled
[INFO ] 2020-05-20 14:27:39.523 [main] TTWebsiteDriver - wait started for By.id: ddotherservice
[INFO ] 2020-05-20 14:27:39.555 [main] TTWebsiteDriver - wait over,element found
[INFO ] 2020-05-20 14:27:40.812 [main] BillingPage - Following Service Name has been selected from service Dropdown : Dialysis Procedures
[INFO ] 2020-05-20 14:27:41.056 [main] BillingPage - Following Item has been selected from Services: AV Fistula Day Care Package With Anesthesia
[INFO ] 2020-05-20 14:27:41.364 [main] BillingPage - Speciality And Doctor Selected
[INFO ] 2020-05-20 14:27:41.708 [main] TTWebsiteDriver - wait started for By.xpath: //tbody[@id='tblrefdr']/tr/td[1]
[INFO ] 2020-05-20 14:27:41.732 [main] TTWebsiteDriver - wait over,element found
[INFO ] 2020-05-20 14:27:42.735 [main] TTWebsiteDriver - wait started for By.xpath: //tbody[@id='tblrefdr']/tr/td[1]
[INFO ] 2020-05-20 14:27:42.771 [main] TTWebsiteDriver - wait over,element found
[INFO ] 2020-05-20 14:27:43.787 [main] TTWebsiteDriver - quick wait started for By.xpath: //tbody[@id='tblrefdr']/tr/td[1]
[INFO ] 2020-05-20 14:27:43.837 [main] TTWebsiteDriver - wait over,element found
[INFO ] 2020-05-20 14:27:43.947 [main] BillingPage - Following Reffered By has been added : Deepak Thakur
[INFO ] 2020-05-20 14:27:43.947 [main] TTWebsiteDriver - wait started for By.xpath: //div[contains(@class,'form_line facilitator-name')]//select
[INFO ] 2020-05-20 14:27:43.995 [main] TTWebsiteDriver - wait over,element found
[INFO ] 2020-05-20 14:27:45.245 [main] BillingPage - Following facilitator has been selected from facilitator  Dropdown : 1
[INFO ] 2020-05-20 14:27:45.560 [main] BillingPage - Add to Bill Buttton Clicked
[INFO ] 2020-05-20 14:27:45.560 [main] TTWebsiteDriver - wait started for By.xpath: //div[@class='modal-block-new']//button[text()='Yes']
[INFO ] 2020-05-20 14:27:45.583 [main] TTWebsiteDriver - wait over,element found
[INFO ] 2020-05-20 14:27:46.593 [main] TTWebsiteDriver - wait started for By.xpath: //div[@class='modal-block-new']//button[text()='Yes']
[INFO ] 2020-05-20 14:27:46.640 [main] TTWebsiteDriver - wait over,element found
[INFO ] 2020-05-20 14:27:47.670 [main] TTWebsiteDriver - quick wait started for By.xpath: //div[@class='modal-block-new']//button[text()='Yes']
[INFO ] 2020-05-20 14:27:47.718 [main] TTWebsiteDriver - wait over,element found
[INFO ] 2020-05-20 14:27:48.129 [main] TTWebsiteDriver - wait started for By.xpath: //button[@id='add_invInstruction']
[INFO ] 2020-05-20 14:27:48.152 [main] TTWebsiteDriver - wait over,element found
[INFO ] 2020-05-20 14:27:49.157 [main] TTWebsiteDriver - quick wait started for By.xpath: //button[@id='add_invInstruction']
[INFO ] 2020-05-20 14:27:49.214 [main] TTWebsiteDriver - wait over,element found
[INFO ] 2020-05-20 14:27:49.317 [main] BillingPage - Response has been added in Investigation Popup
[INFO ] 2020-05-20 14:27:49.317 [main] TTWebsiteDriver - wait started for By.xpath: //div[@class='bottom_left_panel']//span[contains(text(),'Discount')]/input
[INFO ] 2020-05-20 14:27:49.350 [main] TTWebsiteDriver - wait over,element found
[INFO ] 2020-05-20 14:27:50.358 [main] TTWebsiteDriver - wait started for By.xpath: //div[@class='bottom_left_panel']//span[contains(text(),'Discount')]/input
[INFO ] 2020-05-20 14:27:50.405 [main] TTWebsiteDriver - wait over,element found
[INFO ] 2020-05-20 14:27:51.435 [main] TTWebsiteDriver - quick wait started for By.xpath: //div[@class='bottom_left_panel']//span[contains(text(),'Discount')]/input
[INFO ] 2020-05-20 14:27:51.483 [main] TTWebsiteDriver - wait over,element found
[INFO ] 2020-05-20 14:27:51.634 [main] BillingPage - Discount Checkbox checked under billing section
[INFO ] 2020-05-20 14:27:51.634 [main] TTWebsiteDriver - wait started for By.xpath: //section[contains(text(),'Provide Discount ?')]//following::a[@id='btndscyes']
[INFO ] 2020-05-20 14:27:51.660 [main] TTWebsiteDriver - wait over,element found
[INFO ] 2020-05-20 14:27:57.801 [main] BillingPage - Yes Btn Under Provide Discount Popup Clicked
[INFO ] 2020-05-20 14:27:57.834 [main] TTWebsiteDriver - wait started for By.xpath: //select[@id='discount_on1']
[INFO ] 2020-05-20 14:27:57.871 [main] TTWebsiteDriver - wait over,element found
[INFO ] 2020-05-20 14:27:59.103 [main] BillingPage - Following Discount On Has been selected from Discount On Dropdown : On Bill
[INFO ] 2020-05-20 14:27:59.103 [main] TTWebsiteDriver - wait started for By.xpath: //section[@class='popupBody_discount']//i[@class='fa fa-save']
[INFO ] 2020-05-20 14:27:59.126 [main] TTWebsiteDriver - wait over,element found
[INFO ] 2020-05-20 14:28:00.136 [main] TTWebsiteDriver - quick wait started for By.xpath: //section[@class='popupBody_discount']//i[@class='fa fa-save']
[INFO ] 2020-05-20 14:28:00.184 [main] TTWebsiteDriver - wait over,element found
[INFO ] 2020-05-20 14:28:00.345 [main] BillingPage - Yes Btn Under Percentage Process Discount Popup Clicked
[INFO ] 2020-05-20 14:28:00.367 [main] TTWebsiteDriver - wait started for By.xpath: //select[@id='discounthead1']
[INFO ] 2020-05-20 14:28:00.390 [main] TTWebsiteDriver - wait over,element found
[INFO ] 2020-05-20 14:28:01.632 [main] BillingPage - Following Discount head Has been selected from Discount Head Dropdown : Automation Testing
[INFO ] 2020-05-20 14:28:01.632 [main] TTWebsiteDriver - wait started for By.xpath: //select[@id='discountreason1']
[INFO ] 2020-05-20 14:28:01.654 [main] TTWebsiteDriver - wait over,element found
[INFO ] 2020-05-20 14:28:02.805 [main] BillingPage - Following Discount Reason Has been selected from Discount Reason Dropdown : 10% Automation Testing
[INFO ] 2020-05-20 14:28:02.805 [main] TTWebsiteDriver - wait started for By.xpath: //section[@class='popupBody_discount']//i[@class='fa fa-save']
[INFO ] 2020-05-20 14:28:02.823 [main] TTWebsiteDriver - wait over,element found
[INFO ] 2020-05-20 14:28:03.830 [main] TTWebsiteDriver - quick wait started for By.xpath: //section[@class='popupBody_discount']//i[@class='fa fa-save']
[INFO ] 2020-05-20 14:28:03.877 [main] TTWebsiteDriver - wait over,element found
[INFO ] 2020-05-20 14:28:03.987 [main] BillingPage - Yes Btn Under Percentage Process Discount Popup Clicked
[INFO ] 2020-05-20 14:28:04.042 [main] TTWebsiteDriver - wait started for By.xpath: //select[@id='ddlAuthorised_dis']
[INFO ] 2020-05-20 14:28:04.067 [main] TTWebsiteDriver - wait over,element found
[INFO ] 2020-05-20 14:28:05.292 [main] BillingPage - Following Authorised By Has been selected from Authorised By Dropdown : Management Decision
[INFO ] 2020-05-20 14:28:05.292 [main] TTWebsiteDriver - wait started for By.xpath: //section[@class='popupBody_discount']//i[@class='fa fa-save']
[INFO ] 2020-05-20 14:28:05.311 [main] TTWebsiteDriver - wait over,element found
[INFO ] 2020-05-20 14:28:06.313 [main] TTWebsiteDriver - quick wait started for By.xpath: //section[@class='popupBody_discount']//i[@class='fa fa-save']
[INFO ] 2020-05-20 14:28:06.347 [main] TTWebsiteDriver - wait over,element found
[INFO ] 2020-05-20 14:28:06.638 [main] BillingPage - Yes Btn Under Percentage Process Discount Popup Clicked
[INFO ] 2020-05-20 14:28:06.690 [main] BillingPage - Billing Button on header clicked
[INFO ] 2020-05-20 14:28:06.690 [main] TTWebsiteDriver - wait started for By.xpath: //a[@id='btnyesbal2']
[INFO ] 2020-05-20 14:28:06.715 [main] TTWebsiteDriver - wait over,element found
[INFO ] 2020-05-20 14:28:07.722 [main] TTWebsiteDriver - wait started for By.xpath: //a[@id='btnyesbal2']
[INFO ] 2020-05-20 14:28:07.770 [main] TTWebsiteDriver - wait over,element found
[INFO ] 2020-05-20 14:28:08.800 [main] TTWebsiteDriver - quick wait started for By.xpath: //a[@id='btnyesbal2']
[INFO ] 2020-05-20 14:28:08.848 [main] TTWebsiteDriver - wait over,element found
[INFO ] 2020-05-20 14:28:09.012 [main] BillingPage - Yes Button On Generate Bill Popup Clicked
[INFO ] 2020-05-20 14:28:09.012 [main] TTWebsiteDriver - wait started for By.xpath: //input[@ctype='amount']
[INFO ] 2020-05-20 14:28:09.094 [main] TTWebsiteDriver - wait over,element found
[INFO ] 2020-05-20 14:28:10.331 [main] BillingPage - Following Amount has been added as patient Paid Amount: 5000
[INFO ] 2020-05-20 14:28:10.405 [main] BillingPage - New Payment Mode Button Clicked
[INFO ] 2020-05-20 14:28:10.550 [main] BillingPage - Second Payment MOde selected as Cheque
[INFO ] 2020-05-20 14:28:22.213 [main] BillingPage - Cheque Details has been filled
[INFO ] 2020-05-20 14:28:32.213 [main] TTWebsiteDriver - wait started for By.xpath: //section[@id='report']
[INFO ] 2020-05-20 14:28:32.292 [main] TTWebsiteDriver - wait over,element found
[INFO ] 2020-05-20 14:28:33.415 [main] BillingPage - Bill Got Generated Successfully
[INFO ] 2020-05-20 14:28:33.415 [main] TTWebsiteDriver - wait started for By.xpath: //a[@id='btnnorep']
[INFO ] 2020-05-20 14:28:33.479 [main] TTWebsiteDriver - wait over,element found
[INFO ] 2020-05-20 14:28:34.508 [main] TTWebsiteDriver - wait started for By.xpath: //a[@id='btnnorep']
[INFO ] 2020-05-20 14:28:34.556 [main] TTWebsiteDriver - wait over,element found
[INFO ] 2020-05-20 14:28:35.586 [main] TTWebsiteDriver - quick wait started for By.xpath: //a[@id='btnnorep']
[INFO ] 2020-05-20 14:28:35.634 [main] TTWebsiteDriver - wait over,element found
[INFO ] 2020-05-20 14:28:35.774 [main] BillingPage - No Button on Bill Got Generated Popup Clicked
[INFO ] 2020-05-20 14:28:35.774 [main] TestListner - [TEST IS SUCCESSFUL -------- Test case frontOfficeScheduling1Test has passed]
