[INFO ] 2020-05-20 14:58:18.152 [main] TTBaseTest - Started execution with  null
[INFO ] 2020-05-20 14:58:18.152 [main] TTBaseTest - Environment properties are not provided by the user ... loading the default properties
[INFO ] 2020-05-20 14:58:18.152 [main] TTBaseTest - Default Browser is  ------ chrome
[INFO ] 2020-05-20 14:58:18.152 [main] TTBaseTest - Default URL is  ------ http://206.19.38.8:8001/HISTreeTesting/Login/Login?ReturnUrl=%2fHistreetesting
[INFO ] 2020-05-20 14:58:18.152 [main] TTBaseTest - Default loginname is  ------ null
[INFO ] 2020-05-20 14:58:18.152 [main] TTBaseTest - Default username is  ------ null
[INFO ] 2020-05-20 14:58:18.152 [main] TTBaseTest - Default user password is  ------ Deepak@1234
[INFO ] 2020-05-20 14:58:22.612 [main] TTWebsiteDriver - Window is maximized
[INFO ] 2020-05-20 14:58:22.662 [main] TTWebsiteDriver - All cookies deleted
[INFO ] 2020-05-20 14:58:23.074 [main] TTWebsiteBaseTest - Application loaded
[INFO ] 2020-05-20 14:58:23.184 [main] DriverManagerDataSource - Loaded JDBC driver: com.microsoft.sqlserver.jdbc.SQLServerDriver
[INFO ] 2020-05-20 14:58:23.185 [main] DBUtil - ConnectionString::jdbc:sqlserver://206.19.38.4;databaseName=SIT_HISTree_TestingAuto;instance=MSSQLSERVER;domain=null
[INFO ] 2020-05-20 14:58:23.185 [main] DBUtil - QUERY TRIGGERED IS select top 1 Name from M_IdCardType where Deleted=0

[INFO ] 2020-05-20 14:58:23.646 [main] DriverManagerDataSource - Loaded JDBC driver: com.microsoft.sqlserver.jdbc.SQLServerDriver
[INFO ] 2020-05-20 14:58:23.646 [main] DBUtil - ConnectionString::jdbc:sqlserver://206.19.38.4;databaseName=SIT_HISTree_TestingAuto;instance=MSSQLSERVER;domain=null
[INFO ] 2020-05-20 14:58:23.646 [main] DBUtil - QUERY TRIGGERED IS select top 1 name from M_OCCUPATION where Deleted=0

[INFO ] 2020-05-20 14:58:23.741 [main] DriverManagerDataSource - Loaded JDBC driver: com.microsoft.sqlserver.jdbc.SQLServerDriver
[INFO ] 2020-05-20 14:58:23.741 [main] DBUtil - ConnectionString::jdbc:sqlserver://206.19.38.4;databaseName=SIT_HISTree_TestingAuto;instance=MSSQLSERVER;domain=null
[INFO ] 2020-05-20 14:58:23.741 [main] DBUtil - QUERY TRIGGERED IS select top 1 Name from M_QUALIFICATION where Deleted=0

[INFO ] 2020-05-20 14:58:23.819 [main] DriverManagerDataSource - Loaded JDBC driver: com.microsoft.sqlserver.jdbc.SQLServerDriver
[INFO ] 2020-05-20 14:58:23.819 [main] DBUtil - ConnectionString::jdbc:sqlserver://206.19.38.4;databaseName=SIT_HISTree_TestingAuto;instance=MSSQLSERVER;domain=null
[INFO ] 2020-05-20 14:58:23.819 [main] DBUtil - QUERY TRIGGERED IS select top 1 Name from m_SourceOfInfo where Deleted=0

[INFO ] 2020-05-20 14:58:23.897 [main] DriverManagerDataSource - Loaded JDBC driver: com.microsoft.sqlserver.jdbc.SQLServerDriver
[INFO ] 2020-05-20 14:58:23.897 [main] DBUtil - ConnectionString::jdbc:sqlserver://206.19.38.4;databaseName=SIT_HISTree_TestingAuto;instance=MSSQLSERVER;domain=null
[INFO ] 2020-05-20 14:58:23.897 [main] DBUtil - QUERY TRIGGERED IS select top 1 NAME from m_city where deleted=0

[INFO ] 2020-05-20 14:58:23.975 [main] DriverManagerDataSource - Loaded JDBC driver: com.microsoft.sqlserver.jdbc.SQLServerDriver
[INFO ] 2020-05-20 14:58:23.975 [main] DBUtil - ConnectionString::jdbc:sqlserver://206.19.38.4;databaseName=SIT_HISTree_TestingAuto;instance=MSSQLSERVER;domain=null
[INFO ] 2020-05-20 14:58:23.975 [main] DBUtil - QUERY TRIGGERED IS select top 1 NAME from m_city where deleted=0

[INFO ] 2020-05-20 14:58:24.053 [main] TestListner - 
******************************************************************************************************************************
					TEST CASE NAME:                  frontOfficeDoctorScheduleWithGenerateScheduleAndRegisterPatientTest
******************************************************************************************************************************
[INFO ] 2020-05-20 14:58:24.336 [main] TTWebsiteDriver - wait started for By.id: btnLogin
[INFO ] 2020-05-20 14:58:24.360 [main] TTWebsiteDriver - wait over,element found
[INFO ] 2020-05-20 14:58:25.368 [main] TTWebsiteDriver - quick wait started for By.id: btnLogin
[INFO ] 2020-05-20 14:58:25.416 [main] TTWebsiteDriver - wait over,element found
[INFO ] 2020-05-20 14:58:25.664 [main] TTWebsiteDriver - wait started for By.xpath: //a[@id='btnYesAlreadyLogedinPopup']
[INFO ] 2020-05-20 14:58:25.690 [main] TTWebsiteDriver - wait over,element found
[INFO ] 2020-05-20 14:58:26.706 [main] TTWebsiteDriver - quick wait started for By.xpath: //a[@id='btnYesAlreadyLogedinPopup']
[INFO ] 2020-05-20 14:58:26.758 [main] TTWebsiteDriver - wait over,element found
[INFO ] 2020-05-20 14:58:27.430 [main] HISHomePage - User has been logged in to HIS Portal
[INFO ] 2020-05-20 14:58:27.432 [main] TTWebsiteDriver - wait started for By.xpath: //span[contains(text(),'Front Office')]//ancestor::a
[INFO ] 2020-05-20 14:58:27.462 [main] TTWebsiteDriver - wait over,element found
[INFO ] 2020-05-20 14:58:28.695 [main] HISHomePage - Front Office Icon Clicked
[INFO ] 2020-05-20 14:58:32.854 [main] HISHomePage - Following Station has been selected from Station Dropdown : Front Office
[INFO ] 2020-05-20 14:58:32.854 [main] TTWebsiteDriver - wait started for By.id: btn_yes_desh
[INFO ] 2020-05-20 14:58:32.901 [main] TTWebsiteDriver - wait over,element found
[INFO ] 2020-05-20 14:58:33.931 [main] TTWebsiteDriver - quick wait started for By.id: btn_yes_desh
[INFO ] 2020-05-20 14:58:33.963 [main] TTWebsiteDriver - wait over,element found
[INFO ] 2020-05-20 14:58:34.740 [main] HISHomePage - YES has been clicked from Station Dropdown
[INFO ] 2020-05-20 14:58:34.741 [main] TTWebsiteDriver - wait started for By.xpath: //li[@id='FODoctorScheduleMenu']//i[2]
[INFO ] 2020-05-20 14:58:34.767 [main] TTWebsiteDriver - wait over,element found
[INFO ] 2020-05-20 14:58:35.777 [main] TTWebsiteDriver - wait started for By.xpath: //li[@id='FODoctorScheduleMenu']//i[2]
[INFO ] 2020-05-20 14:58:35.825 [main] TTWebsiteDriver - wait over,element found
[INFO ] 2020-05-20 14:58:36.855 [main] TTWebsiteDriver - quick wait started for By.xpath: //li[@id='FODoctorScheduleMenu']//i[2]
[INFO ] 2020-05-20 14:58:36.903 [main] TTWebsiteDriver - wait over,element found
[INFO ] 2020-05-20 14:58:37.034 [main] FrontOfficeHomePage - Doctor Schedule Section is Expanded
[INFO ] 2020-05-20 14:58:43.793 [main] FrontOfficeHomePage - Following Option has been selected from Doctor Schedule Section Doctor Schedule
[INFO ] 2020-05-20 14:58:43.794 [main] TTWebsiteDriver - Waiting For Page load via JS
[INFO ] 2020-05-20 14:59:06.972 [main] DoctorSchedulePage - Legend Key Clicked
[INFO ] 2020-05-20 14:59:07.089 [main] DoctorSchedulePage - Legend for Appointment form Closed
[INFO ] 2020-05-20 14:59:07.089 [main] TTWebsiteDriver - wait started for By.xpath: //i[@class='fa fa-bars']
[INFO ] 2020-05-20 14:59:07.110 [main] TTWebsiteDriver - wait over,element found
[INFO ] 2020-05-20 14:59:08.197 [main] HISWebsiteBasePage - Menu Clicked
[INFO ] 2020-05-20 14:59:12.209 [main] TTWebsiteDriver - wait started for By.xpath: //li[@id='FODoctorScheduleMenu']//i[2]
[INFO ] 2020-05-20 14:59:12.288 [main] TTWebsiteDriver - wait over,element found
[INFO ] 2020-05-20 14:59:13.318 [main] TTWebsiteDriver - wait started for By.xpath: //li[@id='FODoctorScheduleMenu']//i[2]
[INFO ] 2020-05-20 14:59:13.366 [main] TTWebsiteDriver - wait over,element found
[INFO ] 2020-05-20 14:59:14.395 [main] TTWebsiteDriver - quick wait started for By.xpath: //li[@id='FODoctorScheduleMenu']//i[2]
[INFO ] 2020-05-20 14:59:14.443 [main] TTWebsiteDriver - wait over,element found
[INFO ] 2020-05-20 14:59:14.584 [main] FrontOfficeHomePage - Doctor Schedule Section is Expanded
[INFO ] 2020-05-20 14:59:21.105 [main] FrontOfficeHomePage - Following Option has been selected from Doctor Schedule Section Generate Schedule
[INFO ] 2020-05-20 14:59:21.105 [main] TTWebsiteDriver - Waiting For Page load via JS
[INFO ] 2020-05-20 14:59:39.246 [main] GenerateSchedulePage - Search Button Clicked
[INFO ] 2020-05-20 14:59:39.313 [main] GenerateSchedulePage - Plus Button Clicked
[INFO ] 2020-05-20 14:59:39.333 [main] TTWebsiteDriver - wait started for By.xpath: //select[@id='drpSpecilization']
[INFO ] 2020-05-20 14:59:39.352 [main] TTWebsiteDriver - wait over,element found
[INFO ] 2020-05-20 14:59:40.544 [main] GenerateSchedulePage - Following specialization  has been selected from specialization Dropdown : Ophthalmology
[INFO ] 2020-05-20 14:59:40.544 [main] TTWebsiteDriver - wait started for By.xpath: //select[@id='drpdoctorname']
[INFO ] 2020-05-20 14:59:40.589 [main] TTWebsiteDriver - wait over,element found
[INFO ] 2020-05-20 14:59:41.717 [main] GenerateSchedulePage - Following doctor  has been selected from doctor Dropdown : Archana G Mahajan
[INFO ] 2020-05-20 14:59:41.740 [main] GenerateSchedulePage - Search Button Clicked
[INFO ] 2020-05-20 14:59:41.832 [main] TTWebsiteDriver - wait started for By.xpath: //select[@id='drpSpecilization']
[INFO ] 2020-05-20 14:59:41.852 [main] TTWebsiteDriver - wait over,element found
[INFO ] 2020-05-20 14:59:43.055 [main] GenerateSchedulePage - Following specialization  has been selected from specialization Dropdown : Neurology
[INFO ] 2020-05-20 14:59:43.055 [main] TTWebsiteDriver - wait started for By.xpath: //select[@id='drpdoctorname']
[INFO ] 2020-05-20 14:59:43.088 [main] TTWebsiteDriver - wait over,element found
[INFO ] 2020-05-20 14:59:44.210 [main] GenerateSchedulePage - Following doctor  has been selected from doctor Dropdown : Vijay Chandra
[INFO ] 2020-05-20 14:59:44.504 [main] GenerateSchedulePage - Plus Button Clicked
[INFO ] 2020-05-20 14:59:44.505 [main] TTWebsiteDriver - wait started for By.xpath: //div[@class='form_line generate_facility']//select[@name='Facility']
[INFO ] 2020-05-20 14:59:44.541 [main] TTWebsiteDriver - wait over,element found
[INFO ] 2020-05-20 14:59:45.677 [main] GenerateSchedulePage - Following facility  has been selected from facility Dropdown : TRIOTREE HOSPITAL
[INFO ] 2020-05-20 14:59:48.633 [main] GenerateSchedulePage - Following Date  has been added in From Date Textbox : 13/Feb/2019
[INFO ] 2020-05-20 14:59:52.684 [main] GenerateSchedulePage - Following Date  has been added in To Date Textbox : 13/Feb/2019
[INFO ] 2020-05-20 14:59:53.801 [main] TTWebsiteDriver - wait started for By.xpath: //select[@id='sitting1fromtime']
[INFO ] 2020-05-20 14:59:53.826 [main] TTWebsiteDriver - wait over,element found
[INFO ] 2020-05-20 14:59:55.094 [main] GenerateSchedulePage - Following From Time  has been selected from From Time Dropdown for Sitting 1 : 15:30
[INFO ] 2020-05-20 14:59:55.095 [main] TTWebsiteDriver - wait started for By.xpath: //select[@id='sitting1totime']
[INFO ] 2020-05-20 14:59:55.113 [main] TTWebsiteDriver - wait over,element found
[INFO ] 2020-05-20 14:59:56.284 [main] GenerateSchedulePage - Following To Time  has been selected from To Time Dropdown for Sitting 1 : 15:40
[INFO ] 2020-05-20 15:00:12.731 [main] GenerateSchedulePage - Right Check clicked For Sitting 1
[INFO ] 2020-05-20 15:00:21.594 [main] TTWebsiteDriver - waiting for locator By.xpath: //select[@id='sitting2fromtime']
[INFO ] 2020-05-20 15:00:21.629 [main] TTWebsiteDriver - Element found
[INFO ] 2020-05-20 15:00:21.841 [main] GenerateSchedulePage - Following From Time  has been selected from From Time Dropdown for Sitting 2 : 16:30
[INFO ] 2020-05-20 15:00:21.841 [main] TTWebsiteDriver - wait started for By.xpath: //select[@id='sitting2totime']
[INFO ] 2020-05-20 15:00:21.875 [main] TTWebsiteDriver - wait over,element found
[INFO ] 2020-05-20 15:00:23.110 [main] GenerateSchedulePage - Following To Time  has been selected from To Time Dropdown for Sitting 2 : 16:45
[INFO ] 2020-05-20 15:00:23.240 [main] GenerateSchedulePage - Right Check clicked For Sitting 2
[INFO ] 2020-05-20 15:00:30.157 [main] GenerateSchedulePage - Save button on header clicked
[INFO ] 2020-05-20 15:00:30.371 [main] GenerateSchedulePage - Save Button on Save Popup Clicked
[INFO ] 2020-05-20 15:00:30.371 [main] TTWebsiteDriver - wait started for By.xpath: //i[@class='fa fa-bars']
[INFO ] 2020-05-20 15:00:30.424 [main] TTWebsiteDriver - wait over,element found
[INFO ] 2020-05-20 15:00:31.517 [main] HISWebsiteBasePage - Menu Clicked
[INFO ] 2020-05-20 15:00:35.528 [main] TTWebsiteDriver - wait started for By.xpath: //li[@id='FODoctorScheduleMenu']//i[2]
[INFO ] 2020-05-20 15:00:35.607 [main] TTWebsiteDriver - wait over,element found
[INFO ] 2020-05-20 15:00:36.637 [main] TTWebsiteDriver - wait started for By.xpath: //li[@id='FODoctorScheduleMenu']//i[2]
[INFO ] 2020-05-20 15:00:36.685 [main] TTWebsiteDriver - wait over,element found
[INFO ] 2020-05-20 15:00:37.715 [main] TTWebsiteDriver - quick wait started for By.xpath: //li[@id='FODoctorScheduleMenu']//i[2]
[INFO ] 2020-05-20 15:00:37.762 [main] TTWebsiteDriver - wait over,element found
[INFO ] 2020-05-20 15:00:37.890 [main] FrontOfficeHomePage - Doctor Schedule Section is Expanded
[INFO ] 2020-05-20 15:00:44.549 [main] FrontOfficeHomePage - Following Option has been selected from Doctor Schedule Section Doctor Schedule
[INFO ] 2020-05-20 15:00:44.549 [main] TTWebsiteDriver - Waiting For Page load via JS
[INFO ] 2020-05-20 15:01:02.581 [main] TTWebsiteDriver - wait started for By.xpath: //select[@name='Facility']
[INFO ] 2020-05-20 15:01:02.644 [main] TTWebsiteDriver - wait over,element found
[INFO ] 2020-05-20 15:01:03.814 [main] DoctorSchedulePage - Following facility  has been selected from facility Dropdown : TRIOTREE HOSPITAL
[INFO ] 2020-05-20 15:01:03.919 [main] DoctorSchedulePage - Search Button Clicked
[INFO ] 2020-05-20 15:01:03.941 [main] TTWebsiteDriver - wait started for By.xpath: //select[@name='Speciality']
[INFO ] 2020-05-20 15:01:03.961 [main] TTWebsiteDriver - wait over,element found
[INFO ] 2020-05-20 15:01:05.159 [main] DoctorSchedulePage - Following speciality  has been selected from speciality Dropdown : Anesthesiast
[INFO ] 2020-05-20 15:01:05.250 [main] DoctorSchedulePage - Search Button Clicked
[INFO ] 2020-05-20 15:01:05.307 [main] DoctorSchedulePage - Clear Button Clicked
[INFO ] 2020-05-20 15:01:05.307 [main] TTWebsiteDriver - wait started for By.xpath: //select[@name='Speciality']
[INFO ] 2020-05-20 15:01:05.328 [main] TTWebsiteDriver - wait over,element found
[INFO ] 2020-05-20 15:01:06.447 [main] DoctorSchedulePage - Following speciality  has been selected from speciality Dropdown : Neurology
[INFO ] 2020-05-20 15:01:06.558 [main] DoctorSchedulePage - Search Button Near DateClicked
[INFO ] 2020-05-20 15:01:06.558 [main] TTWebsiteDriver - wait started for By.xpath: //select[@name='Doctor']
[INFO ] 2020-05-20 15:01:06.582 [main] TTWebsiteDriver - wait over,element found
[INFO ] 2020-05-20 15:01:07.907 [main] DoctorSchedulePage - Following doctor  has been selected from doctor Dropdown : Vijay Chandra
[INFO ] 2020-05-20 15:01:08.083 [main] DoctorSchedulePage - Search Button Near DateClicked
[INFO ] 2020-05-20 15:01:08.488 [main] DoctorSchedulePage - Save Button on Appointment scheduling clicked
[INFO ] 2020-05-20 15:01:19.815 [main] TTWebsiteDriver - wait started for By.xpath: //select[@name='Visit Type']
[INFO ] 2020-05-20 15:01:19.878 [main] TTWebsiteDriver - wait over,element found
[INFO ] 2020-05-20 15:01:36.144 [main] DoctorSchedulePage - Following visitType  has been selected from visitType Dropdown : Initial Visit                 
[INFO ] 2020-05-20 15:01:36.231 [main] DoctorSchedulePage - Save Button on Appointment scheduling clicked
[INFO ] 2020-05-20 15:01:41.234 [main] TestListner - [TEST IS SUCCESSFUL -------- Test case frontOfficeDoctorScheduleWithGenerateScheduleAndRegisterPatientTest has passed]
