[INFO ] 2020-05-20 10:41:10.216 [main] TTBaseTest - Started execution with  null
[INFO ] 2020-05-20 10:41:10.229 [main] TTBaseTest - Environment properties are not provided by the user ... loading the default properties
[INFO ] 2020-05-20 10:41:10.230 [main] TTBaseTest - Default Browser is  ------ chrome
[INFO ] 2020-05-20 10:41:10.230 [main] TTBaseTest - Default URL is  ------ http://206.19.38.8:8001/HISTreeTesting/Login/Login?ReturnUrl=%2fHistreetesting
[INFO ] 2020-05-20 10:41:10.230 [main] TTBaseTest - Default loginname is  ------ null
[INFO ] 2020-05-20 10:41:10.230 [main] TTBaseTest - Default username is  ------ null
[INFO ] 2020-05-20 10:41:10.230 [main] TTBaseTest - Default user password is  ------ Deepak@1234
[INFO ] 2020-05-20 10:41:14.533 [main] TTWebsiteDriver - Window is maximized
[INFO ] 2020-05-20 10:41:14.569 [main] TTWebsiteDriver - All cookies deleted
[INFO ] 2020-05-20 10:41:15.231 [main] TTWebsiteBaseTest - Application loaded
[INFO ] 2020-05-20 10:41:15.349 [main] DriverManagerDataSource - Loaded JDBC driver: com.microsoft.sqlserver.jdbc.SQLServerDriver
[INFO ] 2020-05-20 10:41:15.349 [main] DBUtil - ConnectionString::jdbc:sqlserver://206.19.38.4;databaseName=SIT_HISTree_TestingAuto;instance=MSSQLSERVER;domain=null
[INFO ] 2020-05-20 10:41:15.349 [main] DBUtil - QUERY TRIGGERED IS select top 1 Name from M_IdCardType where Deleted=0

[INFO ] 2020-05-20 10:41:15.773 [main] DriverManagerDataSource - Loaded JDBC driver: com.microsoft.sqlserver.jdbc.SQLServerDriver
[INFO ] 2020-05-20 10:41:15.774 [main] DBUtil - ConnectionString::jdbc:sqlserver://206.19.38.4;databaseName=SIT_HISTree_TestingAuto;instance=MSSQLSERVER;domain=null
[INFO ] 2020-05-20 10:41:15.774 [main] DBUtil - QUERY TRIGGERED IS select top 1 name from M_OCCUPATION where Deleted=0

[INFO ] 2020-05-20 10:41:15.873 [main] DriverManagerDataSource - Loaded JDBC driver: com.microsoft.sqlserver.jdbc.SQLServerDriver
[INFO ] 2020-05-20 10:41:15.873 [main] DBUtil - ConnectionString::jdbc:sqlserver://206.19.38.4;databaseName=SIT_HISTree_TestingAuto;instance=MSSQLSERVER;domain=null
[INFO ] 2020-05-20 10:41:15.873 [main] DBUtil - QUERY TRIGGERED IS select top 1 Name from M_QUALIFICATION where Deleted=0

[INFO ] 2020-05-20 10:41:15.954 [main] DriverManagerDataSource - Loaded JDBC driver: com.microsoft.sqlserver.jdbc.SQLServerDriver
[INFO ] 2020-05-20 10:41:15.955 [main] DBUtil - ConnectionString::jdbc:sqlserver://206.19.38.4;databaseName=SIT_HISTree_TestingAuto;instance=MSSQLSERVER;domain=null
[INFO ] 2020-05-20 10:41:15.955 [main] DBUtil - QUERY TRIGGERED IS select top 1 Name from m_SourceOfInfo where Deleted=0

[INFO ] 2020-05-20 10:41:16.036 [main] DriverManagerDataSource - Loaded JDBC driver: com.microsoft.sqlserver.jdbc.SQLServerDriver
[INFO ] 2020-05-20 10:41:16.037 [main] DBUtil - ConnectionString::jdbc:sqlserver://206.19.38.4;databaseName=SIT_HISTree_TestingAuto;instance=MSSQLSERVER;domain=null
[INFO ] 2020-05-20 10:41:16.037 [main] DBUtil - QUERY TRIGGERED IS select top 1 NAME from m_city where deleted=0

[INFO ] 2020-05-20 10:41:16.116 [main] DriverManagerDataSource - Loaded JDBC driver: com.microsoft.sqlserver.jdbc.SQLServerDriver
[INFO ] 2020-05-20 10:41:16.117 [main] DBUtil - ConnectionString::jdbc:sqlserver://206.19.38.4;databaseName=SIT_HISTree_TestingAuto;instance=MSSQLSERVER;domain=null
[INFO ] 2020-05-20 10:41:16.117 [main] DBUtil - QUERY TRIGGERED IS select top 1 NAME from m_city where deleted=0

[INFO ] 2020-05-20 10:41:16.204 [main] TestListner - 
******************************************************************************************************************************
					TEST CASE NAME:                  frontOfficeDOBSearchFieldInAllScreenTest
******************************************************************************************************************************
[INFO ] 2020-05-20 10:41:16.550 [main] TTWebsiteDriver - wait started for By.id: btnLogin
[INFO ] 2020-05-20 10:41:16.578 [main] TTWebsiteDriver - wait over,element found
[INFO ] 2020-05-20 10:41:17.582 [main] TTWebsiteDriver - quick wait started for By.id: btnLogin
[INFO ] 2020-05-20 10:41:17.610 [main] TTWebsiteDriver - wait over,element found
[INFO ] 2020-05-20 10:41:17.838 [main] TTWebsiteDriver - wait started for By.xpath: //a[@id='btnYesAlreadyLogedinPopup']
[INFO ] 2020-05-20 10:41:17.877 [main] TTWebsiteDriver - wait over,element found
[INFO ] 2020-05-20 10:41:18.881 [main] TTWebsiteDriver - quick wait started for By.xpath: //a[@id='btnYesAlreadyLogedinPopup']
[INFO ] 2020-05-20 10:41:18.904 [main] TTWebsiteDriver - wait over,element found
[INFO ] 2020-05-20 10:41:19.590 [main] HISHomePage - User has been logged in to HIS Portal
[INFO ] 2020-05-20 10:41:19.591 [main] TTWebsiteDriver - wait started for By.xpath: //span[contains(text(),'Front Office')]//ancestor::a
[INFO ] 2020-05-20 10:41:19.616 [main] TTWebsiteDriver - wait over,element found
[INFO ] 2020-05-20 10:41:20.774 [main] HISHomePage - Front Office Icon Clicked
[INFO ] 2020-05-20 10:41:24.871 [main] HISHomePage - Following Station has been selected from Station Dropdown : Front Office
[INFO ] 2020-05-20 10:41:24.872 [main] TTWebsiteDriver - wait started for By.id: btn_yes_desh
[INFO ] 2020-05-20 10:41:24.893 [main] TTWebsiteDriver - wait over,element found
[INFO ] 2020-05-20 10:41:25.896 [main] TTWebsiteDriver - quick wait started for By.id: btn_yes_desh
[INFO ] 2020-05-20 10:41:25.918 [main] TTWebsiteDriver - wait over,element found
[INFO ] 2020-05-20 10:41:26.565 [main] HISHomePage - YES has been clicked from Station Dropdown
[INFO ] 2020-05-20 10:41:26.565 [main] TTWebsiteDriver - wait started for By.xpath: //li[@id='FOAddPatientMenu']//i[2]
[INFO ] 2020-05-20 10:41:26.590 [main] TTWebsiteDriver - wait over,element found
[INFO ] 2020-05-20 10:41:27.594 [main] TTWebsiteDriver - wait started for By.xpath: //li[@id='FOAddPatientMenu']//i[2]
[INFO ] 2020-05-20 10:41:27.618 [main] TTWebsiteDriver - wait over,element found
[INFO ] 2020-05-20 10:41:28.623 [main] TTWebsiteDriver - quick wait started for By.xpath: //li[@id='FOAddPatientMenu']//i[2]
[INFO ] 2020-05-20 10:41:28.652 [main] TTWebsiteDriver - wait over,element found
[INFO ] 2020-05-20 10:41:28.750 [main] FrontOfficeHomePage - Add Patient Section is Expanded
[INFO ] 2020-05-20 10:41:37.139 [main] FrontOfficeHomePage - Following Option has been selected from Add Patient Section Patient Registration
[INFO ] 2020-05-20 10:41:37.139 [main] TTWebsiteDriver - Waiting For Page load via JS
[INFO ] 2020-05-20 10:41:55.163 [main] TTWebsiteDriver - waiting for locator By.xpath: //i[@id='searchnew']
[INFO ] 2020-05-20 10:41:55.219 [main] TTWebsiteDriver - Element found
[INFO ] 2020-05-20 10:41:55.220 [main] TTWebsiteDriver - wait started for By.xpath: //i[@id='searchnew']
[INFO ] 2020-05-20 10:41:55.243 [main] TTWebsiteDriver - wait over,element found
[INFO ] 2020-05-20 10:41:56.246 [main] TTWebsiteDriver - quick wait started for By.xpath: //i[@id='searchnew']
[INFO ] 2020-05-20 10:41:56.286 [main] TTWebsiteDriver - wait over,element found
[INFO ] 2020-05-20 10:41:56.390 [main] TTWebsiteDriver - waiting for locator By.xpath: //input[@id='modal_DOB']
[INFO ] 2020-05-20 10:41:56.432 [main] TTWebsiteDriver - Element found
[INFO ] 2020-05-20 10:41:57.071 [main] TTWebsiteDriver - waiting for locator By.xpath: //a[@id='search_button']//i[@class='fa fa-search']
[INFO ] 2020-05-20 10:41:57.099 [main] TTWebsiteDriver - Element found
[INFO ] 2020-05-20 10:42:00.148 [main] TTWebsiteDriver - waiting for locator By.xpath: //input[@id='modal_DOB']
[INFO ] 2020-05-20 10:42:00.195 [main] TTWebsiteDriver - Element found
[INFO ] 2020-05-20 10:42:00.627 [main] TTWebsiteDriver - waiting for locator By.xpath: //a[@id='search_button']//i[@class='fa fa-search']
[INFO ] 2020-05-20 10:42:00.660 [main] TTWebsiteDriver - Element found
[INFO ] 2020-05-20 10:42:03.686 [main] TTWebsiteDriver - waiting for locator By.xpath: //table[@id='searchResultsTable']//tr[@class='patient_row'][1]
[INFO ] 2020-05-20 10:42:06.150 [main] TTWebsiteDriver - Element found
[INFO ] 2020-05-20 10:42:06.226 [main] TTWebsiteDriver - waiting for locator By.xpath: //h1[contains(text(),'Patient Demographics')]
[INFO ] 2020-05-20 10:42:06.252 [main] TTWebsiteDriver - Element found
[INFO ] 2020-05-20 10:42:06.315 [main] TTWebsiteDriver - wait started for By.xpath: //i[@class='fa fa-bars']
[INFO ] 2020-05-20 10:42:06.342 [main] TTWebsiteDriver - wait over,element found
[INFO ] 2020-05-20 10:42:07.399 [main] HISWebsiteBasePage - Menu Clicked
[INFO ] 2020-05-20 10:42:11.400 [main] TTWebsiteDriver - wait started for By.xpath: //li[@id='FOAddPatientMenu']//i[2]
[INFO ] 2020-05-20 10:42:11.449 [main] TTWebsiteDriver - wait over,element found
[INFO ] 2020-05-20 10:42:12.452 [main] TTWebsiteDriver - wait started for By.xpath: //li[@id='FOAddPatientMenu']//i[2]
[INFO ] 2020-05-20 10:42:12.487 [main] TTWebsiteDriver - wait over,element found
[INFO ] 2020-05-20 10:42:13.492 [main] TTWebsiteDriver - quick wait started for By.xpath: //li[@id='FOAddPatientMenu']//i[2]
[INFO ] 2020-05-20 10:42:13.527 [main] TTWebsiteDriver - wait over,element found
[INFO ] 2020-05-20 10:42:14.075 [main] TestListner - Test has failed with TestResult status = 2
[INFO ] 2020-05-20 10:42:14.075 [main] TestListner - [TEST HAS FAILED-------- Test case frontOfficeDOBSearchFieldInAllScreenTest has failed]. The reason is org.openqa.selenium.WebDriverException: unknown error: Element <i class="fa fa-caret-down"></i> is not clickable at point (242, 105). Other element would receive the click: <div class="modal"></div>
  (Session info: chrome=83.0.4103.61)
  (Driver info: chromedriver=2.40.565498 (ea082db3280dd6843ebfb08a625e3eb905c4f5ab),platform=Windows NT 6.1.7601 SP1 x86_64) (WARNING: The server did not provide any stacktrace information)
Command duration or timeout: 0 milliseconds
Build info: version: '3.7.1', revision: '8a0099a', time: '2017-11-06T21:01:39.354Z'
System info: host: 'NISHANTSHARMA', ip: '206.19.38.23', os.name: 'Windows 7', os.arch: 'amd64', os.version: '6.1', java.version: '10.0.2'
Driver info: org.openqa.selenium.chrome.ChromeDriver
Capabilities {acceptInsecureCerts: false, acceptSslCerts: false, applicationCacheEnabled: false, browserConnectionEnabled: false, browserName: chrome, chrome: {chromedriverVersion: 2.40.565498 (ea082db3280dd6..., userDataDir: C:\Users\NISHAN~1\AppData\L...}, cssSelectorsEnabled: true, databaseEnabled: false, handlesAlerts: true, hasTouchScreen: false, javascriptEnabled: true, locationContextEnabled: true, mobileEmulationEnabled: false, nativeEvents: true, networkConnectionEnabled: false, pageLoadStrategy: normal, platform: XP, platformName: XP, rotatable: false, setWindowRect: true, takesHeapSnapshot: true, takesScreenshot: true, unexpectedAlertBehaviour: , unhandledPromptBehavior: , version: 83.0.4103.61, webStorageEnabled: true}
Session ID: e4ef770d7ea15ce516923474b20a155d
