[INFO ] 2020-05-20 14:53:41.920 [main] TTBaseTest - Started execution with  null
[INFO ] 2020-05-20 14:53:41.920 [main] TTBaseTest - Environment properties are not provided by the user ... loading the default properties
[INFO ] 2020-05-20 14:53:41.920 [main] TTBaseTest - Default Browser is  ------ chrome
[INFO ] 2020-05-20 14:53:41.920 [main] TTBaseTest - Default URL is  ------ http://206.19.38.8:8001/HISTreeTesting/Login/Login?ReturnUrl=%2fHistreetesting
[INFO ] 2020-05-20 14:53:41.920 [main] TTBaseTest - Default loginname is  ------ null
[INFO ] 2020-05-20 14:53:41.920 [main] TTBaseTest - Default username is  ------ null
[INFO ] 2020-05-20 14:53:41.920 [main] TTBaseTest - Default user password is  ------ Deepak@1234
[INFO ] 2020-05-20 14:53:46.330 [main] TTWebsiteDriver - Window is maximized
[INFO ] 2020-05-20 14:53:46.372 [main] TTWebsiteDriver - All cookies deleted
[INFO ] 2020-05-20 14:53:46.900 [main] TTWebsiteBaseTest - Application loaded
[INFO ] 2020-05-20 14:53:46.996 [main] DriverManagerDataSource - Loaded JDBC driver: com.microsoft.sqlserver.jdbc.SQLServerDriver
[INFO ] 2020-05-20 14:53:46.996 [main] DBUtil - ConnectionString::jdbc:sqlserver://206.19.38.4;databaseName=SIT_HISTree_TestingAuto;instance=MSSQLSERVER;domain=null
[INFO ] 2020-05-20 14:53:46.997 [main] DBUtil - QUERY TRIGGERED IS select top 1 Name from M_IdCardType where Deleted=0

[INFO ] 2020-05-20 14:53:47.460 [main] DriverManagerDataSource - Loaded JDBC driver: com.microsoft.sqlserver.jdbc.SQLServerDriver
[INFO ] 2020-05-20 14:53:47.460 [main] DBUtil - ConnectionString::jdbc:sqlserver://206.19.38.4;databaseName=SIT_HISTree_TestingAuto;instance=MSSQLSERVER;domain=null
[INFO ] 2020-05-20 14:53:47.460 [main] DBUtil - QUERY TRIGGERED IS select top 1 name from M_OCCUPATION where Deleted=0

[INFO ] 2020-05-20 14:53:47.571 [main] DriverManagerDataSource - Loaded JDBC driver: com.microsoft.sqlserver.jdbc.SQLServerDriver
[INFO ] 2020-05-20 14:53:47.571 [main] DBUtil - ConnectionString::jdbc:sqlserver://206.19.38.4;databaseName=SIT_HISTree_TestingAuto;instance=MSSQLSERVER;domain=null
[INFO ] 2020-05-20 14:53:47.571 [main] DBUtil - QUERY TRIGGERED IS select top 1 Name from M_QUALIFICATION where Deleted=0

[INFO ] 2020-05-20 14:53:47.633 [main] DriverManagerDataSource - Loaded JDBC driver: com.microsoft.sqlserver.jdbc.SQLServerDriver
[INFO ] 2020-05-20 14:53:47.633 [main] DBUtil - ConnectionString::jdbc:sqlserver://206.19.38.4;databaseName=SIT_HISTree_TestingAuto;instance=MSSQLSERVER;domain=null
[INFO ] 2020-05-20 14:53:47.633 [main] DBUtil - QUERY TRIGGERED IS select top 1 Name from m_SourceOfInfo where Deleted=0

[INFO ] 2020-05-20 14:53:47.695 [main] DriverManagerDataSource - Loaded JDBC driver: com.microsoft.sqlserver.jdbc.SQLServerDriver
[INFO ] 2020-05-20 14:53:47.711 [main] DBUtil - ConnectionString::jdbc:sqlserver://206.19.38.4;databaseName=SIT_HISTree_TestingAuto;instance=MSSQLSERVER;domain=null
[INFO ] 2020-05-20 14:53:47.711 [main] DBUtil - QUERY TRIGGERED IS select top 1 NAME from m_city where deleted=0

[INFO ] 2020-05-20 14:53:47.773 [main] DriverManagerDataSource - Loaded JDBC driver: com.microsoft.sqlserver.jdbc.SQLServerDriver
[INFO ] 2020-05-20 14:53:47.773 [main] DBUtil - ConnectionString::jdbc:sqlserver://206.19.38.4;databaseName=SIT_HISTree_TestingAuto;instance=MSSQLSERVER;domain=null
[INFO ] 2020-05-20 14:53:47.773 [main] DBUtil - QUERY TRIGGERED IS select top 1 NAME from m_city where deleted=0

[INFO ] 2020-05-20 14:53:47.836 [main] TestListner - 
******************************************************************************************************************************
					TEST CASE NAME:                  frontOfficeDoctorSchedulingWithLinkUHIDTest
******************************************************************************************************************************
[INFO ] 2020-05-20 14:53:48.128 [main] TTWebsiteDriver - wait started for By.id: btnLogin
[INFO ] 2020-05-20 14:53:48.171 [main] TTWebsiteDriver - wait over,element found
[INFO ] 2020-05-20 14:53:49.186 [main] TTWebsiteDriver - quick wait started for By.id: btnLogin
[INFO ] 2020-05-20 14:53:49.234 [main] TTWebsiteDriver - wait over,element found
[INFO ] 2020-05-20 14:53:49.480 [main] TTWebsiteDriver - wait started for By.xpath: //a[@id='btnYesAlreadyLogedinPopup']
[INFO ] 2020-05-20 14:53:49.505 [main] TTWebsiteDriver - wait over,element found
[INFO ] 2020-05-20 14:53:50.515 [main] TTWebsiteDriver - quick wait started for By.xpath: //a[@id='btnYesAlreadyLogedinPopup']
[INFO ] 2020-05-20 14:53:50.547 [main] TTWebsiteDriver - wait over,element found
[INFO ] 2020-05-20 14:53:51.132 [main] HISHomePage - User has been logged in to HIS Portal
[INFO ] 2020-05-20 14:53:51.132 [main] TTWebsiteDriver - wait started for By.xpath: //span[contains(text(),'Front Office')]//ancestor::a
[INFO ] 2020-05-20 14:53:51.161 [main] TTWebsiteDriver - wait over,element found
[INFO ] 2020-05-20 14:53:52.400 [main] HISHomePage - Front Office Icon Clicked
[INFO ] 2020-05-20 14:53:56.569 [main] HISHomePage - Following Station has been selected from Station Dropdown : Front Office
[INFO ] 2020-05-20 14:53:56.569 [main] TTWebsiteDriver - wait started for By.id: btn_yes_desh
[INFO ] 2020-05-20 14:53:56.632 [main] TTWebsiteDriver - wait over,element found
[INFO ] 2020-05-20 14:53:57.662 [main] TTWebsiteDriver - quick wait started for By.id: btn_yes_desh
[INFO ] 2020-05-20 14:53:57.709 [main] TTWebsiteDriver - wait over,element found
[INFO ] 2020-05-20 14:53:58.392 [main] HISHomePage - YES has been clicked from Station Dropdown
[INFO ] 2020-05-20 14:53:58.392 [main] TTWebsiteDriver - wait started for By.xpath: //li[@id='FODoctorScheduleMenu']//i[2]
[INFO ] 2020-05-20 14:53:58.415 [main] TTWebsiteDriver - wait over,element found
[INFO ] 2020-05-20 14:53:59.431 [main] TTWebsiteDriver - wait started for By.xpath: //li[@id='FODoctorScheduleMenu']//i[2]
[INFO ] 2020-05-20 14:53:59.479 [main] TTWebsiteDriver - wait over,element found
[INFO ] 2020-05-20 14:54:00.509 [main] TTWebsiteDriver - quick wait started for By.xpath: //li[@id='FODoctorScheduleMenu']//i[2]
[INFO ] 2020-05-20 14:54:00.556 [main] TTWebsiteDriver - wait over,element found
[INFO ] 2020-05-20 14:54:00.681 [main] FrontOfficeHomePage - Doctor Schedule Section is Expanded
[INFO ] 2020-05-20 14:54:07.921 [main] FrontOfficeHomePage - Following Option has been selected from Doctor Schedule Section Doctor Schedule
[INFO ] 2020-05-20 14:54:07.922 [main] TTWebsiteDriver - Waiting For Page load via JS
[INFO ] 2020-05-20 14:54:31.108 [main] DoctorSchedulePage - Legend Key Clicked
[INFO ] 2020-05-20 14:54:31.209 [main] DoctorSchedulePage - Legend for Appointment form Closed
[INFO ] 2020-05-20 14:54:31.209 [main] TTWebsiteDriver - wait started for By.xpath: //i[@class='fa fa-bars']
[INFO ] 2020-05-20 14:54:31.230 [main] TTWebsiteDriver - wait over,element found
[INFO ] 2020-05-20 14:54:32.291 [main] HISWebsiteBasePage - Menu Clicked
[INFO ] 2020-05-20 14:54:36.303 [main] TTWebsiteDriver - wait started for By.xpath: //li[@id='FODoctorScheduleMenu']//i[2]
[INFO ] 2020-05-20 14:54:36.382 [main] TTWebsiteDriver - wait over,element found
[INFO ] 2020-05-20 14:54:37.412 [main] TTWebsiteDriver - wait started for By.xpath: //li[@id='FODoctorScheduleMenu']//i[2]
[INFO ] 2020-05-20 14:54:37.459 [main] TTWebsiteDriver - wait over,element found
[INFO ] 2020-05-20 14:54:38.489 [main] TTWebsiteDriver - quick wait started for By.xpath: //li[@id='FODoctorScheduleMenu']//i[2]
[INFO ] 2020-05-20 14:54:38.537 [main] TTWebsiteDriver - wait over,element found
[INFO ] 2020-05-20 14:54:38.677 [main] FrontOfficeHomePage - Doctor Schedule Section is Expanded
[INFO ] 2020-05-20 14:54:45.124 [main] FrontOfficeHomePage - Following Option has been selected from Doctor Schedule Section Generate Schedule
[INFO ] 2020-05-20 14:54:45.124 [main] TTWebsiteDriver - Waiting For Page load via JS
[INFO ] 2020-05-20 14:55:03.206 [main] GenerateSchedulePage - Search Button Clicked
[INFO ] 2020-05-20 14:55:03.270 [main] GenerateSchedulePage - Plus Button Clicked
[INFO ] 2020-05-20 14:55:03.291 [main] TTWebsiteDriver - wait started for By.xpath: //select[@id='drpSpecilization']
[INFO ] 2020-05-20 14:55:03.312 [main] TTWebsiteDriver - wait over,element found
[INFO ] 2020-05-20 14:55:04.461 [main] GenerateSchedulePage - Following specialization  has been selected from specialization Dropdown : Ophthalmology
[INFO ] 2020-05-20 14:55:04.462 [main] TTWebsiteDriver - wait started for By.xpath: //select[@id='drpdoctorname']
[INFO ] 2020-05-20 14:55:04.494 [main] TTWebsiteDriver - wait over,element found
[INFO ] 2020-05-20 14:55:05.643 [main] GenerateSchedulePage - Following doctor  has been selected from doctor Dropdown : Archana G Mahajan
[INFO ] 2020-05-20 14:55:05.675 [main] GenerateSchedulePage - Search Button Clicked
[INFO ] 2020-05-20 14:55:05.706 [main] TTWebsiteDriver - wait started for By.xpath: //select[@id='drpSpecilization']
[INFO ] 2020-05-20 14:55:05.722 [main] TTWebsiteDriver - wait over,element found
[INFO ] 2020-05-20 14:55:06.853 [main] GenerateSchedulePage - Following specialization  has been selected from specialization Dropdown : Neurology
[INFO ] 2020-05-20 14:55:06.853 [main] TTWebsiteDriver - wait started for By.xpath: //select[@id='drpdoctorname']
[INFO ] 2020-05-20 14:55:06.875 [main] TTWebsiteDriver - wait over,element found
[INFO ] 2020-05-20 14:55:07.994 [main] GenerateSchedulePage - Following doctor  has been selected from doctor Dropdown : Vijay Chandra
[INFO ] 2020-05-20 14:55:08.312 [main] GenerateSchedulePage - Plus Button Clicked
[INFO ] 2020-05-20 14:55:08.312 [main] TTWebsiteDriver - wait started for By.xpath: //div[@class='form_line generate_facility']//select[@name='Facility']
[INFO ] 2020-05-20 14:55:08.345 [main] TTWebsiteDriver - wait over,element found
[INFO ] 2020-05-20 14:55:09.488 [main] GenerateSchedulePage - Following facility  has been selected from facility Dropdown : TRIOTREE HOSPITAL
[INFO ] 2020-05-20 14:55:12.437 [main] GenerateSchedulePage - Following Date  has been added in From Date Textbox : 13/Feb/2019
[INFO ] 2020-05-20 14:55:16.461 [main] GenerateSchedulePage - Following Date  has been added in To Date Textbox : 13/Feb/2019
[INFO ] 2020-05-20 14:55:17.573 [main] TTWebsiteDriver - wait started for By.xpath: //select[@id='sitting1fromtime']
[INFO ] 2020-05-20 14:55:17.602 [main] TTWebsiteDriver - wait over,element found
[INFO ] 2020-05-20 14:55:18.843 [main] GenerateSchedulePage - Following From Time  has been selected from From Time Dropdown for Sitting 1 : 15:30
[INFO ] 2020-05-20 14:55:18.843 [main] TTWebsiteDriver - wait started for By.xpath: //select[@id='sitting1totime']
[INFO ] 2020-05-20 14:55:18.867 [main] TTWebsiteDriver - wait over,element found
[INFO ] 2020-05-20 14:55:20.051 [main] GenerateSchedulePage - Following To Time  has been selected from To Time Dropdown for Sitting 1 : 15:40
[INFO ] 2020-05-20 14:55:36.483 [main] GenerateSchedulePage - Right Check clicked For Sitting 1
[INFO ] 2020-05-20 14:55:45.323 [main] TTWebsiteDriver - waiting for locator By.xpath: //select[@id='sitting2fromtime']
[INFO ] 2020-05-20 14:55:45.354 [main] TTWebsiteDriver - Element found
[INFO ] 2020-05-20 14:55:45.547 [main] GenerateSchedulePage - Following From Time  has been selected from From Time Dropdown for Sitting 2 : 16:30
[INFO ] 2020-05-20 14:55:45.547 [main] TTWebsiteDriver - wait started for By.xpath: //select[@id='sitting2totime']
[INFO ] 2020-05-20 14:55:45.589 [main] TTWebsiteDriver - wait over,element found
[INFO ] 2020-05-20 14:55:46.827 [main] GenerateSchedulePage - Following To Time  has been selected from To Time Dropdown for Sitting 2 : 16:45
[INFO ] 2020-05-20 14:55:46.959 [main] GenerateSchedulePage - Right Check clicked For Sitting 2
[INFO ] 2020-05-20 14:55:53.863 [main] GenerateSchedulePage - Save button on header clicked
[INFO ] 2020-05-20 14:55:54.077 [main] GenerateSchedulePage - Save Button on Save Popup Clicked
[INFO ] 2020-05-20 14:55:54.077 [main] TTWebsiteDriver - wait started for By.xpath: //i[@class='fa fa-bars']
[INFO ] 2020-05-20 14:55:54.135 [main] TTWebsiteDriver - wait over,element found
[INFO ] 2020-05-20 14:55:55.222 [main] HISWebsiteBasePage - Menu Clicked
[INFO ] 2020-05-20 14:55:59.230 [main] TTWebsiteDriver - wait started for By.xpath: //li[@id='FODoctorScheduleMenu']//i[2]
[INFO ] 2020-05-20 14:55:59.309 [main] TTWebsiteDriver - wait over,element found
[INFO ] 2020-05-20 14:56:00.354 [main] TTWebsiteDriver - wait started for By.xpath: //li[@id='FODoctorScheduleMenu']//i[2]
[INFO ] 2020-05-20 14:56:00.402 [main] TTWebsiteDriver - wait over,element found
[INFO ] 2020-05-20 14:56:01.431 [main] TTWebsiteDriver - quick wait started for By.xpath: //li[@id='FODoctorScheduleMenu']//i[2]
[INFO ] 2020-05-20 14:56:01.479 [main] TTWebsiteDriver - wait over,element found
[INFO ] 2020-05-20 14:56:01.612 [main] FrontOfficeHomePage - Doctor Schedule Section is Expanded
[INFO ] 2020-05-20 14:56:08.797 [main] FrontOfficeHomePage - Following Option has been selected from Doctor Schedule Section Doctor Schedule
[INFO ] 2020-05-20 14:56:08.798 [main] TTWebsiteDriver - Waiting For Page load via JS
[INFO ] 2020-05-20 14:56:26.813 [main] TTWebsiteDriver - wait started for By.xpath: //select[@name='Facility']
[INFO ] 2020-05-20 14:56:26.892 [main] TTWebsiteDriver - wait over,element found
[INFO ] 2020-05-20 14:56:28.047 [main] DoctorSchedulePage - Following facility  has been selected from facility Dropdown : TRIOTREE HOSPITAL
[INFO ] 2020-05-20 14:56:28.160 [main] DoctorSchedulePage - Search Button Clicked
[INFO ] 2020-05-20 14:56:28.184 [main] TTWebsiteDriver - wait started for By.xpath: //select[@name='Speciality']
[INFO ] 2020-05-20 14:56:28.203 [main] TTWebsiteDriver - wait over,element found
[INFO ] 2020-05-20 14:56:29.411 [main] DoctorSchedulePage - Following speciality  has been selected from speciality Dropdown : Anesthesiast
[INFO ] 2020-05-20 14:56:29.499 [main] DoctorSchedulePage - Search Button Clicked
[INFO ] 2020-05-20 14:56:29.552 [main] DoctorSchedulePage - Clear Button Clicked
[INFO ] 2020-05-20 14:56:29.553 [main] TTWebsiteDriver - wait started for By.xpath: //select[@name='Speciality']
[INFO ] 2020-05-20 14:56:29.587 [main] TTWebsiteDriver - wait over,element found
[INFO ] 2020-05-20 14:56:30.700 [main] DoctorSchedulePage - Following speciality  has been selected from speciality Dropdown : Neurology
[INFO ] 2020-05-20 14:56:30.809 [main] DoctorSchedulePage - Search Button Near DateClicked
[INFO ] 2020-05-20 14:56:30.811 [main] TTWebsiteDriver - wait started for By.xpath: //select[@name='Doctor']
[INFO ] 2020-05-20 14:56:30.834 [main] TTWebsiteDriver - wait over,element found
[INFO ] 2020-05-20 14:56:32.151 [main] DoctorSchedulePage - Following doctor  has been selected from doctor Dropdown : Vijay Chandra
[INFO ] 2020-05-20 14:56:32.342 [main] DoctorSchedulePage - Search Button Near DateClicked
[INFO ] 2020-05-20 14:56:32.809 [main] DoctorSchedulePage - Save Button on Appointment scheduling clicked
[INFO ] 2020-05-20 14:56:44.119 [main] TTWebsiteDriver - wait started for By.xpath: //select[@name='Visit Type']
[INFO ] 2020-05-20 14:56:44.168 [main] TTWebsiteDriver - wait over,element found
[INFO ] 2020-05-20 14:57:00.457 [main] DoctorSchedulePage - Following visitType  has been selected from visitType Dropdown : Initial Visit                 
[INFO ] 2020-05-20 14:57:00.547 [main] DoctorSchedulePage - Save Button on Appointment scheduling clicked
[INFO ] 2020-05-20 14:57:05.553 [main] TestListner - [TEST IS SUCCESSFUL -------- Test case frontOfficeDoctorSchedulingWithLinkUHIDTest has passed]
