[INFO ] 2020-07-10 16:57:08.533 [main] DriverManagerDataSource - Loaded JDBC driver: com.microsoft.sqlserver.jdbc.SQLServerDriver
[INFO ] 2020-07-10 16:57:09.136 [main] DriverManagerDataSource - Loaded JDBC driver: com.microsoft.sqlserver.jdbc.SQLServerDriver
[INFO ] 2020-07-10 16:57:09.218 [main] DriverManagerDataSource - Loaded JDBC driver: com.microsoft.sqlserver.jdbc.SQLServerDriver
[INFO ] 2020-07-10 16:57:09.298 [main] DriverManagerDataSource - Loaded JDBC driver: com.microsoft.sqlserver.jdbc.SQLServerDriver
[INFO ] 2020-07-10 16:57:09.380 [main] DriverManagerDataSource - Loaded JDBC driver: com.microsoft.sqlserver.jdbc.SQLServerDriver
[INFO ] 2020-07-10 16:57:09.468 [main] DriverManagerDataSource - Loaded JDBC driver: com.microsoft.sqlserver.jdbc.SQLServerDriver
[INFO ] 2020-07-10 16:57:09.579 [main] TestListner - 
******************************************************************************************************************************
					TEST CASE NAME:                  PhysicianOPDcaseSheetOrdersTest
******************************************************************************************************************************
[INFO ] 2020-07-10 16:57:15.338 [main] HISHomePage - User has been logged in to HIS Portal
[INFO ] 2020-07-10 16:57:16.563 [main] HISHomePage - Physician Icon Clicked
[INFO ] 2020-07-10 16:57:18.788 [main] HISHomePage - Following Station has been selected from Station Dropdown : 1st FLR T1 Transplant ICU
[INFO ] 2020-07-10 16:57:25.431 [main] HISHomePage - YES has been clicked from Station Dropdown
[INFO ] 2020-07-10 16:57:25.490 [main] HISHomePage - Page Heading Name= Doctor's Worklist
[INFO ] 2020-07-10 16:57:25.727 [main] HISHomePage - Click on OutPatient
[INFO ] 2020-07-10 16:57:26.242 [main] HISHomePage - Doctor Name= Abhin  Lazar
[INFO ] 2020-07-10 16:57:26.343 [main] HISHomePage - View= Summary
[INFO ] 2020-07-10 16:57:27.130 [main] HISHomePage - Frome Date= 10/Feb/2020
[INFO ] 2020-07-10 16:57:27.203 [main] HISHomePage - Click on Search Button
[INFO ] 2020-07-10 16:57:33.849 [main] HISHomePage - Click on Patient
[INFO ] 2020-07-10 16:57:37.680 [main] HISHomePage - Click on Order Tab
[INFO ] 2020-07-10 16:57:38.532 [main] TestListner - Test has failed with TestResult status = 2
[INFO ] 2020-07-10 16:57:38.532 [main] TestListner - [TEST HAS FAILED-------- Test case PhysicianOPDcaseSheetOrdersTest has failed]. The reason is java.lang.NumberFormatException: For input string: "192 none repeat scroll 0% 0% / auto padding-box border-box"
