[INFO ] 2020-05-20 11:10:29.137 [main] TTBaseTest - Started execution with  null
[INFO ] 2020-05-20 11:10:29.153 [main] TTBaseTest - Environment properties are not provided by the user ... loading the default properties
[INFO ] 2020-05-20 11:10:29.153 [main] TTBaseTest - Default Browser is  ------ chrome
[INFO ] 2020-05-20 11:10:29.153 [main] TTBaseTest - Default URL is  ------ http://206.19.38.8:8001/HISTreeTesting/Login/Login?ReturnUrl=%2fHistreetesting
[INFO ] 2020-05-20 11:10:29.153 [main] TTBaseTest - Default loginname is  ------ null
[INFO ] 2020-05-20 11:10:29.153 [main] TTBaseTest - Default username is  ------ null
[INFO ] 2020-05-20 11:10:29.153 [main] TTBaseTest - Default user password is  ------ Deepak@1234
[INFO ] 2020-05-20 11:10:33.533 [main] TTWebsiteDriver - Window is maximized
[INFO ] 2020-05-20 11:10:33.577 [main] TTWebsiteDriver - All cookies deleted
[INFO ] 2020-05-20 11:10:34.129 [main] TTWebsiteBaseTest - Application loaded
[INFO ] 2020-05-20 11:10:34.223 [main] DriverManagerDataSource - Loaded JDBC driver: com.microsoft.sqlserver.jdbc.SQLServerDriver
[INFO ] 2020-05-20 11:10:34.224 [main] DBUtil - ConnectionString::jdbc:sqlserver://206.19.38.4;databaseName=SIT_HISTree_TestingAuto;instance=MSSQLSERVER;domain=null
[INFO ] 2020-05-20 11:10:34.224 [main] DBUtil - QUERY TRIGGERED IS select top 1 Name from M_IdCardType where Deleted=0

[INFO ] 2020-05-20 11:10:34.712 [main] DriverManagerDataSource - Loaded JDBC driver: com.microsoft.sqlserver.jdbc.SQLServerDriver
[INFO ] 2020-05-20 11:10:34.712 [main] DBUtil - ConnectionString::jdbc:sqlserver://206.19.38.4;databaseName=SIT_HISTree_TestingAuto;instance=MSSQLSERVER;domain=null
[INFO ] 2020-05-20 11:10:34.712 [main] DBUtil - QUERY TRIGGERED IS select top 1 name from M_OCCUPATION where Deleted=0

[INFO ] 2020-05-20 11:10:34.791 [main] DriverManagerDataSource - Loaded JDBC driver: com.microsoft.sqlserver.jdbc.SQLServerDriver
[INFO ] 2020-05-20 11:10:34.791 [main] DBUtil - ConnectionString::jdbc:sqlserver://206.19.38.4;databaseName=SIT_HISTree_TestingAuto;instance=MSSQLSERVER;domain=null
[INFO ] 2020-05-20 11:10:34.791 [main] DBUtil - QUERY TRIGGERED IS select top 1 Name from M_QUALIFICATION where Deleted=0

[INFO ] 2020-05-20 11:10:34.869 [main] DriverManagerDataSource - Loaded JDBC driver: com.microsoft.sqlserver.jdbc.SQLServerDriver
[INFO ] 2020-05-20 11:10:34.869 [main] DBUtil - ConnectionString::jdbc:sqlserver://206.19.38.4;databaseName=SIT_HISTree_TestingAuto;instance=MSSQLSERVER;domain=null
[INFO ] 2020-05-20 11:10:34.869 [main] DBUtil - QUERY TRIGGERED IS select top 1 Name from m_SourceOfInfo where Deleted=0

[INFO ] 2020-05-20 11:10:34.947 [main] DriverManagerDataSource - Loaded JDBC driver: com.microsoft.sqlserver.jdbc.SQLServerDriver
[INFO ] 2020-05-20 11:10:34.947 [main] DBUtil - ConnectionString::jdbc:sqlserver://206.19.38.4;databaseName=SIT_HISTree_TestingAuto;instance=MSSQLSERVER;domain=null
[INFO ] 2020-05-20 11:10:34.947 [main] DBUtil - QUERY TRIGGERED IS select top 1 NAME from m_city where deleted=0

[INFO ] 2020-05-20 11:10:35.041 [main] DriverManagerDataSource - Loaded JDBC driver: com.microsoft.sqlserver.jdbc.SQLServerDriver
[INFO ] 2020-05-20 11:10:35.041 [main] DBUtil - ConnectionString::jdbc:sqlserver://206.19.38.4;databaseName=SIT_HISTree_TestingAuto;instance=MSSQLSERVER;domain=null
[INFO ] 2020-05-20 11:10:35.041 [main] DBUtil - QUERY TRIGGERED IS select top 1 NAME from m_city where deleted=0

[INFO ] 2020-05-20 11:10:35.119 [main] TestListner - 
******************************************************************************************************************************
					TEST CASE NAME:                  frontOfficeBillingNewPaymentModeTestCase
******************************************************************************************************************************
[INFO ] 2020-05-20 11:10:35.479 [main] TTWebsiteDriver - wait started for By.id: btnLogin
[INFO ] 2020-05-20 11:10:35.507 [main] TTWebsiteDriver - wait over,element found
[INFO ] 2020-05-20 11:10:36.523 [main] TTWebsiteDriver - quick wait started for By.id: btnLogin
[INFO ] 2020-05-20 11:10:36.574 [main] TTWebsiteDriver - wait over,element found
[INFO ] 2020-05-20 11:10:36.778 [main] TTWebsiteDriver - wait started for By.xpath: //a[@id='btnYesAlreadyLogedinPopup']
[INFO ] 2020-05-20 11:10:36.816 [main] TTWebsiteDriver - wait over,element found
[INFO ] 2020-05-20 11:10:37.827 [main] TTWebsiteDriver - quick wait started for By.xpath: //a[@id='btnYesAlreadyLogedinPopup']
[INFO ] 2020-05-20 11:10:37.874 [main] TTWebsiteDriver - wait over,element found
[INFO ] 2020-05-20 11:10:38.630 [main] HISHomePage - User has been logged in to HIS Portal
[INFO ] 2020-05-20 11:10:38.631 [main] TTWebsiteDriver - wait started for By.xpath: //span[contains(text(),'Front Office')]//ancestor::a
[INFO ] 2020-05-20 11:10:38.662 [main] TTWebsiteDriver - wait over,element found
[INFO ] 2020-05-20 11:10:39.884 [main] HISHomePage - Front Office Icon Clicked
[INFO ] 2020-05-20 11:10:44.025 [main] HISHomePage - Following Station has been selected from Station Dropdown : Front Office
[INFO ] 2020-05-20 11:10:44.025 [main] TTWebsiteDriver - wait started for By.id: btn_yes_desh
[INFO ] 2020-05-20 11:10:44.073 [main] TTWebsiteDriver - wait over,element found
[INFO ] 2020-05-20 11:10:45.102 [main] TTWebsiteDriver - quick wait started for By.id: btn_yes_desh
[INFO ] 2020-05-20 11:10:45.150 [main] TTWebsiteDriver - wait over,element found
[INFO ] 2020-05-20 11:10:45.829 [main] HISHomePage - YES has been clicked from Station Dropdown
[INFO ] 2020-05-20 11:10:45.829 [main] TTWebsiteDriver - wait started for By.xpath: //li[@id='FOAddPatientMenu']//i[2]
[INFO ] 2020-05-20 11:10:45.854 [main] TTWebsiteDriver - wait over,element found
[INFO ] 2020-05-20 11:10:46.864 [main] TTWebsiteDriver - wait started for By.xpath: //li[@id='FOAddPatientMenu']//i[2]
[INFO ] 2020-05-20 11:10:46.911 [main] TTWebsiteDriver - wait over,element found
[INFO ] 2020-05-20 11:10:47.941 [main] TTWebsiteDriver - quick wait started for By.xpath: //li[@id='FOAddPatientMenu']//i[2]
[INFO ] 2020-05-20 11:10:47.989 [main] TTWebsiteDriver - wait over,element found
[INFO ] 2020-05-20 11:10:48.114 [main] FrontOfficeHomePage - Add Patient Section is Expanded
[INFO ] 2020-05-20 11:10:57.117 [main] FrontOfficeHomePage - Following Option has been selected from Add Patient Section Patient Registration
[INFO ] 2020-05-20 11:10:57.117 [main] TTWebsiteDriver - Waiting For Page load via JS
[INFO ] 2020-05-20 11:11:15.378 [main] PatientRegistrationPage - Following Title has been selected from Title Dropdown : New Delhi
[INFO ] 2020-05-20 11:11:15.378 [main] TTWebsiteDriver - wait started for By.id: firstName
[INFO ] 2020-05-20 11:11:15.412 [main] TTWebsiteDriver - wait over,element found
[INFO ] 2020-05-20 11:11:16.949 [main] PatientRegistrationPage - First Name has been added as : Automation
[INFO ] 2020-05-20 11:11:16.950 [main] TTWebsiteDriver - wait started for By.id: middleName
[INFO ] 2020-05-20 11:11:16.968 [main] TTWebsiteDriver - wait over,element found
[INFO ] 2020-05-20 11:11:18.294 [main] PatientRegistrationPage - Middle Name has been added as : Test
[INFO ] 2020-05-20 11:11:18.295 [main] TTWebsiteDriver - wait started for By.id: lastName
[INFO ] 2020-05-20 11:11:18.315 [main] TTWebsiteDriver - wait over,element found
[INFO ] 2020-05-20 11:11:19.618 [main] PatientRegistrationPage - Last Name has been added as : User
[INFO ] 2020-05-20 11:11:19.619 [main] TTWebsiteDriver - wait started for By.id: gender
[INFO ] 2020-05-20 11:11:19.638 [main] TTWebsiteDriver - wait over,element found
[INFO ] 2020-05-20 11:11:20.763 [main] PatientRegistrationPage - Following Gender has been selected from Gender Dropdown : Male
[INFO ] 2020-05-20 11:11:20.763 [main] TTWebsiteDriver - wait started for By.id: dob
[INFO ] 2020-05-20 11:11:20.811 [main] TTWebsiteDriver - wait over,element found
[INFO ] 2020-05-20 11:11:22.544 [main] PatientRegistrationPage - Following DOB has been added : 15-12-1991
[INFO ] 2020-05-20 11:11:30.604 [main] TTWebsiteDriver - wait started for By.id: chkA
[INFO ] 2020-05-20 11:11:30.667 [main] TTWebsiteDriver - wait over,element found
[INFO ] 2020-05-20 11:11:31.760 [main] TTWebsiteDriver - wait started for By.id: age
[INFO ] 2020-05-20 11:11:31.796 [main] TTWebsiteDriver - wait over,element found
[INFO ] 2020-05-20 11:11:33.074 [main] PatientRegistrationPage - Following Age has been added : 65
[INFO ] 2020-05-20 11:11:33.074 [main] TTWebsiteDriver - wait started for By.id: mStatus
[INFO ] 2020-05-20 11:11:33.095 [main] TTWebsiteDriver - wait over,element found
[INFO ] 2020-05-20 11:11:34.307 [main] PatientRegistrationPage - Following MArtial Status has been selected from MArtial Status  Dropdown : Single
[INFO ] 2020-05-20 11:11:34.308 [main] TTWebsiteDriver - wait started for By.id: motherName
[INFO ] 2020-05-20 11:11:34.328 [main] TTWebsiteDriver - wait over,element found
[INFO ] 2020-05-20 11:11:36.258 [main] PatientRegistrationPage - Following Mother Maiden Name Has been Added: Automation Test Mother
[INFO ] 2020-05-20 11:11:36.258 [main] TTWebsiteDriver - wait started for By.id: relName
[INFO ] 2020-05-20 11:11:36.276 [main] TTWebsiteDriver - wait over,element found
[INFO ] 2020-05-20 11:11:38.154 [main] PatientRegistrationPage - Following Fathers Name Has been Added: AutomationFather@123 
[INFO ] 2020-05-20 11:11:38.155 [main] TTWebsiteDriver - wait started for By.id: nationality
[INFO ] 2020-05-20 11:11:38.178 [main] TTWebsiteDriver - wait over,element found
[INFO ] 2020-05-20 11:11:39.283 [main] PatientRegistrationPage - Following Nationality has been selected from Nationality Dropdown : Indian
[INFO ] 2020-05-20 11:11:41.443 [main] PatientRegistrationPage - VIP Checkbox has been selected and Data has been added to VIP Text Box
[INFO ] 2020-05-20 11:11:41.796 [main] PatientRegistrationPage - Remarks Checkbox has been selected and Data has been added to Remarks Text Box
[INFO ] 2020-05-20 11:11:41.824 [main] PatientRegistrationPage - NRI Checkbox has been selected
[INFO ] 2020-05-20 11:11:41.909 [main] PatientRegistrationPage - ID Card Drop down is enabled
[INFO ] 2020-05-20 11:11:41.910 [main] TTWebsiteDriver - wait started for By.id: cardType
[INFO ] 2020-05-20 11:11:41.929 [main] TTWebsiteDriver - wait over,element found
[INFO ] 2020-05-20 11:11:43.175 [main] PatientRegistrationPage - Following ID Card has been selected from ID Card Dropdown : Passport Number
[INFO ] 2020-05-20 11:11:43.440 [main] PatientRegistrationPage - Following National ID has been added : 12345
[INFO ] 2020-05-20 11:11:44.048 [main] PatientRegistrationPage - Following TELEPHONE NO has been added in TELEPHONE No Text Box : 1234567891011123
[INFO ] 2020-05-20 11:11:44.510 [main] PatientRegistrationPage - Following MOBILE NO has been added : 1234567890
[INFO ] 2020-05-20 11:11:45.476 [main] PatientRegistrationPage - Following house Number has been added Automation Test Address
[INFO ] 2020-05-20 11:11:45.477 [main] TTWebsiteDriver - wait started for By.id: city
[INFO ] 2020-05-20 11:11:45.493 [main] TTWebsiteDriver - wait over,element found
[INFO ] 2020-05-20 11:11:46.851 [main] PatientRegistrationPage - Following City  has been selected from City Dropdown : New Delhi
[INFO ] 2020-05-20 11:11:58.886 [main] PatientRegistrationPage - Following City has been addedTest City8499Following District has been selected
[INFO ] 2020-05-20 11:11:58.886 [main] TTWebsiteDriver - wait started for By.id: addlocal
[INFO ] 2020-05-20 11:11:59.512 [main] TTWebsiteDriver - wait over,element found
[INFO ] 2020-05-20 11:12:00.806 [main] TTWebsiteDriver - wait started for By.id: local
[INFO ] 2020-05-20 11:12:00.827 [main] TTWebsiteDriver - wait over,element found
[INFO ] 2020-05-20 11:12:11.338 [main] PatientRegistrationPage - Follwoing Locality has been added: Test local7103Following City has been selected: SaharanpurFollowing Pin Code has been added: 247001
[INFO ] 2020-05-20 11:12:11.338 [main] TTWebsiteDriver - wait started for By.id: emailID
[INFO ] 2020-05-20 11:12:11.432 [main] TTWebsiteDriver - wait over,element found
[INFO ] 2020-05-20 11:12:13.726 [main] PatientRegistrationPage - Following email has been added: test@automation.com
[INFO ] 2020-05-20 11:12:14.051 [main] PatientRegistrationPage - Following Reffered By has been added: Self
[INFO ] 2020-05-20 11:12:14.052 [main] TTWebsiteDriver - wait started for By.id: lang
[INFO ] 2020-05-20 11:12:14.071 [main] TTWebsiteDriver - wait over,element found
[INFO ] 2020-05-20 11:12:15.283 [main] PatientRegistrationPage - Following language  has been selected from language Dropdown : English
[INFO ] 2020-05-20 11:12:15.283 [main] TTWebsiteDriver - wait started for By.id: occupation
[INFO ] 2020-05-20 11:12:15.304 [main] TTWebsiteDriver - wait over,element found
[INFO ] 2020-05-20 11:12:16.536 [main] PatientRegistrationPage - Following occupation  has been selected from occupation Dropdown : Student
[INFO ] 2020-05-20 11:12:16.536 [main] TTWebsiteDriver - wait started for By.id: qualification
[INFO ] 2020-05-20 11:12:16.551 [main] TTWebsiteDriver - wait over,element found
[INFO ] 2020-05-20 11:12:17.774 [main] PatientRegistrationPage - Following qualification  has been selected from qualification Dropdown : Ph.D
[INFO ] 2020-05-20 11:12:17.774 [main] TTWebsiteDriver - wait started for By.id: religion
[INFO ] 2020-05-20 11:12:17.784 [main] TTWebsiteDriver - wait over,element found
[INFO ] 2020-05-20 11:12:18.985 [main] PatientRegistrationPage - Following relegion  has been selected from relegion Dropdown : Hindu
[INFO ] 2020-05-20 11:12:18.985 [main] TTWebsiteDriver - wait started for By.id: sref
[INFO ] 2020-05-20 11:12:19.017 [main] TTWebsiteDriver - wait over,element found
[INFO ] 2020-05-20 11:12:20.204 [main] PatientRegistrationPage - Following refer  has been selected from refer Dropdown : News Paper
[INFO ] 2020-05-20 11:12:20.250 [main] PatientRegistrationPage - Financial Details Checkbox Checked
[INFO ] 2020-05-20 11:12:20.250 [main] TTWebsiteDriver - wait started for By.id: companytype
[INFO ] 2020-05-20 11:12:20.283 [main] TTWebsiteDriver - wait over,element found
[INFO ] 2020-05-20 11:12:21.497 [main] PatientRegistrationPage - Following compType  has been selected from compType Dropdown : Corporate
[INFO ] 2020-05-20 11:12:21.498 [main] TTWebsiteDriver - wait started for By.id: company
[INFO ] 2020-05-20 11:12:21.514 [main] TTWebsiteDriver - wait over,element found
[INFO ] 2020-05-20 11:12:22.719 [main] PatientRegistrationPage - Following comp has been selected from comp Dropdown: STATE BANK OF INDIA
[INFO ] 2020-05-20 11:12:22.719 [main] TTWebsiteDriver - wait started for By.id: rate
[INFO ] 2020-05-20 11:12:22.753 [main] TTWebsiteDriver - wait over,element found
[INFO ] 2020-05-20 11:12:23.890 [main] PatientRegistrationPage - Following Rate has been selected from Rate Dropdown: STATE BANK OF INDIA - (CGHS)
[INFO ] 2020-05-20 11:12:23.984 [main] PatientRegistrationPage - Scheme Checkbox Checked
[INFO ] 2020-05-20 11:12:23.984 [main] TTWebsiteDriver - wait started for By.id: scheme
[INFO ] 2020-05-20 11:12:24.032 [main] TTWebsiteDriver - wait over,element found
[INFO ] 2020-05-20 11:12:25.309 [main] PatientRegistrationPage - First Scheme has been selected from Scheme Dropdown
[INFO ] 2020-05-20 11:12:25.310 [main] TTWebsiteDriver - wait started for By.id: register
[INFO ] 2020-05-20 11:12:25.329 [main] TTWebsiteDriver - wait over,element found
[INFO ] 2020-05-20 11:12:26.423 [main] PatientRegistrationPage - Regsiter Icon Clicked
[INFO ] 2020-05-20 11:12:26.442 [main] TTWebsiteDriver - wait started for By.id: btnyesss
[INFO ] 2020-05-20 11:12:26.459 [main] TTWebsiteDriver - wait over,element found
[INFO ] 2020-05-20 11:12:37.622 [main] PatientRegistrationPage - Yes button clicked on Confirm Patient Details Popup
[INFO ] 2020-05-20 11:12:37.717 [main] PatientRegistrationPage - TEST US JHKJHKJHPSSH.260829

[INFO ] 2020-05-20 11:12:37.717 [main] TTWebsiteDriver - wait started for By.xpath: //div[@class='popup-area']//div[@class='modal-block-new']//a[contains(text(),'No')]
[INFO ] 2020-05-20 11:12:37.795 [main] TTWebsiteDriver - wait over,element found
[INFO ] 2020-05-20 11:12:38.824 [main] TTWebsiteDriver - wait started for By.xpath: //div[@class='popup-area']//div[@class='modal-block-new']//a[contains(text(),'No')]
[INFO ] 2020-05-20 11:12:38.888 [main] TTWebsiteDriver - wait over,element found
[INFO ] 2020-05-20 11:12:39.917 [main] TTWebsiteDriver - quick wait started for By.xpath: //div[@class='popup-area']//div[@class='modal-block-new']//a[contains(text(),'No')]
[INFO ] 2020-05-20 11:12:39.996 [main] TTWebsiteDriver - wait over,element found
[INFO ] 2020-05-20 11:12:40.243 [main] TTWebsiteDriver - Waiting For Page load via JS
[INFO ] 2020-05-20 11:12:40.254 [main] PatientRegistrationPage - REGISTERED SUCCESSFULLY POPUP No Button Clicked
[INFO ] 2020-05-20 11:12:40.255 [main] TTWebsiteDriver - wait started for By.xpath: //i[@class='fa fa-bars']
[INFO ] 2020-05-20 11:12:40.294 [main] TTWebsiteDriver - wait over,element found
[INFO ] 2020-05-20 11:12:41.377 [main] HISWebsiteBasePage - Menu Clicked
[INFO ] 2020-05-20 11:12:45.385 [main] TTWebsiteDriver - wait started for By.xpath: //a[contains(text(),'Billing')]//i[@class='fa fa-caret-down']
[INFO ] 2020-05-20 11:12:45.479 [main] TTWebsiteDriver - wait over,element found
[INFO ] 2020-05-20 11:12:46.509 [main] TTWebsiteDriver - wait started for By.xpath: //a[contains(text(),'Billing')]//i[@class='fa fa-caret-down']
[INFO ] 2020-05-20 11:12:46.588 [main] TTWebsiteDriver - wait over,element found
[INFO ] 2020-05-20 11:12:47.617 [main] TTWebsiteDriver - quick wait started for By.xpath: //a[contains(text(),'Billing')]//i[@class='fa fa-caret-down']
[INFO ] 2020-05-20 11:12:47.696 [main] TTWebsiteDriver - wait over,element found
[INFO ] 2020-05-20 11:12:47.862 [main] FrontOfficeHomePage - Billing Section is Expanded
[INFO ] 2020-05-20 11:12:56.012 [main] FrontOfficeHomePage - Following Option has been selected from Billing Section Billing
[INFO ] 2020-05-20 11:12:56.012 [main] TTWebsiteDriver - Waiting For Page load via JS
[INFO ] 2020-05-20 11:13:14.038 [main] TTWebsiteDriver - wait started for By.id: uHid
[INFO ] 2020-05-20 11:13:14.102 [main] TTWebsiteDriver - wait over,element found
[INFO ] 2020-05-20 11:13:35.068 [main] TTWebsiteDriver - wait started for By.xpath: //a[@id='schemeRemarksPopupClose']
[INFO ] 2020-05-20 11:13:35.100 [main] TTWebsiteDriver - wait over,element found
[INFO ] 2020-05-20 11:13:36.145 [main] TTWebsiteDriver - wait started for By.xpath: //a[@id='schemeRemarksPopupClose']
[INFO ] 2020-05-20 11:13:36.193 [main] TTWebsiteDriver - wait over,element found
[INFO ] 2020-05-20 11:13:37.223 [main] TTWebsiteDriver - quick wait started for By.xpath: //a[@id='schemeRemarksPopupClose']
[INFO ] 2020-05-20 11:13:37.270 [main] TTWebsiteDriver - wait over,element found
[INFO ] 2020-05-20 11:13:43.547 [main] TTWebsiteDriver - wait started for By.xpath: //div[@class='modal-block-new top30']//i[@class='fa fa-save']
[INFO ] 2020-05-20 11:13:43.626 [main] TTWebsiteDriver - wait over,element found
[INFO ] 2020-05-20 11:13:44.824 [main] BillingPage - Save Button On Document Checklist popup Clicked
[INFO ] 2020-05-20 11:13:46.832 [main] TTWebsiteDriver - wait started for By.xpath: //span[@id='modelclose123']//i
[INFO ] 2020-05-20 11:13:50.967 [main] TTWebsiteDriver - waiting...
[INFO ] 2020-05-20 11:13:55.070 [main] TTWebsiteDriver - waiting...
[INFO ] 2020-05-20 11:13:59.150 [main] TTWebsiteDriver - waiting...
[INFO ] 2020-05-20 11:14:03.214 [main] TTWebsiteDriver - waiting...
[INFO ] 2020-05-20 11:14:07.283 [main] TTWebsiteDriver - waiting...
[INFO ] 2020-05-20 11:14:11.374 [main] TTWebsiteDriver - waiting...
[INFO ] 2020-05-20 11:14:15.446 [main] TTWebsiteDriver - waiting...
[INFO ] 2020-05-20 11:14:19.507 [main] TTWebsiteDriver - waiting...
[INFO ] 2020-05-20 11:14:23.580 [main] TTWebsiteDriver - waiting...
[INFO ] 2020-05-20 11:14:27.629 [main] TTWebsiteDriver - waiting...
[INFO ] 2020-05-20 11:14:27.629 [main] TTWebsiteDriver - ELEMENT NOT FOUND
[INFO ] 2020-05-20 11:14:30.744 [main] BillingPage - Check Box Unchecked on Scheme Details Popup
[INFO ] 2020-05-20 11:14:30.744 [main] TTWebsiteDriver - wait started for By.xpath: //a[@id='schemeclose']//i[@class='fa fa-times']
[INFO ] 2020-05-20 11:14:30.783 [main] TTWebsiteDriver - wait over,element found
[INFO ] 2020-05-20 11:14:32.017 [main] TTWebsiteDriver - wait started for By.xpath: //a[@id='schemeRemarksPopupClose']
[INFO ] 2020-05-20 11:14:32.055 [main] TTWebsiteDriver - wait over,element found
[INFO ] 2020-05-20 11:14:33.065 [main] TTWebsiteDriver - wait started for By.xpath: //a[@id='schemeRemarksPopupClose']
[INFO ] 2020-05-20 11:14:33.123 [main] TTWebsiteDriver - wait over,element found
[INFO ] 2020-05-20 11:14:34.135 [main] TTWebsiteDriver - quick wait started for By.xpath: //a[@id='schemeRemarksPopupClose']
[INFO ] 2020-05-20 11:14:34.183 [main] TTWebsiteDriver - wait over,element found
[INFO ] 2020-05-20 11:14:34.340 [main] TTWebsiteDriver - wait started for By.xpath: //span[@id='remarks_close']//i[@class='fa fa-times']
[INFO ] 2020-05-20 11:14:34.386 [main] TTWebsiteDriver - wait over,element found
[INFO ] 2020-05-20 11:14:35.494 [main] BillingPage - Remarks Popup Button Closed
[INFO ] 2020-05-20 11:14:35.494 [main] TTWebsiteDriver - wait started for By.xpath: //select[@name='ddlspecialization']
[INFO ] 2020-05-20 11:14:35.533 [main] TTWebsiteDriver - wait over,element found
[INFO ] 2020-05-20 11:14:36.757 [main] BillingPage - Following speciality  has been selected from speciality Dropdown : Pathologist
[INFO ] 2020-05-20 11:14:36.757 [main] TTWebsiteDriver - wait started for By.xpath: //li[contains(text(),'Megha')]
[INFO ] 2020-05-20 11:14:36.783 [main] TTWebsiteDriver - wait over,element found
[INFO ] 2020-05-20 11:14:37.980 [main] BillingPage - Following Doctor Name has been Selected : Megha
[INFO ] 2020-05-20 11:14:53.001 [main] TTWebsiteDriver - wait started for By.xpath: //select[@name='ddlspecialization']
[INFO ] 2020-05-20 11:14:53.026 [main] TTWebsiteDriver - wait over,element found
[INFO ] 2020-05-20 11:14:54.234 [main] BillingPage - Following speciality  has been selected from speciality Dropdown : Cardiology
[INFO ] 2020-05-20 11:14:54.234 [main] TTWebsiteDriver - wait started for By.xpath: //li[contains(text(),'Deepak')]
[INFO ] 2020-05-20 11:14:54.260 [main] TTWebsiteDriver - wait over,element found
[INFO ] 2020-05-20 11:14:55.535 [main] BillingPage - Following Doctor Name has been Selected : Deepak
[INFO ] 2020-05-20 11:15:10.752 [main] BillingPage - Diagnostic Icon Clicked
[INFO ] 2020-05-20 11:15:12.218 [main] TTWebsiteDriver - wait started for By.xpath: //li[starts-with(@title,'24hrs Urinary Calcium')]
[INFO ] 2020-05-20 11:15:12.269 [main] TTWebsiteDriver - wait over,element found
[INFO ] 2020-05-20 11:15:15.504 [main] BillingPage - Following Test has been selcted 24hrs Urinary Calcium
[INFO ] 2020-05-20 11:15:15.547 [main] BillingPage - Price Not Defined Message is showing up
[INFO ] 2020-05-20 11:15:17.679 [main] TTWebsiteDriver - wait started for By.xpath: //li[starts-with(@title,'17-Hydroxycorticosteroids, 24hrs Urine')]
[INFO ] 2020-05-20 11:15:17.730 [main] TTWebsiteDriver - wait over,element found
[INFO ] 2020-05-20 11:15:20.965 [main] BillingPage - Following Test has been selcted 17-Hydroxycorticosteroids, 24hrs Urine
[INFO ] 2020-05-20 11:15:22.611 [main] TTWebsiteDriver - wait started for By.xpath: //li[starts-with(@title,'17-Ketosteroids, 24hrs Urine')]
[INFO ] 2020-05-20 11:15:22.659 [main] TTWebsiteDriver - wait over,element found
[INFO ] 2020-05-20 11:15:25.906 [main] BillingPage - Following Test has been selcted 17-Ketosteroids, 24hrs Urine
[INFO ] 2020-05-20 11:15:27.727 [main] TTWebsiteDriver - wait started for By.xpath: //li[starts-with(@title,'X-ray Dorso Lumbar Spine LAT')]
[INFO ] 2020-05-20 11:15:27.775 [main] TTWebsiteDriver - wait over,element found
[INFO ] 2020-05-20 11:15:31.010 [main] BillingPage - Following Test has been selcted X-ray Dorso Lumbar Spine LAT
[INFO ] 2020-05-20 11:15:32.464 [main] TTWebsiteDriver - wait started for By.xpath: //li[starts-with(@title,'X-ray Both Leg Skyline')]
[INFO ] 2020-05-20 11:15:32.512 [main] TTWebsiteDriver - wait over,element found
[INFO ] 2020-05-20 11:15:35.780 [main] BillingPage - Following Test has been selcted X-ray Both Leg Skyline
[INFO ] 2020-05-20 11:15:56.762 [main] TTWebsiteDriver - wait started for By.id: opbillmannual
[INFO ] 2020-05-20 11:15:56.825 [main] TTWebsiteDriver - wait over,element found
[INFO ] 2020-05-20 11:15:57.952 [main] BillingPage - Manual Icon Clicked
[INFO ] 2020-05-20 11:16:00.962 [main] TTWebsiteDriver - wait started for By.xpath: //select[@id='ddlService']
[INFO ] 2020-05-20 11:16:01.041 [main] TTWebsiteDriver - wait over,element found
[INFO ] 2020-05-20 11:16:02.268 [main] BillingPage - Following Name of Service name has been selected from service name Dropdown : Cardiology Services
[INFO ] 2020-05-20 11:16:02.436 [main] BillingPage - Following Description has been added in Description Text Box : cardic
[INFO ] 2020-05-20 11:16:02.536 [main] BillingPage - Following Quantity has been added in Quantity Text Box : 50
[INFO ] 2020-05-20 11:16:02.658 [main] BillingPage - Following Price has been added in Price Text Box : 100
[INFO ] 2020-05-20 11:16:07.830 [main] BillingPage - Verify Button Clicked
[INFO ] 2020-05-20 11:16:08.155 [main] BillingPage - Other Services Icon Clicked
[INFO ] 2020-05-20 11:16:08.155 [main] TTWebsiteDriver - wait started for By.xpath: //input[contains(@name,'otherServiceChk')]
[INFO ] 2020-05-20 11:16:08.178 [main] TTWebsiteDriver - wait over,element found
[INFO ] 2020-05-20 11:16:09.394 [main] BillingPage - Choose Services Check box checked
[INFO ] 2020-05-20 11:16:09.394 [main] TTWebsiteDriver - wait started for By.id: ddotherservice
[INFO ] 2020-05-20 11:16:09.411 [main] TTWebsiteDriver - wait over,element found
[INFO ] 2020-05-20 11:16:10.467 [main] BillingPage - Choose Services Dropdown is not enabled
[INFO ] 2020-05-20 11:16:10.467 [main] TTWebsiteDriver - wait started for By.id: ddotherservice
[INFO ] 2020-05-20 11:16:10.499 [main] TTWebsiteDriver - wait over,element found
[INFO ] 2020-05-20 11:16:11.740 [main] BillingPage - Following Service Name has been selected from service Dropdown : Dialysis Procedures
[INFO ] 2020-05-20 11:16:11.923 [main] BillingPage - Following Item has been selected from Services: AV Fistula Day Care Package With Anesthesia
[INFO ] 2020-05-20 11:16:12.252 [main] BillingPage - Speciality And Doctor Selected
[INFO ] 2020-05-20 11:16:12.575 [main] TTWebsiteDriver - wait started for By.xpath: //tbody[@id='tblrefdr']/tr/td[1]
[INFO ] 2020-05-20 11:16:12.598 [main] TTWebsiteDriver - wait over,element found
[INFO ] 2020-05-20 11:16:13.612 [main] TTWebsiteDriver - wait started for By.xpath: //tbody[@id='tblrefdr']/tr/td[1]
[INFO ] 2020-05-20 11:16:13.647 [main] TTWebsiteDriver - wait over,element found
[INFO ] 2020-05-20 11:16:14.665 [main] TTWebsiteDriver - quick wait started for By.xpath: //tbody[@id='tblrefdr']/tr/td[1]
[INFO ] 2020-05-20 11:16:14.714 [main] TTWebsiteDriver - wait over,element found
[INFO ] 2020-05-20 11:16:14.823 [main] BillingPage - Following Reffered By has been added : Deepak Thakur
[INFO ] 2020-05-20 11:16:14.823 [main] TTWebsiteDriver - wait started for By.xpath: //div[contains(@class,'form_line facilitator-name')]//select
[INFO ] 2020-05-20 11:16:14.867 [main] TTWebsiteDriver - wait over,element found
[INFO ] 2020-05-20 11:16:16.143 [main] BillingPage - Following facilitator has been selected from facilitator  Dropdown : 1
[INFO ] 2020-05-20 11:16:16.354 [main] BillingPage - Add to Bill Buttton Clicked
[INFO ] 2020-05-20 11:16:16.355 [main] TTWebsiteDriver - wait started for By.xpath: //div[@class='modal-block-new']//button[text()='Yes']
[INFO ] 2020-05-20 11:16:16.378 [main] TTWebsiteDriver - wait over,element found
[INFO ] 2020-05-20 11:16:17.383 [main] TTWebsiteDriver - wait started for By.xpath: //div[@class='modal-block-new']//button[text()='Yes']
[INFO ] 2020-05-20 11:16:17.430 [main] TTWebsiteDriver - wait over,element found
[INFO ] 2020-05-20 11:16:18.460 [main] TTWebsiteDriver - quick wait started for By.xpath: //div[@class='modal-block-new']//button[text()='Yes']
[INFO ] 2020-05-20 11:16:18.508 [main] TTWebsiteDriver - wait over,element found
[INFO ] 2020-05-20 11:16:18.817 [main] TTWebsiteDriver - wait started for By.xpath: //span[contains(text(),'Investigation Instruction')]
[INFO ] 2020-05-20 11:16:18.842 [main] TTWebsiteDriver - wait over,element found
[INFO ] 2020-05-20 11:16:19.934 [main] BillingPage - Investigation Instruciton Popup is showing Up
[INFO ] 2020-05-20 11:16:20.045 [main] TTWebsiteDriver - wait started for By.xpath: //button[@id='add_invInstruction']
[INFO ] 2020-05-20 11:16:20.067 [main] TTWebsiteDriver - wait over,element found
[INFO ] 2020-05-20 11:16:21.083 [main] TTWebsiteDriver - quick wait started for By.xpath: //button[@id='add_invInstruction']
[INFO ] 2020-05-20 11:16:21.098 [main] TTWebsiteDriver - wait over,element found
[INFO ] 2020-05-20 11:16:21.288 [main] BillingPage - Response has been added in Investigation Popup
[INFO ] 2020-05-20 11:16:21.289 [main] TTWebsiteDriver - wait started for By.xpath: //div[@class='bottom_left_panel']//span[contains(text(),'Discount')]/input
[INFO ] 2020-05-20 11:16:21.319 [main] TTWebsiteDriver - wait over,element found
[INFO ] 2020-05-20 11:16:22.330 [main] TTWebsiteDriver - wait started for By.xpath: //div[@class='bottom_left_panel']//span[contains(text(),'Discount')]/input
[INFO ] 2020-05-20 11:16:22.378 [main] TTWebsiteDriver - wait over,element found
[INFO ] 2020-05-20 11:16:23.407 [main] TTWebsiteDriver - quick wait started for By.xpath: //div[@class='bottom_left_panel']//span[contains(text(),'Discount')]/input
[INFO ] 2020-05-20 11:16:23.455 [main] TTWebsiteDriver - wait over,element found
[INFO ] 2020-05-20 11:16:23.609 [main] BillingPage - Discount Checkbox checked under billing section
[INFO ] 2020-05-20 11:16:23.609 [main] TTWebsiteDriver - wait started for By.xpath: //section[contains(text(),'Provide Discount ?')]//following::a[@id='btndscyes']
[INFO ] 2020-05-20 11:16:23.633 [main] TTWebsiteDriver - wait over,element found
[INFO ] 2020-05-20 11:16:29.782 [main] BillingPage - Yes Btn Under Provide Discount Popup Clicked
[INFO ] 2020-05-20 11:16:29.806 [main] TTWebsiteDriver - wait started for By.xpath: //select[@id='discount_on1']
[INFO ] 2020-05-20 11:16:29.841 [main] TTWebsiteDriver - wait over,element found
[INFO ] 2020-05-20 11:16:31.076 [main] BillingPage - Following Discount On Has been selected from Discount On Dropdown : On Items
[INFO ] 2020-05-20 11:16:31.077 [main] TTWebsiteDriver - wait started for By.xpath: //table[@class='discount_table']//tbody/tr/td[4]/select
[INFO ] 2020-05-20 11:16:31.102 [main] TTWebsiteDriver - wait over,element found
[INFO ] 2020-05-20 11:16:32.353 [main] BillingPage - Following Service Name Has been selected from Service Name Dropdown : Investigations
[INFO ] 2020-05-20 11:16:32.353 [main] TTWebsiteDriver - wait started for By.xpath: //select[@name='dropdownitmname']
[INFO ] 2020-05-20 11:16:32.375 [main] TTWebsiteDriver - wait over,element found
[INFO ] 2020-05-20 11:16:33.583 [main] BillingPage - Following Iteam/Doctor Name Has been selected from Item Doctor Name Dropdown : 17-Hydroxycorticosteroids, 24hrs Urine
[INFO ] 2020-05-20 11:16:33.584 [main] TTWebsiteDriver - wait started for By.xpath: //select[@id='discounthead1']
[INFO ] 2020-05-20 11:16:33.608 [main] TTWebsiteDriver - wait over,element found
[INFO ] 2020-05-20 11:16:34.871 [main] BillingPage - Following Discount head Has been selected from Discount Head Dropdown : Automation Testing
[INFO ] 2020-05-20 11:16:34.872 [main] TTWebsiteDriver - wait started for By.xpath: //select[@id='discountreason1']
[INFO ] 2020-05-20 11:16:34.895 [main] TTWebsiteDriver - wait over,element found
[INFO ] 2020-05-20 11:16:36.130 [main] BillingPage - Following Discount Reason Has been selected from Discount Reason Dropdown : Amount Automation Testing
[INFO ] 2020-05-20 11:16:36.384 [main] TTWebsiteDriver - wait started for By.xpath: //section[@class='popupBody_discount']//i[@class='fa fa-save']
[INFO ] 2020-05-20 11:16:36.407 [main] TTWebsiteDriver - wait over,element found
[INFO ] 2020-05-20 11:16:37.416 [main] TTWebsiteDriver - quick wait started for By.xpath: //section[@class='popupBody_discount']//i[@class='fa fa-save']
[INFO ] 2020-05-20 11:16:37.473 [main] TTWebsiteDriver - wait over,element found
[INFO ] 2020-05-20 11:16:37.580 [main] BillingPage - Yes Btn Under Percentage Process Discount Popup Clicked
[INFO ] 2020-05-20 11:16:37.605 [main] TTWebsiteDriver - wait started for By.xpath: //select[@id='ddlAuthorised_dis']
[INFO ] 2020-05-20 11:16:37.630 [main] TTWebsiteDriver - wait over,element found
[INFO ] 2020-05-20 11:16:38.891 [main] BillingPage - Following Authorised By Has been selected from Authorised By Dropdown : Management Decision
[INFO ] 2020-05-20 11:16:38.891 [main] TTWebsiteDriver - wait started for By.xpath: //input[@id='rdbdiscom']
[INFO ] 2020-05-20 11:16:38.920 [main] TTWebsiteDriver - wait over,element found
[INFO ] 2020-05-20 11:16:39.923 [main] TTWebsiteDriver - quick wait started for By.xpath: //input[@id='rdbdiscom']
[INFO ] 2020-05-20 11:16:39.950 [main] TTWebsiteDriver - wait over,element found
[INFO ] 2020-05-20 11:16:40.104 [main] BillingPage - On Company Radio Button Clicked
[INFO ] 2020-05-20 11:16:40.104 [main] TTWebsiteDriver - wait started for By.xpath: //section[@class='popupBody_discount']//i[@class='fa fa-save']
[INFO ] 2020-05-20 11:16:40.121 [main] TTWebsiteDriver - wait over,element found
[INFO ] 2020-05-20 11:16:41.136 [main] TTWebsiteDriver - quick wait started for By.xpath: //section[@class='popupBody_discount']//i[@class='fa fa-save']
[INFO ] 2020-05-20 11:16:41.184 [main] TTWebsiteDriver - wait over,element found
[INFO ] 2020-05-20 11:16:42.955 [main] BillingPage - Yes Btn Under Percentage Process Discount Popup Clicked
[INFO ] 2020-05-20 11:16:42.988 [main] TTWebsiteDriver - wait started for By.xpath: //input[@id='rdbdispat']
[INFO ] 2020-05-20 11:16:43.008 [main] TTWebsiteDriver - wait over,element found
[INFO ] 2020-05-20 11:16:44.013 [main] TTWebsiteDriver - quick wait started for By.xpath: //input[@id='rdbdispat']
[INFO ] 2020-05-20 11:16:44.046 [main] TTWebsiteDriver - wait over,element found
[INFO ] 2020-05-20 11:16:44.174 [main] BillingPage - On Patient Radio Button Clicked
[INFO ] 2020-05-20 11:16:44.174 [main] TTWebsiteDriver - wait started for By.xpath: //section[@class='popupBody_discount']//i[@class='fa fa-save']
[INFO ] 2020-05-20 11:16:44.189 [main] TTWebsiteDriver - wait over,element found
[INFO ] 2020-05-20 11:16:45.192 [main] TTWebsiteDriver - quick wait started for By.xpath: //section[@class='popupBody_discount']//i[@class='fa fa-save']
[INFO ] 2020-05-20 11:16:45.217 [main] TTWebsiteDriver - wait over,element found
[INFO ] 2020-05-20 11:16:46.136 [main] BillingPage - Yes Btn Under Percentage Process Discount Popup Clicked
[INFO ] 2020-05-20 11:16:46.179 [main] BillingPage - Billing Button on header clicked
[INFO ] 2020-05-20 11:16:46.179 [main] TTWebsiteDriver - wait started for By.xpath: //a[@id='btnyesbal2']
[INFO ] 2020-05-20 11:16:46.205 [main] TTWebsiteDriver - wait over,element found
[INFO ] 2020-05-20 11:16:47.214 [main] TTWebsiteDriver - wait started for By.xpath: //a[@id='btnyesbal2']
[INFO ] 2020-05-20 11:16:47.261 [main] TTWebsiteDriver - wait over,element found
[INFO ] 2020-05-20 11:16:48.291 [main] TTWebsiteDriver - quick wait started for By.xpath: //a[@id='btnyesbal2']
[INFO ] 2020-05-20 11:16:48.339 [main] TTWebsiteDriver - wait over,element found
[INFO ] 2020-05-20 11:16:48.519 [main] BillingPage - Yes Button On Generate Bill Popup Clicked
[INFO ] 2020-05-20 11:16:48.520 [main] TTWebsiteDriver - wait started for By.xpath: //input[@ctype='amount']
[INFO ] 2020-05-20 11:16:48.558 [main] TTWebsiteDriver - wait over,element found
[INFO ] 2020-05-20 11:16:49.800 [main] BillingPage - Following Amount has been added as patient Paid Amount: 5000
[INFO ] 2020-05-20 11:16:49.870 [main] BillingPage - New Payment Mode Button Clicked
[INFO ] 2020-05-20 11:16:50.012 [main] BillingPage - Second Payment MOde selected as Cheque
[INFO ] 2020-05-20 11:17:01.674 [main] BillingPage - Cheque Details has been filled
[INFO ] 2020-05-20 11:17:01.784 [main] BillingPage - Verify Button on Process Payment Popup Clicked
[INFO ] 2020-05-20 11:17:11.793 [main] TTWebsiteDriver - wait started for By.xpath: //section[@id='report']
[INFO ] 2020-05-20 11:17:11.872 [main] TTWebsiteDriver - wait over,element found
[INFO ] 2020-05-20 11:17:12.995 [main] BillingPage - Bill Got Generated Successfully
[INFO ] 2020-05-20 11:17:12.995 [main] TTWebsiteDriver - wait started for By.xpath: //a[@id='btnnorep']
[INFO ] 2020-05-20 11:17:13.043 [main] TTWebsiteDriver - wait over,element found
[INFO ] 2020-05-20 11:17:14.072 [main] TTWebsiteDriver - wait started for By.xpath: //a[@id='btnnorep']
[INFO ] 2020-05-20 11:17:14.120 [main] TTWebsiteDriver - wait over,element found
[INFO ] 2020-05-20 11:17:15.150 [main] TTWebsiteDriver - quick wait started for By.xpath: //a[@id='btnnorep']
[INFO ] 2020-05-20 11:17:15.197 [main] TTWebsiteDriver - wait over,element found
[INFO ] 2020-05-20 11:17:15.307 [main] BillingPage - No Button on Bill Got Generated Popup Clicked
[INFO ] 2020-05-20 11:17:15.323 [main] TestListner - [TEST IS SUCCESSFUL -------- Test case frontOfficeBillingNewPaymentModeTestCase has passed]
