[INFO ] 2020-07-10 15:57:45.224 [main] DriverManagerDataSource - Loaded JDBC driver: com.microsoft.sqlserver.jdbc.SQLServerDriver
[INFO ] 2020-07-10 15:57:45.885 [main] DriverManagerDataSource - Loaded JDBC driver: com.microsoft.sqlserver.jdbc.SQLServerDriver
[INFO ] 2020-07-10 15:57:45.982 [main] DriverManagerDataSource - Loaded JDBC driver: com.microsoft.sqlserver.jdbc.SQLServerDriver
[INFO ] 2020-07-10 15:57:46.112 [main] DriverManagerDataSource - Loaded JDBC driver: com.microsoft.sqlserver.jdbc.SQLServerDriver
[INFO ] 2020-07-10 15:57:46.203 [main] DriverManagerDataSource - Loaded JDBC driver: com.microsoft.sqlserver.jdbc.SQLServerDriver
[INFO ] 2020-07-10 15:57:46.298 [main] DriverManagerDataSource - Loaded JDBC driver: com.microsoft.sqlserver.jdbc.SQLServerDriver
[INFO ] 2020-07-10 15:57:46.449 [main] TestListner - 
******************************************************************************************************************************
					TEST CASE NAME:                  PhysicianOPDcaseSheetOrdersTest
******************************************************************************************************************************
[INFO ] 2020-07-10 15:57:52.279 [main] HISHomePage - User has been logged in to HIS Portal
[INFO ] 2020-07-10 15:57:53.511 [main] HISHomePage - Physician Icon Clicked
[INFO ] 2020-07-10 15:57:55.680 [main] HISHomePage - Following Station has been selected from Station Dropdown : 1st FLR T1 Transplant ICU
[INFO ] 2020-07-10 15:58:02.635 [main] HISHomePage - YES has been clicked from Station Dropdown
[INFO ] 2020-07-10 15:58:02.716 [main] HISHomePage - Page Heading Name= Doctor's Worklist
[INFO ] 2020-07-10 15:58:03.026 [main] HISHomePage - Click on OutPatient
[INFO ] 2020-07-10 15:58:03.623 [main] HISHomePage - Doctor Name= [[[[ChromeDriver: chrome on WINDOWS (0e839a209eeb4dd48530103901f3509d)] -> id: doctorsId]] -> tag name: option]
[INFO ] 2020-07-10 15:58:03.705 [main] HISHomePage - View= [[[[ChromeDriver: chrome on WINDOWS (0e839a209eeb4dd48530103901f3509d)] -> id: view_type]] -> tag name: option]
[INFO ] 2020-07-10 15:58:04.565 [main] HISHomePage - Frome Date= 10/Feb/2020
[INFO ] 2020-07-10 15:58:04.652 [main] HISHomePage - Click on Search Button
[INFO ] 2020-07-10 15:58:08.780 [main] HISHomePage - Click on Patient
[INFO ] 2020-07-10 15:58:15.349 [main] HISHomePage - Click on Order Tab
[INFO ] 2020-07-10 15:58:15.350 [main] TestListner - [TEST IS SUCCESSFUL -------- Test case PhysicianOPDcaseSheetOrdersTest has passed]
