[INFO ] 2020-05-20 11:20:14.858 [main] TTBaseTest - Started execution with  null
[INFO ] 2020-05-20 11:20:14.874 [main] TTBaseTest - Environment properties are not provided by the user ... loading the default properties
[INFO ] 2020-05-20 11:20:14.874 [main] TTBaseTest - Default Browser is  ------ chrome
[INFO ] 2020-05-20 11:20:14.874 [main] TTBaseTest - Default URL is  ------ http://206.19.38.8:8001/HISTreeTesting/Login/Login?ReturnUrl=%2fHistreetesting
[INFO ] 2020-05-20 11:20:14.874 [main] TTBaseTest - Default loginname is  ------ null
[INFO ] 2020-05-20 11:20:14.874 [main] TTBaseTest - Default username is  ------ null
[INFO ] 2020-05-20 11:20:14.874 [main] TTBaseTest - Default user password is  ------ Deepak@1234
[INFO ] 2020-05-20 11:20:19.192 [main] TTWebsiteDriver - Window is maximized
[INFO ] 2020-05-20 11:20:19.237 [main] TTWebsiteDriver - All cookies deleted
[INFO ] 2020-05-20 11:20:19.882 [main] TTWebsiteBaseTest - Application loaded
[INFO ] 2020-05-20 11:20:19.978 [main] DriverManagerDataSource - Loaded JDBC driver: com.microsoft.sqlserver.jdbc.SQLServerDriver
[INFO ] 2020-05-20 11:20:19.978 [main] DBUtil - ConnectionString::jdbc:sqlserver://206.19.38.4;databaseName=SIT_HISTree_TestingAuto;instance=MSSQLSERVER;domain=null
[INFO ] 2020-05-20 11:20:19.978 [main] DBUtil - QUERY TRIGGERED IS select top 1 Name from M_IdCardType where Deleted=0

[INFO ] 2020-05-20 11:20:20.424 [main] DriverManagerDataSource - Loaded JDBC driver: com.microsoft.sqlserver.jdbc.SQLServerDriver
[INFO ] 2020-05-20 11:20:20.424 [main] DBUtil - ConnectionString::jdbc:sqlserver://206.19.38.4;databaseName=SIT_HISTree_TestingAuto;instance=MSSQLSERVER;domain=null
[INFO ] 2020-05-20 11:20:20.424 [main] DBUtil - QUERY TRIGGERED IS select top 1 name from M_OCCUPATION where Deleted=0

[INFO ] 2020-05-20 11:20:20.536 [main] DriverManagerDataSource - Loaded JDBC driver: com.microsoft.sqlserver.jdbc.SQLServerDriver
[INFO ] 2020-05-20 11:20:20.536 [main] DBUtil - ConnectionString::jdbc:sqlserver://206.19.38.4;databaseName=SIT_HISTree_TestingAuto;instance=MSSQLSERVER;domain=null
[INFO ] 2020-05-20 11:20:20.536 [main] DBUtil - QUERY TRIGGERED IS select top 1 Name from M_QUALIFICATION where Deleted=0

[INFO ] 2020-05-20 11:20:20.614 [main] DriverManagerDataSource - Loaded JDBC driver: com.microsoft.sqlserver.jdbc.SQLServerDriver
[INFO ] 2020-05-20 11:20:20.614 [main] DBUtil - ConnectionString::jdbc:sqlserver://206.19.38.4;databaseName=SIT_HISTree_TestingAuto;instance=MSSQLSERVER;domain=null
[INFO ] 2020-05-20 11:20:20.614 [main] DBUtil - QUERY TRIGGERED IS select top 1 Name from m_SourceOfInfo where Deleted=0

[INFO ] 2020-05-20 11:20:20.708 [main] DriverManagerDataSource - Loaded JDBC driver: com.microsoft.sqlserver.jdbc.SQLServerDriver
[INFO ] 2020-05-20 11:20:20.708 [main] DBUtil - ConnectionString::jdbc:sqlserver://206.19.38.4;databaseName=SIT_HISTree_TestingAuto;instance=MSSQLSERVER;domain=null
[INFO ] 2020-05-20 11:20:20.708 [main] DBUtil - QUERY TRIGGERED IS select top 1 NAME from m_city where deleted=0

[INFO ] 2020-05-20 11:20:20.786 [main] DriverManagerDataSource - Loaded JDBC driver: com.microsoft.sqlserver.jdbc.SQLServerDriver
[INFO ] 2020-05-20 11:20:20.786 [main] DBUtil - ConnectionString::jdbc:sqlserver://206.19.38.4;databaseName=SIT_HISTree_TestingAuto;instance=MSSQLSERVER;domain=null
[INFO ] 2020-05-20 11:20:20.786 [main] DBUtil - QUERY TRIGGERED IS select top 1 NAME from m_city where deleted=0

[INFO ] 2020-05-20 11:20:20.864 [main] TestListner - 
******************************************************************************************************************************
					TEST CASE NAME:                  frontOfficeBillingMergeDuplicatesTestCase
******************************************************************************************************************************
[INFO ] 2020-05-20 11:20:21.159 [main] TTWebsiteDriver - wait started for By.id: btnLogin
[INFO ] 2020-05-20 11:20:21.184 [main] TTWebsiteDriver - wait over,element found
[INFO ] 2020-05-20 11:20:22.197 [main] TTWebsiteDriver - quick wait started for By.id: btnLogin
[INFO ] 2020-05-20 11:20:22.246 [main] TTWebsiteDriver - wait over,element found
[INFO ] 2020-05-20 11:20:22.490 [main] TTWebsiteDriver - wait started for By.xpath: //a[@id='btnYesAlreadyLogedinPopup']
[INFO ] 2020-05-20 11:20:22.536 [main] TTWebsiteDriver - wait over,element found
[INFO ] 2020-05-20 11:20:23.547 [main] TTWebsiteDriver - quick wait started for By.xpath: //a[@id='btnYesAlreadyLogedinPopup']
[INFO ] 2020-05-20 11:20:23.595 [main] TTWebsiteDriver - wait over,element found
[INFO ] 2020-05-20 11:20:24.457 [main] HISHomePage - User has been logged in to HIS Portal
[INFO ] 2020-05-20 11:20:24.458 [main] TTWebsiteDriver - wait started for By.xpath: //span[contains(text(),'Front Office')]//ancestor::a
[INFO ] 2020-05-20 11:20:24.482 [main] TTWebsiteDriver - wait over,element found
[INFO ] 2020-05-20 11:20:25.778 [main] HISHomePage - Front Office Icon Clicked
[INFO ] 2020-05-20 11:20:29.939 [main] HISHomePage - Following Station has been selected from Station Dropdown : Front Office
[INFO ] 2020-05-20 11:20:29.939 [main] TTWebsiteDriver - wait started for By.id: btn_yes_desh
[INFO ] 2020-05-20 11:20:29.987 [main] TTWebsiteDriver - wait over,element found
[INFO ] 2020-05-20 11:20:31.018 [main] TTWebsiteDriver - quick wait started for By.id: btn_yes_desh
[INFO ] 2020-05-20 11:20:31.050 [main] TTWebsiteDriver - wait over,element found
[INFO ] 2020-05-20 11:20:31.803 [main] HISHomePage - YES has been clicked from Station Dropdown
[INFO ] 2020-05-20 11:20:31.803 [main] TTWebsiteDriver - wait started for By.xpath: //li[@id='FOAddPatientMenu']//i[2]
[INFO ] 2020-05-20 11:20:31.826 [main] TTWebsiteDriver - wait over,element found
[INFO ] 2020-05-20 11:20:32.842 [main] TTWebsiteDriver - wait started for By.xpath: //li[@id='FOAddPatientMenu']//i[2]
[INFO ] 2020-05-20 11:20:32.874 [main] TTWebsiteDriver - wait over,element found
[INFO ] 2020-05-20 11:20:33.904 [main] TTWebsiteDriver - quick wait started for By.xpath: //li[@id='FOAddPatientMenu']//i[2]
[INFO ] 2020-05-20 11:20:33.951 [main] TTWebsiteDriver - wait over,element found
[INFO ] 2020-05-20 11:20:34.096 [main] FrontOfficeHomePage - Add Patient Section is Expanded
[INFO ] 2020-05-20 11:20:43.293 [main] FrontOfficeHomePage - Following Option has been selected from Add Patient Section Patient Registration
[INFO ] 2020-05-20 11:20:43.293 [main] TTWebsiteDriver - Waiting For Page load via JS
[INFO ] 2020-05-20 11:21:01.557 [main] PatientRegistrationPage - Following Title has been selected from Title Dropdown : New Delhi
[INFO ] 2020-05-20 11:21:01.557 [main] TTWebsiteDriver - wait started for By.id: firstName
[INFO ] 2020-05-20 11:21:01.575 [main] TTWebsiteDriver - wait over,element found
[INFO ] 2020-05-20 11:21:03.132 [main] PatientRegistrationPage - First Name has been added as : Automation
[INFO ] 2020-05-20 11:21:03.133 [main] TTWebsiteDriver - wait started for By.id: middleName
[INFO ] 2020-05-20 11:21:03.151 [main] TTWebsiteDriver - wait over,element found
[INFO ] 2020-05-20 11:21:04.458 [main] PatientRegistrationPage - Middle Name has been added as : Test
[INFO ] 2020-05-20 11:21:04.458 [main] TTWebsiteDriver - wait started for By.id: lastName
[INFO ] 2020-05-20 11:21:04.482 [main] TTWebsiteDriver - wait over,element found
[INFO ] 2020-05-20 11:21:05.804 [main] PatientRegistrationPage - Last Name has been added as : User
[INFO ] 2020-05-20 11:21:05.804 [main] TTWebsiteDriver - wait started for By.id: gender
[INFO ] 2020-05-20 11:21:05.823 [main] TTWebsiteDriver - wait over,element found
[INFO ] 2020-05-20 11:21:06.957 [main] PatientRegistrationPage - Following Gender has been selected from Gender Dropdown : Male
[INFO ] 2020-05-20 11:21:06.957 [main] TTWebsiteDriver - wait started for By.id: dob
[INFO ] 2020-05-20 11:21:06.989 [main] TTWebsiteDriver - wait over,element found
[INFO ] 2020-05-20 11:21:08.750 [main] PatientRegistrationPage - Following DOB has been added : 15-12-1991
[INFO ] 2020-05-20 11:21:16.813 [main] TTWebsiteDriver - wait started for By.id: chkA
[INFO ] 2020-05-20 11:21:16.877 [main] TTWebsiteDriver - wait over,element found
[INFO ] 2020-05-20 11:21:17.970 [main] TTWebsiteDriver - wait started for By.id: age
[INFO ] 2020-05-20 11:21:18.003 [main] TTWebsiteDriver - wait over,element found
[INFO ] 2020-05-20 11:21:19.265 [main] PatientRegistrationPage - Following Age has been added : 65
[INFO ] 2020-05-20 11:21:19.265 [main] TTWebsiteDriver - wait started for By.id: mStatus
[INFO ] 2020-05-20 11:21:19.285 [main] TTWebsiteDriver - wait over,element found
[INFO ] 2020-05-20 11:21:20.521 [main] PatientRegistrationPage - Following MArtial Status has been selected from MArtial Status  Dropdown : Single
[INFO ] 2020-05-20 11:21:20.523 [main] TTWebsiteDriver - wait started for By.id: motherName
[INFO ] 2020-05-20 11:21:20.544 [main] TTWebsiteDriver - wait over,element found
[INFO ] 2020-05-20 11:21:22.506 [main] PatientRegistrationPage - Following Mother Maiden Name Has been Added: Automation Test Mother
[INFO ] 2020-05-20 11:21:22.506 [main] TTWebsiteDriver - wait started for By.id: relName
[INFO ] 2020-05-20 11:21:22.533 [main] TTWebsiteDriver - wait over,element found
[INFO ] 2020-05-20 11:21:24.426 [main] PatientRegistrationPage - Following Fathers Name Has been Added: AutomationFather@123 
[INFO ] 2020-05-20 11:21:24.428 [main] TTWebsiteDriver - wait started for By.id: nationality
[INFO ] 2020-05-20 11:21:24.447 [main] TTWebsiteDriver - wait over,element found
[INFO ] 2020-05-20 11:21:25.575 [main] PatientRegistrationPage - Following Nationality has been selected from Nationality Dropdown : Indian
[INFO ] 2020-05-20 11:21:27.690 [main] PatientRegistrationPage - VIP Checkbox has been selected and Data has been added to VIP Text Box
[INFO ] 2020-05-20 11:21:28.029 [main] PatientRegistrationPage - Remarks Checkbox has been selected and Data has been added to Remarks Text Box
[INFO ] 2020-05-20 11:21:28.055 [main] PatientRegistrationPage - NRI Checkbox has been selected
[INFO ] 2020-05-20 11:21:28.141 [main] PatientRegistrationPage - ID Card Drop down is enabled
[INFO ] 2020-05-20 11:21:28.142 [main] TTWebsiteDriver - wait started for By.id: cardType
[INFO ] 2020-05-20 11:21:28.162 [main] TTWebsiteDriver - wait over,element found
[INFO ] 2020-05-20 11:21:29.367 [main] PatientRegistrationPage - Following ID Card has been selected from ID Card Dropdown : Passport Number
[INFO ] 2020-05-20 11:21:29.634 [main] PatientRegistrationPage - Following National ID has been added : 12345
[INFO ] 2020-05-20 11:21:30.256 [main] PatientRegistrationPage - Following TELEPHONE NO has been added in TELEPHONE No Text Box : 1234567891011123
[INFO ] 2020-05-20 11:21:30.681 [main] PatientRegistrationPage - Following MOBILE NO has been added : 1234567890
[INFO ] 2020-05-20 11:21:31.602 [main] PatientRegistrationPage - Following house Number has been added Automation Test Address
[INFO ] 2020-05-20 11:21:31.602 [main] TTWebsiteDriver - wait started for By.id: city
[INFO ] 2020-05-20 11:21:31.620 [main] TTWebsiteDriver - wait over,element found
[INFO ] 2020-05-20 11:21:32.920 [main] PatientRegistrationPage - Following City  has been selected from City Dropdown : New Delhi
[INFO ] 2020-05-20 11:21:44.913 [main] PatientRegistrationPage - Following City has been addedTest City8882Following District has been selected
[INFO ] 2020-05-20 11:21:44.913 [main] TTWebsiteDriver - wait started for By.id: addlocal
[INFO ] 2020-05-20 11:21:45.590 [main] TTWebsiteDriver - wait over,element found
[INFO ] 2020-05-20 11:21:46.883 [main] TTWebsiteDriver - wait started for By.id: local
[INFO ] 2020-05-20 11:21:46.903 [main] TTWebsiteDriver - wait over,element found
[INFO ] 2020-05-20 11:21:57.390 [main] PatientRegistrationPage - Follwoing Locality has been added: Test local4564Following City has been selected: SaharanpurFollowing Pin Code has been added: 247001
[INFO ] 2020-05-20 11:21:57.390 [main] TTWebsiteDriver - wait started for By.id: emailID
[INFO ] 2020-05-20 11:21:57.412 [main] TTWebsiteDriver - wait over,element found
[INFO ] 2020-05-20 11:21:59.827 [main] PatientRegistrationPage - Following email has been added: test@automation.com
[INFO ] 2020-05-20 11:22:00.158 [main] PatientRegistrationPage - Following Reffered By has been added: Self
[INFO ] 2020-05-20 11:22:00.159 [main] TTWebsiteDriver - wait started for By.id: lang
[INFO ] 2020-05-20 11:22:00.179 [main] TTWebsiteDriver - wait over,element found
[INFO ] 2020-05-20 11:22:01.408 [main] PatientRegistrationPage - Following language  has been selected from language Dropdown : English
[INFO ] 2020-05-20 11:22:01.409 [main] TTWebsiteDriver - wait started for By.id: occupation
[INFO ] 2020-05-20 11:22:01.432 [main] TTWebsiteDriver - wait over,element found
[INFO ] 2020-05-20 11:22:02.661 [main] PatientRegistrationPage - Following occupation  has been selected from occupation Dropdown : Student
[INFO ] 2020-05-20 11:22:02.661 [main] TTWebsiteDriver - wait started for By.id: qualification
[INFO ] 2020-05-20 11:22:02.676 [main] TTWebsiteDriver - wait over,element found
[INFO ] 2020-05-20 11:22:03.914 [main] PatientRegistrationPage - Following qualification  has been selected from qualification Dropdown : Ph.D
[INFO ] 2020-05-20 11:22:03.914 [main] TTWebsiteDriver - wait started for By.id: religion
[INFO ] 2020-05-20 11:22:03.926 [main] TTWebsiteDriver - wait over,element found
[INFO ] 2020-05-20 11:22:05.158 [main] PatientRegistrationPage - Following relegion  has been selected from relegion Dropdown : Hindu
[INFO ] 2020-05-20 11:22:05.158 [main] TTWebsiteDriver - wait started for By.id: sref
[INFO ] 2020-05-20 11:22:05.193 [main] TTWebsiteDriver - wait over,element found
[INFO ] 2020-05-20 11:22:06.364 [main] PatientRegistrationPage - Following refer  has been selected from refer Dropdown : News Paper
[INFO ] 2020-05-20 11:22:06.458 [main] PatientRegistrationPage - Financial Details Checkbox Checked
[INFO ] 2020-05-20 11:22:06.459 [main] TTWebsiteDriver - wait started for By.id: companytype
[INFO ] 2020-05-20 11:22:06.491 [main] TTWebsiteDriver - wait over,element found
[INFO ] 2020-05-20 11:22:07.720 [main] PatientRegistrationPage - Following compType  has been selected from compType Dropdown : Corporate
[INFO ] 2020-05-20 11:22:07.720 [main] TTWebsiteDriver - wait started for By.id: company
[INFO ] 2020-05-20 11:22:07.738 [main] TTWebsiteDriver - wait over,element found
[INFO ] 2020-05-20 11:22:08.946 [main] PatientRegistrationPage - Following comp has been selected from comp Dropdown: STATE BANK OF INDIA
[INFO ] 2020-05-20 11:22:08.946 [main] TTWebsiteDriver - wait started for By.id: rate
[INFO ] 2020-05-20 11:22:08.978 [main] TTWebsiteDriver - wait over,element found
[INFO ] 2020-05-20 11:22:10.117 [main] PatientRegistrationPage - Following Rate has been selected from Rate Dropdown: STATE BANK OF INDIA - (CGHS)
[INFO ] 2020-05-20 11:22:10.180 [main] PatientRegistrationPage - Scheme Checkbox Checked
[INFO ] 2020-05-20 11:22:10.180 [main] TTWebsiteDriver - wait started for By.id: scheme
[INFO ] 2020-05-20 11:22:10.214 [main] TTWebsiteDriver - wait over,element found
[INFO ] 2020-05-20 11:22:11.489 [main] PatientRegistrationPage - First Scheme has been selected from Scheme Dropdown
[INFO ] 2020-05-20 11:22:11.489 [main] TTWebsiteDriver - wait started for By.id: register
[INFO ] 2020-05-20 11:22:11.509 [main] TTWebsiteDriver - wait over,element found
[INFO ] 2020-05-20 11:22:12.615 [main] PatientRegistrationPage - Regsiter Icon Clicked
[INFO ] 2020-05-20 11:22:12.641 [main] TTWebsiteDriver - wait started for By.id: btnyesss
[INFO ] 2020-05-20 11:22:12.662 [main] TTWebsiteDriver - wait over,element found
[INFO ] 2020-05-20 11:22:23.827 [main] PatientRegistrationPage - Yes button clicked on Confirm Patient Details Popup
[INFO ] 2020-05-20 11:22:23.968 [main] PatientRegistrationPage - TEST US JHKJHKJHPSSH.260830

[INFO ] 2020-05-20 11:22:23.968 [main] TTWebsiteDriver - wait started for By.xpath: //div[@class='popup-area']//div[@class='modal-block-new']//a[contains(text(),'No')]
[INFO ] 2020-05-20 11:22:24.062 [main] TTWebsiteDriver - wait over,element found
[INFO ] 2020-05-20 11:22:25.092 [main] TTWebsiteDriver - wait started for By.xpath: //div[@class='popup-area']//div[@class='modal-block-new']//a[contains(text(),'No')]
[INFO ] 2020-05-20 11:22:25.171 [main] TTWebsiteDriver - wait over,element found
[INFO ] 2020-05-20 11:22:26.200 [main] TTWebsiteDriver - quick wait started for By.xpath: //div[@class='popup-area']//div[@class='modal-block-new']//a[contains(text(),'No')]
[INFO ] 2020-05-20 11:22:26.264 [main] TTWebsiteDriver - wait over,element found
[INFO ] 2020-05-20 11:22:26.487 [main] TTWebsiteDriver - Waiting For Page load via JS
[INFO ] 2020-05-20 11:22:26.500 [main] PatientRegistrationPage - REGISTERED SUCCESSFULLY POPUP No Button Clicked
[INFO ] 2020-05-20 11:22:26.500 [main] TTWebsiteDriver - wait started for By.xpath: //i[@class='fa fa-bars']
[INFO ] 2020-05-20 11:22:26.542 [main] TTWebsiteDriver - wait over,element found
[INFO ] 2020-05-20 11:22:27.651 [main] HISWebsiteBasePage - Menu Clicked
[INFO ] 2020-05-20 11:22:31.662 [main] TTWebsiteDriver - wait started for By.xpath: //li[@id='FOAddPatientMenu']//i[2]
[INFO ] 2020-05-20 11:22:31.756 [main] TTWebsiteDriver - wait over,element found
[INFO ] 2020-05-20 11:22:32.786 [main] TTWebsiteDriver - wait started for By.xpath: //li[@id='FOAddPatientMenu']//i[2]
[INFO ] 2020-05-20 11:22:32.849 [main] TTWebsiteDriver - wait over,element found
[INFO ] 2020-05-20 11:22:33.879 [main] TTWebsiteDriver - quick wait started for By.xpath: //li[@id='FOAddPatientMenu']//i[2]
[INFO ] 2020-05-20 11:22:33.958 [main] TTWebsiteDriver - wait over,element found
[INFO ] 2020-05-20 11:22:34.114 [main] FrontOfficeHomePage - Add Patient Section is Expanded
[INFO ] 2020-05-20 11:22:43.015 [main] FrontOfficeHomePage - Following Option has been selected from Add Patient Section Patient Registration
[INFO ] 2020-05-20 11:22:43.015 [main] TTWebsiteDriver - Waiting For Page load via JS
[INFO ] 2020-05-20 11:23:01.300 [main] PatientRegistrationPage - Following Title has been selected from Title Dropdown : New Delhi
[INFO ] 2020-05-20 11:23:01.301 [main] TTWebsiteDriver - wait started for By.id: firstName
[INFO ] 2020-05-20 11:23:01.325 [main] TTWebsiteDriver - wait over,element found
[INFO ] 2020-05-20 11:23:02.881 [main] PatientRegistrationPage - First Name has been added as : Automation
[INFO ] 2020-05-20 11:23:02.881 [main] TTWebsiteDriver - wait started for By.id: middleName
[INFO ] 2020-05-20 11:23:02.900 [main] TTWebsiteDriver - wait over,element found
[INFO ] 2020-05-20 11:23:04.215 [main] PatientRegistrationPage - Middle Name has been added as : Test
[INFO ] 2020-05-20 11:23:04.215 [main] TTWebsiteDriver - wait started for By.id: lastName
[INFO ] 2020-05-20 11:23:04.233 [main] TTWebsiteDriver - wait over,element found
[INFO ] 2020-05-20 11:23:05.546 [main] PatientRegistrationPage - Last Name has been added as : User
[INFO ] 2020-05-20 11:23:05.547 [main] TTWebsiteDriver - wait started for By.id: gender
[INFO ] 2020-05-20 11:23:05.564 [main] TTWebsiteDriver - wait over,element found
[INFO ] 2020-05-20 11:23:06.704 [main] PatientRegistrationPage - Following Gender has been selected from Gender Dropdown : Male
[INFO ] 2020-05-20 11:23:06.704 [main] TTWebsiteDriver - wait started for By.id: dob
[INFO ] 2020-05-20 11:23:06.752 [main] TTWebsiteDriver - wait over,element found
[INFO ] 2020-05-20 11:23:08.517 [main] PatientRegistrationPage - Following DOB has been added : 15-12-1991
[INFO ] 2020-05-20 11:23:16.578 [main] TTWebsiteDriver - wait started for By.id: chkA
[INFO ] 2020-05-20 11:23:16.642 [main] TTWebsiteDriver - wait over,element found
[INFO ] 2020-05-20 11:23:17.757 [main] TTWebsiteDriver - wait started for By.id: age
[INFO ] 2020-05-20 11:23:17.855 [main] TTWebsiteDriver - wait over,element found
[INFO ] 2020-05-20 11:23:19.164 [main] PatientRegistrationPage - Following Age has been added : 65
[INFO ] 2020-05-20 11:23:19.164 [main] TTWebsiteDriver - wait started for By.id: mStatus
[INFO ] 2020-05-20 11:23:19.185 [main] TTWebsiteDriver - wait over,element found
[INFO ] 2020-05-20 11:23:20.413 [main] PatientRegistrationPage - Following MArtial Status has been selected from MArtial Status  Dropdown : Single
[INFO ] 2020-05-20 11:23:20.413 [main] TTWebsiteDriver - wait started for By.id: motherName
[INFO ] 2020-05-20 11:23:20.434 [main] TTWebsiteDriver - wait over,element found
[INFO ] 2020-05-20 11:23:22.360 [main] PatientRegistrationPage - Following Mother Maiden Name Has been Added: Automation Test Mother
[INFO ] 2020-05-20 11:23:22.360 [main] TTWebsiteDriver - wait started for By.id: relName
[INFO ] 2020-05-20 11:23:22.377 [main] TTWebsiteDriver - wait over,element found
[INFO ] 2020-05-20 11:23:24.271 [main] PatientRegistrationPage - Following Fathers Name Has been Added: AutomationFather@123 
[INFO ] 2020-05-20 11:23:24.271 [main] TTWebsiteDriver - wait started for By.id: nationality
[INFO ] 2020-05-20 11:23:24.293 [main] TTWebsiteDriver - wait over,element found
[INFO ] 2020-05-20 11:23:25.422 [main] PatientRegistrationPage - Following Nationality has been selected from Nationality Dropdown : Indian
[INFO ] 2020-05-20 11:23:27.560 [main] PatientRegistrationPage - VIP Checkbox has been selected and Data has been added to VIP Text Box
[INFO ] 2020-05-20 11:23:27.901 [main] PatientRegistrationPage - Remarks Checkbox has been selected and Data has been added to Remarks Text Box
[INFO ] 2020-05-20 11:23:27.931 [main] PatientRegistrationPage - NRI Checkbox has been selected
[INFO ] 2020-05-20 11:23:28.015 [main] PatientRegistrationPage - ID Card Drop down is enabled
[INFO ] 2020-05-20 11:23:28.015 [main] TTWebsiteDriver - wait started for By.id: cardType
[INFO ] 2020-05-20 11:23:28.034 [main] TTWebsiteDriver - wait over,element found
[INFO ] 2020-05-20 11:23:29.238 [main] PatientRegistrationPage - Following ID Card has been selected from ID Card Dropdown : Passport Number
[INFO ] 2020-05-20 11:23:29.498 [main] PatientRegistrationPage - Following National ID has been added : 12345
[INFO ] 2020-05-20 11:23:30.107 [main] PatientRegistrationPage - Following TELEPHONE NO has been added in TELEPHONE No Text Box : 1234567891011123
[INFO ] 2020-05-20 11:23:30.535 [main] PatientRegistrationPage - Following MOBILE NO has been added : 1234567890
[INFO ] 2020-05-20 11:23:31.477 [main] PatientRegistrationPage - Following house Number has been added Automation Test Address
[INFO ] 2020-05-20 11:23:31.478 [main] TTWebsiteDriver - wait started for By.id: city
[INFO ] 2020-05-20 11:23:31.492 [main] TTWebsiteDriver - wait over,element found
[INFO ] 2020-05-20 11:23:32.762 [main] PatientRegistrationPage - Following City  has been selected from City Dropdown : New Delhi
[INFO ] 2020-05-20 11:23:44.729 [main] PatientRegistrationPage - Following City has been addedTest City1047Following District has been selected
[INFO ] 2020-05-20 11:23:44.729 [main] TTWebsiteDriver - wait started for By.id: addlocal
[INFO ] 2020-05-20 11:23:45.432 [main] TTWebsiteDriver - wait over,element found
[INFO ] 2020-05-20 11:23:46.724 [main] TTWebsiteDriver - wait started for By.id: local
[INFO ] 2020-05-20 11:23:46.744 [main] TTWebsiteDriver - wait over,element found
[INFO ] 2020-05-20 11:23:57.260 [main] PatientRegistrationPage - Follwoing Locality has been added: Test local5322Following City has been selected: SaharanpurFollowing Pin Code has been added: 247001
[INFO ] 2020-05-20 11:23:57.261 [main] TTWebsiteDriver - wait started for By.id: emailID
[INFO ] 2020-05-20 11:23:57.366 [main] TTWebsiteDriver - wait over,element found
[INFO ] 2020-05-20 11:23:59.679 [main] PatientRegistrationPage - Following email has been added: test@automation.com
[INFO ] 2020-05-20 11:23:59.999 [main] PatientRegistrationPage - Following Reffered By has been added: Self
[INFO ] 2020-05-20 11:24:00.000 [main] TTWebsiteDriver - wait started for By.id: lang
[INFO ] 2020-05-20 11:24:00.023 [main] TTWebsiteDriver - wait over,element found
[INFO ] 2020-05-20 11:24:01.253 [main] PatientRegistrationPage - Following language  has been selected from language Dropdown : English
[INFO ] 2020-05-20 11:24:01.254 [main] TTWebsiteDriver - wait started for By.id: occupation
[INFO ] 2020-05-20 11:24:01.280 [main] TTWebsiteDriver - wait over,element found
[INFO ] 2020-05-20 11:24:02.496 [main] PatientRegistrationPage - Following occupation  has been selected from occupation Dropdown : Student
[INFO ] 2020-05-20 11:24:02.496 [main] TTWebsiteDriver - wait started for By.id: qualification
[INFO ] 2020-05-20 11:24:02.509 [main] TTWebsiteDriver - wait over,element found
[INFO ] 2020-05-20 11:24:03.770 [main] PatientRegistrationPage - Following qualification  has been selected from qualification Dropdown : Ph.D
[INFO ] 2020-05-20 11:24:03.770 [main] TTWebsiteDriver - wait started for By.id: religion
[INFO ] 2020-05-20 11:24:03.775 [main] TTWebsiteDriver - wait over,element found
[INFO ] 2020-05-20 11:24:04.976 [main] PatientRegistrationPage - Following relegion  has been selected from relegion Dropdown : Hindu
[INFO ] 2020-05-20 11:24:04.976 [main] TTWebsiteDriver - wait started for By.id: sref
[INFO ] 2020-05-20 11:24:05.006 [main] TTWebsiteDriver - wait over,element found
[INFO ] 2020-05-20 11:24:06.210 [main] PatientRegistrationPage - Following refer  has been selected from refer Dropdown : News Paper
[INFO ] 2020-05-20 11:24:06.266 [main] PatientRegistrationPage - Financial Details Checkbox Checked
[INFO ] 2020-05-20 11:24:06.267 [main] TTWebsiteDriver - wait started for By.id: companytype
[INFO ] 2020-05-20 11:24:06.285 [main] TTWebsiteDriver - wait over,element found
[INFO ] 2020-05-20 11:24:07.487 [main] PatientRegistrationPage - Following compType  has been selected from compType Dropdown : Corporate
[INFO ] 2020-05-20 11:24:07.487 [main] TTWebsiteDriver - wait started for By.id: company
[INFO ] 2020-05-20 11:24:07.505 [main] TTWebsiteDriver - wait over,element found
[INFO ] 2020-05-20 11:24:08.726 [main] PatientRegistrationPage - Following comp has been selected from comp Dropdown: STATE BANK OF INDIA
[INFO ] 2020-05-20 11:24:08.726 [main] TTWebsiteDriver - wait started for By.id: rate
[INFO ] 2020-05-20 11:24:08.773 [main] TTWebsiteDriver - wait over,element found
[INFO ] 2020-05-20 11:24:09.943 [main] PatientRegistrationPage - Following Rate has been selected from Rate Dropdown: STATE BANK OF INDIA - (CGHS)
[INFO ] 2020-05-20 11:24:09.975 [main] PatientRegistrationPage - Scheme Checkbox Checked
[INFO ] 2020-05-20 11:24:09.975 [main] TTWebsiteDriver - wait started for By.id: scheme
[INFO ] 2020-05-20 11:24:10.026 [main] TTWebsiteDriver - wait over,element found
[INFO ] 2020-05-20 11:24:11.289 [main] PatientRegistrationPage - First Scheme has been selected from Scheme Dropdown
[INFO ] 2020-05-20 11:24:11.290 [main] TTWebsiteDriver - wait started for By.id: register
[INFO ] 2020-05-20 11:24:11.308 [main] TTWebsiteDriver - wait over,element found
[INFO ] 2020-05-20 11:24:12.403 [main] PatientRegistrationPage - Regsiter Icon Clicked
[INFO ] 2020-05-20 11:24:12.430 [main] TTWebsiteDriver - wait started for By.id: btnyesss
[INFO ] 2020-05-20 11:24:12.470 [main] TTWebsiteDriver - wait over,element found
[INFO ] 2020-05-20 11:24:23.636 [main] PatientRegistrationPage - Yes button clicked on Confirm Patient Details Popup
[INFO ] 2020-05-20 11:24:23.746 [main] PatientRegistrationPage - TEST US JHKJHKJHPSSH.260831

[INFO ] 2020-05-20 11:24:23.746 [main] TTWebsiteDriver - wait started for By.xpath: //div[@class='popup-area']//div[@class='modal-block-new']//a[contains(text(),'No')]
[INFO ] 2020-05-20 11:24:23.809 [main] TTWebsiteDriver - wait over,element found
[INFO ] 2020-05-20 11:24:24.838 [main] TTWebsiteDriver - wait started for By.xpath: //div[@class='popup-area']//div[@class='modal-block-new']//a[contains(text(),'No')]
[INFO ] 2020-05-20 11:24:24.917 [main] TTWebsiteDriver - wait over,element found
[INFO ] 2020-05-20 11:24:25.947 [main] TTWebsiteDriver - quick wait started for By.xpath: //div[@class='popup-area']//div[@class='modal-block-new']//a[contains(text(),'No')]
[INFO ] 2020-05-20 11:24:26.010 [main] TTWebsiteDriver - wait over,element found
[INFO ] 2020-05-20 11:24:26.234 [main] TTWebsiteDriver - Waiting For Page load via JS
[INFO ] 2020-05-20 11:24:26.245 [main] PatientRegistrationPage - REGISTERED SUCCESSFULLY POPUP No Button Clicked
[INFO ] 2020-05-20 11:24:26.246 [main] TTWebsiteDriver - wait started for By.xpath: //i[@class='fa fa-bars']
[INFO ] 2020-05-20 11:24:26.275 [main] TTWebsiteDriver - wait over,element found
[INFO ] 2020-05-20 11:24:27.382 [main] HISWebsiteBasePage - Menu Clicked
[INFO ] 2020-05-20 11:24:31.392 [main] TTWebsiteDriver - wait started for By.xpath: //li[@id='FOAddPatientMenu']//i[2]
[INFO ] 2020-05-20 11:24:31.487 [main] TTWebsiteDriver - wait over,element found
[INFO ] 2020-05-20 11:24:32.516 [main] TTWebsiteDriver - wait started for By.xpath: //li[@id='FOAddPatientMenu']//i[2]
[INFO ] 2020-05-20 11:24:32.580 [main] TTWebsiteDriver - wait over,element found
[INFO ] 2020-05-20 11:24:33.609 [main] TTWebsiteDriver - quick wait started for By.xpath: //li[@id='FOAddPatientMenu']//i[2]
[INFO ] 2020-05-20 11:24:33.688 [main] TTWebsiteDriver - wait over,element found
[INFO ] 2020-05-20 11:24:33.844 [main] FrontOfficeHomePage - Add Patient Section is Expanded
[INFO ] 2020-05-20 11:24:40.432 [main] FrontOfficeHomePage - Following Option has been selected from Add Patient Section Merge Duplicates
[INFO ] 2020-05-20 11:24:40.432 [main] TTWebsiteDriver - Waiting For Page load via JS
[INFO ] 2020-05-20 11:24:58.453 [main] TTWebsiteDriver - wait started for By.id: firstaname_mearge
[INFO ] 2020-05-20 11:24:58.532 [main] TTWebsiteDriver - wait over,element found
[INFO ] 2020-05-20 11:24:59.766 [main] MergeAndUnmergeDuplicatePage - Following First Name has been added Automation
[INFO ] 2020-05-20 11:24:59.766 [main] TTWebsiteDriver - wait started for By.xpath: //td[contains(text(),'PSSH.260830')]//preceding::input[@type='radio'][1]
[INFO ] 2020-05-20 11:25:03.472 [main] TTWebsiteDriver - wait over,element found
[INFO ] 2020-05-20 11:25:04.557 [main] TTWebsiteDriver - wait started for By.xpath: //td[contains(text(),'PSSH.260831')]//preceding::input[@type='checkbox'][1]
[INFO ] 2020-05-20 11:25:04.639 [main] TTWebsiteDriver - wait over,element found
[INFO ] 2020-05-20 11:25:05.779 [main] TTWebsiteDriver - wait started for By.xpath: //a[@id='save_merge']//i[@class='fa fa-male']
[INFO ] 2020-05-20 11:25:05.939 [main] TTWebsiteDriver - wait over,element found
[INFO ] 2020-05-20 11:25:06.969 [main] TTWebsiteDriver - quick wait started for By.xpath: //a[@id='save_merge']//i[@class='fa fa-male']
[INFO ] 2020-05-20 11:25:07.033 [main] TTWebsiteDriver - wait over,element found
[INFO ] 2020-05-20 11:25:07.279 [main] MergeAndUnmergeDuplicatePage - Merge Button Clicked
[INFO ] 2020-05-20 11:25:07.279 [main] TTWebsiteDriver - wait started for By.xpath: //i[@class='fa fa-bars']
[INFO ] 2020-05-20 11:25:07.314 [main] TTWebsiteDriver - wait over,element found
[INFO ] 2020-05-20 11:25:08.372 [main] HISWebsiteBasePage - Menu Clicked
[INFO ] 2020-05-20 11:25:12.379 [main] TTWebsiteDriver - wait started for By.xpath: //a[contains(text(),'Billing')]//i[@class='fa fa-caret-down']
[INFO ] 2020-05-20 11:25:12.442 [main] TTWebsiteDriver - wait over,element found
[INFO ] 2020-05-20 11:25:13.472 [main] TTWebsiteDriver - wait started for By.xpath: //a[contains(text(),'Billing')]//i[@class='fa fa-caret-down']
[INFO ] 2020-05-20 11:25:13.520 [main] TTWebsiteDriver - wait over,element found
[INFO ] 2020-05-20 11:25:14.549 [main] TTWebsiteDriver - quick wait started for By.xpath: //a[contains(text(),'Billing')]//i[@class='fa fa-caret-down']
[INFO ] 2020-05-20 11:25:14.597 [main] TTWebsiteDriver - wait over,element found
[INFO ] 2020-05-20 11:25:14.754 [main] FrontOfficeHomePage - Billing Section is Expanded
[INFO ] 2020-05-20 11:25:22.414 [main] FrontOfficeHomePage - Following Option has been selected from Billing Section Billing
[INFO ] 2020-05-20 11:25:22.414 [main] TTWebsiteDriver - Waiting For Page load via JS
[INFO ] 2020-05-20 11:25:40.435 [main] TTWebsiteDriver - wait started for By.id: uHid
[INFO ] 2020-05-20 11:25:40.499 [main] TTWebsiteDriver - wait over,element found
[INFO ] 2020-05-20 11:25:46.334 [main] PatientRegistrationPage - Following UHID has been searched from Search BoxPSSH.260830
[INFO ] 2020-05-20 11:26:01.483 [main] TTWebsiteDriver - wait started for By.xpath: //a[@id='schemeRemarksPopupClose']
[INFO ] 2020-05-20 11:26:01.516 [main] TTWebsiteDriver - wait over,element found
[INFO ] 2020-05-20 11:26:02.546 [main] TTWebsiteDriver - wait started for By.xpath: //a[@id='schemeRemarksPopupClose']
[INFO ] 2020-05-20 11:26:02.593 [main] TTWebsiteDriver - wait over,element found
[INFO ] 2020-05-20 11:26:03.623 [main] TTWebsiteDriver - quick wait started for By.xpath: //a[@id='schemeRemarksPopupClose']
[INFO ] 2020-05-20 11:26:03.671 [main] TTWebsiteDriver - wait over,element found
[INFO ] 2020-05-20 11:26:09.954 [main] TTWebsiteDriver - wait started for By.xpath: //div[@class='modal-block-new top30']//i[@class='fa fa-save']
[INFO ] 2020-05-20 11:26:10.018 [main] TTWebsiteDriver - wait over,element found
[INFO ] 2020-05-20 11:26:11.225 [main] BillingPage - Save Button On Document Checklist popup Clicked
[INFO ] 2020-05-20 11:26:13.239 [main] TTWebsiteDriver - wait started for By.xpath: //span[@id='modelclose123']//i
[INFO ] 2020-05-20 11:26:17.374 [main] TTWebsiteDriver - waiting...
[INFO ] 2020-05-20 11:26:21.463 [main] TTWebsiteDriver - waiting...
[INFO ] 2020-05-20 11:26:25.551 [main] TTWebsiteDriver - waiting...
[INFO ] 2020-05-20 11:26:29.623 [main] TTWebsiteDriver - waiting...
[INFO ] 2020-05-20 11:26:33.712 [main] TTWebsiteDriver - waiting...
[INFO ] 2020-05-20 11:26:37.800 [main] TTWebsiteDriver - waiting...
[INFO ] 2020-05-20 11:26:41.841 [main] TTWebsiteDriver - waiting...
[INFO ] 2020-05-20 11:26:45.929 [main] TTWebsiteDriver - waiting...
[INFO ] 2020-05-20 11:26:50.018 [main] TTWebsiteDriver - waiting...
[INFO ] 2020-05-20 11:26:54.090 [main] TTWebsiteDriver - waiting...
[INFO ] 2020-05-20 11:26:54.090 [main] TTWebsiteDriver - ELEMENT NOT FOUND
[INFO ] 2020-05-20 11:26:57.295 [main] BillingPage - Check Box Unchecked on Scheme Details Popup
[INFO ] 2020-05-20 11:26:57.295 [main] TTWebsiteDriver - wait started for By.xpath: //a[@id='schemeclose']//i[@class='fa fa-times']
[INFO ] 2020-05-20 11:26:57.323 [main] TTWebsiteDriver - wait over,element found
[INFO ] 2020-05-20 11:26:58.494 [main] TTWebsiteDriver - wait started for By.xpath: //a[@id='schemeRemarksPopupClose']
[INFO ] 2020-05-20 11:26:58.526 [main] TTWebsiteDriver - wait over,element found
[INFO ] 2020-05-20 11:26:59.556 [main] TTWebsiteDriver - wait started for By.xpath: //a[@id='schemeRemarksPopupClose']
[INFO ] 2020-05-20 11:26:59.604 [main] TTWebsiteDriver - wait over,element found
[INFO ] 2020-05-20 11:27:00.633 [main] TTWebsiteDriver - quick wait started for By.xpath: //a[@id='schemeRemarksPopupClose']
[INFO ] 2020-05-20 11:27:00.681 [main] TTWebsiteDriver - wait over,element found
[INFO ] 2020-05-20 11:27:00.854 [main] TTWebsiteDriver - wait started for By.xpath: //span[@id='remarks_close']//i[@class='fa fa-times']
[INFO ] 2020-05-20 11:27:00.885 [main] TTWebsiteDriver - wait over,element found
[INFO ] 2020-05-20 11:27:02.014 [main] BillingPage - Remarks Popup Button Closed
[INFO ] 2020-05-20 11:27:02.015 [main] TTWebsiteDriver - wait started for By.xpath: //div[@class='user_sp_menu']//i[@class='fa fa-refresh']
[INFO ] 2020-05-20 11:27:02.041 [main] TTWebsiteDriver - wait over,element found
[INFO ] 2020-05-20 11:27:03.054 [main] TTWebsiteDriver - wait started for By.xpath: //div[@class='user_sp_menu']//i[@class='fa fa-refresh']
[INFO ] 2020-05-20 11:27:03.102 [main] TTWebsiteDriver - wait over,element found
[INFO ] 2020-05-20 11:27:04.132 [main] TTWebsiteDriver - quick wait started for By.xpath: //div[@class='user_sp_menu']//i[@class='fa fa-refresh']
[INFO ] 2020-05-20 11:27:04.180 [main] TTWebsiteDriver - wait over,element found
[INFO ] 2020-05-20 11:27:05.197 [main] BillingPage - Clear Button on Header Clicked
[INFO ] 2020-05-20 11:27:05.197 [main] TTWebsiteDriver - wait started for By.id: uHid
[INFO ] 2020-05-20 11:27:05.215 [main] TTWebsiteDriver - wait over,element found
[INFO ] 2020-05-20 11:27:10.722 [main] PatientRegistrationPage - Following UHID has been searched from Search BoxPSSH.260831
[INFO ] 2020-05-20 11:27:10.816 [main] BillingPage - Patient Mapped Popup is showing up
[INFO ] 2020-05-20 11:27:26.252 [main] TTWebsiteDriver - wait started for By.xpath: //a[@id='schemeRemarksPopupClose']
[INFO ] 2020-05-20 11:27:26.300 [main] TTWebsiteDriver - wait over,element found
[INFO ] 2020-05-20 11:27:27.329 [main] TTWebsiteDriver - wait started for By.xpath: //a[@id='schemeRemarksPopupClose']
[INFO ] 2020-05-20 11:27:27.377 [main] TTWebsiteDriver - wait over,element found
[INFO ] 2020-05-20 11:27:28.407 [main] TTWebsiteDriver - quick wait started for By.xpath: //a[@id='schemeRemarksPopupClose']
[INFO ] 2020-05-20 11:27:28.454 [main] TTWebsiteDriver - wait over,element found
[INFO ] 2020-05-20 11:27:34.752 [main] TTWebsiteDriver - wait started for By.xpath: //div[@class='modal-block-new top30']//i[@class='fa fa-save']
[INFO ] 2020-05-20 11:27:34.831 [main] TTWebsiteDriver - wait over,element found
[INFO ] 2020-05-20 11:27:36.008 [main] BillingPage - Save Button On Document Checklist popup Clicked
[INFO ] 2020-05-20 11:27:38.015 [main] TTWebsiteDriver - wait started for By.xpath: //span[@id='modelclose123']//i
[INFO ] 2020-05-20 11:27:42.071 [main] TTWebsiteDriver - waiting...
[INFO ] 2020-05-20 11:27:46.153 [main] TTWebsiteDriver - waiting...
[INFO ] 2020-05-20 11:27:50.245 [main] TTWebsiteDriver - waiting...
[INFO ] 2020-05-20 11:27:54.317 [main] TTWebsiteDriver - waiting...
[INFO ] 2020-05-20 11:27:58.405 [main] TTWebsiteDriver - waiting...
[INFO ] 2020-05-20 11:28:02.494 [main] TTWebsiteDriver - waiting...
[INFO ] 2020-05-20 11:28:06.566 [main] TTWebsiteDriver - waiting...
[INFO ] 2020-05-20 11:28:10.670 [main] TTWebsiteDriver - waiting...
[INFO ] 2020-05-20 11:28:14.774 [main] TTWebsiteDriver - waiting...
[INFO ] 2020-05-20 11:28:18.846 [main] TTWebsiteDriver - waiting...
[INFO ] 2020-05-20 11:28:18.846 [main] TTWebsiteDriver - ELEMENT NOT FOUND
[INFO ] 2020-05-20 11:28:22.029 [main] BillingPage - Check Box Unchecked on Scheme Details Popup
[INFO ] 2020-05-20 11:28:22.029 [main] TTWebsiteDriver - wait started for By.xpath: //a[@id='schemeclose']//i[@class='fa fa-times']
[INFO ] 2020-05-20 11:28:22.055 [main] TTWebsiteDriver - wait over,element found
[INFO ] 2020-05-20 11:28:23.210 [main] TTWebsiteDriver - wait started for By.xpath: //a[@id='schemeRemarksPopupClose']
[INFO ] 2020-05-20 11:28:23.258 [main] TTWebsiteDriver - wait over,element found
[INFO ] 2020-05-20 11:28:24.287 [main] TTWebsiteDriver - wait started for By.xpath: //a[@id='schemeRemarksPopupClose']
[INFO ] 2020-05-20 11:28:24.335 [main] TTWebsiteDriver - wait over,element found
[INFO ] 2020-05-20 11:28:25.365 [main] TTWebsiteDriver - quick wait started for By.xpath: //a[@id='schemeRemarksPopupClose']
[INFO ] 2020-05-20 11:28:25.413 [main] TTWebsiteDriver - wait over,element found
[INFO ] 2020-05-20 11:28:25.616 [main] TTWebsiteDriver - wait started for By.xpath: //span[@id='remarks_close']//i[@class='fa fa-times']
[INFO ] 2020-05-20 11:28:25.663 [main] TTWebsiteDriver - wait over,element found
[INFO ] 2020-05-20 11:28:26.771 [main] BillingPage - Remarks Popup Button Closed
[INFO ] 2020-05-20 11:28:26.771 [main] TTWebsiteDriver - wait started for By.xpath: //select[@name='ddlspecialization']
[INFO ] 2020-05-20 11:28:26.810 [main] TTWebsiteDriver - wait over,element found
[INFO ] 2020-05-20 11:28:28.029 [main] BillingPage - Following speciality  has been selected from speciality Dropdown : Pathologist
[INFO ] 2020-05-20 11:28:28.030 [main] TTWebsiteDriver - wait started for By.xpath: //li[contains(text(),'Megha')]
[INFO ] 2020-05-20 11:28:28.058 [main] TTWebsiteDriver - wait over,element found
[INFO ] 2020-05-20 11:28:29.226 [main] TTWebsiteDriver - wait started for By.xpath: //select[@name='ddlspecialization']
[INFO ] 2020-05-20 11:28:29.274 [main] TTWebsiteDriver - wait over,element found
[INFO ] 2020-05-20 11:28:30.487 [main] BillingPage - Following speciality  has been selected from speciality Dropdown : Cardiology
[INFO ] 2020-05-20 11:28:30.487 [main] TTWebsiteDriver - wait started for By.xpath: //li[contains(text(),'Deepak')]
[INFO ] 2020-05-20 11:28:30.514 [main] TTWebsiteDriver - wait over,element found
[INFO ] 2020-05-20 11:28:31.796 [main] BillingPage - Diagnostic Icon Clicked
[INFO ] 2020-05-20 11:28:33.450 [main] TTWebsiteDriver - wait started for By.xpath: //li[starts-with(@title,'24hrs Urinary Calcium')]
[INFO ] 2020-05-20 11:28:33.498 [main] TTWebsiteDriver - wait over,element found
[INFO ] 2020-05-20 11:28:52.436 [main] TestListner - Test has failed with TestResult status = 2
[INFO ] 2020-05-20 11:28:52.436 [main] TestListner - [TEST HAS FAILED-------- Test case frontOfficeBillingMergeDuplicatesTestCase has failed]. The reason is org.openqa.selenium.NoSuchElementException: no such element: Unable to locate element: {"method":"xpath","selector":"//p[contains(text(),'Price not defined for this service')]"}
  (Session info: chrome=83.0.4103.61)
  (Driver info: chromedriver=2.40.565498 (ea082db3280dd6843ebfb08a625e3eb905c4f5ab),platform=Windows NT 6.1.7601 SP1 x86_64) (WARNING: The server did not provide any stacktrace information)
Command duration or timeout: 0 milliseconds
For documentation on this error, please visit: http://seleniumhq.org/exceptions/no_such_element.html
Build info: version: '3.7.1', revision: '8a0099a', time: '2017-11-06T21:01:39.354Z'
System info: host: 'NISHANTSHARMA', ip: '206.19.38.23', os.name: 'Windows 7', os.arch: 'amd64', os.version: '6.1', java.version: '10.0.2'
Driver info: org.openqa.selenium.chrome.ChromeDriver
Capabilities {acceptInsecureCerts: false, acceptSslCerts: false, applicationCacheEnabled: false, browserConnectionEnabled: false, browserName: chrome, chrome: {chromedriverVersion: 2.40.565498 (ea082db3280dd6..., userDataDir: C:\Users\NISHAN~1\AppData\L...}, cssSelectorsEnabled: true, databaseEnabled: false, handlesAlerts: true, hasTouchScreen: false, javascriptEnabled: true, locationContextEnabled: true, mobileEmulationEnabled: false, nativeEvents: true, networkConnectionEnabled: false, pageLoadStrategy: normal, platform: XP, platformName: XP, rotatable: false, setWindowRect: true, takesHeapSnapshot: true, takesScreenshot: true, unexpectedAlertBehaviour: , unhandledPromptBehavior: , version: 83.0.4103.61, webStorageEnabled: true}
Session ID: 9846a5d5861d001ab907f9eadfbdf6ae
*** Element info: {Using=xpath, value=//p[contains(text(),'Price not defined for this service')]}
