[INFO ] 2020-07-10 11:19:28.073 [main] DriverManagerDataSource - Loaded JDBC driver: com.microsoft.sqlserver.jdbc.SQLServerDriver
[INFO ] 2020-07-10 11:19:28.668 [main] DriverManagerDataSource - Loaded JDBC driver: com.microsoft.sqlserver.jdbc.SQLServerDriver
[INFO ] 2020-07-10 11:19:28.743 [main] DriverManagerDataSource - Loaded JDBC driver: com.microsoft.sqlserver.jdbc.SQLServerDriver
[INFO ] 2020-07-10 11:19:28.821 [main] DriverManagerDataSource - Loaded JDBC driver: com.microsoft.sqlserver.jdbc.SQLServerDriver
[INFO ] 2020-07-10 11:19:28.910 [main] DriverManagerDataSource - Loaded JDBC driver: com.microsoft.sqlserver.jdbc.SQLServerDriver
[INFO ] 2020-07-10 11:19:28.994 [main] DriverManagerDataSource - Loaded JDBC driver: com.microsoft.sqlserver.jdbc.SQLServerDriver
[INFO ] 2020-07-10 11:19:29.073 [main] TestListner - 
******************************************************************************************************************************
					TEST CASE NAME:                  surgeryMedicalEstimateTest
******************************************************************************************************************************
[INFO ] 2020-07-10 11:19:34.525 [main] HISHomePage - User has been logged in to HIS Portal
[INFO ] 2020-07-10 11:19:35.683 [main] HISHomePage - ADT Icon Clicked
[INFO ] 2020-07-10 11:19:37.917 [main] ADTHomePage - Following Station has been selected from Station Dropdown : IT
[INFO ] 2020-07-10 11:19:42.173 [main] ADTHomePage - YES has been clicked from Station Dropdown
[INFO ] 2020-07-10 11:19:43.263 [main] ADTHomePage - Menu Clicked
[INFO ] 2020-07-10 11:19:47.471 [main] ADTHomePage - Admit Patient Section is Expanded
[INFO ] 2020-07-10 11:19:47.804 [main] ADTHomePage - Following Option has been selected from Indent Items Section Surgery / Medical Estimate
[INFO ] 2020-07-10 11:19:51.926 [main] ADTHomePage - UHID field is enabled
[INFO ] 2020-07-10 11:19:54.467 [main] ADTHomePage - After Press Enter Key UHID field is disabled
[INFO ] 2020-07-10 11:19:54.538 [main] ADTHomePage - Patient details fetch on banner= Mr. Fname72130 Lname72130/79 Year(s)/Male
[INFO ] 2020-07-10 11:19:54.596 [main] ADTHomePage - Click on Radio Button
[INFO ] 2020-07-10 11:19:54.795 [main] ADTHomePage - Requested Bed Type= General Ward
[INFO ] 2020-07-10 11:19:54.829 [main] ADTHomePage - Total No Of IP Days field is in disable form
[INFO ] 2020-07-10 11:19:54.976 [main] ADTHomePage - ICU Days= 3
[INFO ] 2020-07-10 11:19:55.106 [main] ADTHomePage - Required Ward Days= 2
[INFO ] 2020-07-10 11:19:55.760 [main] ADTHomePage - Expected Date of Admission= 10-07-2020
[INFO ] 2020-07-10 11:19:55.901 [main] ADTHomePage - Bed Type= Twin Bed is selected
[INFO ] 2020-07-10 11:19:56.033 [main] ADTHomePage - Ward Days= 3
[INFO ] 2020-07-10 11:19:56.196 [main] ADTHomePage - Bed Type2= Single Non-AC is selected
[INFO ] 2020-07-10 11:19:56.336 [main] ADTHomePage - Ward Days2= 2
[INFO ] 2020-07-10 11:19:56.502 [main] ADTHomePage - Diagnosis Problem= Typhoid
[INFO ] 2020-07-10 11:19:56.668 [main] ADTHomePage - Primary/AttendingSpeciality= Dermatology is selected
[INFO ] 2020-07-10 11:19:56.831 [main] ADTHomePage - Value of Primary Attending Consultant Employee268 is auto fetch on selection of Primary Attending speciality
[INFO ] 2020-07-10 11:19:56.993 [main] ADTHomePage - VisitsDays= 7
[INFO ] 2020-07-10 11:19:57.156 [main] ADTHomePage - Co-specility= Dermatology is selected
[INFO ] 2020-07-10 11:20:12.370 [main] ADTHomePage - Co-Consultant= Preethy  Harrison is selected
[INFO ] 2020-07-10 11:20:12.491 [main] ADTHomePage - CO-Visits Days= 2
[INFO ] 2020-07-10 11:20:12.667 [main] ADTHomePage - Secondary Speciality= Endocrinology is selected
[INFO ] 2020-07-10 11:20:12.822 [main] ADTHomePage - Value of Secondary Consultant Employee277 is auto fetch on selection of Secondary speciality
[INFO ] 2020-07-10 11:20:12.978 [main] ADTHomePage - Secondary Visits Days= 3
[INFO ] 2020-07-10 11:20:13.024 [main] ADTHomePage - Cash radio button is selected
[INFO ] 2020-07-10 11:20:28.241 [main] ADTHomePage - Referred By=  AJITHA is selected
[INFO ] 2020-07-10 11:20:28.626 [main] ADTHomePage - Billing Counselling done to= Demo person
[INFO ] 2020-07-10 11:20:28.984 [main] ADTHomePage - Emergency Contacts= 9876543212
[INFO ] 2020-07-10 11:20:29.095 [main] ADTHomePage - As per Actual check box is get checked 
[INFO ] 2020-07-10 11:20:31.360 [main] ADTHomePage - Checkboxes is auto checked on selection of 'as per actual' checkbox and field is disable
[INFO ] 2020-07-10 11:20:31.613 [main] ADTHomePage - Transfusion Medicine Amount= 5000
[INFO ] 2020-07-10 11:20:31.804 [main] ADTHomePage - Equipment Charges Amount= 4500
[INFO ] 2020-07-10 11:20:31.950 [main] ADTHomePage - Number of Referral Doctor Visits= 4
[INFO ] 2020-07-10 11:20:32.135 [main] ADTHomePage - Cost Per Visit= 400
[INFO ] 2020-07-10 11:20:32.509 [main] ADTHomePage - Implants= Demo  stent
[INFO ] 2020-07-10 11:20:32.689 [main] ADTHomePage - Implants Amount= 7500
[INFO ] 2020-07-10 11:20:32.732 [main] ADTHomePage - Pharm ICU Days Field is disabled
[INFO ] 2020-07-10 11:20:32.929 [main] ADTHomePage - Amount Per Day= 6000
[INFO ] 2020-07-10 11:20:33.358 [main] ADTHomePage - Other Item 1= Testing item 1
[INFO ] 2020-07-10 11:20:33.525 [main] ADTHomePage - Other Item1 Amount= 450
[INFO ] 2020-07-10 11:20:33.679 [main] ADTHomePage - Add Other Item Button is clicked
[INFO ] 2020-07-10 11:20:33.740 [main] ADTHomePage - Data is added in Other item cart
[INFO ] 2020-07-10 11:20:33.978 [main] ADTHomePage - Service= Cardiology Services is Selected
[INFO ] 2020-07-10 11:20:34.108 [main] ADTHomePage - Item= ECG (Nos) is Selected
[INFO ] 2020-07-10 11:20:34.247 [main] ADTHomePage - Qty= 3
[INFO ] 2020-07-10 11:20:34.322 [main] ADTHomePage - Click on Add Service Iteam Button
[INFO ] 2020-07-10 11:20:34.432 [main] ADTHomePage - Click on Calculate Surgery Button
[INFO ] 2020-07-10 11:20:34.475 [main] ADTHomePage - Click on Save Button
[INFO ] 2020-07-10 11:20:34.642 [main] ADTHomePage - Click on Do you want to save estimation for this patient?
[INFO ] 2020-07-10 11:20:36.119 [main] ADTHomePage - SaveSuccessfully Click on Do you want to print estimation of this patient!
[INFO ] 2020-07-10 11:20:42.299 [main] ADTHomePage - Print Window is Close
[INFO ] 2020-07-10 11:20:42.305 [main] TestListner - [TEST IS SUCCESSFUL -------- Test case surgeryMedicalEstimateTest has passed]
