[INFO ] 2020-07-11 12:45:27.509 [main] DriverManagerDataSource - Loaded JDBC driver: com.microsoft.sqlserver.jdbc.SQLServerDriver
[INFO ] 2020-07-11 12:45:28.547 [main] DriverManagerDataSource - Loaded JDBC driver: com.microsoft.sqlserver.jdbc.SQLServerDriver
[INFO ] 2020-07-11 12:45:28.859 [main] DriverManagerDataSource - Loaded JDBC driver: com.microsoft.sqlserver.jdbc.SQLServerDriver
[INFO ] 2020-07-11 12:45:29.171 [main] DriverManagerDataSource - Loaded JDBC driver: com.microsoft.sqlserver.jdbc.SQLServerDriver
[INFO ] 2020-07-11 12:45:29.484 [main] DriverManagerDataSource - Loaded JDBC driver: com.microsoft.sqlserver.jdbc.SQLServerDriver
[INFO ] 2020-07-11 12:45:29.788 [main] DriverManagerDataSource - Loaded JDBC driver: com.microsoft.sqlserver.jdbc.SQLServerDriver
[INFO ] 2020-07-11 12:45:30.093 [main] TestListner - 
******************************************************************************************************************************
					TEST CASE NAME:                  PhysicianOPDcaseSheetOrdersTest
******************************************************************************************************************************
[INFO ] 2020-07-11 12:45:36.598 [main] HISHomePage - User has been logged in to HIS Portal
[INFO ] 2020-07-11 12:45:37.916 [main] HISHomePage - Physician Icon Clicked
[INFO ] 2020-07-11 12:45:40.125 [main] HISHomePage - Following Station has been selected from Station Dropdown : 1st FLR T1 Transplant ICU
[INFO ] 2020-07-11 12:45:47.926 [main] HISHomePage - YES has been clicked from Station Dropdown
[INFO ] 2020-07-11 12:45:48.026 [main] HISHomePage - Page Heading Name= Doctor's Worklist
[INFO ] 2020-07-11 12:45:48.110 [main] HISHomePage - Click on OutPatient
[INFO ] 2020-07-11 12:45:48.359 [main] HISHomePage - Doctor Name= Abhin  Lazar
[INFO ] 2020-07-11 12:45:48.595 [main] HISHomePage - View= Summary
[INFO ] 2020-07-11 12:45:49.533 [main] HISHomePage - Frome Date= 10/Feb/2020
[INFO ] 2020-07-11 12:45:49.608 [main] HISHomePage - Click on Search Button
[INFO ] 2020-07-11 12:45:56.348 [main] HISHomePage - Click on Patient
[INFO ] 2020-07-11 12:46:02.058 [main] HISHomePage - Click on Order Tab
[INFO ] 2020-07-11 12:46:03.168 [main] HISHomePage - Page Heading Name= Orders
[INFO ] 2020-07-11 12:46:03.412 [main] HISHomePage - Selected TAB Name= Favourites
[INFO ] 2020-07-11 12:46:04.238 [main] HISHomePage - Reflected Services Name= Laboratory Chief Complaint Name= 17 HYDROXYCORTICOSTEROID
[INFO ] 2020-07-11 12:46:04.384 [main] HISHomePage - Reflected Services Name= Radiology Chief Complaint Name= 3T MRI Angiography Abdomen
[INFO ] 2020-07-11 12:46:04.517 [main] HISHomePage - Reflected Services Name= Procedures Chief Complaint Name= Mtech-500
[INFO ] 2020-07-11 12:46:04.518 [main] TestListner - [TEST IS SUCCESSFUL -------- Test case PhysicianOPDcaseSheetOrdersTest has passed]
