[INFO ] 2020-05-20 10:32:57.943 [main] TTBaseTest - Started execution with  null
[INFO ] 2020-05-20 10:32:57.953 [main] TTBaseTest - Environment properties are not provided by the user ... loading the default properties
[INFO ] 2020-05-20 10:32:57.953 [main] TTBaseTest - Default Browser is  ------ chrome
[INFO ] 2020-05-20 10:32:57.953 [main] TTBaseTest - Default URL is  ------ http://206.19.38.8:8001/HISTreeTesting/Login/Login?ReturnUrl=%2fHistreetesting
[INFO ] 2020-05-20 10:32:57.953 [main] TTBaseTest - Default loginname is  ------ null
[INFO ] 2020-05-20 10:32:57.954 [main] TTBaseTest - Default username is  ------ null
[INFO ] 2020-05-20 10:32:57.954 [main] TTBaseTest - Default user password is  ------ Deepak@1234
[INFO ] 2020-05-20 10:33:02.298 [main] TTWebsiteDriver - Window is maximized
[INFO ] 2020-05-20 10:33:02.336 [main] TTWebsiteDriver - All cookies deleted
[INFO ] 2020-05-20 10:33:04.525 [main] TTWebsiteBaseTest - Application loaded
[INFO ] 2020-05-20 10:33:04.639 [main] DriverManagerDataSource - Loaded JDBC driver: com.microsoft.sqlserver.jdbc.SQLServerDriver
[INFO ] 2020-05-20 10:33:04.639 [main] DBUtil - ConnectionString::jdbc:sqlserver://206.19.38.4;databaseName=SIT_HISTree_TestingAuto;instance=MSSQLSERVER;domain=null
[INFO ] 2020-05-20 10:33:04.639 [main] DBUtil - QUERY TRIGGERED IS select top 1 Name from M_IdCardType where Deleted=0

[INFO ] 2020-05-20 10:33:05.303 [main] DriverManagerDataSource - Loaded JDBC driver: com.microsoft.sqlserver.jdbc.SQLServerDriver
[INFO ] 2020-05-20 10:33:05.303 [main] DBUtil - ConnectionString::jdbc:sqlserver://206.19.38.4;databaseName=SIT_HISTree_TestingAuto;instance=MSSQLSERVER;domain=null
[INFO ] 2020-05-20 10:33:05.303 [main] DBUtil - QUERY TRIGGERED IS select top 1 name from M_OCCUPATION where Deleted=0

[INFO ] 2020-05-20 10:33:05.784 [main] DriverManagerDataSource - Loaded JDBC driver: com.microsoft.sqlserver.jdbc.SQLServerDriver
[INFO ] 2020-05-20 10:33:05.784 [main] DBUtil - ConnectionString::jdbc:sqlserver://206.19.38.4;databaseName=SIT_HISTree_TestingAuto;instance=MSSQLSERVER;domain=null
[INFO ] 2020-05-20 10:33:05.785 [main] DBUtil - QUERY TRIGGERED IS select top 1 Name from M_QUALIFICATION where Deleted=0

[INFO ] 2020-05-20 10:33:05.892 [main] DriverManagerDataSource - Loaded JDBC driver: com.microsoft.sqlserver.jdbc.SQLServerDriver
[INFO ] 2020-05-20 10:33:05.892 [main] DBUtil - ConnectionString::jdbc:sqlserver://206.19.38.4;databaseName=SIT_HISTree_TestingAuto;instance=MSSQLSERVER;domain=null
[INFO ] 2020-05-20 10:33:05.892 [main] DBUtil - QUERY TRIGGERED IS select top 1 Name from m_SourceOfInfo where Deleted=0

[INFO ] 2020-05-20 10:33:05.973 [main] DriverManagerDataSource - Loaded JDBC driver: com.microsoft.sqlserver.jdbc.SQLServerDriver
[INFO ] 2020-05-20 10:33:05.973 [main] DBUtil - ConnectionString::jdbc:sqlserver://206.19.38.4;databaseName=SIT_HISTree_TestingAuto;instance=MSSQLSERVER;domain=null
[INFO ] 2020-05-20 10:33:05.973 [main] DBUtil - QUERY TRIGGERED IS select top 1 NAME from m_city where deleted=0

[INFO ] 2020-05-20 10:33:06.352 [main] DriverManagerDataSource - Loaded JDBC driver: com.microsoft.sqlserver.jdbc.SQLServerDriver
[INFO ] 2020-05-20 10:33:06.352 [main] DBUtil - ConnectionString::jdbc:sqlserver://206.19.38.4;databaseName=SIT_HISTree_TestingAuto;instance=MSSQLSERVER;domain=null
[INFO ] 2020-05-20 10:33:06.352 [main] DBUtil - QUERY TRIGGERED IS select top 1 NAME from m_city where deleted=0

[INFO ] 2020-05-20 10:33:07.627 [main] TestListner - 
******************************************************************************************************************************
					TEST CASE NAME:                  frontOfficeDOBSearchFieldInAllScreenTest
******************************************************************************************************************************
[INFO ] 2020-05-20 10:33:07.909 [main] TTWebsiteDriver - wait started for By.id: btnLogin
[INFO ] 2020-05-20 10:33:07.938 [main] TTWebsiteDriver - wait over,element found
[INFO ] 2020-05-20 10:33:08.943 [main] TTWebsiteDriver - quick wait started for By.id: btnLogin
[INFO ] 2020-05-20 10:33:08.970 [main] TTWebsiteDriver - wait over,element found
[INFO ] 2020-05-20 10:33:09.206 [main] TTWebsiteDriver - wait started for By.xpath: //a[@id='btnYesAlreadyLogedinPopup']
[INFO ] 2020-05-20 10:33:09.241 [main] TTWebsiteDriver - wait over,element found
[INFO ] 2020-05-20 10:33:10.246 [main] TTWebsiteDriver - quick wait started for By.xpath: //a[@id='btnYesAlreadyLogedinPopup']
[INFO ] 2020-05-20 10:33:10.281 [main] TTWebsiteDriver - wait over,element found
[INFO ] 2020-05-20 10:33:12.833 [main] HISHomePage - User has been logged in to HIS Portal
[INFO ] 2020-05-20 10:33:12.834 [main] TTWebsiteDriver - wait started for By.xpath: //span[contains(text(),'Front Office')]//ancestor::a
[INFO ] 2020-05-20 10:33:12.859 [main] TTWebsiteDriver - wait over,element found
[INFO ] 2020-05-20 10:33:14.020 [main] HISHomePage - Front Office Icon Clicked
[INFO ] 2020-05-20 10:33:18.108 [main] HISHomePage - Following Station has been selected from Station Dropdown : Front Office
[INFO ] 2020-05-20 10:33:18.108 [main] TTWebsiteDriver - wait started for By.id: btn_yes_desh
[INFO ] 2020-05-20 10:33:18.132 [main] TTWebsiteDriver - wait over,element found
[INFO ] 2020-05-20 10:33:19.135 [main] TTWebsiteDriver - quick wait started for By.id: btn_yes_desh
[INFO ] 2020-05-20 10:33:19.158 [main] TTWebsiteDriver - wait over,element found
[INFO ] 2020-05-20 10:33:22.464 [main] HISHomePage - YES has been clicked from Station Dropdown
[INFO ] 2020-05-20 10:33:22.464 [main] TTWebsiteDriver - wait started for By.xpath: //li[@id='FOAddPatientMenu']//i[2]
[INFO ] 2020-05-20 10:33:22.492 [main] TTWebsiteDriver - wait over,element found
[INFO ] 2020-05-20 10:33:23.495 [main] TTWebsiteDriver - wait started for By.xpath: //li[@id='FOAddPatientMenu']//i[2]
[INFO ] 2020-05-20 10:33:23.523 [main] TTWebsiteDriver - wait over,element found
[INFO ] 2020-05-20 10:33:24.527 [main] TTWebsiteDriver - quick wait started for By.xpath: //li[@id='FOAddPatientMenu']//i[2]
[INFO ] 2020-05-20 10:33:24.550 [main] TTWebsiteDriver - wait over,element found
[INFO ] 2020-05-20 10:33:24.650 [main] FrontOfficeHomePage - Add Patient Section is Expanded
[INFO ] 2020-05-20 10:33:35.890 [main] FrontOfficeHomePage - Following Option has been selected from Add Patient Section Patient Registration
[INFO ] 2020-05-20 10:33:35.891 [main] TTWebsiteDriver - Waiting For Page load via JS
[INFO ] 2020-05-20 10:33:53.918 [main] TTWebsiteDriver - waiting for locator By.xpath: //i[@id='searchnew']
[INFO ] 2020-05-20 10:33:53.975 [main] TTWebsiteDriver - Element found
[INFO ] 2020-05-20 10:33:53.976 [main] TTWebsiteDriver - wait started for By.xpath: //i[@id='searchnew']
[INFO ] 2020-05-20 10:33:53.999 [main] TTWebsiteDriver - wait over,element found
[INFO ] 2020-05-20 10:33:55.003 [main] TTWebsiteDriver - quick wait started for By.xpath: //i[@id='searchnew']
[INFO ] 2020-05-20 10:33:55.039 [main] TTWebsiteDriver - wait over,element found
[INFO ] 2020-05-20 10:33:55.128 [main] TTWebsiteDriver - waiting for locator By.xpath: //input[@id='modal_DOB']
[INFO ] 2020-05-20 10:33:55.170 [main] TTWebsiteDriver - Element found
[INFO ] 2020-05-20 10:33:55.776 [main] TTWebsiteDriver - waiting for locator By.xpath: //a[@id='search_button']//i[@class='fa fa-search']
[INFO ] 2020-05-20 10:33:55.809 [main] TTWebsiteDriver - Element found
[INFO ] 2020-05-20 10:33:58.855 [main] TTWebsiteDriver - waiting for locator By.xpath: //input[@id='modal_DOB']
[INFO ] 2020-05-20 10:33:58.889 [main] TTWebsiteDriver - Element found
[INFO ] 2020-05-20 10:33:59.177 [main] TTWebsiteDriver - waiting for locator By.xpath: //a[@id='search_button']//i[@class='fa fa-search']
[INFO ] 2020-05-20 10:33:59.205 [main] TTWebsiteDriver - Element found
[INFO ] 2020-05-20 10:34:02.235 [main] TTWebsiteDriver - waiting for locator By.xpath: //table[@id='searchResultsTable']//tr[@class='patient_row'][1]
[INFO ] 2020-05-20 10:34:04.811 [main] TTWebsiteDriver - Element found
[INFO ] 2020-05-20 10:34:04.877 [main] TTWebsiteDriver - waiting for locator By.xpath: //h1[contains(text(),'Patient Demographics')]
[INFO ] 2020-05-20 10:34:04.905 [main] TTWebsiteDriver - Element found
[INFO ] 2020-05-20 10:34:04.928 [main] TTWebsiteDriver - wait started for By.xpath: //i[@class='fa fa-bars']
[INFO ] 2020-05-20 10:34:04.958 [main] TTWebsiteDriver - wait over,element found
[INFO ] 2020-05-20 10:34:05.961 [main] TTWebsiteDriver - wait started for By.xpath: //i[@class='fa fa-bars']
[INFO ] 2020-05-20 10:34:06.002 [main] TTWebsiteDriver - wait over,element found
[INFO ] 2020-05-20 10:34:07.006 [main] TTWebsiteDriver - quick wait started for By.xpath: //i[@class='fa fa-bars']
[INFO ] 2020-05-20 10:34:07.042 [main] TTWebsiteDriver - wait over,element found
[INFO ] 2020-05-20 10:34:07.539 [main] TestListner - Test has failed with TestResult status = 2
[INFO ] 2020-05-20 10:34:07.540 [main] TestListner - [TEST HAS FAILED-------- Test case frontOfficeDOBSearchFieldInAllScreenTest has failed]. The reason is org.openqa.selenium.WebDriverException: unknown error: Element <i class="fa fa-bars"></i> is not clickable at point (31, 25). Other element would receive the click: <div class="modal"></div>
  (Session info: chrome=83.0.4103.61)
  (Driver info: chromedriver=2.40.565498 (ea082db3280dd6843ebfb08a625e3eb905c4f5ab),platform=Windows NT 6.1.7601 SP1 x86_64) (WARNING: The server did not provide any stacktrace information)
Command duration or timeout: 0 milliseconds
Build info: version: '3.7.1', revision: '8a0099a', time: '2017-11-06T21:01:39.354Z'
System info: host: 'NISHANTSHARMA', ip: '206.19.38.23', os.name: 'Windows 7', os.arch: 'amd64', os.version: '6.1', java.version: '10.0.2'
Driver info: org.openqa.selenium.chrome.ChromeDriver
Capabilities {acceptInsecureCerts: false, acceptSslCerts: false, applicationCacheEnabled: false, browserConnectionEnabled: false, browserName: chrome, chrome: {chromedriverVersion: 2.40.565498 (ea082db3280dd6..., userDataDir: C:\Users\NISHAN~1\AppData\L...}, cssSelectorsEnabled: true, databaseEnabled: false, handlesAlerts: true, hasTouchScreen: false, javascriptEnabled: true, locationContextEnabled: true, mobileEmulationEnabled: false, nativeEvents: true, networkConnectionEnabled: false, pageLoadStrategy: normal, platform: XP, platformName: XP, rotatable: false, setWindowRect: true, takesHeapSnapshot: true, takesScreenshot: true, unexpectedAlertBehaviour: , unhandledPromptBehavior: , version: 83.0.4103.61, webStorageEnabled: true}
Session ID: 14d4d05a8a0b639a780cf8297100ff9c
