[INFO ] 2020-07-10 16:52:56.091 [main] DriverManagerDataSource - Loaded JDBC driver: com.microsoft.sqlserver.jdbc.SQLServerDriver
[INFO ] 2020-07-10 16:52:56.738 [main] DriverManagerDataSource - Loaded JDBC driver: com.microsoft.sqlserver.jdbc.SQLServerDriver
[INFO ] 2020-07-10 16:52:56.819 [main] DriverManagerDataSource - Loaded JDBC driver: com.microsoft.sqlserver.jdbc.SQLServerDriver
[INFO ] 2020-07-10 16:52:56.903 [main] DriverManagerDataSource - Loaded JDBC driver: com.microsoft.sqlserver.jdbc.SQLServerDriver
[INFO ] 2020-07-10 16:52:56.985 [main] DriverManagerDataSource - Loaded JDBC driver: com.microsoft.sqlserver.jdbc.SQLServerDriver
[INFO ] 2020-07-10 16:52:57.068 [main] DriverManagerDataSource - Loaded JDBC driver: com.microsoft.sqlserver.jdbc.SQLServerDriver
[INFO ] 2020-07-10 16:52:57.180 [main] TestListner - 
******************************************************************************************************************************
					TEST CASE NAME:                  PhysicianOPDcaseSheetOrdersTest
******************************************************************************************************************************
[INFO ] 2020-07-10 16:53:02.627 [main] HISHomePage - User has been logged in to HIS Portal
[INFO ] 2020-07-10 16:53:03.855 [main] HISHomePage - Physician Icon Clicked
[INFO ] 2020-07-10 16:53:05.965 [main] HISHomePage - Following Station has been selected from Station Dropdown : 1st FLR T1 Transplant ICU
[INFO ] 2020-07-10 16:53:12.572 [main] HISHomePage - YES has been clicked from Station Dropdown
[INFO ] 2020-07-10 16:53:12.639 [main] HISHomePage - Page Heading Name= Doctor's Worklist
[INFO ] 2020-07-10 16:53:12.795 [main] HISHomePage - Click on OutPatient
[INFO ] 2020-07-10 16:53:13.440 [main] HISHomePage - Doctor Name= Abhin  Lazar
[INFO ] 2020-07-10 16:53:13.562 [main] HISHomePage - View= Summary
[INFO ] 2020-07-10 16:53:14.433 [main] HISHomePage - Frome Date= 10/Feb/2020
[INFO ] 2020-07-10 16:53:14.513 [main] HISHomePage - Click on Search Button
[INFO ] 2020-07-10 16:53:18.402 [main] HISHomePage - Click on Patient
[INFO ] 2020-07-10 16:53:25.081 [main] HISHomePage - Click on Order Tab
[INFO ] 2020-07-10 16:53:25.864 [main] TestListner - [TEST IS SUCCESSFUL -------- Test case PhysicianOPDcaseSheetOrdersTest has passed]
