[INFO ] 2020-05-20 14:34:59.222 [main] TTBaseTest - Started execution with  null
[INFO ] 2020-05-20 14:34:59.236 [main] TTBaseTest - Environment properties are not provided by the user ... loading the default properties
[INFO ] 2020-05-20 14:34:59.236 [main] TTBaseTest - Default Browser is  ------ chrome
[INFO ] 2020-05-20 14:34:59.236 [main] TTBaseTest - Default URL is  ------ http://206.19.38.8:8001/HISTreeTesting/Login/Login?ReturnUrl=%2fHistreetesting
[INFO ] 2020-05-20 14:34:59.237 [main] TTBaseTest - Default loginname is  ------ null
[INFO ] 2020-05-20 14:34:59.237 [main] TTBaseTest - Default username is  ------ null
[INFO ] 2020-05-20 14:34:59.237 [main] TTBaseTest - Default user password is  ------ Deepak@1234
[INFO ] 2020-05-20 14:35:03.579 [main] TTWebsiteDriver - Window is maximized
[INFO ] 2020-05-20 14:35:03.627 [main] TTWebsiteDriver - All cookies deleted
[INFO ] 2020-05-20 14:35:04.106 [main] TTWebsiteBaseTest - Application loaded
[INFO ] 2020-05-20 14:35:04.222 [main] DriverManagerDataSource - Loaded JDBC driver: com.microsoft.sqlserver.jdbc.SQLServerDriver
[INFO ] 2020-05-20 14:35:04.222 [main] DBUtil - ConnectionString::jdbc:sqlserver://206.19.38.4;databaseName=SIT_HISTree_TestingAuto;instance=MSSQLSERVER;domain=null
[INFO ] 2020-05-20 14:35:04.222 [main] DBUtil - QUERY TRIGGERED IS select top 1 Name from M_IdCardType where Deleted=0

[INFO ] 2020-05-20 14:35:04.664 [main] DriverManagerDataSource - Loaded JDBC driver: com.microsoft.sqlserver.jdbc.SQLServerDriver
[INFO ] 2020-05-20 14:35:04.664 [main] DBUtil - ConnectionString::jdbc:sqlserver://206.19.38.4;databaseName=SIT_HISTree_TestingAuto;instance=MSSQLSERVER;domain=null
[INFO ] 2020-05-20 14:35:04.664 [main] DBUtil - QUERY TRIGGERED IS select top 1 name from M_OCCUPATION where Deleted=0

[INFO ] 2020-05-20 14:35:04.759 [main] DriverManagerDataSource - Loaded JDBC driver: com.microsoft.sqlserver.jdbc.SQLServerDriver
[INFO ] 2020-05-20 14:35:04.759 [main] DBUtil - ConnectionString::jdbc:sqlserver://206.19.38.4;databaseName=SIT_HISTree_TestingAuto;instance=MSSQLSERVER;domain=null
[INFO ] 2020-05-20 14:35:04.759 [main] DBUtil - QUERY TRIGGERED IS select top 1 Name from M_QUALIFICATION where Deleted=0

[INFO ] 2020-05-20 14:35:04.837 [main] DriverManagerDataSource - Loaded JDBC driver: com.microsoft.sqlserver.jdbc.SQLServerDriver
[INFO ] 2020-05-20 14:35:04.837 [main] DBUtil - ConnectionString::jdbc:sqlserver://206.19.38.4;databaseName=SIT_HISTree_TestingAuto;instance=MSSQLSERVER;domain=null
[INFO ] 2020-05-20 14:35:04.837 [main] DBUtil - QUERY TRIGGERED IS select top 1 Name from m_SourceOfInfo where Deleted=0

[INFO ] 2020-05-20 14:35:04.915 [main] DriverManagerDataSource - Loaded JDBC driver: com.microsoft.sqlserver.jdbc.SQLServerDriver
[INFO ] 2020-05-20 14:35:04.915 [main] DBUtil - ConnectionString::jdbc:sqlserver://206.19.38.4;databaseName=SIT_HISTree_TestingAuto;instance=MSSQLSERVER;domain=null
[INFO ] 2020-05-20 14:35:04.915 [main] DBUtil - QUERY TRIGGERED IS select top 1 NAME from m_city where deleted=0

[INFO ] 2020-05-20 14:35:05.008 [main] DriverManagerDataSource - Loaded JDBC driver: com.microsoft.sqlserver.jdbc.SQLServerDriver
[INFO ] 2020-05-20 14:35:05.008 [main] DBUtil - ConnectionString::jdbc:sqlserver://206.19.38.4;databaseName=SIT_HISTree_TestingAuto;instance=MSSQLSERVER;domain=null
[INFO ] 2020-05-20 14:35:05.008 [main] DBUtil - QUERY TRIGGERED IS select top 1 NAME from m_city where deleted=0

[INFO ] 2020-05-20 14:35:05.093 [main] TestListner - 
******************************************************************************************************************************
					TEST CASE NAME:                  frontOfficeGenerateSchedule2Test
******************************************************************************************************************************
[INFO ] 2020-05-20 14:35:05.394 [main] TTWebsiteDriver - wait started for By.id: btnLogin
[INFO ] 2020-05-20 14:35:05.421 [main] TTWebsiteDriver - wait over,element found
[INFO ] 2020-05-20 14:35:06.435 [main] TTWebsiteDriver - quick wait started for By.id: btnLogin
[INFO ] 2020-05-20 14:35:06.487 [main] TTWebsiteDriver - wait over,element found
[INFO ] 2020-05-20 14:35:06.692 [main] TTWebsiteDriver - wait started for By.xpath: //a[@id='btnYesAlreadyLogedinPopup']
[INFO ] 2020-05-20 14:35:06.715 [main] TTWebsiteDriver - wait over,element found
[INFO ] 2020-05-20 14:35:07.725 [main] TTWebsiteDriver - quick wait started for By.xpath: //a[@id='btnYesAlreadyLogedinPopup']
[INFO ] 2020-05-20 14:35:07.748 [main] TTWebsiteDriver - wait over,element found
[INFO ] 2020-05-20 14:35:08.327 [main] HISHomePage - User has been logged in to HIS Portal
[INFO ] 2020-05-20 14:35:08.327 [main] TTWebsiteDriver - wait started for By.xpath: //span[contains(text(),'Front Office')]//ancestor::a
[INFO ] 2020-05-20 14:35:08.352 [main] TTWebsiteDriver - wait over,element found
[INFO ] 2020-05-20 14:35:09.550 [main] HISHomePage - Front Office Icon Clicked
[INFO ] 2020-05-20 14:35:13.706 [main] HISHomePage - Following Station has been selected from Station Dropdown : Front Office
[INFO ] 2020-05-20 14:35:13.706 [main] TTWebsiteDriver - wait started for By.id: btn_yes_desh
[INFO ] 2020-05-20 14:35:13.753 [main] TTWebsiteDriver - wait over,element found
[INFO ] 2020-05-20 14:35:14.769 [main] TTWebsiteDriver - quick wait started for By.id: btn_yes_desh
[INFO ] 2020-05-20 14:35:14.817 [main] TTWebsiteDriver - wait over,element found
[INFO ] 2020-05-20 14:35:15.570 [main] HISHomePage - YES has been clicked from Station Dropdown
[INFO ] 2020-05-20 14:35:15.570 [main] TTWebsiteDriver - wait started for By.xpath: //li[@id='FODoctorScheduleMenu']//i[2]
[INFO ] 2020-05-20 14:35:15.593 [main] TTWebsiteDriver - wait over,element found
[INFO ] 2020-05-20 14:35:16.598 [main] TTWebsiteDriver - wait started for By.xpath: //li[@id='FODoctorScheduleMenu']//i[2]
[INFO ] 2020-05-20 14:35:16.646 [main] TTWebsiteDriver - wait over,element found
[INFO ] 2020-05-20 14:35:17.676 [main] TTWebsiteDriver - quick wait started for By.xpath: //li[@id='FODoctorScheduleMenu']//i[2]
[INFO ] 2020-05-20 14:35:17.724 [main] TTWebsiteDriver - wait over,element found
[INFO ] 2020-05-20 14:35:17.848 [main] FrontOfficeHomePage - Doctor Schedule Section is Expanded
[INFO ] 2020-05-20 14:35:24.366 [main] FrontOfficeHomePage - Following Option has been selected from Doctor Schedule Section Generate Schedule
[INFO ] 2020-05-20 14:35:24.367 [main] TTWebsiteDriver - Waiting For Page load via JS
[INFO ] 2020-05-20 14:35:42.486 [main] GenerateSchedulePage - Search Button Clicked
[INFO ] 2020-05-20 14:35:42.551 [main] GenerateSchedulePage - Plus Button Clicked
[INFO ] 2020-05-20 14:35:42.568 [main] TTWebsiteDriver - wait started for By.xpath: //select[@id='drpSpecilization']
[INFO ] 2020-05-20 14:35:42.588 [main] TTWebsiteDriver - wait over,element found
[INFO ] 2020-05-20 14:35:43.779 [main] GenerateSchedulePage - Following specialization  has been selected from specialization Dropdown : Ophthalmology
[INFO ] 2020-05-20 14:35:43.779 [main] TTWebsiteDriver - wait started for By.xpath: //select[@id='drpdoctorname']
[INFO ] 2020-05-20 14:35:43.820 [main] TTWebsiteDriver - wait over,element found
[INFO ] 2020-05-20 14:35:44.960 [main] GenerateSchedulePage - Following doctor  has been selected from doctor Dropdown : Archana G Mahajan
[INFO ] 2020-05-20 14:35:44.990 [main] GenerateSchedulePage - Search Button Clicked
[INFO ] 2020-05-20 14:35:45.078 [main] TTWebsiteDriver - wait started for By.xpath: //select[@id='drpSpecilization']
[INFO ] 2020-05-20 14:35:45.092 [main] TTWebsiteDriver - wait over,element found
[INFO ] 2020-05-20 14:35:46.261 [main] GenerateSchedulePage - Following specialization  has been selected from specialization Dropdown : Anesthesiast
[INFO ] 2020-05-20 14:35:46.261 [main] TTWebsiteDriver - wait started for By.xpath: //select[@id='drpdoctorname']
[INFO ] 2020-05-20 14:35:46.297 [main] TTWebsiteDriver - wait over,element found
[INFO ] 2020-05-20 14:35:47.425 [main] GenerateSchedulePage - Following doctor  has been selected from doctor Dropdown : Sunil Agarwal
[INFO ] 2020-05-20 14:35:47.720 [main] GenerateSchedulePage - Plus Button Clicked
[INFO ] 2020-05-20 14:35:47.721 [main] TTWebsiteDriver - wait started for By.xpath: //div[@class='form_line generate_facility']//select[@name='Facility']
[INFO ] 2020-05-20 14:35:47.762 [main] TTWebsiteDriver - wait over,element found
[INFO ] 2020-05-20 14:35:48.944 [main] GenerateSchedulePage - Following facility  has been selected from facility Dropdown : TRIOTREE HOSPITAL
[INFO ] 2020-05-20 14:35:51.885 [main] GenerateSchedulePage - Following Date  has been added in From Date Textbox : 13/Feb/2019
[INFO ] 2020-05-20 14:35:55.905 [main] GenerateSchedulePage - Following Date  has been added in To Date Textbox : 13/Feb/2019
[INFO ] 2020-05-20 14:35:57.011 [main] TTWebsiteDriver - wait started for By.xpath: //select[@id='sitting1fromtime']
[INFO ] 2020-05-20 14:35:57.036 [main] TTWebsiteDriver - wait over,element found
[INFO ] 2020-05-20 14:35:58.227 [main] GenerateSchedulePage - Following From Time  has been selected from From Time Dropdown for Sitting 1 : 15:30
[INFO ] 2020-05-20 14:35:58.227 [main] TTWebsiteDriver - wait started for By.xpath: //select[@id='sitting1totime']
[INFO ] 2020-05-20 14:35:58.248 [main] TTWebsiteDriver - wait over,element found
[INFO ] 2020-05-20 14:35:59.426 [main] GenerateSchedulePage - Following To Time  has been selected from To Time Dropdown for Sitting 1 : 15:40
[INFO ] 2020-05-20 14:36:15.844 [main] GenerateSchedulePage - Right Check clicked For Sitting 1
[INFO ] 2020-05-20 14:36:24.720 [main] TTWebsiteDriver - waiting for locator By.xpath: //select[@id='sitting2fromtime']
[INFO ] 2020-05-20 14:36:24.746 [main] TTWebsiteDriver - Element found
[INFO ] 2020-05-20 14:36:24.927 [main] GenerateSchedulePage - Following From Time  has been selected from From Time Dropdown for Sitting 2 : 16:30
[INFO ] 2020-05-20 14:36:24.927 [main] TTWebsiteDriver - wait started for By.xpath: //select[@id='sitting2totime']
[INFO ] 2020-05-20 14:36:24.959 [main] TTWebsiteDriver - wait over,element found
[INFO ] 2020-05-20 14:36:26.184 [main] GenerateSchedulePage - Following To Time  has been selected from To Time Dropdown for Sitting 2 : 16:45
[INFO ] 2020-05-20 14:36:26.306 [main] GenerateSchedulePage - Right Check clicked For Sitting 2
[INFO ] 2020-05-20 14:36:33.210 [main] GenerateSchedulePage - Save button on header clicked
[INFO ] 2020-05-20 14:36:33.422 [main] GenerateSchedulePage - Save Button on Save Popup Clicked
[INFO ] 2020-05-20 14:36:33.423 [main] TestListner - [TEST IS SUCCESSFUL -------- Test case frontOfficeGenerateSchedule2Test has passed]
