[INFO ] 2020-07-10 16:49:03.472 [main] DriverManagerDataSource - Loaded JDBC driver: com.microsoft.sqlserver.jdbc.SQLServerDriver
[INFO ] 2020-07-10 16:49:04.123 [main] DriverManagerDataSource - Loaded JDBC driver: com.microsoft.sqlserver.jdbc.SQLServerDriver
[INFO ] 2020-07-10 16:49:04.203 [main] DriverManagerDataSource - Loaded JDBC driver: com.microsoft.sqlserver.jdbc.SQLServerDriver
[INFO ] 2020-07-10 16:49:04.285 [main] DriverManagerDataSource - Loaded JDBC driver: com.microsoft.sqlserver.jdbc.SQLServerDriver
[INFO ] 2020-07-10 16:49:04.364 [main] DriverManagerDataSource - Loaded JDBC driver: com.microsoft.sqlserver.jdbc.SQLServerDriver
[INFO ] 2020-07-10 16:49:04.458 [main] DriverManagerDataSource - Loaded JDBC driver: com.microsoft.sqlserver.jdbc.SQLServerDriver
[INFO ] 2020-07-10 16:49:04.546 [main] TestListner - 
******************************************************************************************************************************
					TEST CASE NAME:                  PhysicianOPDcaseSheetOrdersTest
******************************************************************************************************************************
[INFO ] 2020-07-10 16:49:10.408 [main] HISHomePage - User has been logged in to HIS Portal
[INFO ] 2020-07-10 16:49:11.625 [main] HISHomePage - Physician Icon Clicked
[INFO ] 2020-07-10 16:49:13.769 [main] HISHomePage - Following Station has been selected from Station Dropdown : 1st FLR T1 Transplant ICU
[INFO ] 2020-07-10 16:49:20.531 [main] HISHomePage - YES has been clicked from Station Dropdown
[INFO ] 2020-07-10 16:49:20.600 [main] HISHomePage - Page Heading Name= Doctor's Worklist
[INFO ] 2020-07-10 16:49:20.888 [main] HISHomePage - Click on OutPatient
[INFO ] 2020-07-10 16:49:21.482 [main] HISHomePage - Doctor Name= Abhin  Lazar
[INFO ] 2020-07-10 16:49:21.582 [main] HISHomePage - View= Summary
[INFO ] 2020-07-10 16:49:22.381 [main] HISHomePage - Frome Date= 10/Feb/2020
[INFO ] 2020-07-10 16:49:22.451 [main] HISHomePage - Click on Search Button
[INFO ] 2020-07-10 16:49:26.030 [main] HISHomePage - Click on Patient
[INFO ] 2020-07-10 16:49:32.774 [main] HISHomePage - Click on Order Tab
[INFO ] 2020-07-10 16:49:33.643 [main] TestListner - Test has failed with TestResult status = 2
[INFO ] 2020-07-10 16:49:33.644 [main] TestListner - [TEST HAS FAILED-------- Test case PhysicianOPDcaseSheetOrdersTest has failed]. The reason is java.lang.IllegalArgumentException: No enum constant org.openqa.selenium.support.Colors.RGB(22, 188, 192) NONE REPEAT SCROLL 0% 0% / AUTO PADDING-BOX BORDER-BOX
