[INFO ] 2020-07-10 15:25:14.724 [main] DriverManagerDataSource - Loaded JDBC driver: com.microsoft.sqlserver.jdbc.SQLServerDriver
[INFO ] 2020-07-10 15:25:15.387 [main] DriverManagerDataSource - Loaded JDBC driver: com.microsoft.sqlserver.jdbc.SQLServerDriver
[INFO ] 2020-07-10 15:25:15.505 [main] DriverManagerDataSource - Loaded JDBC driver: com.microsoft.sqlserver.jdbc.SQLServerDriver
[INFO ] 2020-07-10 15:25:15.647 [main] DriverManagerDataSource - Loaded JDBC driver: com.microsoft.sqlserver.jdbc.SQLServerDriver
[INFO ] 2020-07-10 15:25:15.765 [main] DriverManagerDataSource - Loaded JDBC driver: com.microsoft.sqlserver.jdbc.SQLServerDriver
[INFO ] 2020-07-10 15:25:15.900 [main] DriverManagerDataSource - Loaded JDBC driver: com.microsoft.sqlserver.jdbc.SQLServerDriver
[INFO ] 2020-07-10 15:25:16.021 [main] TestListner - 
******************************************************************************************************************************
					TEST CASE NAME:                  PhysicianOPDcaseSheetOrdersTest
******************************************************************************************************************************
[INFO ] 2020-07-10 15:25:22.112 [main] HISHomePage - User has been logged in to HIS Portal
[INFO ] 2020-07-10 15:25:23.366 [main] HISHomePage - Physician Icon Clicked
[INFO ] 2020-07-10 15:25:25.506 [main] HISHomePage - Following Station has been selected from Station Dropdown : 1st FLR T1 Transplant ICU
[INFO ] 2020-07-10 15:25:34.341 [main] HISHomePage - YES has been clicked from Station Dropdown
[INFO ] 2020-07-10 15:25:34.439 [main] HISHomePage - Page Heading Name= Doctor's Worklist
[INFO ] 2020-07-10 15:25:34.727 [main] HISHomePage - Click on OutPatient
[INFO ] 2020-07-10 15:25:35.304 [main] HISHomePage - Doctor Name= [[[[ChromeDriver: chrome on WINDOWS (509e9eb719c7cfbae62a8ba1c16c8c69)] -> id: doctorsId]] -> tag name: option]
[INFO ] 2020-07-10 15:25:35.388 [main] HISHomePage - View= [[[[ChromeDriver: chrome on WINDOWS (509e9eb719c7cfbae62a8ba1c16c8c69)] -> id: view_type]] -> tag name: option]
[INFO ] 2020-07-10 15:25:36.153 [main] HISHomePage - Frome Date= 10/Feb/2020
[INFO ] 2020-07-10 15:25:36.154 [main] TestListner - [TEST IS SUCCESSFUL -------- Test case PhysicianOPDcaseSheetOrdersTest has passed]
