[INFO ] 2020-07-10 16:24:18.059 [main] DriverManagerDataSource - Loaded JDBC driver: com.microsoft.sqlserver.jdbc.SQLServerDriver
[INFO ] 2020-07-10 16:24:18.608 [main] DriverManagerDataSource - Loaded JDBC driver: com.microsoft.sqlserver.jdbc.SQLServerDriver
[INFO ] 2020-07-10 16:24:18.707 [main] DriverManagerDataSource - Loaded JDBC driver: com.microsoft.sqlserver.jdbc.SQLServerDriver
[INFO ] 2020-07-10 16:24:18.793 [main] DriverManagerDataSource - Loaded JDBC driver: com.microsoft.sqlserver.jdbc.SQLServerDriver
[INFO ] 2020-07-10 16:24:18.870 [main] DriverManagerDataSource - Loaded JDBC driver: com.microsoft.sqlserver.jdbc.SQLServerDriver
[INFO ] 2020-07-10 16:24:18.981 [main] DriverManagerDataSource - Loaded JDBC driver: com.microsoft.sqlserver.jdbc.SQLServerDriver
[INFO ] 2020-07-10 16:24:19.064 [main] TestListner - 
******************************************************************************************************************************
					TEST CASE NAME:                  PhysicianOPDcaseSheetOrdersTest
******************************************************************************************************************************
[INFO ] 2020-07-10 16:24:24.748 [main] HISHomePage - User has been logged in to HIS Portal
[INFO ] 2020-07-10 16:24:25.973 [main] HISHomePage - Physician Icon Clicked
[INFO ] 2020-07-10 16:24:28.099 [main] HISHomePage - Following Station has been selected from Station Dropdown : 1st FLR T1 Transplant ICU
[INFO ] 2020-07-10 16:24:34.911 [main] HISHomePage - YES has been clicked from Station Dropdown
[INFO ] 2020-07-10 16:24:34.987 [main] HISHomePage - Page Heading Name= Doctor's Worklist
[INFO ] 2020-07-10 16:24:35.349 [main] HISHomePage - Click on OutPatient
[INFO ] 2020-07-10 16:24:35.833 [main] HISHomePage - Doctor Name= Abhin  Lazar
[INFO ] 2020-07-10 16:24:35.932 [main] HISHomePage - View= Summary
[INFO ] 2020-07-10 16:24:36.709 [main] HISHomePage - Frome Date= 10/Feb/2020
[INFO ] 2020-07-10 16:24:36.777 [main] HISHomePage - Click on Search Button
[INFO ] 2020-07-10 16:24:40.383 [main] HISHomePage - Click on Patient
[INFO ] 2020-07-10 16:24:47.739 [main] HISHomePage - Click on Order Tab
[INFO ] 2020-07-10 16:24:48.569 [main] HISHomePage - Selected Tab= #ffffff
[INFO ] 2020-07-10 16:24:48.570 [main] TestListner - [TEST IS SUCCESSFUL -------- Test case PhysicianOPDcaseSheetOrdersTest has passed]
