[INFO ] 2020-05-20 15:02:49.262 [main] TTBaseTest - Started execution with  null
[INFO ] 2020-05-20 15:02:49.273 [main] TTBaseTest - Environment properties are not provided by the user ... loading the default properties
[INFO ] 2020-05-20 15:02:49.273 [main] TTBaseTest - Default Browser is  ------ chrome
[INFO ] 2020-05-20 15:02:49.274 [main] TTBaseTest - Default URL is  ------ http://206.19.38.8:8001/HISTreeTesting/Login/Login?ReturnUrl=%2fHistreetesting
[INFO ] 2020-05-20 15:02:49.274 [main] TTBaseTest - Default loginname is  ------ null
[INFO ] 2020-05-20 15:02:49.274 [main] TTBaseTest - Default username is  ------ null
[INFO ] 2020-05-20 15:02:49.274 [main] TTBaseTest - Default user password is  ------ Deepak@1234
[INFO ] 2020-05-20 15:02:53.691 [main] TTWebsiteDriver - Window is maximized
[INFO ] 2020-05-20 15:02:53.733 [main] TTWebsiteDriver - All cookies deleted
[INFO ] 2020-05-20 15:02:54.450 [main] TTWebsiteBaseTest - Application loaded
[INFO ] 2020-05-20 15:02:54.542 [main] DriverManagerDataSource - Loaded JDBC driver: com.microsoft.sqlserver.jdbc.SQLServerDriver
[INFO ] 2020-05-20 15:02:54.542 [main] DBUtil - ConnectionString::jdbc:sqlserver://206.19.38.4;databaseName=SIT_HISTree_TestingAuto;instance=MSSQLSERVER;domain=null
[INFO ] 2020-05-20 15:02:54.542 [main] DBUtil - QUERY TRIGGERED IS select top 1 Name from M_IdCardType where Deleted=0

[INFO ] 2020-05-20 15:02:55.035 [main] DriverManagerDataSource - Loaded JDBC driver: com.microsoft.sqlserver.jdbc.SQLServerDriver
[INFO ] 2020-05-20 15:02:55.050 [main] DBUtil - ConnectionString::jdbc:sqlserver://206.19.38.4;databaseName=SIT_HISTree_TestingAuto;instance=MSSQLSERVER;domain=null
[INFO ] 2020-05-20 15:02:55.050 [main] DBUtil - QUERY TRIGGERED IS select top 1 name from M_OCCUPATION where Deleted=0

[INFO ] 2020-05-20 15:02:55.129 [main] DriverManagerDataSource - Loaded JDBC driver: com.microsoft.sqlserver.jdbc.SQLServerDriver
[INFO ] 2020-05-20 15:02:55.129 [main] DBUtil - ConnectionString::jdbc:sqlserver://206.19.38.4;databaseName=SIT_HISTree_TestingAuto;instance=MSSQLSERVER;domain=null
[INFO ] 2020-05-20 15:02:55.129 [main] DBUtil - QUERY TRIGGERED IS select top 1 Name from M_QUALIFICATION where Deleted=0

[INFO ] 2020-05-20 15:02:55.207 [main] DriverManagerDataSource - Loaded JDBC driver: com.microsoft.sqlserver.jdbc.SQLServerDriver
[INFO ] 2020-05-20 15:02:55.207 [main] DBUtil - ConnectionString::jdbc:sqlserver://206.19.38.4;databaseName=SIT_HISTree_TestingAuto;instance=MSSQLSERVER;domain=null
[INFO ] 2020-05-20 15:02:55.207 [main] DBUtil - QUERY TRIGGERED IS select top 1 Name from m_SourceOfInfo where Deleted=0

[INFO ] 2020-05-20 15:02:55.285 [main] DriverManagerDataSource - Loaded JDBC driver: com.microsoft.sqlserver.jdbc.SQLServerDriver
[INFO ] 2020-05-20 15:02:55.285 [main] DBUtil - ConnectionString::jdbc:sqlserver://206.19.38.4;databaseName=SIT_HISTree_TestingAuto;instance=MSSQLSERVER;domain=null
[INFO ] 2020-05-20 15:02:55.285 [main] DBUtil - QUERY TRIGGERED IS select top 1 NAME from m_city where deleted=0

[INFO ] 2020-05-20 15:02:55.363 [main] DriverManagerDataSource - Loaded JDBC driver: com.microsoft.sqlserver.jdbc.SQLServerDriver
[INFO ] 2020-05-20 15:02:55.363 [main] DBUtil - ConnectionString::jdbc:sqlserver://206.19.38.4;databaseName=SIT_HISTree_TestingAuto;instance=MSSQLSERVER;domain=null
[INFO ] 2020-05-20 15:02:55.363 [main] DBUtil - QUERY TRIGGERED IS select top 1 NAME from m_city where deleted=0

[INFO ] 2020-05-20 15:02:55.457 [main] TestListner - 
******************************************************************************************************************************
					TEST CASE NAME:                  frontOfficeDoctorScheduleWithGenerateScheduleAndLinkToExistingUHIDTest
******************************************************************************************************************************
[INFO ] 2020-05-20 15:02:55.807 [main] TTWebsiteDriver - wait started for By.id: btnLogin
[INFO ] 2020-05-20 15:02:55.837 [main] TTWebsiteDriver - wait over,element found
[INFO ] 2020-05-20 15:02:56.848 [main] TTWebsiteDriver - quick wait started for By.id: btnLogin
[INFO ] 2020-05-20 15:02:56.898 [main] TTWebsiteDriver - wait over,element found
[INFO ] 2020-05-20 15:02:57.091 [main] TTWebsiteDriver - wait started for By.xpath: //a[@id='btnYesAlreadyLogedinPopup']
[INFO ] 2020-05-20 15:02:57.117 [main] TTWebsiteDriver - wait over,element found
[INFO ] 2020-05-20 15:02:58.126 [main] TTWebsiteDriver - quick wait started for By.xpath: //a[@id='btnYesAlreadyLogedinPopup']
[INFO ] 2020-05-20 15:02:58.174 [main] TTWebsiteDriver - wait over,element found
[INFO ] 2020-05-20 15:02:58.904 [main] HISHomePage - User has been logged in to HIS Portal
[INFO ] 2020-05-20 15:02:58.905 [main] TTWebsiteDriver - wait started for By.xpath: //span[contains(text(),'Front Office')]//ancestor::a
[INFO ] 2020-05-20 15:02:58.929 [main] TTWebsiteDriver - wait over,element found
[INFO ] 2020-05-20 15:03:00.144 [main] HISHomePage - Front Office Icon Clicked
[INFO ] 2020-05-20 15:03:04.304 [main] HISHomePage - Following Station has been selected from Station Dropdown : Front Office
[INFO ] 2020-05-20 15:03:04.304 [main] TTWebsiteDriver - wait started for By.id: btn_yes_desh
[INFO ] 2020-05-20 15:03:04.352 [main] TTWebsiteDriver - wait over,element found
[INFO ] 2020-05-20 15:03:05.382 [main] TTWebsiteDriver - quick wait started for By.id: btn_yes_desh
[INFO ] 2020-05-20 15:03:05.430 [main] TTWebsiteDriver - wait over,element found
[INFO ] 2020-05-20 15:03:06.105 [main] HISHomePage - YES has been clicked from Station Dropdown
[INFO ] 2020-05-20 15:03:06.105 [main] TTWebsiteDriver - wait started for By.xpath: //li[@id='FODoctorScheduleMenu']//i[2]
[INFO ] 2020-05-20 15:03:06.130 [main] TTWebsiteDriver - wait over,element found
[INFO ] 2020-05-20 15:03:07.139 [main] TTWebsiteDriver - wait started for By.xpath: //li[@id='FODoctorScheduleMenu']//i[2]
[INFO ] 2020-05-20 15:03:07.187 [main] TTWebsiteDriver - wait over,element found
[INFO ] 2020-05-20 15:03:08.217 [main] TTWebsiteDriver - quick wait started for By.xpath: //li[@id='FODoctorScheduleMenu']//i[2]
[INFO ] 2020-05-20 15:03:08.264 [main] TTWebsiteDriver - wait over,element found
[INFO ] 2020-05-20 15:03:08.389 [main] FrontOfficeHomePage - Doctor Schedule Section is Expanded
[INFO ] 2020-05-20 15:03:15.636 [main] FrontOfficeHomePage - Following Option has been selected from Doctor Schedule Section Doctor Schedule
[INFO ] 2020-05-20 15:03:15.637 [main] TTWebsiteDriver - Waiting For Page load via JS
[INFO ] 2020-05-20 15:03:38.822 [main] DoctorSchedulePage - Legend Key Clicked
[INFO ] 2020-05-20 15:03:38.919 [main] DoctorSchedulePage - Legend for Appointment form Closed
[INFO ] 2020-05-20 15:03:38.919 [main] TTWebsiteDriver - wait started for By.xpath: //i[@class='fa fa-bars']
[INFO ] 2020-05-20 15:03:38.945 [main] TTWebsiteDriver - wait over,element found
[INFO ] 2020-05-20 15:03:40.018 [main] HISWebsiteBasePage - Menu Clicked
[INFO ] 2020-05-20 15:03:44.028 [main] TTWebsiteDriver - wait started for By.xpath: //li[@id='FODoctorScheduleMenu']//i[2]
[INFO ] 2020-05-20 15:03:44.107 [main] TTWebsiteDriver - wait over,element found
[INFO ] 2020-05-20 15:03:45.137 [main] TTWebsiteDriver - wait started for By.xpath: //li[@id='FODoctorScheduleMenu']//i[2]
[INFO ] 2020-05-20 15:03:45.184 [main] TTWebsiteDriver - wait over,element found
[INFO ] 2020-05-20 15:03:46.214 [main] TTWebsiteDriver - quick wait started for By.xpath: //li[@id='FODoctorScheduleMenu']//i[2]
[INFO ] 2020-05-20 15:03:46.262 [main] TTWebsiteDriver - wait over,element found
[INFO ] 2020-05-20 15:03:46.371 [main] FrontOfficeHomePage - Doctor Schedule Section is Expanded
[INFO ] 2020-05-20 15:03:52.851 [main] FrontOfficeHomePage - Following Option has been selected from Doctor Schedule Section Generate Schedule
[INFO ] 2020-05-20 15:03:52.851 [main] TTWebsiteDriver - Waiting For Page load via JS
[INFO ] 2020-05-20 15:04:10.972 [main] GenerateSchedulePage - Search Button Clicked
[INFO ] 2020-05-20 15:04:11.035 [main] GenerateSchedulePage - Plus Button Clicked
[INFO ] 2020-05-20 15:04:11.053 [main] TTWebsiteDriver - wait started for By.xpath: //select[@id='drpSpecilization']
[INFO ] 2020-05-20 15:04:11.078 [main] TTWebsiteDriver - wait over,element found
[INFO ] 2020-05-20 15:04:12.278 [main] GenerateSchedulePage - Following specialization  has been selected from specialization Dropdown : Ophthalmology
[INFO ] 2020-05-20 15:04:12.278 [main] TTWebsiteDriver - wait started for By.xpath: //select[@id='drpdoctorname']
[INFO ] 2020-05-20 15:04:12.310 [main] TTWebsiteDriver - wait over,element found
[INFO ] 2020-05-20 15:04:13.438 [main] GenerateSchedulePage - Following doctor  has been selected from doctor Dropdown : Archana G Mahajan
[INFO ] 2020-05-20 15:04:13.467 [main] GenerateSchedulePage - Search Button Clicked
[INFO ] 2020-05-20 15:04:13.500 [main] TTWebsiteDriver - wait started for By.xpath: //select[@id='drpSpecilization']
[INFO ] 2020-05-20 15:04:13.518 [main] TTWebsiteDriver - wait over,element found
[INFO ] 2020-05-20 15:04:14.713 [main] GenerateSchedulePage - Following specialization  has been selected from specialization Dropdown : Neurology
[INFO ] 2020-05-20 15:04:14.713 [main] TTWebsiteDriver - wait started for By.xpath: //select[@id='drpdoctorname']
[INFO ] 2020-05-20 15:04:14.735 [main] TTWebsiteDriver - wait over,element found
[INFO ] 2020-05-20 15:04:15.860 [main] GenerateSchedulePage - Following doctor  has been selected from doctor Dropdown : Vijay Chandra
[INFO ] 2020-05-20 15:04:16.170 [main] GenerateSchedulePage - Plus Button Clicked
[INFO ] 2020-05-20 15:04:16.171 [main] TTWebsiteDriver - wait started for By.xpath: //div[@class='form_line generate_facility']//select[@name='Facility']
[INFO ] 2020-05-20 15:04:16.205 [main] TTWebsiteDriver - wait over,element found
[INFO ] 2020-05-20 15:04:17.329 [main] GenerateSchedulePage - Following facility  has been selected from facility Dropdown : TRIOTREE HOSPITAL
[INFO ] 2020-05-20 15:04:20.331 [main] GenerateSchedulePage - Following Date  has been added in From Date Textbox : 13/Feb/2019
[INFO ] 2020-05-20 15:04:24.364 [main] GenerateSchedulePage - Following Date  has been added in To Date Textbox : 13/Feb/2019
[INFO ] 2020-05-20 15:04:25.482 [main] TTWebsiteDriver - wait started for By.xpath: //select[@id='sitting1fromtime']
[INFO ] 2020-05-20 15:04:25.507 [main] TTWebsiteDriver - wait over,element found
[INFO ] 2020-05-20 15:04:26.722 [main] GenerateSchedulePage - Following From Time  has been selected from From Time Dropdown for Sitting 1 : 16:30
[INFO ] 2020-05-20 15:04:26.722 [main] TTWebsiteDriver - wait started for By.xpath: //select[@id='sitting1totime']
[INFO ] 2020-05-20 15:04:26.743 [main] TTWebsiteDriver - wait over,element found
[INFO ] 2020-05-20 15:04:27.923 [main] GenerateSchedulePage - Following To Time  has been selected from To Time Dropdown for Sitting 1 : 16:40
[INFO ] 2020-05-20 15:04:44.328 [main] GenerateSchedulePage - Right Check clicked For Sitting 1
[INFO ] 2020-05-20 15:04:53.118 [main] TTWebsiteDriver - waiting for locator By.xpath: //select[@id='sitting2fromtime']
[INFO ] 2020-05-20 15:04:53.142 [main] TTWebsiteDriver - Element found
[INFO ] 2020-05-20 15:04:53.340 [main] GenerateSchedulePage - Following From Time  has been selected from From Time Dropdown for Sitting 2 : 17:30
[INFO ] 2020-05-20 15:04:53.340 [main] TTWebsiteDriver - wait started for By.xpath: //select[@id='sitting2totime']
[INFO ] 2020-05-20 15:04:53.374 [main] TTWebsiteDriver - wait over,element found
[INFO ] 2020-05-20 15:04:54.622 [main] GenerateSchedulePage - Following To Time  has been selected from To Time Dropdown for Sitting 2 : 17:45
[INFO ] 2020-05-20 15:04:54.752 [main] GenerateSchedulePage - Right Check clicked For Sitting 2
[INFO ] 2020-05-20 15:05:01.588 [main] GenerateSchedulePage - Save button on header clicked
[INFO ] 2020-05-20 15:05:01.802 [main] GenerateSchedulePage - Save Button on Save Popup Clicked
[INFO ] 2020-05-20 15:05:01.802 [main] TTWebsiteDriver - wait started for By.xpath: //i[@class='fa fa-bars']
[INFO ] 2020-05-20 15:05:01.863 [main] TTWebsiteDriver - wait over,element found
[INFO ] 2020-05-20 15:05:02.932 [main] HISWebsiteBasePage - Menu Clicked
[INFO ] 2020-05-20 15:05:06.944 [main] TTWebsiteDriver - wait started for By.xpath: //li[@id='FODoctorScheduleMenu']//i[2]
[INFO ] 2020-05-20 15:05:07.023 [main] TTWebsiteDriver - wait over,element found
[INFO ] 2020-05-20 15:05:08.052 [main] TTWebsiteDriver - wait started for By.xpath: //li[@id='FODoctorScheduleMenu']//i[2]
[INFO ] 2020-05-20 15:05:08.100 [main] TTWebsiteDriver - wait over,element found
[INFO ] 2020-05-20 15:05:09.130 [main] TTWebsiteDriver - quick wait started for By.xpath: //li[@id='FODoctorScheduleMenu']//i[2]
[INFO ] 2020-05-20 15:05:09.178 [main] TTWebsiteDriver - wait over,element found
[INFO ] 2020-05-20 15:05:09.304 [main] FrontOfficeHomePage - Doctor Schedule Section is Expanded
[INFO ] 2020-05-20 15:05:16.513 [main] FrontOfficeHomePage - Following Option has been selected from Doctor Schedule Section Doctor Schedule
[INFO ] 2020-05-20 15:05:16.513 [main] TTWebsiteDriver - Waiting For Page load via JS
[INFO ] 2020-05-20 15:05:34.572 [main] TTWebsiteDriver - wait started for By.xpath: //select[@name='Facility']
[INFO ] 2020-05-20 15:05:34.651 [main] TTWebsiteDriver - wait over,element found
[INFO ] 2020-05-20 15:05:35.790 [main] DoctorSchedulePage - Following facility  has been selected from facility Dropdown : TRIOTREE HOSPITAL
[INFO ] 2020-05-20 15:05:35.923 [main] DoctorSchedulePage - Search Button Clicked
[INFO ] 2020-05-20 15:05:35.941 [main] TTWebsiteDriver - wait started for By.xpath: //select[@name='Speciality']
[INFO ] 2020-05-20 15:05:35.961 [main] TTWebsiteDriver - wait over,element found
[INFO ] 2020-05-20 15:05:37.140 [main] DoctorSchedulePage - Following speciality  has been selected from speciality Dropdown : Anesthesiast
[INFO ] 2020-05-20 15:05:37.225 [main] DoctorSchedulePage - Search Button Clicked
[INFO ] 2020-05-20 15:05:37.273 [main] DoctorSchedulePage - Clear Button Clicked
[INFO ] 2020-05-20 15:05:37.273 [main] TTWebsiteDriver - wait started for By.xpath: //select[@name='Speciality']
[INFO ] 2020-05-20 15:05:37.309 [main] TTWebsiteDriver - wait over,element found
[INFO ] 2020-05-20 15:05:38.430 [main] DoctorSchedulePage - Following speciality  has been selected from speciality Dropdown : Neurology
[INFO ] 2020-05-20 15:05:38.540 [main] DoctorSchedulePage - Search Button Near DateClicked
[INFO ] 2020-05-20 15:05:38.540 [main] TTWebsiteDriver - wait started for By.xpath: //select[@name='Doctor']
[INFO ] 2020-05-20 15:05:38.564 [main] TTWebsiteDriver - wait over,element found
[INFO ] 2020-05-20 15:05:39.902 [main] DoctorSchedulePage - Following doctor  has been selected from doctor Dropdown : Vijay Chandra
[INFO ] 2020-05-20 15:05:40.077 [main] DoctorSchedulePage - Search Button Near DateClicked
[INFO ] 2020-05-20 15:05:40.507 [main] DoctorSchedulePage - Save Button on Appointment scheduling clicked
[INFO ] 2020-05-20 15:05:51.816 [main] TTWebsiteDriver - wait started for By.xpath: //select[@name='Visit Type']
[INFO ] 2020-05-20 15:05:51.845 [main] TTWebsiteDriver - wait over,element found
[INFO ] 2020-05-20 15:06:08.058 [main] DoctorSchedulePage - Following visitType  has been selected from visitType Dropdown : Initial Visit                 
[INFO ] 2020-05-20 15:06:08.158 [main] DoctorSchedulePage - Save Button on Appointment scheduling clicked
[INFO ] 2020-05-20 15:06:13.158 [main] TestListner - [TEST IS SUCCESSFUL -------- Test case frontOfficeDoctorScheduleWithGenerateScheduleAndLinkToExistingUHIDTest has passed]
