[INFO ] 2020-07-10 17:51:58.180 [main] DriverManagerDataSource - Loaded JDBC driver: com.microsoft.sqlserver.jdbc.SQLServerDriver
[INFO ] 2020-07-10 17:51:58.717 [main] DriverManagerDataSource - Loaded JDBC driver: com.microsoft.sqlserver.jdbc.SQLServerDriver
[INFO ] 2020-07-10 17:51:58.810 [main] DriverManagerDataSource - Loaded JDBC driver: com.microsoft.sqlserver.jdbc.SQLServerDriver
[INFO ] 2020-07-10 17:51:58.889 [main] DriverManagerDataSource - Loaded JDBC driver: com.microsoft.sqlserver.jdbc.SQLServerDriver
[INFO ] 2020-07-10 17:51:58.968 [main] DriverManagerDataSource - Loaded JDBC driver: com.microsoft.sqlserver.jdbc.SQLServerDriver
[INFO ] 2020-07-10 17:51:59.051 [main] DriverManagerDataSource - Loaded JDBC driver: com.microsoft.sqlserver.jdbc.SQLServerDriver
[INFO ] 2020-07-10 17:51:59.135 [main] TestListner - 
******************************************************************************************************************************
					TEST CASE NAME:                  PhysicianOPDcaseSheetOrdersTest
******************************************************************************************************************************
[INFO ] 2020-07-10 17:52:05.019 [main] HISHomePage - User has been logged in to HIS Portal
[INFO ] 2020-07-10 17:52:06.270 [main] HISHomePage - Physician Icon Clicked
[INFO ] 2020-07-10 17:52:08.417 [main] HISHomePage - Following Station has been selected from Station Dropdown : 1st FLR T1 Transplant ICU
[INFO ] 2020-07-10 17:52:14.975 [main] HISHomePage - YES has been clicked from Station Dropdown
[INFO ] 2020-07-10 17:52:15.044 [main] HISHomePage - Page Heading Name= Doctor's Worklist
[INFO ] 2020-07-10 17:52:15.313 [main] HISHomePage - Click on OutPatient
[INFO ] 2020-07-10 17:52:15.870 [main] HISHomePage - Doctor Name= Abhin  Lazar
[INFO ] 2020-07-10 17:52:15.970 [main] HISHomePage - View= Summary
[INFO ] 2020-07-10 17:52:16.795 [main] HISHomePage - Frome Date= 10/Feb/2020
[INFO ] 2020-07-10 17:52:16.851 [main] HISHomePage - Click on Search Button
[INFO ] 2020-07-10 17:52:20.475 [main] HISHomePage - Click on Patient
[INFO ] 2020-07-10 17:52:27.642 [main] HISHomePage - Click on Order Tab
[INFO ] 2020-07-10 17:52:28.434 [main] HISHomePage - Selected Tab= #16bcc0
[INFO ] 2020-07-10 17:52:28.435 [main] TestListner - [TEST IS SUCCESSFUL -------- Test case PhysicianOPDcaseSheetOrdersTest has passed]
